<testsuites id="" name="" tests="199" failures="116" skipped="0" errors="0" time="797.0239670000001">
<testsuite name="api-integration.spec.ts" timestamp="2025-10-01T10:20:41.011Z" hostname="chromium-desktop" tests="9" failures="1" skipped="0" time="3.995" errors="0">
<testcase name="API Integration Testing › Authentication Endpoints" classname="api-integration.spec.ts" time="0.405">
<system-out>
<![CDATA[
🔐 Testing Authentication Endpoints
🔐 Authenticating for API tests...
❌ Authentication error: Error: apiRequestContext.post: Fixture { request } from beforeAll cannot be reused in a test.
  - Recommended fix: use a separate { request } in the test.
  - Alternatively, manually create APIRequestContext in beforeAll and dispose it in afterAll.
See https://playwright.dev/docs/api-testing#sending-api-requests-from-ui-tests for more details.

📡 Testing Authentication Endpoints...
🔍 Testing POST /api/auth/login...
  ❌ POST /api/auth/login: apiRequestContext.post: Fixture { request } from beforeAll cannot be reused in a test.
  - Recommended fix: use a separate { request } in the test.
  - Alternatively, manually create APIRequestContext in beforeAll and dispose it in afterAll.
See https://playwright.dev/docs/api-testing#sending-api-requests-from-ui-tests for more details.
🔍 Testing POST /api/auth/logout...
  ❌ POST /api/auth/logout: apiRequestContext.post: Fixture { request } from beforeAll cannot be reused in a test.
  - Recommended fix: use a separate { request } in the test.
  - Alternatively, manually create APIRequestContext in beforeAll and dispose it in afterAll.
See https://playwright.dev/docs/api-testing#sending-api-requests-from-ui-tests for more details.
🔍 Testing GET /api/auth/profile...
  ❌ GET /api/auth/profile: apiRequestContext.get: Fixture { request } from beforeAll cannot be reused in a test.
  - Recommended fix: use a separate { request } in the test.
  - Alternatively, manually create APIRequestContext in beforeAll and dispose it in afterAll.
See https://playwright.dev/docs/api-testing#sending-api-requests-from-ui-tests for more details.
🔍 Testing POST /api/auth/refresh...
  ❌ POST /api/auth/refresh: apiRequestContext.post: Fixture { request } from beforeAll cannot be reused in a test.
  - Recommended fix: use a separate { request } in the test.
  - Alternatively, manually create APIRequestContext in beforeAll and dispose it in afterAll.
See https://playwright.dev/docs/api-testing#sending-api-requests-from-ui-tests for more details.
]]>
</system-out>
</testcase>
<testcase name="API Integration Testing › Session Management Endpoints" classname="api-integration.spec.ts" time="0.409">
<system-out>
<![CDATA[
🎯 Testing Session Management Endpoints

📡 Testing Session Management Endpoints...
🔍 Testing POST /api/session/start...
  ❌ POST /api/session/start: apiRequestContext.post: Fixture { request } from beforeAll cannot be reused in a test.
  - Recommended fix: use a separate { request } in the test.
  - Alternatively, manually create APIRequestContext in beforeAll and dispose it in afterAll.
See https://playwright.dev/docs/api-testing#sending-api-requests-from-ui-tests for more details.
🔍 Testing POST /api/session/end...
  ❌ POST /api/session/end: apiRequestContext.post: Fixture { request } from beforeAll cannot be reused in a test.
  - Recommended fix: use a separate { request } in the test.
  - Alternatively, manually create APIRequestContext in beforeAll and dispose it in afterAll.
See https://playwright.dev/docs/api-testing#sending-api-requests-from-ui-tests for more details.
🔍 Testing GET /api/session/status...
  ❌ GET /api/session/status: apiRequestContext.get: Fixture { request } from beforeAll cannot be reused in a test.
  - Recommended fix: use a separate { request } in the test.
  - Alternatively, manually create APIRequestContext in beforeAll and dispose it in afterAll.
See https://playwright.dev/docs/api-testing#sending-api-requests-from-ui-tests for more details.
🔍 Testing POST /api/session/metrics...
  ❌ POST /api/session/metrics: apiRequestContext.post: Fixture { request } from beforeAll cannot be reused in a test.
  - Recommended fix: use a separate { request } in the test.
  - Alternatively, manually create APIRequestContext in beforeAll and dispose it in afterAll.
See https://playwright.dev/docs/api-testing#sending-api-requests-from-ui-tests for more details.
]]>
</system-out>
</testcase>
<testcase name="API Integration Testing › LiveKit Integration Endpoints" classname="api-integration.spec.ts" time="0.305">
<system-out>
<![CDATA[
🎙️ Testing LiveKit Integration Endpoints

📡 Testing LiveKit Integration Endpoints...
🔍 Testing POST /api/livekit/token...
  ❌ POST /api/livekit/token: apiRequestContext.post: Fixture { request } from beforeAll cannot be reused in a test.
  - Recommended fix: use a separate { request } in the test.
  - Alternatively, manually create APIRequestContext in beforeAll and dispose it in afterAll.
See https://playwright.dev/docs/api-testing#sending-api-requests-from-ui-tests for more details.
🔍 Testing POST /api/livekit/webhook...
  ❌ POST /api/livekit/webhook: apiRequestContext.post: Fixture { request } from beforeAll cannot be reused in a test.
  - Recommended fix: use a separate { request } in the test.
  - Alternatively, manually create APIRequestContext in beforeAll and dispose it in afterAll.
See https://playwright.dev/docs/api-testing#sending-api-requests-from-ui-tests for more details.
🔍 Testing GET /api/livekit/rooms...
  ❌ GET /api/livekit/rooms: apiRequestContext.get: Fixture { request } from beforeAll cannot be reused in a test.
  - Recommended fix: use a separate { request } in the test.
  - Alternatively, manually create APIRequestContext in beforeAll and dispose it in afterAll.
See https://playwright.dev/docs/api-testing#sending-api-requests-from-ui-tests for more details.
]]>
</system-out>
</testcase>
<testcase name="API Integration Testing › Transcription Service Endpoints" classname="api-integration.spec.ts" time="0.304">
<system-out>
<![CDATA[
💬 Testing Transcription Service Endpoints

📡 Testing Transcription Service Endpoints...
🔍 Testing POST /api/transcription...
  ❌ POST /api/transcription: apiRequestContext.post: Fixture { request } from beforeAll cannot be reused in a test.
  - Recommended fix: use a separate { request } in the test.
  - Alternatively, manually create APIRequestContext in beforeAll and dispose it in afterAll.
See https://playwright.dev/docs/api-testing#sending-api-requests-from-ui-tests for more details.
🔍 Testing GET /api/transcription/history...
  ❌ GET /api/transcription/history: apiRequestContext.get: Fixture { request } from beforeAll cannot be reused in a test.
  - Recommended fix: use a separate { request } in the test.
  - Alternatively, manually create APIRequestContext in beforeAll and dispose it in afterAll.
See https://playwright.dev/docs/api-testing#sending-api-requests-from-ui-tests for more details.
🔍 Testing POST /api/transcription/math-render...
  ❌ POST /api/transcription/math-render: apiRequestContext.post: Fixture { request } from beforeAll cannot be reused in a test.
  - Recommended fix: use a separate { request } in the test.
  - Alternatively, manually create APIRequestContext in beforeAll and dispose it in afterAll.
See https://playwright.dev/docs/api-testing#sending-api-requests-from-ui-tests for more details.
]]>
</system-out>
</testcase>
<testcase name="API Integration Testing › Textbook and Content Endpoints" classname="api-integration.spec.ts" time="0.407">
<system-out>
<![CDATA[
📚 Testing Textbook and Content Endpoints

📡 Testing Content Management Endpoints...
🔍 Testing GET /api/textbooks...
  ❌ GET /api/textbooks: apiRequestContext.get: Fixture { request } from beforeAll cannot be reused in a test.
  - Recommended fix: use a separate { request } in the test.
  - Alternatively, manually create APIRequestContext in beforeAll and dispose it in afterAll.
See https://playwright.dev/docs/api-testing#sending-api-requests-from-ui-tests for more details.
🔍 Testing GET /api/textbooks/ncert-grade-10-maths...
  ❌ GET /api/textbooks/ncert-grade-10-maths: apiRequestContext.get: Fixture { request } from beforeAll cannot be reused in a test.
  - Recommended fix: use a separate { request } in the test.
  - Alternatively, manually create APIRequestContext in beforeAll and dispose it in afterAll.
See https://playwright.dev/docs/api-testing#sending-api-requests-from-ui-tests for more details.
🔍 Testing GET /api/curriculum...
  ❌ GET /api/curriculum: apiRequestContext.get: Fixture { request } from beforeAll cannot be reused in a test.
  - Recommended fix: use a separate { request } in the test.
  - Alternatively, manually create APIRequestContext in beforeAll and dispose it in afterAll.
See https://playwright.dev/docs/api-testing#sending-api-requests-from-ui-tests for more details.
🔍 Testing GET /api/topics...
  ❌ GET /api/topics: apiRequestContext.get: Fixture { request } from beforeAll cannot be reused in a test.
  - Recommended fix: use a separate { request } in the test.
  - Alternatively, manually create APIRequestContext in beforeAll and dispose it in afterAll.
See https://playwright.dev/docs/api-testing#sending-api-requests-from-ui-tests for more details.
]]>
</system-out>
</testcase>
<testcase name="API Integration Testing › Error Handling and Edge Cases" classname="api-integration.spec.ts" time="0.405">
<system-out>
<![CDATA[
🛡️ Testing Error Handling and Edge Cases

📡 Testing Error Handling Endpoints...
🔍 Testing GET /api/nonexistent...
  ❌ GET /api/nonexistent: apiRequestContext.get: Fixture { request } from beforeAll cannot be reused in a test.
  - Recommended fix: use a separate { request } in the test.
  - Alternatively, manually create APIRequestContext in beforeAll and dispose it in afterAll.
See https://playwright.dev/docs/api-testing#sending-api-requests-from-ui-tests for more details.
🔍 Testing POST /api/session/start...
  ❌ POST /api/session/start: apiRequestContext.post: Fixture { request } from beforeAll cannot be reused in a test.
  - Recommended fix: use a separate { request } in the test.
  - Alternatively, manually create APIRequestContext in beforeAll and dispose it in afterAll.
See https://playwright.dev/docs/api-testing#sending-api-requests-from-ui-tests for more details.
🔍 Testing POST /api/auth/login...
  ❌ POST /api/auth/login: apiRequestContext.post: Fixture { request } from beforeAll cannot be reused in a test.
  - Recommended fix: use a separate { request } in the test.
  - Alternatively, manually create APIRequestContext in beforeAll and dispose it in afterAll.
See https://playwright.dev/docs/api-testing#sending-api-requests-from-ui-tests for more details.
🔍 Testing GET /api/session/status...
  ❌ GET /api/session/status: apiRequestContext.get: Fixture { request } from beforeAll cannot be reused in a test.
  - Recommended fix: use a separate { request } in the test.
  - Alternatively, manually create APIRequestContext in beforeAll and dispose it in afterAll.
See https://playwright.dev/docs/api-testing#sending-api-requests-from-ui-tests for more details.
]]>
</system-out>
</testcase>
<testcase name="API Integration Testing › API Performance and Load Testing" classname="api-integration.spec.ts" time="1.007">
<system-out>
<![CDATA[
⚡ Testing API Performance
🔍 Testing GET /api/textbooks...
  ❌ GET /api/textbooks: apiRequestContext.get: Fixture { request } from beforeAll cannot be reused in a test.
  - Recommended fix: use a separate { request } in the test.
  - Alternatively, manually create APIRequestContext in beforeAll and dispose it in afterAll.
See https://playwright.dev/docs/api-testing#sending-api-requests-from-ui-tests for more details.
🔍 Testing GET /api/textbooks...
  ❌ GET /api/textbooks: apiRequestContext.get: Fixture { request } from beforeAll cannot be reused in a test.
  - Recommended fix: use a separate { request } in the test.
  - Alternatively, manually create APIRequestContext in beforeAll and dispose it in afterAll.
See https://playwright.dev/docs/api-testing#sending-api-requests-from-ui-tests for more details.
🔍 Testing GET /api/textbooks...
  ❌ GET /api/textbooks: apiRequestContext.get: Fixture { request } from beforeAll cannot be reused in a test.
  - Recommended fix: use a separate { request } in the test.
  - Alternatively, manually create APIRequestContext in beforeAll and dispose it in afterAll.
See https://playwright.dev/docs/api-testing#sending-api-requests-from-ui-tests for more details.
🔍 Testing GET /api/textbooks...
  ❌ GET /api/textbooks: apiRequestContext.get: Fixture { request } from beforeAll cannot be reused in a test.
  - Recommended fix: use a separate { request } in the test.
  - Alternatively, manually create APIRequestContext in beforeAll and dispose it in afterAll.
See https://playwright.dev/docs/api-testing#sending-api-requests-from-ui-tests for more details.
🔍 Testing GET /api/textbooks...
  ❌ GET /api/textbooks: apiRequestContext.get: Fixture { request } from beforeAll cannot be reused in a test.
  - Recommended fix: use a separate { request } in the test.
  - Alternatively, manually create APIRequestContext in beforeAll and dispose it in afterAll.
See https://playwright.dev/docs/api-testing#sending-api-requests-from-ui-tests for more details.
📊 Performance Results:
   Average: 0ms
   Min: 0ms
   Max: 1ms
   Consistency: ❌ (5.0x variation)
]]>
</system-out>
</testcase>
<testcase name="API Integration Testing › Generate API Integration Report" classname="api-integration.spec.ts" time="0.007">
<failure message="api-integration.spec.ts:682:7 Generate API Integration Report" type="FAILURE">
<![CDATA[  [chromium-desktop] › api-integration.spec.ts:682:7 › API Integration Testing › Generate API Integration Report 

    Error: expect(received).toBeGreaterThanOrEqual(expected)

    Expected: >= 50
    Received:    0

      699 |
      700 |     // API should have at least 50% success rate for basic functionality
    > 701 |     expect(successRate).toBeGreaterThanOrEqual(50);
          |                         ^
      702 |   });
      703 |
      704 |   test('WebSocket Connection Testing', async ({ page }) => {
        at /Users/umasankrudhya/Projects/pinglearn/pinglearn-app/e2e/api-integration.spec.ts:701:25

    attachment #1: trace (application/zip) ─────────────────────────────────────────────────────────
    ../test-results/api-integration-API-Integr-04cf6-rate-API-Integration-Report-chromium-desktop/trace.zip
    Usage:

        npx playwright show-trace ../test-results/api-integration-API-Integr-04cf6-rate-API-Integration-Report-chromium-desktop/trace.zip

    ────────────────────────────────────────────────────────────────────────────────────────────────

    Retry #1 ───────────────────────────────────────────────────────────────────────────────────────

    Error: expect(received).toBeGreaterThanOrEqual(expected)

    Expected: >= 50
    Received:    0

      699 |
      700 |     // API should have at least 50% success rate for basic functionality
    > 701 |     expect(successRate).toBeGreaterThanOrEqual(50);
          |                         ^
      702 |   });
      703 |
      704 |   test('WebSocket Connection Testing', async ({ page }) => {
        at /Users/umasankrudhya/Projects/pinglearn/pinglearn-app/e2e/api-integration.spec.ts:701:25

    attachment #1: trace (application/zip) ─────────────────────────────────────────────────────────
    ../test-results/api-integration-API-Integr-04cf6-rate-API-Integration-Report-chromium-desktop-retry1/trace.zip
    Usage:

        npx playwright show-trace ../test-results/api-integration-API-Integr-04cf6-rate-API-Integration-Report-chromium-desktop-retry1/trace.zip

    ────────────────────────────────────────────────────────────────────────────────────────────────
]]>
</failure>
<system-out>
<![CDATA[
📊 Generating API Integration Report...

📊 API integration report saved to: e2e/test-reports/api-integration/api-integration-report.md
✅ API integration testing completed
📈 Overall API Health: 0.0% (0/5)

[[ATTACHMENT|../../test-results/api-integration-API-Integr-04cf6-rate-API-Integration-Report-chromium-desktop/trace.zip]]

📊 Generating API Integration Report...

📊 API integration report saved to: e2e/test-reports/api-integration/api-integration-report.md
✅ API integration testing completed
📈 Overall API Health: 0.0% (0/0)

[[ATTACHMENT|../../test-results/api-integration-API-Integr-04cf6-rate-API-Integration-Report-chromium-desktop-retry1/trace.zip]]
]]>
</system-out>
</testcase>
<testcase name="API Integration Testing › WebSocket Connection Testing" classname="api-integration.spec.ts" time="0.746">
<system-out>
<![CDATA[
🔌 Testing WebSocket Connections
📡 WebSocket connection: ws://localhost:3006/_next/webpack-hmr
📊 WebSocket Results:
   Connections: 1
   Messages: 2
   - ws://localhost:3006/_next/webpack-hmr
]]>
</system-out>
</testcase>
</testsuite>
<testsuite name="auth.spec.ts" timestamp="2025-10-01T10:20:41.011Z" hostname="chromium-desktop" tests="7" failures="4" skipped="0" time="93.181" errors="0">
<testcase name="Authentication Flow › should display login page" classname="auth.spec.ts" time="0.771">
</testcase>
<testcase name="Authentication Flow › should display register page" classname="auth.spec.ts" time="2.506">
</testcase>
<testcase name="Authentication Flow › should register a new user" classname="auth.spec.ts" time="20.443">
<failure message="auth.spec.ts:21:7 should register a new user" type="FAILURE">
<![CDATA[  [chromium-desktop] › auth.spec.ts:21:7 › Authentication Flow › should register a new user ────────

    Error: expect.toBeVisible: Error: strict mode violation: getByText(/registration successful/i) resolved to 2 elements:
        1) <h3 class="tracking-tight text-2xl font-bold">Registration Successful!</h3> aka getByRole('heading', { name: 'Registration Successful!' })
        2) <p class="text-muted-foreground">Registration successful! Please check your email …</p> aka getByText('Registration successful! Please check your email to confirm your account')

    Call log:
      - Expect "toBeVisible" with timeout 10000ms
      - waiting for getByText(/registration successful/i)


      35 |     
      36 |     // Should show success message (stays on same page)
    > 37 |     await expect(page.getByText(/registration successful/i)).toBeVisible({ timeout: 10000 });
         |                                                              ^
      38 |     await expect(page.getByText(/check your email/i)).toBeVisible();
      39 |   });
      40 |
        at /Users/umasankrudhya/Projects/pinglearn/pinglearn-app/e2e/auth.spec.ts:37:62

    attachment #1: screenshot (image/png) ──────────────────────────────────────────────────────────
    ../test-results/auth-Authentication-Flow-should-register-a-new-user-chromium-desktop/test-failed-1.png
    ────────────────────────────────────────────────────────────────────────────────────────────────

    Error Context: ../test-results/auth-Authentication-Flow-should-register-a-new-user-chromium-desktop/error-context.md

    attachment #3: trace (application/zip) ─────────────────────────────────────────────────────────
    ../test-results/auth-Authentication-Flow-should-register-a-new-user-chromium-desktop/trace.zip
    Usage:

        npx playwright show-trace ../test-results/auth-Authentication-Flow-should-register-a-new-user-chromium-desktop/trace.zip

    ────────────────────────────────────────────────────────────────────────────────────────────────

    Retry #1 ───────────────────────────────────────────────────────────────────────────────────────

    Error: expect.toBeVisible: Error: strict mode violation: getByText(/registration successful/i) resolved to 2 elements:
        1) <h3 class="tracking-tight text-2xl font-bold">Registration Successful!</h3> aka getByRole('heading', { name: 'Registration Successful!' })
        2) <p class="text-muted-foreground">Registration successful! Please check your email …</p> aka getByText('Registration successful! Please check your email to confirm your account')

    Call log:
      - Expect "toBeVisible" with timeout 10000ms
      - waiting for getByText(/registration successful/i)


      35 |     
      36 |     // Should show success message (stays on same page)
    > 37 |     await expect(page.getByText(/registration successful/i)).toBeVisible({ timeout: 10000 });
         |                                                              ^
      38 |     await expect(page.getByText(/check your email/i)).toBeVisible();
      39 |   });
      40 |
        at /Users/umasankrudhya/Projects/pinglearn/pinglearn-app/e2e/auth.spec.ts:37:62

    attachment #1: screenshot (image/png) ──────────────────────────────────────────────────────────
    ../test-results/auth-Authentication-Flow-should-register-a-new-user-chromium-desktop-retry1/test-failed-1.png
    ────────────────────────────────────────────────────────────────────────────────────────────────

    Error Context: ../test-results/auth-Authentication-Flow-should-register-a-new-user-chromium-desktop-retry1/error-context.md

    attachment #3: trace (application/zip) ─────────────────────────────────────────────────────────
    ../test-results/auth-Authentication-Flow-should-register-a-new-user-chromium-desktop-retry1/trace.zip
    Usage:

        npx playwright show-trace ../test-results/auth-Authentication-Flow-should-register-a-new-user-chromium-desktop-retry1/trace.zip

    ────────────────────────────────────────────────────────────────────────────────────────────────
]]>
</failure>
<system-out>
<![CDATA[
[[ATTACHMENT|../../test-results/auth-Authentication-Flow-should-register-a-new-user-chromium-desktop/test-failed-1.png]]

[[ATTACHMENT|../../test-results/auth-Authentication-Flow-should-register-a-new-user-chromium-desktop/error-context.md]]

[[ATTACHMENT|../../test-results/auth-Authentication-Flow-should-register-a-new-user-chromium-desktop/trace.zip]]

[[ATTACHMENT|../../test-results/auth-Authentication-Flow-should-register-a-new-user-chromium-desktop-retry1/test-failed-1.png]]

[[ATTACHMENT|../../test-results/auth-Authentication-Flow-should-register-a-new-user-chromium-desktop-retry1/error-context.md]]

[[ATTACHMENT|../../test-results/auth-Authentication-Flow-should-register-a-new-user-chromium-desktop-retry1/trace.zip]]
]]>
</system-out>
</testcase>
<testcase name="Authentication Flow › should login with valid credentials" classname="auth.spec.ts" time="22.222">
<failure message="auth.spec.ts:41:7 should login with valid credentials" type="FAILURE">
<![CDATA[  [chromium-desktop] › auth.spec.ts:41:7 › Authentication Flow › should login with valid credentials 

    TimeoutError: page.waitForURL: Timeout 10000ms exceeded.
    =========================== logs ===========================
    waiting for navigation to "/dashboard" until "load"
    ============================================================

      50 |     
      51 |     // Should redirect to dashboard
    > 52 |     await page.waitForURL('/dashboard', { timeout: 10000 });
         |                ^
      53 |     await expect(page).toHaveURL('/dashboard');
      54 |   });
      55 |
        at /Users/umasankrudhya/Projects/pinglearn/pinglearn-app/e2e/auth.spec.ts:52:16

    attachment #1: screenshot (image/png) ──────────────────────────────────────────────────────────
    ../test-results/auth-Authentication-Flow-should-login-with-valid-credentials-chromium-desktop/test-failed-1.png
    ────────────────────────────────────────────────────────────────────────────────────────────────

    Error Context: ../test-results/auth-Authentication-Flow-should-login-with-valid-credentials-chromium-desktop/error-context.md

    attachment #3: trace (application/zip) ─────────────────────────────────────────────────────────
    ../test-results/auth-Authentication-Flow-should-login-with-valid-credentials-chromium-desktop/trace.zip
    Usage:

        npx playwright show-trace ../test-results/auth-Authentication-Flow-should-login-with-valid-credentials-chromium-desktop/trace.zip

    ────────────────────────────────────────────────────────────────────────────────────────────────

    Retry #1 ───────────────────────────────────────────────────────────────────────────────────────

    TimeoutError: page.waitForURL: Timeout 10000ms exceeded.
    =========================== logs ===========================
    waiting for navigation to "/dashboard" until "load"
    ============================================================

      50 |     
      51 |     // Should redirect to dashboard
    > 52 |     await page.waitForURL('/dashboard', { timeout: 10000 });
         |                ^
      53 |     await expect(page).toHaveURL('/dashboard');
      54 |   });
      55 |
        at /Users/umasankrudhya/Projects/pinglearn/pinglearn-app/e2e/auth.spec.ts:52:16

    attachment #1: screenshot (image/png) ──────────────────────────────────────────────────────────
    ../test-results/auth-Authentication-Flow-should-login-with-valid-credentials-chromium-desktop-retry1/test-failed-1.png
    ────────────────────────────────────────────────────────────────────────────────────────────────

    Error Context: ../test-results/auth-Authentication-Flow-should-login-with-valid-credentials-chromium-desktop-retry1/error-context.md

    attachment #3: trace (application/zip) ─────────────────────────────────────────────────────────
    ../test-results/auth-Authentication-Flow-should-login-with-valid-credentials-chromium-desktop-retry1/trace.zip
    Usage:

        npx playwright show-trace ../test-results/auth-Authentication-Flow-should-login-with-valid-credentials-chromium-desktop-retry1/trace.zip

    ────────────────────────────────────────────────────────────────────────────────────────────────
]]>
</failure>
<system-out>
<![CDATA[
[[ATTACHMENT|../../test-results/auth-Authentication-Flow-should-login-with-valid-credentials-chromium-desktop/test-failed-1.png]]

[[ATTACHMENT|../../test-results/auth-Authentication-Flow-should-login-with-valid-credentials-chromium-desktop/error-context.md]]

[[ATTACHMENT|../../test-results/auth-Authentication-Flow-should-login-with-valid-credentials-chromium-desktop/trace.zip]]

[[ATTACHMENT|../../test-results/auth-Authentication-Flow-should-login-with-valid-credentials-chromium-desktop-retry1/test-failed-1.png]]

[[ATTACHMENT|../../test-results/auth-Authentication-Flow-should-login-with-valid-credentials-chromium-desktop-retry1/error-context.md]]

[[ATTACHMENT|../../test-results/auth-Authentication-Flow-should-login-with-valid-credentials-chromium-desktop-retry1/trace.zip]]
]]>
</system-out>
</testcase>
<testcase name="Authentication Flow › should show error for invalid credentials" classname="auth.spec.ts" time="13.404">
<system-out>
<![CDATA[
[[ATTACHMENT|../../test-results/auth-Authentication-Flow-s-c1b41-ror-for-invalid-credentials-chromium-desktop/test-failed-1.png]]

[[ATTACHMENT|../../test-results/auth-Authentication-Flow-s-c1b41-ror-for-invalid-credentials-chromium-desktop/error-context.md]]

[[ATTACHMENT|../../test-results/auth-Authentication-Flow-s-c1b41-ror-for-invalid-credentials-chromium-desktop/trace.zip]]
]]>
</system-out>
</testcase>
<testcase name="Authentication Flow › should validate email format" classname="auth.spec.ts" time="24.786">
<failure message="auth.spec.ts:68:7 should validate email format" type="FAILURE">
<![CDATA[  [chromium-desktop] › auth.spec.ts:68:7 › Authentication Flow › should validate email format ──────

    Error: expect(locator).toBeVisible() failed

    Locator:  getByText(/invalid.*email|valid.*email/i)
    Expected: visible
    Received: <element(s) not found>
    Timeout:  10000ms

    Call log:
      - Expect "toBeVisible" with timeout 10000ms
      - waiting for getByText(/invalid.*email|valid.*email/i)


      77 |     
      78 |     // Should show validation error
    > 79 |     await expect(page.getByText(/invalid.*email|valid.*email/i)).toBeVisible();
         |                                                                  ^
      80 |   });
      81 |
      82 |   test('should validate password requirements', async ({ page }) => {
        at /Users/umasankrudhya/Projects/pinglearn/pinglearn-app/e2e/auth.spec.ts:79:66

    attachment #1: screenshot (image/png) ──────────────────────────────────────────────────────────
    ../test-results/auth-Authentication-Flow-should-validate-email-format-chromium-desktop/test-failed-1.png
    ────────────────────────────────────────────────────────────────────────────────────────────────

    Error Context: ../test-results/auth-Authentication-Flow-should-validate-email-format-chromium-desktop/error-context.md

    attachment #3: trace (application/zip) ─────────────────────────────────────────────────────────
    ../test-results/auth-Authentication-Flow-should-validate-email-format-chromium-desktop/trace.zip
    Usage:

        npx playwright show-trace ../test-results/auth-Authentication-Flow-should-validate-email-format-chromium-desktop/trace.zip

    ────────────────────────────────────────────────────────────────────────────────────────────────

    Retry #1 ───────────────────────────────────────────────────────────────────────────────────────

    Error: expect(locator).toBeVisible() failed

    Locator:  getByText(/invalid.*email|valid.*email/i)
    Expected: visible
    Received: <element(s) not found>
    Timeout:  10000ms

    Call log:
      - Expect "toBeVisible" with timeout 10000ms
      - waiting for getByText(/invalid.*email|valid.*email/i)


      77 |     
      78 |     // Should show validation error
    > 79 |     await expect(page.getByText(/invalid.*email|valid.*email/i)).toBeVisible();
         |                                                                  ^
      80 |   });
      81 |
      82 |   test('should validate password requirements', async ({ page }) => {
        at /Users/umasankrudhya/Projects/pinglearn/pinglearn-app/e2e/auth.spec.ts:79:66

    attachment #1: screenshot (image/png) ──────────────────────────────────────────────────────────
    ../test-results/auth-Authentication-Flow-should-validate-email-format-chromium-desktop-retry1/test-failed-1.png
    ────────────────────────────────────────────────────────────────────────────────────────────────

    Error Context: ../test-results/auth-Authentication-Flow-should-validate-email-format-chromium-desktop-retry1/error-context.md

    attachment #3: trace (application/zip) ─────────────────────────────────────────────────────────
    ../test-results/auth-Authentication-Flow-should-validate-email-format-chromium-desktop-retry1/trace.zip
    Usage:

        npx playwright show-trace ../test-results/auth-Authentication-Flow-should-validate-email-format-chromium-desktop-retry1/trace.zip

    ────────────────────────────────────────────────────────────────────────────────────────────────
]]>
</failure>
<system-out>
<![CDATA[
[[ATTACHMENT|../../test-results/auth-Authentication-Flow-should-validate-email-format-chromium-desktop/test-failed-1.png]]

[[ATTACHMENT|../../test-results/auth-Authentication-Flow-should-validate-email-format-chromium-desktop/error-context.md]]

[[ATTACHMENT|../../test-results/auth-Authentication-Flow-should-validate-email-format-chromium-desktop/trace.zip]]

[[ATTACHMENT|../../test-results/auth-Authentication-Flow-should-validate-email-format-chromium-desktop-retry1/test-failed-1.png]]

[[ATTACHMENT|../../test-results/auth-Authentication-Flow-should-validate-email-format-chromium-desktop-retry1/error-context.md]]

[[ATTACHMENT|../../test-results/auth-Authentication-Flow-should-validate-email-format-chromium-desktop-retry1/trace.zip]]
]]>
</system-out>
</testcase>
<testcase name="Authentication Flow › should validate password requirements" classname="auth.spec.ts" time="9.049">
<failure message="auth.spec.ts:82:7 should validate password requirements" type="FAILURE">
<![CDATA[  [chromium-desktop] › auth.spec.ts:82:7 › Authentication Flow › should validate password requirements 

    Error: expect.toBeVisible: Error: strict mode violation: getByText(/at least 8 characters|must be at least/i) resolved to 2 elements:
        1) <p class="text-sm text-destructive">Password must be at least 8 characters</p> aka getByText('Password must be at least 8')
        2) <p class="text-xs text-muted-foreground">Must be at least 8 characters long</p> aka getByText('Must be at least 8 characters long')

    Call log:
      - Expect "toBeVisible" with timeout 10000ms
      - waiting for getByText(/at least 8 characters|must be at least/i)


      91 |     
      92 |     // Should show password requirements
    > 93 |     await expect(page.getByText(/at least 8 characters|must be at least/i)).toBeVisible();
         |                                                                             ^
      94 |   });
      95 | });
        at /Users/umasankrudhya/Projects/pinglearn/pinglearn-app/e2e/auth.spec.ts:93:77

    attachment #1: screenshot (image/png) ──────────────────────────────────────────────────────────
    ../test-results/auth-Authentication-Flow-s-17b38-idate-password-requirements-chromium-desktop/test-failed-1.png
    ────────────────────────────────────────────────────────────────────────────────────────────────

    Error Context: ../test-results/auth-Authentication-Flow-s-17b38-idate-password-requirements-chromium-desktop/error-context.md

    attachment #3: trace (application/zip) ─────────────────────────────────────────────────────────
    ../test-results/auth-Authentication-Flow-s-17b38-idate-password-requirements-chromium-desktop/trace.zip
    Usage:

        npx playwright show-trace ../test-results/auth-Authentication-Flow-s-17b38-idate-password-requirements-chromium-desktop/trace.zip

    ────────────────────────────────────────────────────────────────────────────────────────────────

    Retry #1 ───────────────────────────────────────────────────────────────────────────────────────

    Error: expect.toBeVisible: Error: strict mode violation: getByText(/at least 8 characters|must be at least/i) resolved to 2 elements:
        1) <p class="text-sm text-destructive">Password must be at least 8 characters</p> aka getByText('Password must be at least 8')
        2) <p class="text-xs text-muted-foreground">Must be at least 8 characters long</p> aka getByText('Must be at least 8 characters long')

    Call log:
      - Expect "toBeVisible" with timeout 10000ms
      - waiting for getByText(/at least 8 characters|must be at least/i)


      91 |     
      92 |     // Should show password requirements
    > 93 |     await expect(page.getByText(/at least 8 characters|must be at least/i)).toBeVisible();
         |                                                                             ^
      94 |   });
      95 | });
        at /Users/umasankrudhya/Projects/pinglearn/pinglearn-app/e2e/auth.spec.ts:93:77

    attachment #1: screenshot (image/png) ──────────────────────────────────────────────────────────
    ../test-results/auth-Authentication-Flow-s-17b38-idate-password-requirements-chromium-desktop-retry1/test-failed-1.png
    ────────────────────────────────────────────────────────────────────────────────────────────────

    Error Context: ../test-results/auth-Authentication-Flow-s-17b38-idate-password-requirements-chromium-desktop-retry1/error-context.md

    attachment #3: trace (application/zip) ─────────────────────────────────────────────────────────
    ../test-results/auth-Authentication-Flow-s-17b38-idate-password-requirements-chromium-desktop-retry1/trace.zip
    Usage:

        npx playwright show-trace ../test-results/auth-Authentication-Flow-s-17b38-idate-password-requirements-chromium-desktop-retry1/trace.zip

    ────────────────────────────────────────────────────────────────────────────────────────────────
]]>
</failure>
<system-out>
<![CDATA[
[[ATTACHMENT|../../test-results/auth-Authentication-Flow-s-17b38-idate-password-requirements-chromium-desktop/test-failed-1.png]]

[[ATTACHMENT|../../test-results/auth-Authentication-Flow-s-17b38-idate-password-requirements-chromium-desktop/error-context.md]]

[[ATTACHMENT|../../test-results/auth-Authentication-Flow-s-17b38-idate-password-requirements-chromium-desktop/trace.zip]]

[[ATTACHMENT|../../test-results/auth-Authentication-Flow-s-17b38-idate-password-requirements-chromium-desktop-retry1/test-failed-1.png]]

[[ATTACHMENT|../../test-results/auth-Authentication-Flow-s-17b38-idate-password-requirements-chromium-desktop-retry1/error-context.md]]

[[ATTACHMENT|../../test-results/auth-Authentication-Flow-s-17b38-idate-password-requirements-chromium-desktop-retry1/trace.zip]]
]]>
</system-out>
</testcase>
</testsuite>
<testsuite name="classroom.spec.ts" timestamp="2025-10-01T10:20:41.011Z" hostname="chromium-desktop" tests="11" failures="11" skipped="0" time="263.676" errors="0">
<testcase name="Audio AI Classroom › should navigate to classroom from dashboard" classname="classroom.spec.ts" time="25.747">
<failure message="classroom.spec.ts:27:7 should navigate to classroom from dashboard" type="FAILURE">
<![CDATA[  [chromium-desktop] › classroom.spec.ts:27:7 › Audio AI Classroom › should navigate to classroom from dashboard 

    TimeoutError: page.fill: Timeout 10000ms exceeded.
    Call log:
      - waiting for locator('input[name="email"]')


      17 |     // Login first
      18 |     await page.goto('/login');
    > 19 |     await page.fill('input[name="email"]', TEST_EMAIL);
         |                ^
      20 |     await page.fill('input[name="password"]', TEST_PASSWORD);
      21 |     await page.click('button[type="submit"]');
      22 |     
        at /Users/umasankrudhya/Projects/pinglearn/pinglearn-app/e2e/classroom.spec.ts:19:16

    attachment #1: screenshot (image/png) ──────────────────────────────────────────────────────────
    ../test-results/classroom-Audio-AI-Classro-67faf-to-classroom-from-dashboard-chromium-desktop/test-failed-1.png
    ────────────────────────────────────────────────────────────────────────────────────────────────

    Error Context: ../test-results/classroom-Audio-AI-Classro-67faf-to-classroom-from-dashboard-chromium-desktop/error-context.md

    attachment #3: trace (application/zip) ─────────────────────────────────────────────────────────
    ../test-results/classroom-Audio-AI-Classro-67faf-to-classroom-from-dashboard-chromium-desktop/trace.zip
    Usage:

        npx playwright show-trace ../test-results/classroom-Audio-AI-Classro-67faf-to-classroom-from-dashboard-chromium-desktop/trace.zip

    ────────────────────────────────────────────────────────────────────────────────────────────────

    Retry #1 ───────────────────────────────────────────────────────────────────────────────────────

    TimeoutError: page.fill: Timeout 10000ms exceeded.
    Call log:
      - waiting for locator('input[name="email"]')


      17 |     // Login first
      18 |     await page.goto('/login');
    > 19 |     await page.fill('input[name="email"]', TEST_EMAIL);
         |                ^
      20 |     await page.fill('input[name="password"]', TEST_PASSWORD);
      21 |     await page.click('button[type="submit"]');
      22 |     
        at /Users/umasankrudhya/Projects/pinglearn/pinglearn-app/e2e/classroom.spec.ts:19:16

    attachment #1: screenshot (image/png) ──────────────────────────────────────────────────────────
    ../test-results/classroom-Audio-AI-Classro-67faf-to-classroom-from-dashboard-chromium-desktop-retry1/test-failed-1.png
    ────────────────────────────────────────────────────────────────────────────────────────────────

    Error Context: ../test-results/classroom-Audio-AI-Classro-67faf-to-classroom-from-dashboard-chromium-desktop-retry1/error-context.md

    attachment #3: trace (application/zip) ─────────────────────────────────────────────────────────
    ../test-results/classroom-Audio-AI-Classro-67faf-to-classroom-from-dashboard-chromium-desktop-retry1/trace.zip
    Usage:

        npx playwright show-trace ../test-results/classroom-Audio-AI-Classro-67faf-to-classroom-from-dashboard-chromium-desktop-retry1/trace.zip

    ────────────────────────────────────────────────────────────────────────────────────────────────
]]>
</failure>
<system-out>
<![CDATA[
[[ATTACHMENT|../../test-results/classroom-Audio-AI-Classro-67faf-to-classroom-from-dashboard-chromium-desktop/test-failed-1.png]]

[[ATTACHMENT|../../test-results/classroom-Audio-AI-Classro-67faf-to-classroom-from-dashboard-chromium-desktop/error-context.md]]

[[ATTACHMENT|../../test-results/classroom-Audio-AI-Classro-67faf-to-classroom-from-dashboard-chromium-desktop/trace.zip]]

[[ATTACHMENT|../../test-results/classroom-Audio-AI-Classro-67faf-to-classroom-from-dashboard-chromium-desktop-retry1/test-failed-1.png]]

[[ATTACHMENT|../../test-results/classroom-Audio-AI-Classro-67faf-to-classroom-from-dashboard-chromium-desktop-retry1/error-context.md]]

[[ATTACHMENT|../../test-results/classroom-Audio-AI-Classro-67faf-to-classroom-from-dashboard-chromium-desktop-retry1/trace.zip]]
]]>
</system-out>
</testcase>
<testcase name="Audio AI Classroom › should request microphone permissions" classname="classroom.spec.ts" time="22.455">
<failure message="classroom.spec.ts:39:7 should request microphone permissions" type="FAILURE">
<![CDATA[  [chromium-desktop] › classroom.spec.ts:39:7 › Audio AI Classroom › should request microphone permissions 

    TimeoutError: page.fill: Timeout 10000ms exceeded.
    Call log:
      - waiting for locator('input[name="email"]')


      17 |     // Login first
      18 |     await page.goto('/login');
    > 19 |     await page.fill('input[name="email"]', TEST_EMAIL);
         |                ^
      20 |     await page.fill('input[name="password"]', TEST_PASSWORD);
      21 |     await page.click('button[type="submit"]');
      22 |     
        at /Users/umasankrudhya/Projects/pinglearn/pinglearn-app/e2e/classroom.spec.ts:19:16

    attachment #1: screenshot (image/png) ──────────────────────────────────────────────────────────
    ../test-results/classroom-Audio-AI-Classro-7c680-uest-microphone-permissions-chromium-desktop/test-failed-1.png
    ────────────────────────────────────────────────────────────────────────────────────────────────

    Error Context: ../test-results/classroom-Audio-AI-Classro-7c680-uest-microphone-permissions-chromium-desktop/error-context.md

    attachment #3: trace (application/zip) ─────────────────────────────────────────────────────────
    ../test-results/classroom-Audio-AI-Classro-7c680-uest-microphone-permissions-chromium-desktop/trace.zip
    Usage:

        npx playwright show-trace ../test-results/classroom-Audio-AI-Classro-7c680-uest-microphone-permissions-chromium-desktop/trace.zip

    ────────────────────────────────────────────────────────────────────────────────────────────────

    Retry #1 ───────────────────────────────────────────────────────────────────────────────────────

    TimeoutError: page.fill: Timeout 10000ms exceeded.
    Call log:
      - waiting for locator('input[name="email"]')


      17 |     // Login first
      18 |     await page.goto('/login');
    > 19 |     await page.fill('input[name="email"]', TEST_EMAIL);
         |                ^
      20 |     await page.fill('input[name="password"]', TEST_PASSWORD);
      21 |     await page.click('button[type="submit"]');
      22 |     
        at /Users/umasankrudhya/Projects/pinglearn/pinglearn-app/e2e/classroom.spec.ts:19:16

    attachment #1: screenshot (image/png) ──────────────────────────────────────────────────────────
    ../test-results/classroom-Audio-AI-Classro-7c680-uest-microphone-permissions-chromium-desktop-retry1/test-failed-1.png
    ────────────────────────────────────────────────────────────────────────────────────────────────

    Error Context: ../test-results/classroom-Audio-AI-Classro-7c680-uest-microphone-permissions-chromium-desktop-retry1/error-context.md

    attachment #3: trace (application/zip) ─────────────────────────────────────────────────────────
    ../test-results/classroom-Audio-AI-Classro-7c680-uest-microphone-permissions-chromium-desktop-retry1/trace.zip
    Usage:

        npx playwright show-trace ../test-results/classroom-Audio-AI-Classro-7c680-uest-microphone-permissions-chromium-desktop-retry1/trace.zip

    ────────────────────────────────────────────────────────────────────────────────────────────────
]]>
</failure>
<system-out>
<![CDATA[
[[ATTACHMENT|../../test-results/classroom-Audio-AI-Classro-7c680-uest-microphone-permissions-chromium-desktop/test-failed-1.png]]

[[ATTACHMENT|../../test-results/classroom-Audio-AI-Classro-7c680-uest-microphone-permissions-chromium-desktop/error-context.md]]

[[ATTACHMENT|../../test-results/classroom-Audio-AI-Classro-7c680-uest-microphone-permissions-chromium-desktop/trace.zip]]

[[ATTACHMENT|../../test-results/classroom-Audio-AI-Classro-7c680-uest-microphone-permissions-chromium-desktop-retry1/test-failed-1.png]]

[[ATTACHMENT|../../test-results/classroom-Audio-AI-Classro-7c680-uest-microphone-permissions-chromium-desktop-retry1/error-context.md]]

[[ATTACHMENT|../../test-results/classroom-Audio-AI-Classro-7c680-uest-microphone-permissions-chromium-desktop-retry1/trace.zip]]
]]>
</system-out>
</testcase>
<testcase name="Audio AI Classroom › should display session controls when connected" classname="classroom.spec.ts" time="23.627">
<failure message="classroom.spec.ts:52:7 should display session controls when connected" type="FAILURE">
<![CDATA[  [chromium-desktop] › classroom.spec.ts:52:7 › Audio AI Classroom › should display session controls when connected 

    TimeoutError: page.fill: Timeout 10000ms exceeded.
    Call log:
      - waiting for locator('input[name="email"]')


      17 |     // Login first
      18 |     await page.goto('/login');
    > 19 |     await page.fill('input[name="email"]', TEST_EMAIL);
         |                ^
      20 |     await page.fill('input[name="password"]', TEST_PASSWORD);
      21 |     await page.click('button[type="submit"]');
      22 |     
        at /Users/umasankrudhya/Projects/pinglearn/pinglearn-app/e2e/classroom.spec.ts:19:16

    attachment #1: screenshot (image/png) ──────────────────────────────────────────────────────────
    ../test-results/classroom-Audio-AI-Classro-67530-ion-controls-when-connected-chromium-desktop/test-failed-1.png
    ────────────────────────────────────────────────────────────────────────────────────────────────

    Error Context: ../test-results/classroom-Audio-AI-Classro-67530-ion-controls-when-connected-chromium-desktop/error-context.md

    attachment #3: trace (application/zip) ─────────────────────────────────────────────────────────
    ../test-results/classroom-Audio-AI-Classro-67530-ion-controls-when-connected-chromium-desktop/trace.zip
    Usage:

        npx playwright show-trace ../test-results/classroom-Audio-AI-Classro-67530-ion-controls-when-connected-chromium-desktop/trace.zip

    ────────────────────────────────────────────────────────────────────────────────────────────────

    Retry #1 ───────────────────────────────────────────────────────────────────────────────────────

    TimeoutError: page.fill: Timeout 10000ms exceeded.
    Call log:
      - waiting for locator('input[name="email"]')


      17 |     // Login first
      18 |     await page.goto('/login');
    > 19 |     await page.fill('input[name="email"]', TEST_EMAIL);
         |                ^
      20 |     await page.fill('input[name="password"]', TEST_PASSWORD);
      21 |     await page.click('button[type="submit"]');
      22 |     
        at /Users/umasankrudhya/Projects/pinglearn/pinglearn-app/e2e/classroom.spec.ts:19:16

    attachment #1: screenshot (image/png) ──────────────────────────────────────────────────────────
    ../test-results/classroom-Audio-AI-Classro-67530-ion-controls-when-connected-chromium-desktop-retry1/test-failed-1.png
    ────────────────────────────────────────────────────────────────────────────────────────────────

    Error Context: ../test-results/classroom-Audio-AI-Classro-67530-ion-controls-when-connected-chromium-desktop-retry1/error-context.md

    attachment #3: trace (application/zip) ─────────────────────────────────────────────────────────
    ../test-results/classroom-Audio-AI-Classro-67530-ion-controls-when-connected-chromium-desktop-retry1/trace.zip
    Usage:

        npx playwright show-trace ../test-results/classroom-Audio-AI-Classro-67530-ion-controls-when-connected-chromium-desktop-retry1/trace.zip

    ────────────────────────────────────────────────────────────────────────────────────────────────
]]>
</failure>
<system-out>
<![CDATA[
[[ATTACHMENT|../../test-results/classroom-Audio-AI-Classro-67530-ion-controls-when-connected-chromium-desktop/test-failed-1.png]]

[[ATTACHMENT|../../test-results/classroom-Audio-AI-Classro-67530-ion-controls-when-connected-chromium-desktop/error-context.md]]

[[ATTACHMENT|../../test-results/classroom-Audio-AI-Classro-67530-ion-controls-when-connected-chromium-desktop/trace.zip]]

[[ATTACHMENT|../../test-results/classroom-Audio-AI-Classro-67530-ion-controls-when-connected-chromium-desktop-retry1/test-failed-1.png]]

[[ATTACHMENT|../../test-results/classroom-Audio-AI-Classro-67530-ion-controls-when-connected-chromium-desktop-retry1/error-context.md]]

[[ATTACHMENT|../../test-results/classroom-Audio-AI-Classro-67530-ion-controls-when-connected-chromium-desktop-retry1/trace.zip]]
]]>
</system-out>
</testcase>
<testcase name="Audio AI Classroom › should toggle mute state" classname="classroom.spec.ts" time="23.843">
<failure message="classroom.spec.ts:90:7 should toggle mute state" type="FAILURE">
<![CDATA[  [chromium-desktop] › classroom.spec.ts:90:7 › Audio AI Classroom › should toggle mute state ──────

    TimeoutError: page.fill: Timeout 10000ms exceeded.
    Call log:
      - waiting for locator('input[name="email"]')


      17 |     // Login first
      18 |     await page.goto('/login');
    > 19 |     await page.fill('input[name="email"]', TEST_EMAIL);
         |                ^
      20 |     await page.fill('input[name="password"]', TEST_PASSWORD);
      21 |     await page.click('button[type="submit"]');
      22 |     
        at /Users/umasankrudhya/Projects/pinglearn/pinglearn-app/e2e/classroom.spec.ts:19:16

    attachment #1: screenshot (image/png) ──────────────────────────────────────────────────────────
    ../test-results/classroom-Audio-AI-Classroom-should-toggle-mute-state-chromium-desktop/test-failed-1.png
    ────────────────────────────────────────────────────────────────────────────────────────────────

    Error Context: ../test-results/classroom-Audio-AI-Classroom-should-toggle-mute-state-chromium-desktop/error-context.md

    attachment #3: trace (application/zip) ─────────────────────────────────────────────────────────
    ../test-results/classroom-Audio-AI-Classroom-should-toggle-mute-state-chromium-desktop/trace.zip
    Usage:

        npx playwright show-trace ../test-results/classroom-Audio-AI-Classroom-should-toggle-mute-state-chromium-desktop/trace.zip

    ────────────────────────────────────────────────────────────────────────────────────────────────

    Retry #1 ───────────────────────────────────────────────────────────────────────────────────────

    TimeoutError: page.fill: Timeout 10000ms exceeded.
    Call log:
      - waiting for locator('input[name="email"]')


      17 |     // Login first
      18 |     await page.goto('/login');
    > 19 |     await page.fill('input[name="email"]', TEST_EMAIL);
         |                ^
      20 |     await page.fill('input[name="password"]', TEST_PASSWORD);
      21 |     await page.click('button[type="submit"]');
      22 |     
        at /Users/umasankrudhya/Projects/pinglearn/pinglearn-app/e2e/classroom.spec.ts:19:16

    attachment #1: screenshot (image/png) ──────────────────────────────────────────────────────────
    ../test-results/classroom-Audio-AI-Classroom-should-toggle-mute-state-chromium-desktop-retry1/test-failed-1.png
    ────────────────────────────────────────────────────────────────────────────────────────────────

    Error Context: ../test-results/classroom-Audio-AI-Classroom-should-toggle-mute-state-chromium-desktop-retry1/error-context.md

    attachment #3: trace (application/zip) ─────────────────────────────────────────────────────────
    ../test-results/classroom-Audio-AI-Classroom-should-toggle-mute-state-chromium-desktop-retry1/trace.zip
    Usage:

        npx playwright show-trace ../test-results/classroom-Audio-AI-Classroom-should-toggle-mute-state-chromium-desktop-retry1/trace.zip

    ────────────────────────────────────────────────────────────────────────────────────────────────
]]>
</failure>
<system-out>
<![CDATA[
[[ATTACHMENT|../../test-results/classroom-Audio-AI-Classroom-should-toggle-mute-state-chromium-desktop/test-failed-1.png]]

[[ATTACHMENT|../../test-results/classroom-Audio-AI-Classroom-should-toggle-mute-state-chromium-desktop/error-context.md]]

[[ATTACHMENT|../../test-results/classroom-Audio-AI-Classroom-should-toggle-mute-state-chromium-desktop/trace.zip]]

[[ATTACHMENT|../../test-results/classroom-Audio-AI-Classroom-should-toggle-mute-state-chromium-desktop-retry1/test-failed-1.png]]

[[ATTACHMENT|../../test-results/classroom-Audio-AI-Classroom-should-toggle-mute-state-chromium-desktop-retry1/error-context.md]]

[[ATTACHMENT|../../test-results/classroom-Audio-AI-Classroom-should-toggle-mute-state-chromium-desktop-retry1/trace.zip]]
]]>
</system-out>
</testcase>
<testcase name="Audio AI Classroom › should end session and redirect" classname="classroom.spec.ts" time="22.025">
<failure message="classroom.spec.ts:124:7 should end session and redirect" type="FAILURE">
<![CDATA[  [chromium-desktop] › classroom.spec.ts:124:7 › Audio AI Classroom › should end session and redirect 

    TimeoutError: page.fill: Timeout 10000ms exceeded.
    Call log:
      - waiting for locator('input[name="email"]')


      17 |     // Login first
      18 |     await page.goto('/login');
    > 19 |     await page.fill('input[name="email"]', TEST_EMAIL);
         |                ^
      20 |     await page.fill('input[name="password"]', TEST_PASSWORD);
      21 |     await page.click('button[type="submit"]');
      22 |     
        at /Users/umasankrudhya/Projects/pinglearn/pinglearn-app/e2e/classroom.spec.ts:19:16

    attachment #1: screenshot (image/png) ──────────────────────────────────────────────────────────
    ../test-results/classroom-Audio-AI-Classroom-should-end-session-and-redirect-chromium-desktop/test-failed-1.png
    ────────────────────────────────────────────────────────────────────────────────────────────────

    Error Context: ../test-results/classroom-Audio-AI-Classroom-should-end-session-and-redirect-chromium-desktop/error-context.md

    attachment #3: trace (application/zip) ─────────────────────────────────────────────────────────
    ../test-results/classroom-Audio-AI-Classroom-should-end-session-and-redirect-chromium-desktop/trace.zip
    Usage:

        npx playwright show-trace ../test-results/classroom-Audio-AI-Classroom-should-end-session-and-redirect-chromium-desktop/trace.zip

    ────────────────────────────────────────────────────────────────────────────────────────────────

    Retry #1 ───────────────────────────────────────────────────────────────────────────────────────

    TimeoutError: page.fill: Timeout 10000ms exceeded.
    Call log:
      - waiting for locator('input[name="email"]')


      17 |     // Login first
      18 |     await page.goto('/login');
    > 19 |     await page.fill('input[name="email"]', TEST_EMAIL);
         |                ^
      20 |     await page.fill('input[name="password"]', TEST_PASSWORD);
      21 |     await page.click('button[type="submit"]');
      22 |     
        at /Users/umasankrudhya/Projects/pinglearn/pinglearn-app/e2e/classroom.spec.ts:19:16

    attachment #1: screenshot (image/png) ──────────────────────────────────────────────────────────
    ../test-results/classroom-Audio-AI-Classroom-should-end-session-and-redirect-chromium-desktop-retry1/test-failed-1.png
    ────────────────────────────────────────────────────────────────────────────────────────────────

    Error Context: ../test-results/classroom-Audio-AI-Classroom-should-end-session-and-redirect-chromium-desktop-retry1/error-context.md

    attachment #3: trace (application/zip) ─────────────────────────────────────────────────────────
    ../test-results/classroom-Audio-AI-Classroom-should-end-session-and-redirect-chromium-desktop-retry1/trace.zip
    Usage:

        npx playwright show-trace ../test-results/classroom-Audio-AI-Classroom-should-end-session-and-redirect-chromium-desktop-retry1/trace.zip

    ────────────────────────────────────────────────────────────────────────────────────────────────
]]>
</failure>
<system-out>
<![CDATA[
[[ATTACHMENT|../../test-results/classroom-Audio-AI-Classroom-should-end-session-and-redirect-chromium-desktop/test-failed-1.png]]

[[ATTACHMENT|../../test-results/classroom-Audio-AI-Classroom-should-end-session-and-redirect-chromium-desktop/error-context.md]]

[[ATTACHMENT|../../test-results/classroom-Audio-AI-Classroom-should-end-session-and-redirect-chromium-desktop/trace.zip]]

[[ATTACHMENT|../../test-results/classroom-Audio-AI-Classroom-should-end-session-and-redirect-chromium-desktop-retry1/test-failed-1.png]]

[[ATTACHMENT|../../test-results/classroom-Audio-AI-Classroom-should-end-session-and-redirect-chromium-desktop-retry1/error-context.md]]

[[ATTACHMENT|../../test-results/classroom-Audio-AI-Classroom-should-end-session-and-redirect-chromium-desktop-retry1/trace.zip]]
]]>
</system-out>
</testcase>
<testcase name="Audio AI Classroom › should display session quality indicators" classname="classroom.spec.ts" time="24.286">
<failure message="classroom.spec.ts:164:7 should display session quality indicators" type="FAILURE">
<![CDATA[  [chromium-desktop] › classroom.spec.ts:164:7 › Audio AI Classroom › should display session quality indicators 

    TimeoutError: page.fill: Timeout 10000ms exceeded.
    Call log:
      - waiting for locator('input[name="email"]')


      17 |     // Login first
      18 |     await page.goto('/login');
    > 19 |     await page.fill('input[name="email"]', TEST_EMAIL);
         |                ^
      20 |     await page.fill('input[name="password"]', TEST_PASSWORD);
      21 |     await page.click('button[type="submit"]');
      22 |     
        at /Users/umasankrudhya/Projects/pinglearn/pinglearn-app/e2e/classroom.spec.ts:19:16

    attachment #1: screenshot (image/png) ──────────────────────────────────────────────────────────
    ../test-results/classroom-Audio-AI-Classro-4e786--session-quality-indicators-chromium-desktop/test-failed-1.png
    ────────────────────────────────────────────────────────────────────────────────────────────────

    Error Context: ../test-results/classroom-Audio-AI-Classro-4e786--session-quality-indicators-chromium-desktop/error-context.md

    attachment #3: trace (application/zip) ─────────────────────────────────────────────────────────
    ../test-results/classroom-Audio-AI-Classro-4e786--session-quality-indicators-chromium-desktop/trace.zip
    Usage:

        npx playwright show-trace ../test-results/classroom-Audio-AI-Classro-4e786--session-quality-indicators-chromium-desktop/trace.zip

    ────────────────────────────────────────────────────────────────────────────────────────────────

    Retry #1 ───────────────────────────────────────────────────────────────────────────────────────

    TimeoutError: page.fill: Timeout 10000ms exceeded.
    Call log:
      - waiting for locator('input[name="email"]')


      17 |     // Login first
      18 |     await page.goto('/login');
    > 19 |     await page.fill('input[name="email"]', TEST_EMAIL);
         |                ^
      20 |     await page.fill('input[name="password"]', TEST_PASSWORD);
      21 |     await page.click('button[type="submit"]');
      22 |     
        at /Users/umasankrudhya/Projects/pinglearn/pinglearn-app/e2e/classroom.spec.ts:19:16

    attachment #1: screenshot (image/png) ──────────────────────────────────────────────────────────
    ../test-results/classroom-Audio-AI-Classro-4e786--session-quality-indicators-chromium-desktop-retry1/test-failed-1.png
    ────────────────────────────────────────────────────────────────────────────────────────────────

    Error Context: ../test-results/classroom-Audio-AI-Classro-4e786--session-quality-indicators-chromium-desktop-retry1/error-context.md

    attachment #3: trace (application/zip) ─────────────────────────────────────────────────────────
    ../test-results/classroom-Audio-AI-Classro-4e786--session-quality-indicators-chromium-desktop-retry1/trace.zip
    Usage:

        npx playwright show-trace ../test-results/classroom-Audio-AI-Classro-4e786--session-quality-indicators-chromium-desktop-retry1/trace.zip

    ────────────────────────────────────────────────────────────────────────────────────────────────
]]>
</failure>
<system-out>
<![CDATA[
[[ATTACHMENT|../../test-results/classroom-Audio-AI-Classro-4e786--session-quality-indicators-chromium-desktop/test-failed-1.png]]

[[ATTACHMENT|../../test-results/classroom-Audio-AI-Classro-4e786--session-quality-indicators-chromium-desktop/error-context.md]]

[[ATTACHMENT|../../test-results/classroom-Audio-AI-Classro-4e786--session-quality-indicators-chromium-desktop/trace.zip]]

[[ATTACHMENT|../../test-results/classroom-Audio-AI-Classro-4e786--session-quality-indicators-chromium-desktop-retry1/test-failed-1.png]]

[[ATTACHMENT|../../test-results/classroom-Audio-AI-Classro-4e786--session-quality-indicators-chromium-desktop-retry1/error-context.md]]

[[ATTACHMENT|../../test-results/classroom-Audio-AI-Classro-4e786--session-quality-indicators-chromium-desktop-retry1/trace.zip]]
]]>
</system-out>
</testcase>
<testcase name="Session Management › should display session history on dashboard" classname="classroom.spec.ts" time="28.346">
<failure message="classroom.spec.ts:196:7 should display session history on dashboard" type="FAILURE">
<![CDATA[  [chromium-desktop] › classroom.spec.ts:196:7 › Session Management › should display session history on dashboard 

    TimeoutError: page.fill: Timeout 10000ms exceeded.
    Call log:
      - waiting for locator('input[name="email"]')


      197 |     // Login
      198 |     await page.goto('/login');
    > 199 |     await page.fill('input[name="email"]', TEST_EMAIL);
          |                ^
      200 |     await page.fill('input[name="password"]', TEST_PASSWORD);
      201 |     await page.click('button[type="submit"]');
      202 |     await page.waitForURL('/dashboard');
        at /Users/umasankrudhya/Projects/pinglearn/pinglearn-app/e2e/classroom.spec.ts:199:16

    attachment #1: screenshot (image/png) ──────────────────────────────────────────────────────────
    ../test-results/classroom-Session-Manageme-7ef96-ession-history-on-dashboard-chromium-desktop/test-failed-1.png
    ────────────────────────────────────────────────────────────────────────────────────────────────

    Error Context: ../test-results/classroom-Session-Manageme-7ef96-ession-history-on-dashboard-chromium-desktop/error-context.md

    attachment #3: trace (application/zip) ─────────────────────────────────────────────────────────
    ../test-results/classroom-Session-Manageme-7ef96-ession-history-on-dashboard-chromium-desktop/trace.zip
    Usage:

        npx playwright show-trace ../test-results/classroom-Session-Manageme-7ef96-ession-history-on-dashboard-chromium-desktop/trace.zip

    ────────────────────────────────────────────────────────────────────────────────────────────────

    Retry #1 ───────────────────────────────────────────────────────────────────────────────────────

    TimeoutError: page.fill: Timeout 10000ms exceeded.
    Call log:
      - waiting for locator('input[name="email"]')


      197 |     // Login
      198 |     await page.goto('/login');
    > 199 |     await page.fill('input[name="email"]', TEST_EMAIL);
          |                ^
      200 |     await page.fill('input[name="password"]', TEST_PASSWORD);
      201 |     await page.click('button[type="submit"]');
      202 |     await page.waitForURL('/dashboard');
        at /Users/umasankrudhya/Projects/pinglearn/pinglearn-app/e2e/classroom.spec.ts:199:16

    attachment #1: screenshot (image/png) ──────────────────────────────────────────────────────────
    ../test-results/classroom-Session-Manageme-7ef96-ession-history-on-dashboard-chromium-desktop-retry1/test-failed-1.png
    ────────────────────────────────────────────────────────────────────────────────────────────────

    Error Context: ../test-results/classroom-Session-Manageme-7ef96-ession-history-on-dashboard-chromium-desktop-retry1/error-context.md

    attachment #3: trace (application/zip) ─────────────────────────────────────────────────────────
    ../test-results/classroom-Session-Manageme-7ef96-ession-history-on-dashboard-chromium-desktop-retry1/trace.zip
    Usage:

        npx playwright show-trace ../test-results/classroom-Session-Manageme-7ef96-ession-history-on-dashboard-chromium-desktop-retry1/trace.zip

    ────────────────────────────────────────────────────────────────────────────────────────────────
]]>
</failure>
<system-out>
<![CDATA[
[[ATTACHMENT|../../test-results/classroom-Session-Manageme-7ef96-ession-history-on-dashboard-chromium-desktop/test-failed-1.png]]

[[ATTACHMENT|../../test-results/classroom-Session-Manageme-7ef96-ession-history-on-dashboard-chromium-desktop/error-context.md]]

[[ATTACHMENT|../../test-results/classroom-Session-Manageme-7ef96-ession-history-on-dashboard-chromium-desktop/trace.zip]]

[[ATTACHMENT|../../test-results/classroom-Session-Manageme-7ef96-ession-history-on-dashboard-chromium-desktop-retry1/test-failed-1.png]]

[[ATTACHMENT|../../test-results/classroom-Session-Manageme-7ef96-ession-history-on-dashboard-chromium-desktop-retry1/error-context.md]]

[[ATTACHMENT|../../test-results/classroom-Session-Manageme-7ef96-ession-history-on-dashboard-chromium-desktop-retry1/trace.zip]]
]]>
</system-out>
</testcase>
<testcase name="Session Management › should show quick start widget" classname="classroom.spec.ts" time="23.251">
<failure message="classroom.spec.ts:220:7 should show quick start widget" type="FAILURE">
<![CDATA[  [chromium-desktop] › classroom.spec.ts:220:7 › Session Management › should show quick start widget 

    TimeoutError: page.fill: Timeout 10000ms exceeded.
    Call log:
      - waiting for locator('input[name="email"]')


      221 |     // Login
      222 |     await page.goto('/login');
    > 223 |     await page.fill('input[name="email"]', TEST_EMAIL);
          |                ^
      224 |     await page.fill('input[name="password"]', TEST_PASSWORD);
      225 |     await page.click('button[type="submit"]');
      226 |     await page.waitForURL('/dashboard');
        at /Users/umasankrudhya/Projects/pinglearn/pinglearn-app/e2e/classroom.spec.ts:223:16

    attachment #1: screenshot (image/png) ──────────────────────────────────────────────────────────
    ../test-results/classroom-Session-Management-should-show-quick-start-widget-chromium-desktop/test-failed-1.png
    ────────────────────────────────────────────────────────────────────────────────────────────────

    Error Context: ../test-results/classroom-Session-Management-should-show-quick-start-widget-chromium-desktop/error-context.md

    attachment #3: trace (application/zip) ─────────────────────────────────────────────────────────
    ../test-results/classroom-Session-Management-should-show-quick-start-widget-chromium-desktop/trace.zip
    Usage:

        npx playwright show-trace ../test-results/classroom-Session-Management-should-show-quick-start-widget-chromium-desktop/trace.zip

    ────────────────────────────────────────────────────────────────────────────────────────────────

    Retry #1 ───────────────────────────────────────────────────────────────────────────────────────

    TimeoutError: page.fill: Timeout 10000ms exceeded.
    Call log:
      - waiting for locator('input[name="email"]')


      221 |     // Login
      222 |     await page.goto('/login');
    > 223 |     await page.fill('input[name="email"]', TEST_EMAIL);
          |                ^
      224 |     await page.fill('input[name="password"]', TEST_PASSWORD);
      225 |     await page.click('button[type="submit"]');
      226 |     await page.waitForURL('/dashboard');
        at /Users/umasankrudhya/Projects/pinglearn/pinglearn-app/e2e/classroom.spec.ts:223:16

    attachment #1: screenshot (image/png) ──────────────────────────────────────────────────────────
    ../test-results/classroom-Session-Management-should-show-quick-start-widget-chromium-desktop-retry1/test-failed-1.png
    ────────────────────────────────────────────────────────────────────────────────────────────────

    Error Context: ../test-results/classroom-Session-Management-should-show-quick-start-widget-chromium-desktop-retry1/error-context.md

    attachment #3: trace (application/zip) ─────────────────────────────────────────────────────────
    ../test-results/classroom-Session-Management-should-show-quick-start-widget-chromium-desktop-retry1/trace.zip
    Usage:

        npx playwright show-trace ../test-results/classroom-Session-Management-should-show-quick-start-widget-chromium-desktop-retry1/trace.zip

    ────────────────────────────────────────────────────────────────────────────────────────────────
]]>
</failure>
<system-out>
<![CDATA[
[[ATTACHMENT|../../test-results/classroom-Session-Management-should-show-quick-start-widget-chromium-desktop/test-failed-1.png]]

[[ATTACHMENT|../../test-results/classroom-Session-Management-should-show-quick-start-widget-chromium-desktop/error-context.md]]

[[ATTACHMENT|../../test-results/classroom-Session-Management-should-show-quick-start-widget-chromium-desktop/trace.zip]]

[[ATTACHMENT|../../test-results/classroom-Session-Management-should-show-quick-start-widget-chromium-desktop-retry1/test-failed-1.png]]

[[ATTACHMENT|../../test-results/classroom-Session-Management-should-show-quick-start-widget-chromium-desktop-retry1/error-context.md]]

[[ATTACHMENT|../../test-results/classroom-Session-Management-should-show-quick-start-widget-chromium-desktop-retry1/trace.zip]]
]]>
</system-out>
</testcase>
<testcase name="Session Management › should navigate to classroom from quick start" classname="classroom.spec.ts" time="23.491">
<failure message="classroom.spec.ts:241:7 should navigate to classroom from quick start" type="FAILURE">
<![CDATA[  [chromium-desktop] › classroom.spec.ts:241:7 › Session Management › should navigate to classroom from quick start 

    TimeoutError: page.fill: Timeout 10000ms exceeded.
    Call log:
      - waiting for locator('input[name="email"]')


      242 |     // Login
      243 |     await page.goto('/login');
    > 244 |     await page.fill('input[name="email"]', TEST_EMAIL);
          |                ^
      245 |     await page.fill('input[name="password"]', TEST_PASSWORD);
      246 |     await page.click('button[type="submit"]');
      247 |     await page.waitForURL('/dashboard');
        at /Users/umasankrudhya/Projects/pinglearn/pinglearn-app/e2e/classroom.spec.ts:244:16

    attachment #1: screenshot (image/png) ──────────────────────────────────────────────────────────
    ../test-results/classroom-Session-Manageme-66de9--classroom-from-quick-start-chromium-desktop/test-failed-1.png
    ────────────────────────────────────────────────────────────────────────────────────────────────

    Error Context: ../test-results/classroom-Session-Manageme-66de9--classroom-from-quick-start-chromium-desktop/error-context.md

    attachment #3: trace (application/zip) ─────────────────────────────────────────────────────────
    ../test-results/classroom-Session-Manageme-66de9--classroom-from-quick-start-chromium-desktop/trace.zip
    Usage:

        npx playwright show-trace ../test-results/classroom-Session-Manageme-66de9--classroom-from-quick-start-chromium-desktop/trace.zip

    ────────────────────────────────────────────────────────────────────────────────────────────────

    Retry #1 ───────────────────────────────────────────────────────────────────────────────────────

    TimeoutError: page.fill: Timeout 10000ms exceeded.
    Call log:
      - waiting for locator('input[name="email"]')


      242 |     // Login
      243 |     await page.goto('/login');
    > 244 |     await page.fill('input[name="email"]', TEST_EMAIL);
          |                ^
      245 |     await page.fill('input[name="password"]', TEST_PASSWORD);
      246 |     await page.click('button[type="submit"]');
      247 |     await page.waitForURL('/dashboard');
        at /Users/umasankrudhya/Projects/pinglearn/pinglearn-app/e2e/classroom.spec.ts:244:16

    attachment #1: screenshot (image/png) ──────────────────────────────────────────────────────────
    ../test-results/classroom-Session-Manageme-66de9--classroom-from-quick-start-chromium-desktop-retry1/test-failed-1.png
    ────────────────────────────────────────────────────────────────────────────────────────────────

    Error Context: ../test-results/classroom-Session-Manageme-66de9--classroom-from-quick-start-chromium-desktop-retry1/error-context.md

    attachment #3: trace (application/zip) ─────────────────────────────────────────────────────────
    ../test-results/classroom-Session-Manageme-66de9--classroom-from-quick-start-chromium-desktop-retry1/trace.zip
    Usage:

        npx playwright show-trace ../test-results/classroom-Session-Manageme-66de9--classroom-from-quick-start-chromium-desktop-retry1/trace.zip

    ────────────────────────────────────────────────────────────────────────────────────────────────
]]>
</failure>
<system-out>
<![CDATA[
[[ATTACHMENT|../../test-results/classroom-Session-Manageme-66de9--classroom-from-quick-start-chromium-desktop/test-failed-1.png]]

[[ATTACHMENT|../../test-results/classroom-Session-Manageme-66de9--classroom-from-quick-start-chromium-desktop/error-context.md]]

[[ATTACHMENT|../../test-results/classroom-Session-Manageme-66de9--classroom-from-quick-start-chromium-desktop/trace.zip]]

[[ATTACHMENT|../../test-results/classroom-Session-Manageme-66de9--classroom-from-quick-start-chromium-desktop-retry1/test-failed-1.png]]

[[ATTACHMENT|../../test-results/classroom-Session-Manageme-66de9--classroom-from-quick-start-chromium-desktop-retry1/error-context.md]]

[[ATTACHMENT|../../test-results/classroom-Session-Manageme-66de9--classroom-from-quick-start-chromium-desktop-retry1/trace.zip]]
]]>
</system-out>
</testcase>
<testcase name="Accessibility › classroom page should be accessible" classname="classroom.spec.ts" time="23.285">
<failure message="classroom.spec.ts:258:7 classroom page should be accessible" type="FAILURE">
<![CDATA[  [chromium-desktop] › classroom.spec.ts:258:7 › Accessibility › classroom page should be accessible 

    TimeoutError: page.fill: Timeout 10000ms exceeded.
    Call log:
      - waiting for locator('input[name="email"]')


      259 |     // Login
      260 |     await page.goto('/login');
    > 261 |     await page.fill('input[name="email"]', TEST_EMAIL);
          |                ^
      262 |     await page.fill('input[name="password"]', TEST_PASSWORD);
      263 |     await page.click('button[type="submit"]');
      264 |     await page.waitForURL('/dashboard');
        at /Users/umasankrudhya/Projects/pinglearn/pinglearn-app/e2e/classroom.spec.ts:261:16

    attachment #1: screenshot (image/png) ──────────────────────────────────────────────────────────
    ../test-results/classroom-Accessibility-classroom-page-should-be-accessible-chromium-desktop/test-failed-1.png
    ────────────────────────────────────────────────────────────────────────────────────────────────

    Error Context: ../test-results/classroom-Accessibility-classroom-page-should-be-accessible-chromium-desktop/error-context.md

    attachment #3: trace (application/zip) ─────────────────────────────────────────────────────────
    ../test-results/classroom-Accessibility-classroom-page-should-be-accessible-chromium-desktop/trace.zip
    Usage:

        npx playwright show-trace ../test-results/classroom-Accessibility-classroom-page-should-be-accessible-chromium-desktop/trace.zip

    ────────────────────────────────────────────────────────────────────────────────────────────────

    Retry #1 ───────────────────────────────────────────────────────────────────────────────────────

    TimeoutError: page.fill: Timeout 10000ms exceeded.
    Call log:
      - waiting for locator('input[name="email"]')


      259 |     // Login
      260 |     await page.goto('/login');
    > 261 |     await page.fill('input[name="email"]', TEST_EMAIL);
          |                ^
      262 |     await page.fill('input[name="password"]', TEST_PASSWORD);
      263 |     await page.click('button[type="submit"]');
      264 |     await page.waitForURL('/dashboard');
        at /Users/umasankrudhya/Projects/pinglearn/pinglearn-app/e2e/classroom.spec.ts:261:16

    attachment #1: screenshot (image/png) ──────────────────────────────────────────────────────────
    ../test-results/classroom-Accessibility-classroom-page-should-be-accessible-chromium-desktop-retry1/test-failed-1.png
    ────────────────────────────────────────────────────────────────────────────────────────────────

    Error Context: ../test-results/classroom-Accessibility-classroom-page-should-be-accessible-chromium-desktop-retry1/error-context.md

    attachment #3: trace (application/zip) ─────────────────────────────────────────────────────────
    ../test-results/classroom-Accessibility-classroom-page-should-be-accessible-chromium-desktop-retry1/trace.zip
    Usage:

        npx playwright show-trace ../test-results/classroom-Accessibility-classroom-page-should-be-accessible-chromium-desktop-retry1/trace.zip

    ────────────────────────────────────────────────────────────────────────────────────────────────
]]>
</failure>
<system-out>
<![CDATA[
[[ATTACHMENT|../../test-results/classroom-Accessibility-classroom-page-should-be-accessible-chromium-desktop/test-failed-1.png]]

[[ATTACHMENT|../../test-results/classroom-Accessibility-classroom-page-should-be-accessible-chromium-desktop/error-context.md]]

[[ATTACHMENT|../../test-results/classroom-Accessibility-classroom-page-should-be-accessible-chromium-desktop/trace.zip]]

[[ATTACHMENT|../../test-results/classroom-Accessibility-classroom-page-should-be-accessible-chromium-desktop-retry1/test-failed-1.png]]

[[ATTACHMENT|../../test-results/classroom-Accessibility-classroom-page-should-be-accessible-chromium-desktop-retry1/error-context.md]]

[[ATTACHMENT|../../test-results/classroom-Accessibility-classroom-page-should-be-accessible-chromium-desktop-retry1/trace.zip]]
]]>
</system-out>
</testcase>
<testcase name="Accessibility › should support keyboard shortcuts" classname="classroom.spec.ts" time="23.32">
<failure message="classroom.spec.ts:281:7 should support keyboard shortcuts" type="FAILURE">
<![CDATA[  [chromium-desktop] › classroom.spec.ts:281:7 › Accessibility › should support keyboard shortcuts ─

    TimeoutError: page.fill: Timeout 10000ms exceeded.
    Call log:
      - waiting for locator('input[name="email"]')


      282 |     // Login and navigate to classroom
      283 |     await page.goto('/login');
    > 284 |     await page.fill('input[name="email"]', TEST_EMAIL);
          |                ^
      285 |     await page.fill('input[name="password"]', TEST_PASSWORD);
      286 |     await page.click('button[type="submit"]');
      287 |     await page.waitForURL('/dashboard');
        at /Users/umasankrudhya/Projects/pinglearn/pinglearn-app/e2e/classroom.spec.ts:284:16

    attachment #1: screenshot (image/png) ──────────────────────────────────────────────────────────
    ../test-results/classroom-Accessibility-should-support-keyboard-shortcuts-chromium-desktop/test-failed-1.png
    ────────────────────────────────────────────────────────────────────────────────────────────────

    Error Context: ../test-results/classroom-Accessibility-should-support-keyboard-shortcuts-chromium-desktop/error-context.md

    attachment #3: trace (application/zip) ─────────────────────────────────────────────────────────
    ../test-results/classroom-Accessibility-should-support-keyboard-shortcuts-chromium-desktop/trace.zip
    Usage:

        npx playwright show-trace ../test-results/classroom-Accessibility-should-support-keyboard-shortcuts-chromium-desktop/trace.zip

    ────────────────────────────────────────────────────────────────────────────────────────────────

    Retry #1 ───────────────────────────────────────────────────────────────────────────────────────

    TimeoutError: page.fill: Timeout 10000ms exceeded.
    Call log:
      - waiting for locator('input[name="email"]')


      282 |     // Login and navigate to classroom
      283 |     await page.goto('/login');
    > 284 |     await page.fill('input[name="email"]', TEST_EMAIL);
          |                ^
      285 |     await page.fill('input[name="password"]', TEST_PASSWORD);
      286 |     await page.click('button[type="submit"]');
      287 |     await page.waitForURL('/dashboard');
        at /Users/umasankrudhya/Projects/pinglearn/pinglearn-app/e2e/classroom.spec.ts:284:16

    attachment #1: screenshot (image/png) ──────────────────────────────────────────────────────────
    ../test-results/classroom-Accessibility-should-support-keyboard-shortcuts-chromium-desktop-retry1/test-failed-1.png
    ────────────────────────────────────────────────────────────────────────────────────────────────

    Error Context: ../test-results/classroom-Accessibility-should-support-keyboard-shortcuts-chromium-desktop-retry1/error-context.md

    attachment #3: trace (application/zip) ─────────────────────────────────────────────────────────
    ../test-results/classroom-Accessibility-should-support-keyboard-shortcuts-chromium-desktop-retry1/trace.zip
    Usage:

        npx playwright show-trace ../test-results/classroom-Accessibility-should-support-keyboard-shortcuts-chromium-desktop-retry1/trace.zip

    ────────────────────────────────────────────────────────────────────────────────────────────────
]]>
</failure>
<system-out>
<![CDATA[
[[ATTACHMENT|../../test-results/classroom-Accessibility-should-support-keyboard-shortcuts-chromium-desktop/test-failed-1.png]]

[[ATTACHMENT|../../test-results/classroom-Accessibility-should-support-keyboard-shortcuts-chromium-desktop/error-context.md]]

[[ATTACHMENT|../../test-results/classroom-Accessibility-should-support-keyboard-shortcuts-chromium-desktop/trace.zip]]

[[ATTACHMENT|../../test-results/classroom-Accessibility-should-support-keyboard-shortcuts-chromium-desktop-retry1/test-failed-1.png]]

[[ATTACHMENT|../../test-results/classroom-Accessibility-should-support-keyboard-shortcuts-chromium-desktop-retry1/error-context.md]]

[[ATTACHMENT|../../test-results/classroom-Accessibility-should-support-keyboard-shortcuts-chromium-desktop-retry1/trace.zip]]
]]>
</system-out>
</testcase>
</testsuite>
<testsuite name="comprehensive-e2e-framework.spec.ts" timestamp="2025-10-01T10:20:41.011Z" hostname="chromium-desktop" tests="9" failures="6" skipped="0" time="426.653" errors="0">
<testcase name="TEST-004: Comprehensive E2E Testing Framework › Complete E2E Workflow - Desktop-Chrome" classname="comprehensive-e2e-framework.spec.ts" time="79.045">
<failure message="comprehensive-e2e-framework.spec.ts:768:9 Complete E2E Workflow - Desktop-Chrome" type="FAILURE">
<![CDATA[  [chromium-desktop] › comprehensive-e2e-framework.spec.ts:768:9 › TEST-004: Comprehensive E2E Testing Framework › Complete E2E Workflow - Desktop-Chrome 

    Test timeout of 30000ms exceeded.

    Error: expect(received).toBeGreaterThanOrEqual(expected)

    Expected: >= 70
    Received:    0

      799 |
      800 |       // Assert minimum pass rate
    > 801 |       expect(passRate).toBeGreaterThanOrEqual(70);
          |                        ^
      802 |     });
      803 |   });
      804 |
        at /Users/umasankrudhya/Projects/pinglearn/pinglearn-app/e2e/comprehensive-e2e-framework.spec.ts:801:24

    attachment #1: trace (application/zip) ─────────────────────────────────────────────────────────
    ../test-results/comprehensive-e2e-framewor-d46d0-E-Workflow---Desktop-Chrome-chromium-desktop/trace.zip
    Usage:

        npx playwright show-trace ../test-results/comprehensive-e2e-framewor-d46d0-E-Workflow---Desktop-Chrome-chromium-desktop/trace.zip

    ────────────────────────────────────────────────────────────────────────────────────────────────

    Retry #1 ───────────────────────────────────────────────────────────────────────────────────────

    Test timeout of 30000ms exceeded.

    Error: expect(received).toBeGreaterThanOrEqual(expected)

    Expected: >= 70
    Received:    0

      799 |
      800 |       // Assert minimum pass rate
    > 801 |       expect(passRate).toBeGreaterThanOrEqual(70);
          |                        ^
      802 |     });
      803 |   });
      804 |
        at /Users/umasankrudhya/Projects/pinglearn/pinglearn-app/e2e/comprehensive-e2e-framework.spec.ts:801:24

    Error Context: ../test-results/comprehensive-e2e-framewor-d46d0-E-Workflow---Desktop-Chrome-chromium-desktop-retry1/error-context.md

    attachment #2: trace (application/zip) ─────────────────────────────────────────────────────────
    ../test-results/comprehensive-e2e-framewor-d46d0-E-Workflow---Desktop-Chrome-chromium-desktop-retry1/trace.zip
    Usage:

        npx playwright show-trace ../test-results/comprehensive-e2e-framewor-d46d0-E-Workflow---Desktop-Chrome-chromium-desktop-retry1/trace.zip

    ────────────────────────────────────────────────────────────────────────────────────────────────
]]>
</failure>
<system-out>
<![CDATA[
🚀 Starting Comprehensive E2E Test Suite - Desktop-Chrome
================================================================================
🏠 Testing Landing Page Validation - Desktop-Chrome
❌ Issue: Landing page test failed: TimeoutError: page.waitForLoadState: Timeout 10000ms exceeded.
🔐 Testing Authentication Flow - Desktop-Chrome
❌ Issue: Authentication test failed: Error: page.goto: net::ERR_ABORTED; maybe frame was detached?
Call log:
[2m  - navigating to "http://localhost:3006/login", waiting until "load"[22m

⚠️ Skipping authenticated tests due to auth failure
🧮 Testing Math Rendering - Desktop-Chrome
❌ Issue: Math rendering test failed: Error: page.goto: Test timeout of 30000ms exceeded.
Call log:
[2m  - navigating to "http://localhost:3006/classroom", waiting until "load"[22m

🛡️ Testing Error Recovery Scenarios - Desktop-Chrome
❌ Issue: 404 Page Not Found test failed: Error: page.goto: Target page, context or browser has been closed
❌ Issue: Network Error Simulation test failed: Error: page.route: Target page, context or browser has been closed
❌ Issue: Offline Mode test failed: Error: browserContext.setOffline: Target page, context or browser has been closed
❌ Issue: Error recovery test failed: Error: page.screenshot: Target page, context or browser has been closed
📊 Testing Performance Benchmarks - Desktop-Chrome
❌ Issue: Performance benchmark test failed: Error: page.goto: Target page, context or browser has been closed

📊 Desktop-Chrome Results: 0/5 tests passed (0.0%)

[[ATTACHMENT|../../test-results/comprehensive-e2e-framewor-d46d0-E-Workflow---Desktop-Chrome-chromium-desktop/trace.zip]]

🚀 Starting Comprehensive E2E Test Suite - Desktop-Chrome
================================================================================
🏠 Testing Landing Page Validation - Desktop-Chrome
❌ Issue: Landing page test failed: TimeoutError: page.waitForLoadState: Timeout 10000ms exceeded.
🔐 Testing Authentication Flow - Desktop-Chrome
🔴 Console Error: Auth refresh error: TypeError: Failed to fetch
    at fetchServerAction (http://localhost:3006/_next/static/chunks/node_modules_next_dist_client_cf1d9188._.js:8959:23)
❌ Issue: Authentication test failed: Error: page.waitForLoadState: Test timeout of 30000ms exceeded.
⚠️ Skipping authenticated tests due to auth failure
🧮 Testing Math Rendering - Desktop-Chrome
❌ Issue: Math rendering test failed: Error: page.goto: Target page, context or browser has been closed
🛡️ Testing Error Recovery Scenarios - Desktop-Chrome
❌ Issue: 404 Page Not Found test failed: Error: page.goto: Target page, context or browser has been closed
❌ Issue: Network Error Simulation test failed: Error: page.route: Target page, context or browser has been closed
❌ Issue: Offline Mode test failed: Error: browserContext.setOffline: Target page, context or browser has been closed
❌ Issue: Error recovery test failed: Error: page.screenshot: Target page, context or browser has been closed
📊 Testing Performance Benchmarks - Desktop-Chrome
❌ Issue: Performance benchmark test failed: Error: page.goto: Target page, context or browser has been closed

📊 Desktop-Chrome Results: 0/5 tests passed (0.0%)

[[ATTACHMENT|../../test-results/comprehensive-e2e-framewor-d46d0-E-Workflow---Desktop-Chrome-chromium-desktop-retry1/error-context.md]]

[[ATTACHMENT|../../test-results/comprehensive-e2e-framewor-d46d0-E-Workflow---Desktop-Chrome-chromium-desktop-retry1/trace.zip]]
]]>
</system-out>
</testcase>
<testcase name="TEST-004: Comprehensive E2E Testing Framework › Complete E2E Workflow - Laptop" classname="comprehensive-e2e-framework.spec.ts" time="72.591">
<failure message="comprehensive-e2e-framework.spec.ts:768:9 Complete E2E Workflow - Laptop" type="FAILURE">
<![CDATA[  [chromium-desktop] › comprehensive-e2e-framework.spec.ts:768:9 › TEST-004: Comprehensive E2E Testing Framework › Complete E2E Workflow - Laptop 

    Test timeout of 30000ms exceeded.

    Error: expect(received).toBeGreaterThanOrEqual(expected)

    Expected: >= 70
    Received:    0

      799 |
      800 |       // Assert minimum pass rate
    > 801 |       expect(passRate).toBeGreaterThanOrEqual(70);
          |                        ^
      802 |     });
      803 |   });
      804 |
        at /Users/umasankrudhya/Projects/pinglearn/pinglearn-app/e2e/comprehensive-e2e-framework.spec.ts:801:24

    attachment #1: screenshot (image/png) ──────────────────────────────────────────────────────────
    ../test-results/comprehensive-e2e-framewor-2ba0f-plete-E2E-Workflow---Laptop-chromium-desktop/test-failed-1.png
    ────────────────────────────────────────────────────────────────────────────────────────────────

    Error Context: ../test-results/comprehensive-e2e-framewor-2ba0f-plete-E2E-Workflow---Laptop-chromium-desktop/error-context.md

    attachment #3: trace (application/zip) ─────────────────────────────────────────────────────────
    ../test-results/comprehensive-e2e-framewor-2ba0f-plete-E2E-Workflow---Laptop-chromium-desktop/trace.zip
    Usage:

        npx playwright show-trace ../test-results/comprehensive-e2e-framewor-2ba0f-plete-E2E-Workflow---Laptop-chromium-desktop/trace.zip

    ────────────────────────────────────────────────────────────────────────────────────────────────

    Retry #1 ───────────────────────────────────────────────────────────────────────────────────────

    Test timeout of 30000ms exceeded.

    Error: expect(received).toBeGreaterThanOrEqual(expected)

    Expected: >= 70
    Received:    0

      799 |
      800 |       // Assert minimum pass rate
    > 801 |       expect(passRate).toBeGreaterThanOrEqual(70);
          |                        ^
      802 |     });
      803 |   });
      804 |
        at /Users/umasankrudhya/Projects/pinglearn/pinglearn-app/e2e/comprehensive-e2e-framework.spec.ts:801:24

    Error Context: ../test-results/comprehensive-e2e-framewor-2ba0f-plete-E2E-Workflow---Laptop-chromium-desktop-retry1/error-context.md

    attachment #2: trace (application/zip) ─────────────────────────────────────────────────────────
    ../test-results/comprehensive-e2e-framewor-2ba0f-plete-E2E-Workflow---Laptop-chromium-desktop-retry1/trace.zip
    Usage:

        npx playwright show-trace ../test-results/comprehensive-e2e-framewor-2ba0f-plete-E2E-Workflow---Laptop-chromium-desktop-retry1/trace.zip

    ────────────────────────────────────────────────────────────────────────────────────────────────
]]>
</failure>
<system-out>
<![CDATA[
🚀 Starting Comprehensive E2E Test Suite - Laptop
================================================================================
🏠 Testing Landing Page Validation - Laptop
❌ Issue: Landing page test failed: TimeoutError: page.waitForLoadState: Timeout 10000ms exceeded.
🔐 Testing Authentication Flow - Laptop
🔴 Console Error: Auth refresh error: TypeError: Failed to fetch
    at fetchServerAction (http://localhost:3006/_next/static/chunks/node_modules_next_dist_client_cf1d9188._.js:8959:23)
❌ Issue: Authentication test failed: Error: page.waitForLoadState: Test timeout of 30000ms exceeded.
⚠️ Skipping authenticated tests due to auth failure
🧮 Testing Math Rendering - Laptop
❌ Issue: Math rendering test failed: Error: page.goto: Target page, context or browser has been closed
🛡️ Testing Error Recovery Scenarios - Laptop
❌ Issue: 404 Page Not Found test failed: Error: page.goto: Target page, context or browser has been closed
❌ Issue: Network Error Simulation test failed: Error: page.route: Target page, context or browser has been closed
❌ Issue: Offline Mode test failed: Error: browserContext.setOffline: Target page, context or browser has been closed
❌ Issue: Error recovery test failed: Error: page.screenshot: Target page, context or browser has been closed
📊 Testing Performance Benchmarks - Laptop
❌ Issue: Performance benchmark test failed: Error: page.goto: Target page, context or browser has been closed

📊 Laptop Results: 0/5 tests passed (0.0%)

[[ATTACHMENT|../../test-results/comprehensive-e2e-framewor-2ba0f-plete-E2E-Workflow---Laptop-chromium-desktop/test-failed-1.png]]

[[ATTACHMENT|../../test-results/comprehensive-e2e-framewor-2ba0f-plete-E2E-Workflow---Laptop-chromium-desktop/error-context.md]]

[[ATTACHMENT|../../test-results/comprehensive-e2e-framewor-2ba0f-plete-E2E-Workflow---Laptop-chromium-desktop/trace.zip]]

🚀 Starting Comprehensive E2E Test Suite - Laptop
================================================================================
🏠 Testing Landing Page Validation - Laptop
❌ Issue: Landing page test failed: TimeoutError: page.waitForLoadState: Timeout 10000ms exceeded.
🔐 Testing Authentication Flow - Laptop
🔴 Console Error: Auth refresh error: TypeError: Failed to fetch
    at fetchServerAction (http://localhost:3006/_next/static/chunks/node_modules_next_dist_client_cf1d9188._.js:8959:23)
❌ Issue: Authentication test failed: Error: page.waitForLoadState: Test timeout of 30000ms exceeded.
⚠️ Skipping authenticated tests due to auth failure
🧮 Testing Math Rendering - Laptop
❌ Issue: Math rendering test failed: Error: page.goto: Target page, context or browser has been closed
🛡️ Testing Error Recovery Scenarios - Laptop
❌ Issue: 404 Page Not Found test failed: Error: page.goto: Target page, context or browser has been closed
❌ Issue: Network Error Simulation test failed: Error: page.route: Target page, context or browser has been closed
❌ Issue: Offline Mode test failed: Error: browserContext.setOffline: Target page, context or browser has been closed
❌ Issue: Error recovery test failed: Error: page.screenshot: Target page, context or browser has been closed
📊 Testing Performance Benchmarks - Laptop
❌ Issue: Performance benchmark test failed: Error: page.goto: Target page, context or browser has been closed

📊 Laptop Results: 0/5 tests passed (0.0%)

[[ATTACHMENT|../../test-results/comprehensive-e2e-framewor-2ba0f-plete-E2E-Workflow---Laptop-chromium-desktop-retry1/error-context.md]]

[[ATTACHMENT|../../test-results/comprehensive-e2e-framewor-2ba0f-plete-E2E-Workflow---Laptop-chromium-desktop-retry1/trace.zip]]
]]>
</system-out>
</testcase>
<testcase name="TEST-004: Comprehensive E2E Testing Framework › Complete E2E Workflow - Tablet-Portrait" classname="comprehensive-e2e-framework.spec.ts" time="71.618">
<failure message="comprehensive-e2e-framework.spec.ts:768:9 Complete E2E Workflow - Tablet-Portrait" type="FAILURE">
<![CDATA[  [chromium-desktop] › comprehensive-e2e-framework.spec.ts:768:9 › TEST-004: Comprehensive E2E Testing Framework › Complete E2E Workflow - Tablet-Portrait 

    Test timeout of 30000ms exceeded.

    Error: expect(received).toBeGreaterThanOrEqual(expected)

    Expected: >= 70
    Received:    0

      799 |
      800 |       // Assert minimum pass rate
    > 801 |       expect(passRate).toBeGreaterThanOrEqual(70);
          |                        ^
      802 |     });
      803 |   });
      804 |
        at /Users/umasankrudhya/Projects/pinglearn/pinglearn-app/e2e/comprehensive-e2e-framework.spec.ts:801:24

    attachment #1: screenshot (image/png) ──────────────────────────────────────────────────────────
    ../test-results/comprehensive-e2e-framewor-5238d--Workflow---Tablet-Portrait-chromium-desktop/test-failed-1.png
    ────────────────────────────────────────────────────────────────────────────────────────────────

    Error Context: ../test-results/comprehensive-e2e-framewor-5238d--Workflow---Tablet-Portrait-chromium-desktop/error-context.md

    attachment #3: trace (application/zip) ─────────────────────────────────────────────────────────
    ../test-results/comprehensive-e2e-framewor-5238d--Workflow---Tablet-Portrait-chromium-desktop/trace.zip
    Usage:

        npx playwright show-trace ../test-results/comprehensive-e2e-framewor-5238d--Workflow---Tablet-Portrait-chromium-desktop/trace.zip

    ────────────────────────────────────────────────────────────────────────────────────────────────

    Retry #1 ───────────────────────────────────────────────────────────────────────────────────────

    Test timeout of 30000ms exceeded.

    Error: expect(received).toBeGreaterThanOrEqual(expected)

    Expected: >= 70
    Received:    0

      799 |
      800 |       // Assert minimum pass rate
    > 801 |       expect(passRate).toBeGreaterThanOrEqual(70);
          |                        ^
      802 |     });
      803 |   });
      804 |
        at /Users/umasankrudhya/Projects/pinglearn/pinglearn-app/e2e/comprehensive-e2e-framework.spec.ts:801:24

    Error Context: ../test-results/comprehensive-e2e-framewor-5238d--Workflow---Tablet-Portrait-chromium-desktop-retry1/error-context.md

    attachment #2: trace (application/zip) ─────────────────────────────────────────────────────────
    ../test-results/comprehensive-e2e-framewor-5238d--Workflow---Tablet-Portrait-chromium-desktop-retry1/trace.zip
    Usage:

        npx playwright show-trace ../test-results/comprehensive-e2e-framewor-5238d--Workflow---Tablet-Portrait-chromium-desktop-retry1/trace.zip

    ────────────────────────────────────────────────────────────────────────────────────────────────
]]>
</failure>
<system-out>
<![CDATA[
🚀 Starting Comprehensive E2E Test Suite - Tablet-Portrait
================================================================================
🏠 Testing Landing Page Validation - Tablet-Portrait
❌ Issue: Landing page test failed: TimeoutError: page.waitForLoadState: Timeout 10000ms exceeded.
🔐 Testing Authentication Flow - Tablet-Portrait
🔴 Console Error: Auth refresh error: TypeError: network error
❌ Issue: Authentication test failed: Error: page.waitForLoadState: Test timeout of 30000ms exceeded.
⚠️ Skipping authenticated tests due to auth failure
🧮 Testing Math Rendering - Tablet-Portrait
❌ Issue: Math rendering test failed: Error: page.goto: Target page, context or browser has been closed
🛡️ Testing Error Recovery Scenarios - Tablet-Portrait
❌ Issue: 404 Page Not Found test failed: Error: page.goto: Target page, context or browser has been closed
❌ Issue: Network Error Simulation test failed: Error: page.route: Target page, context or browser has been closed
❌ Issue: Offline Mode test failed: Error: browserContext.setOffline: Target page, context or browser has been closed
❌ Issue: Error recovery test failed: Error: page.screenshot: Target page, context or browser has been closed
📊 Testing Performance Benchmarks - Tablet-Portrait
❌ Issue: Performance benchmark test failed: Error: page.goto: Target page, context or browser has been closed

📊 Tablet-Portrait Results: 0/5 tests passed (0.0%)

[[ATTACHMENT|../../test-results/comprehensive-e2e-framewor-5238d--Workflow---Tablet-Portrait-chromium-desktop/test-failed-1.png]]

[[ATTACHMENT|../../test-results/comprehensive-e2e-framewor-5238d--Workflow---Tablet-Portrait-chromium-desktop/error-context.md]]

[[ATTACHMENT|../../test-results/comprehensive-e2e-framewor-5238d--Workflow---Tablet-Portrait-chromium-desktop/trace.zip]]

🚀 Starting Comprehensive E2E Test Suite - Tablet-Portrait
================================================================================
🏠 Testing Landing Page Validation - Tablet-Portrait
❌ Issue: Landing page test failed: TimeoutError: page.waitForLoadState: Timeout 10000ms exceeded.
🔐 Testing Authentication Flow - Tablet-Portrait
🔴 Console Error: Auth refresh error: TypeError: network error
❌ Issue: Authentication test failed: Error: page.waitForLoadState: Test timeout of 30000ms exceeded.
⚠️ Skipping authenticated tests due to auth failure
🧮 Testing Math Rendering - Tablet-Portrait
❌ Issue: Math rendering test failed: Error: page.goto: Target page, context or browser has been closed
🛡️ Testing Error Recovery Scenarios - Tablet-Portrait
❌ Issue: 404 Page Not Found test failed: Error: page.goto: Target page, context or browser has been closed
❌ Issue: Network Error Simulation test failed: Error: page.route: Target page, context or browser has been closed
❌ Issue: Offline Mode test failed: Error: browserContext.setOffline: Target page, context or browser has been closed
❌ Issue: Error recovery test failed: Error: page.screenshot: Target page, context or browser has been closed
📊 Testing Performance Benchmarks - Tablet-Portrait
❌ Issue: Performance benchmark test failed: Error: page.goto: Target page, context or browser has been closed

📊 Tablet-Portrait Results: 0/5 tests passed (0.0%)

[[ATTACHMENT|../../test-results/comprehensive-e2e-framewor-5238d--Workflow---Tablet-Portrait-chromium-desktop-retry1/error-context.md]]

[[ATTACHMENT|../../test-results/comprehensive-e2e-framewor-5238d--Workflow---Tablet-Portrait-chromium-desktop-retry1/trace.zip]]
]]>
</system-out>
</testcase>
<testcase name="TEST-004: Comprehensive E2E Testing Framework › Complete E2E Workflow - Tablet-Landscape" classname="comprehensive-e2e-framework.spec.ts" time="67.961">
<failure message="comprehensive-e2e-framework.spec.ts:768:9 Complete E2E Workflow - Tablet-Landscape" type="FAILURE">
<![CDATA[  [chromium-desktop] › comprehensive-e2e-framework.spec.ts:768:9 › TEST-004: Comprehensive E2E Testing Framework › Complete E2E Workflow - Tablet-Landscape 

    Test timeout of 30000ms exceeded.

    Error: expect(received).toBeGreaterThanOrEqual(expected)

    Expected: >= 70
    Received:    0

      799 |
      800 |       // Assert minimum pass rate
    > 801 |       expect(passRate).toBeGreaterThanOrEqual(70);
          |                        ^
      802 |     });
      803 |   });
      804 |
        at /Users/umasankrudhya/Projects/pinglearn/pinglearn-app/e2e/comprehensive-e2e-framework.spec.ts:801:24

    attachment #1: screenshot (image/png) ──────────────────────────────────────────────────────────
    ../test-results/comprehensive-e2e-framewor-ed39e-Workflow---Tablet-Landscape-chromium-desktop/test-failed-1.png
    ────────────────────────────────────────────────────────────────────────────────────────────────

    Error Context: ../test-results/comprehensive-e2e-framewor-ed39e-Workflow---Tablet-Landscape-chromium-desktop/error-context.md

    attachment #3: trace (application/zip) ─────────────────────────────────────────────────────────
    ../test-results/comprehensive-e2e-framewor-ed39e-Workflow---Tablet-Landscape-chromium-desktop/trace.zip
    Usage:

        npx playwright show-trace ../test-results/comprehensive-e2e-framewor-ed39e-Workflow---Tablet-Landscape-chromium-desktop/trace.zip

    ────────────────────────────────────────────────────────────────────────────────────────────────

    Retry #1 ───────────────────────────────────────────────────────────────────────────────────────

    Test timeout of 30000ms exceeded.

    Error: expect(received).toBeGreaterThanOrEqual(expected)

    Expected: >= 70
    Received:    0

      799 |
      800 |       // Assert minimum pass rate
    > 801 |       expect(passRate).toBeGreaterThanOrEqual(70);
          |                        ^
      802 |     });
      803 |   });
      804 |
        at /Users/umasankrudhya/Projects/pinglearn/pinglearn-app/e2e/comprehensive-e2e-framework.spec.ts:801:24

    Error Context: ../test-results/comprehensive-e2e-framewor-ed39e-Workflow---Tablet-Landscape-chromium-desktop-retry1/error-context.md

    attachment #2: trace (application/zip) ─────────────────────────────────────────────────────────
    ../test-results/comprehensive-e2e-framewor-ed39e-Workflow---Tablet-Landscape-chromium-desktop-retry1/trace.zip
    Usage:

        npx playwright show-trace ../test-results/comprehensive-e2e-framewor-ed39e-Workflow---Tablet-Landscape-chromium-desktop-retry1/trace.zip

    ────────────────────────────────────────────────────────────────────────────────────────────────
]]>
</failure>
<system-out>
<![CDATA[
🚀 Starting Comprehensive E2E Test Suite - Tablet-Landscape
================================================================================
🏠 Testing Landing Page Validation - Tablet-Landscape
❌ Issue: Landing page test failed: Error: page.waitForLoadState: Test timeout of 30000ms exceeded.
🔐 Testing Authentication Flow - Tablet-Landscape
❌ Issue: Authentication test failed: Error: page.goto: Target page, context or browser has been closed
⚠️ Skipping authenticated tests due to auth failure
🧮 Testing Math Rendering - Tablet-Landscape
❌ Issue: Math rendering test failed: Error: page.goto: Target page, context or browser has been closed
🛡️ Testing Error Recovery Scenarios - Tablet-Landscape
❌ Issue: 404 Page Not Found test failed: Error: page.goto: Target page, context or browser has been closed
❌ Issue: Network Error Simulation test failed: Error: page.route: Target page, context or browser has been closed
❌ Issue: Offline Mode test failed: Error: browserContext.setOffline: Target page, context or browser has been closed
❌ Issue: Error recovery test failed: Error: page.screenshot: Target page, context or browser has been closed
📊 Testing Performance Benchmarks - Tablet-Landscape
❌ Issue: Performance benchmark test failed: Error: page.goto: Target page, context or browser has been closed

📊 Tablet-Landscape Results: 0/5 tests passed (0.0%)

[[ATTACHMENT|../../test-results/comprehensive-e2e-framewor-ed39e-Workflow---Tablet-Landscape-chromium-desktop/test-failed-1.png]]

[[ATTACHMENT|../../test-results/comprehensive-e2e-framewor-ed39e-Workflow---Tablet-Landscape-chromium-desktop/error-context.md]]

[[ATTACHMENT|../../test-results/comprehensive-e2e-framewor-ed39e-Workflow---Tablet-Landscape-chromium-desktop/trace.zip]]

🚀 Starting Comprehensive E2E Test Suite - Tablet-Landscape
================================================================================
🏠 Testing Landing Page Validation - Tablet-Landscape
❌ Issue: Landing page test failed: TimeoutError: page.waitForLoadState: Timeout 10000ms exceeded.
🔐 Testing Authentication Flow - Tablet-Landscape
🔴 Console Error: Auth refresh error: TypeError: network error
❌ Issue: Authentication test failed: Error: page.waitForLoadState: Test timeout of 30000ms exceeded.
⚠️ Skipping authenticated tests due to auth failure
🧮 Testing Math Rendering - Tablet-Landscape
❌ Issue: Math rendering test failed: Error: page.goto: Target page, context or browser has been closed
🛡️ Testing Error Recovery Scenarios - Tablet-Landscape
❌ Issue: 404 Page Not Found test failed: Error: page.goto: Target page, context or browser has been closed
❌ Issue: Network Error Simulation test failed: Error: page.route: Target page, context or browser has been closed
❌ Issue: Offline Mode test failed: Error: browserContext.setOffline: Target page, context or browser has been closed
❌ Issue: Error recovery test failed: Error: page.screenshot: Target page, context or browser has been closed
📊 Testing Performance Benchmarks - Tablet-Landscape
❌ Issue: Performance benchmark test failed: Error: page.goto: Target page, context or browser has been closed

📊 Tablet-Landscape Results: 0/5 tests passed (0.0%)

[[ATTACHMENT|../../test-results/comprehensive-e2e-framewor-ed39e-Workflow---Tablet-Landscape-chromium-desktop-retry1/error-context.md]]

[[ATTACHMENT|../../test-results/comprehensive-e2e-framewor-ed39e-Workflow---Tablet-Landscape-chromium-desktop-retry1/trace.zip]]
]]>
</system-out>
</testcase>
<testcase name="TEST-004: Comprehensive E2E Testing Framework › Complete E2E Workflow - Mobile-Large" classname="comprehensive-e2e-framework.spec.ts" time="60.514">
<failure message="comprehensive-e2e-framework.spec.ts:768:9 Complete E2E Workflow - Mobile-Large" type="FAILURE">
<![CDATA[  [chromium-desktop] › comprehensive-e2e-framework.spec.ts:768:9 › TEST-004: Comprehensive E2E Testing Framework › Complete E2E Workflow - Mobile-Large 

    Test timeout of 30000ms exceeded.

    Error: expect(received).toBeGreaterThanOrEqual(expected)

    Expected: >= 70
    Received:    0

      799 |
      800 |       // Assert minimum pass rate
    > 801 |       expect(passRate).toBeGreaterThanOrEqual(70);
          |                        ^
      802 |     });
      803 |   });
      804 |
        at /Users/umasankrudhya/Projects/pinglearn/pinglearn-app/e2e/comprehensive-e2e-framework.spec.ts:801:24

    attachment #1: screenshot (image/png) ──────────────────────────────────────────────────────────
    ../test-results/comprehensive-e2e-framewor-4d94e-E2E-Workflow---Mobile-Large-chromium-desktop/test-failed-1.png
    ────────────────────────────────────────────────────────────────────────────────────────────────

    Error Context: ../test-results/comprehensive-e2e-framewor-4d94e-E2E-Workflow---Mobile-Large-chromium-desktop/error-context.md

    attachment #3: trace (application/zip) ─────────────────────────────────────────────────────────
    ../test-results/comprehensive-e2e-framewor-4d94e-E2E-Workflow---Mobile-Large-chromium-desktop/trace.zip
    Usage:

        npx playwright show-trace ../test-results/comprehensive-e2e-framewor-4d94e-E2E-Workflow---Mobile-Large-chromium-desktop/trace.zip

    ────────────────────────────────────────────────────────────────────────────────────────────────

    Retry #1 ───────────────────────────────────────────────────────────────────────────────────────

    Test timeout of 30000ms exceeded.

    Error: expect(received).toBeGreaterThanOrEqual(expected)

    Expected: >= 70
    Received:    0

      799 |
      800 |       // Assert minimum pass rate
    > 801 |       expect(passRate).toBeGreaterThanOrEqual(70);
          |                        ^
      802 |     });
      803 |   });
      804 |
        at /Users/umasankrudhya/Projects/pinglearn/pinglearn-app/e2e/comprehensive-e2e-framework.spec.ts:801:24

    attachment #1: screenshot (image/png) ──────────────────────────────────────────────────────────
    ../test-results/comprehensive-e2e-framewor-4d94e-E2E-Workflow---Mobile-Large-chromium-desktop-retry1/test-failed-1.png
    ────────────────────────────────────────────────────────────────────────────────────────────────

    Error Context: ../test-results/comprehensive-e2e-framewor-4d94e-E2E-Workflow---Mobile-Large-chromium-desktop-retry1/error-context.md

    attachment #3: trace (application/zip) ─────────────────────────────────────────────────────────
    ../test-results/comprehensive-e2e-framewor-4d94e-E2E-Workflow---Mobile-Large-chromium-desktop-retry1/trace.zip
    Usage:

        npx playwright show-trace ../test-results/comprehensive-e2e-framewor-4d94e-E2E-Workflow---Mobile-Large-chromium-desktop-retry1/trace.zip

    ────────────────────────────────────────────────────────────────────────────────────────────────
]]>
</failure>
<system-out>
<![CDATA[
🚀 Starting Comprehensive E2E Test Suite - Mobile-Large
================================================================================
🏠 Testing Landing Page Validation - Mobile-Large
❌ Issue: Landing page test failed: Error: page.waitForLoadState: Test timeout of 30000ms exceeded.
🔐 Testing Authentication Flow - Mobile-Large
❌ Issue: Authentication test failed: Error: page.goto: Target page, context or browser has been closed
⚠️ Skipping authenticated tests due to auth failure
🧮 Testing Math Rendering - Mobile-Large
❌ Issue: Math rendering test failed: Error: page.goto: Target page, context or browser has been closed
🛡️ Testing Error Recovery Scenarios - Mobile-Large
❌ Issue: 404 Page Not Found test failed: Error: page.goto: Target page, context or browser has been closed
❌ Issue: Network Error Simulation test failed: Error: page.route: Target page, context or browser has been closed
❌ Issue: Offline Mode test failed: Error: browserContext.setOffline: Target page, context or browser has been closed
❌ Issue: Error recovery test failed: Error: page.screenshot: Target page, context or browser has been closed
📊 Testing Performance Benchmarks - Mobile-Large
❌ Issue: Performance benchmark test failed: Error: page.goto: Target page, context or browser has been closed

📊 Mobile-Large Results: 0/5 tests passed (0.0%)

[[ATTACHMENT|../../test-results/comprehensive-e2e-framewor-4d94e-E2E-Workflow---Mobile-Large-chromium-desktop/test-failed-1.png]]

[[ATTACHMENT|../../test-results/comprehensive-e2e-framewor-4d94e-E2E-Workflow---Mobile-Large-chromium-desktop/error-context.md]]

[[ATTACHMENT|../../test-results/comprehensive-e2e-framewor-4d94e-E2E-Workflow---Mobile-Large-chromium-desktop/trace.zip]]

🚀 Starting Comprehensive E2E Test Suite - Mobile-Large
================================================================================
🏠 Testing Landing Page Validation - Mobile-Large
❌ Issue: Landing page test failed: Error: page.waitForLoadState: Test timeout of 30000ms exceeded.
🔐 Testing Authentication Flow - Mobile-Large
❌ Issue: Authentication test failed: Error: page.goto: Target page, context or browser has been closed
⚠️ Skipping authenticated tests due to auth failure
🧮 Testing Math Rendering - Mobile-Large
❌ Issue: Math rendering test failed: Error: page.goto: Target page, context or browser has been closed
🛡️ Testing Error Recovery Scenarios - Mobile-Large
❌ Issue: 404 Page Not Found test failed: Error: page.goto: Target page, context or browser has been closed
❌ Issue: Network Error Simulation test failed: Error: page.route: Target page, context or browser has been closed
❌ Issue: Offline Mode test failed: Error: browserContext.setOffline: Target page, context or browser has been closed
❌ Issue: Error recovery test failed: Error: page.screenshot: Target page, context or browser has been closed
📊 Testing Performance Benchmarks - Mobile-Large
❌ Issue: Performance benchmark test failed: Error: page.goto: Target page, context or browser has been closed

📊 Mobile-Large Results: 0/5 tests passed (0.0%)

[[ATTACHMENT|../../test-results/comprehensive-e2e-framewor-4d94e-E2E-Workflow---Mobile-Large-chromium-desktop-retry1/test-failed-1.png]]

[[ATTACHMENT|../../test-results/comprehensive-e2e-framewor-4d94e-E2E-Workflow---Mobile-Large-chromium-desktop-retry1/error-context.md]]

[[ATTACHMENT|../../test-results/comprehensive-e2e-framewor-4d94e-E2E-Workflow---Mobile-Large-chromium-desktop-retry1/trace.zip]]
]]>
</system-out>
</testcase>
<testcase name="TEST-004: Comprehensive E2E Testing Framework › Complete E2E Workflow - Mobile-iPhone" classname="comprehensive-e2e-framework.spec.ts" time="60.545">
<failure message="comprehensive-e2e-framework.spec.ts:768:9 Complete E2E Workflow - Mobile-iPhone" type="FAILURE">
<![CDATA[  [chromium-desktop] › comprehensive-e2e-framework.spec.ts:768:9 › TEST-004: Comprehensive E2E Testing Framework › Complete E2E Workflow - Mobile-iPhone 

    Test timeout of 30000ms exceeded.

    Error: expect(received).toBeGreaterThanOrEqual(expected)

    Expected: >= 70
    Received:    0

      799 |
      800 |       // Assert minimum pass rate
    > 801 |       expect(passRate).toBeGreaterThanOrEqual(70);
          |                        ^
      802 |     });
      803 |   });
      804 |
        at /Users/umasankrudhya/Projects/pinglearn/pinglearn-app/e2e/comprehensive-e2e-framework.spec.ts:801:24

    attachment #1: screenshot (image/png) ──────────────────────────────────────────────────────────
    ../test-results/comprehensive-e2e-framewor-fa5b7-2E-Workflow---Mobile-iPhone-chromium-desktop/test-failed-1.png
    ────────────────────────────────────────────────────────────────────────────────────────────────

    Error Context: ../test-results/comprehensive-e2e-framewor-fa5b7-2E-Workflow---Mobile-iPhone-chromium-desktop/error-context.md

    attachment #3: trace (application/zip) ─────────────────────────────────────────────────────────
    ../test-results/comprehensive-e2e-framewor-fa5b7-2E-Workflow---Mobile-iPhone-chromium-desktop/trace.zip
    Usage:

        npx playwright show-trace ../test-results/comprehensive-e2e-framewor-fa5b7-2E-Workflow---Mobile-iPhone-chromium-desktop/trace.zip

    ────────────────────────────────────────────────────────────────────────────────────────────────

    Retry #1 ───────────────────────────────────────────────────────────────────────────────────────

    Test timeout of 30000ms exceeded.

    Error: expect(received).toBeGreaterThanOrEqual(expected)

    Expected: >= 70
    Received:    0

      799 |
      800 |       // Assert minimum pass rate
    > 801 |       expect(passRate).toBeGreaterThanOrEqual(70);
          |                        ^
      802 |     });
      803 |   });
      804 |
        at /Users/umasankrudhya/Projects/pinglearn/pinglearn-app/e2e/comprehensive-e2e-framework.spec.ts:801:24

    attachment #1: screenshot (image/png) ──────────────────────────────────────────────────────────
    ../test-results/comprehensive-e2e-framewor-fa5b7-2E-Workflow---Mobile-iPhone-chromium-desktop-retry1/test-failed-1.png
    ────────────────────────────────────────────────────────────────────────────────────────────────

    Error Context: ../test-results/comprehensive-e2e-framewor-fa5b7-2E-Workflow---Mobile-iPhone-chromium-desktop-retry1/error-context.md

    attachment #3: trace (application/zip) ─────────────────────────────────────────────────────────
    ../test-results/comprehensive-e2e-framewor-fa5b7-2E-Workflow---Mobile-iPhone-chromium-desktop-retry1/trace.zip
    Usage:

        npx playwright show-trace ../test-results/comprehensive-e2e-framewor-fa5b7-2E-Workflow---Mobile-iPhone-chromium-desktop-retry1/trace.zip

    ────────────────────────────────────────────────────────────────────────────────────────────────
]]>
</failure>
<system-out>
<![CDATA[
🚀 Starting Comprehensive E2E Test Suite - Mobile-iPhone
================================================================================
🏠 Testing Landing Page Validation - Mobile-iPhone
❌ Issue: Landing page test failed: Error: page.waitForLoadState: Test timeout of 30000ms exceeded.
🔐 Testing Authentication Flow - Mobile-iPhone
❌ Issue: Authentication test failed: Error: page.goto: Target page, context or browser has been closed
⚠️ Skipping authenticated tests due to auth failure
🧮 Testing Math Rendering - Mobile-iPhone
❌ Issue: Math rendering test failed: Error: page.goto: Target page, context or browser has been closed
🛡️ Testing Error Recovery Scenarios - Mobile-iPhone
❌ Issue: 404 Page Not Found test failed: Error: page.goto: Target page, context or browser has been closed
❌ Issue: Network Error Simulation test failed: Error: page.route: Target page, context or browser has been closed
❌ Issue: Offline Mode test failed: Error: browserContext.setOffline: Target page, context or browser has been closed
❌ Issue: Error recovery test failed: Error: page.screenshot: Target page, context or browser has been closed
📊 Testing Performance Benchmarks - Mobile-iPhone
❌ Issue: Performance benchmark test failed: Error: page.goto: Target page, context or browser has been closed

📊 Mobile-iPhone Results: 0/5 tests passed (0.0%)

[[ATTACHMENT|../../test-results/comprehensive-e2e-framewor-fa5b7-2E-Workflow---Mobile-iPhone-chromium-desktop/test-failed-1.png]]

[[ATTACHMENT|../../test-results/comprehensive-e2e-framewor-fa5b7-2E-Workflow---Mobile-iPhone-chromium-desktop/error-context.md]]

[[ATTACHMENT|../../test-results/comprehensive-e2e-framewor-fa5b7-2E-Workflow---Mobile-iPhone-chromium-desktop/trace.zip]]

🚀 Starting Comprehensive E2E Test Suite - Mobile-iPhone
================================================================================
🏠 Testing Landing Page Validation - Mobile-iPhone
❌ Issue: Landing page test failed: Error: page.waitForLoadState: Test timeout of 30000ms exceeded.
🔐 Testing Authentication Flow - Mobile-iPhone
❌ Issue: Authentication test failed: Error: page.goto: Target page, context or browser has been closed
⚠️ Skipping authenticated tests due to auth failure
🧮 Testing Math Rendering - Mobile-iPhone
❌ Issue: Math rendering test failed: Error: page.goto: Target page, context or browser has been closed
🛡️ Testing Error Recovery Scenarios - Mobile-iPhone
❌ Issue: 404 Page Not Found test failed: Error: page.goto: Target page, context or browser has been closed
❌ Issue: Network Error Simulation test failed: Error: page.route: Target page, context or browser has been closed
❌ Issue: Offline Mode test failed: Error: browserContext.setOffline: Target page, context or browser has been closed
❌ Issue: Error recovery test failed: Error: page.screenshot: Target page, context or browser has been closed
📊 Testing Performance Benchmarks - Mobile-iPhone
❌ Issue: Performance benchmark test failed: Error: page.goto: Target page, context or browser has been closed

📊 Mobile-iPhone Results: 0/5 tests passed (0.0%)

[[ATTACHMENT|../../test-results/comprehensive-e2e-framewor-fa5b7-2E-Workflow---Mobile-iPhone-chromium-desktop-retry1/test-failed-1.png]]

[[ATTACHMENT|../../test-results/comprehensive-e2e-framewor-fa5b7-2E-Workflow---Mobile-iPhone-chromium-desktop-retry1/error-context.md]]

[[ATTACHMENT|../../test-results/comprehensive-e2e-framewor-fa5b7-2E-Workflow---Mobile-iPhone-chromium-desktop-retry1/trace.zip]]
]]>
</system-out>
</testcase>
<testcase name="TEST-004: Comprehensive E2E Testing Framework › Generate Final Report" classname="comprehensive-e2e-framework.spec.ts" time="0.132">
<system-out>
<![CDATA[
📊 Generating Final Comprehensive E2E Report...

📊 Comprehensive report saved to: e2e/test-reports/comprehensive-e2e/comprehensive-e2e-report.md
]]>
</system-out>
</testcase>
<testcase name="Cross-Browser Compatibility › Chromium Baseline Test" classname="comprehensive-e2e-framework.spec.ts" time="1.301">
<system-out>
<![CDATA[🌐 Running Cross-Browser Compatibility Test
✅ Browser: Chromium
]]>
</system-out>
</testcase>
<testcase name="API Integration Testing › Critical API Endpoints" classname="comprehensive-e2e-framework.spec.ts" time="12.946">
<system-out>
<![CDATA[🔌 Testing API Integration...
✅ /api/auth/login: 400
✅ /api/session/start: 400
✅ /api/transcription: 400
❌ /api/livekit/token: Connection failed
]]>
</system-out>
</testcase>
</testsuite>
<testsuite name="critical-path.spec.ts" timestamp="2025-10-01T10:20:41.011Z" hostname="chromium-desktop" tests="5" failures="4" skipped="0" time="166.301" errors="0">
<testcase name="Critical Path E2E Testing › Complete User Journey: Landing → Auth → Dashboard → Classroom → Session" classname="critical-path.spec.ts" time="25.422">
<failure message="critical-path.spec.ts:375:7 Complete User Journey: Landing → Auth → Dashboard → Classroom → Session" type="FAILURE">
<![CDATA[  [chromium-desktop] › critical-path.spec.ts:375:7 › Critical Path E2E Testing › Complete User Journey: Landing → Auth → Dashboard → Classroom → Session 

    TimeoutError: page.waitForLoadState: Timeout 10000ms exceeded.

      66 |   private async checkPageLoad(expectedUrl: string): Promise<void> {
      67 |     const startTime = Date.now();
    > 68 |     await this.page.waitForLoadState('networkidle', { timeout: 10000 });
         |                     ^
      69 |     await expect(this.page).toHaveURL(new RegExp(expectedUrl));
      70 |     this.measurePerformance(`Page Load: ${expectedUrl}`, startTime, PERFORMANCE_THRESHOLDS.pageLoad);
      71 |   }
        at CriticalPathTester.checkPageLoad (/Users/umasankrudhya/Projects/pinglearn/pinglearn-app/e2e/critical-path.spec.ts:68:21)
        at CriticalPathTester.testLandingPage (/Users/umasankrudhya/Projects/pinglearn/pinglearn-app/e2e/critical-path.spec.ts:107:16)
        at /Users/umasankrudhya/Projects/pinglearn/pinglearn-app/e2e/critical-path.spec.ts:380:5

    attachment #1: screenshot (image/png) ──────────────────────────────────────────────────────────
    ../test-results/critical-path-Critical-Pat-2d8bd-board-→-Classroom-→-Session-chromium-desktop/test-failed-1.png
    ────────────────────────────────────────────────────────────────────────────────────────────────

    Error Context: ../test-results/critical-path-Critical-Pat-2d8bd-board-→-Classroom-→-Session-chromium-desktop/error-context.md

    attachment #3: trace (application/zip) ─────────────────────────────────────────────────────────
    ../test-results/critical-path-Critical-Pat-2d8bd-board-→-Classroom-→-Session-chromium-desktop/trace.zip
    Usage:

        npx playwright show-trace ../test-results/critical-path-Critical-Pat-2d8bd-board-→-Classroom-→-Session-chromium-desktop/trace.zip

    ────────────────────────────────────────────────────────────────────────────────────────────────

    Retry #1 ───────────────────────────────────────────────────────────────────────────────────────

    TimeoutError: page.waitForLoadState: Timeout 10000ms exceeded.

      66 |   private async checkPageLoad(expectedUrl: string): Promise<void> {
      67 |     const startTime = Date.now();
    > 68 |     await this.page.waitForLoadState('networkidle', { timeout: 10000 });
         |                     ^
      69 |     await expect(this.page).toHaveURL(new RegExp(expectedUrl));
      70 |     this.measurePerformance(`Page Load: ${expectedUrl}`, startTime, PERFORMANCE_THRESHOLDS.pageLoad);
      71 |   }
        at CriticalPathTester.checkPageLoad (/Users/umasankrudhya/Projects/pinglearn/pinglearn-app/e2e/critical-path.spec.ts:68:21)
        at CriticalPathTester.testLandingPage (/Users/umasankrudhya/Projects/pinglearn/pinglearn-app/e2e/critical-path.spec.ts:107:16)
        at /Users/umasankrudhya/Projects/pinglearn/pinglearn-app/e2e/critical-path.spec.ts:380:5

    attachment #1: screenshot (image/png) ──────────────────────────────────────────────────────────
    ../test-results/critical-path-Critical-Pat-2d8bd-board-→-Classroom-→-Session-chromium-desktop-retry1/test-failed-1.png
    ────────────────────────────────────────────────────────────────────────────────────────────────

    Error Context: ../test-results/critical-path-Critical-Pat-2d8bd-board-→-Classroom-→-Session-chromium-desktop-retry1/error-context.md

    attachment #3: trace (application/zip) ─────────────────────────────────────────────────────────
    ../test-results/critical-path-Critical-Pat-2d8bd-board-→-Classroom-→-Session-chromium-desktop-retry1/trace.zip
    Usage:

        npx playwright show-trace ../test-results/critical-path-Critical-Pat-2d8bd-board-→-Classroom-→-Session-chromium-desktop-retry1/trace.zip

    ────────────────────────────────────────────────────────────────────────────────────────────────
]]>
</failure>
<system-out>
<![CDATA[🚀 Starting Complete Critical Path Test
============================================================
🏠 Testing Landing Page...

[[ATTACHMENT|../../test-results/critical-path-Critical-Pat-2d8bd-board-→-Classroom-→-Session-chromium-desktop/test-failed-1.png]]

[[ATTACHMENT|../../test-results/critical-path-Critical-Pat-2d8bd-board-→-Classroom-→-Session-chromium-desktop/error-context.md]]

[[ATTACHMENT|../../test-results/critical-path-Critical-Pat-2d8bd-board-→-Classroom-→-Session-chromium-desktop/trace.zip]]
🚀 Starting Complete Critical Path Test
============================================================
🏠 Testing Landing Page...

[[ATTACHMENT|../../test-results/critical-path-Critical-Pat-2d8bd-board-→-Classroom-→-Session-chromium-desktop-retry1/test-failed-1.png]]

[[ATTACHMENT|../../test-results/critical-path-Critical-Pat-2d8bd-board-→-Classroom-→-Session-chromium-desktop-retry1/error-context.md]]

[[ATTACHMENT|../../test-results/critical-path-Critical-Pat-2d8bd-board-→-Classroom-→-Session-chromium-desktop-retry1/trace.zip]]
]]>
</system-out>
</testcase>
<testcase name="Critical Path E2E Testing › Performance Benchmarking" classname="critical-path.spec.ts" time="70.81">
<failure message="critical-path.spec.ts:417:7 Performance Benchmarking" type="FAILURE">
<![CDATA[  [chromium-desktop] › critical-path.spec.ts:417:7 › Critical Path E2E Testing › Performance Benchmarking 

    Test timeout of 30000ms exceeded.

    Error: expect(received).toBeGreaterThanOrEqual(expected)

    Expected: >= 70
    Received:    0

      462 |     const passRate = (passedCount / results.length) * 100;
      463 |
    > 464 |     expect(passRate).toBeGreaterThanOrEqual(70);
          |                      ^
      465 |   });
      466 |
      467 |   test('Accessibility Compliance Check', async ({ page }) => {
        at /Users/umasankrudhya/Projects/pinglearn/pinglearn-app/e2e/critical-path.spec.ts:464:22

    Error Context: ../test-results/critical-path-Critical-Pat-80d63-ng-Performance-Benchmarking-chromium-desktop/error-context.md

    attachment #2: trace (application/zip) ─────────────────────────────────────────────────────────
    ../test-results/critical-path-Critical-Pat-80d63-ng-Performance-Benchmarking-chromium-desktop/trace.zip
    Usage:

        npx playwright show-trace ../test-results/critical-path-Critical-Pat-80d63-ng-Performance-Benchmarking-chromium-desktop/trace.zip

    ────────────────────────────────────────────────────────────────────────────────────────────────

    Retry #1 ───────────────────────────────────────────────────────────────────────────────────────

    Test timeout of 30000ms exceeded.

    Error: expect(received).toBeGreaterThanOrEqual(expected)

    Expected: >= 70
    Received:    0

      462 |     const passRate = (passedCount / results.length) * 100;
      463 |
    > 464 |     expect(passRate).toBeGreaterThanOrEqual(70);
          |                      ^
      465 |   });
      466 |
      467 |   test('Accessibility Compliance Check', async ({ page }) => {
        at /Users/umasankrudhya/Projects/pinglearn/pinglearn-app/e2e/critical-path.spec.ts:464:22

    attachment #1: screenshot (image/png) ──────────────────────────────────────────────────────────
    ../test-results/critical-path-Critical-Pat-80d63-ng-Performance-Benchmarking-chromium-desktop-retry1/test-failed-1.png
    ────────────────────────────────────────────────────────────────────────────────────────────────

    Error Context: ../test-results/critical-path-Critical-Pat-80d63-ng-Performance-Benchmarking-chromium-desktop-retry1/error-context.md

    attachment #3: trace (application/zip) ─────────────────────────────────────────────────────────
    ../test-results/critical-path-Critical-Pat-80d63-ng-Performance-Benchmarking-chromium-desktop-retry1/trace.zip
    Usage:

        npx playwright show-trace ../test-results/critical-path-Critical-Pat-80d63-ng-Performance-Benchmarking-chromium-desktop-retry1/trace.zip

    ────────────────────────────────────────────────────────────────────────────────────────────────
]]>
</failure>
<system-out>
<![CDATA[📊 Performance Benchmarking Test
========================================
❌ landingPage: Failed to load
🌐 Network Failed: POST http://localhost:3006/
🌐 Network Failed: POST http://localhost:3006/
🔴 Console Error: Auth refresh error: TypeError: Failed to fetch
    at fetchServerAction (http://localhost:3006/_next/static/chunks/node_modules_next_dist_client_cf1d9188._.js:8959:23)
🌐 Network Failed: POST http://localhost:3006/login
❌ loginPage: Failed to load
🌐 Network Failed: POST http://localhost:3006/login
🔴 Console Error: Auth refresh error: TypeError: network error
❌ classroom: Failed to load
❌ landingPage: -1ms (target: 3000ms)
❌ loginPage: -1ms (target: 3000ms)
❌ dashboard: 0ms (target: 3000ms)
❌ classroom: -1ms (target: 3000ms)

[[ATTACHMENT|../../test-results/critical-path-Critical-Pat-80d63-ng-Performance-Benchmarking-chromium-desktop/error-context.md]]

[[ATTACHMENT|../../test-results/critical-path-Critical-Pat-80d63-ng-Performance-Benchmarking-chromium-desktop/trace.zip]]
📊 Performance Benchmarking Test
========================================
❌ landingPage: Failed to load
🌐 Network Failed: POST http://localhost:3006/
🔴 Console Error: Auth refresh error: TypeError: Failed to fetch
    at fetchServerAction (http://localhost:3006/_next/static/chunks/node_modules_next_dist_client_cf1d9188._.js:8959:23)
🌐 Network Failed: POST http://localhost:3006/login
❌ loginPage: Failed to load
🌐 Network Failed: POST http://localhost:3006/login
❌ classroom: Failed to load
❌ landingPage: -1ms (target: 3000ms)
❌ loginPage: -1ms (target: 3000ms)
❌ dashboard: 0ms (target: 3000ms)
❌ classroom: -1ms (target: 3000ms)

[[ATTACHMENT|../../test-results/critical-path-Critical-Pat-80d63-ng-Performance-Benchmarking-chromium-desktop-retry1/test-failed-1.png]]

[[ATTACHMENT|../../test-results/critical-path-Critical-Pat-80d63-ng-Performance-Benchmarking-chromium-desktop-retry1/error-context.md]]

[[ATTACHMENT|../../test-results/critical-path-Critical-Pat-80d63-ng-Performance-Benchmarking-chromium-desktop-retry1/trace.zip]]
]]>
</system-out>
</testcase>
<testcase name="Critical Path E2E Testing › Accessibility Compliance Check" classname="critical-path.spec.ts" time="68.151">
<failure message="critical-path.spec.ts:467:7 Accessibility Compliance Check" type="FAILURE">
<![CDATA[  [chromium-desktop] › critical-path.spec.ts:467:7 › Critical Path E2E Testing › Accessibility Compliance Check 

    Test timeout of 30000ms exceeded.

    Error Context: ../test-results/critical-path-Critical-Pat-d6fc9-essibility-Compliance-Check-chromium-desktop/error-context.md

    attachment #2: trace (application/zip) ─────────────────────────────────────────────────────────
    ../test-results/critical-path-Critical-Pat-d6fc9-essibility-Compliance-Check-chromium-desktop/trace.zip
    Usage:

        npx playwright show-trace ../test-results/critical-path-Critical-Pat-d6fc9-essibility-Compliance-Check-chromium-desktop/trace.zip

    ────────────────────────────────────────────────────────────────────────────────────────────────

    Retry #1 ───────────────────────────────────────────────────────────────────────────────────────

    Test timeout of 30000ms exceeded.

    attachment #1: screenshot (image/png) ──────────────────────────────────────────────────────────
    ../test-results/critical-path-Critical-Pat-d6fc9-essibility-Compliance-Check-chromium-desktop-retry1/test-failed-1.png
    ────────────────────────────────────────────────────────────────────────────────────────────────

    Error Context: ../test-results/critical-path-Critical-Pat-d6fc9-essibility-Compliance-Check-chromium-desktop-retry1/error-context.md

    attachment #3: trace (application/zip) ─────────────────────────────────────────────────────────
    ../test-results/critical-path-Critical-Pat-d6fc9-essibility-Compliance-Check-chromium-desktop-retry1/trace.zip
    Usage:

        npx playwright show-trace ../test-results/critical-path-Critical-Pat-d6fc9-essibility-Compliance-Check-chromium-desktop-retry1/trace.zip

    ────────────────────────────────────────────────────────────────────────────────────────────────
]]>
</failure>
<system-out>
<![CDATA[♿ Accessibility Compliance Test
===================================

🔍 Testing /:
🌐 Network Failed: POST http://localhost:3006/
  ❌ Failed to test /: TimeoutError: page.waitForLoadState: Timeout 5000ms exceeded.

🔍 Testing /login:
🌐 Network Failed: POST http://localhost:3006/login
  ❌ Failed to test /login: TimeoutError: page.waitForLoadState: Timeout 5000ms exceeded.

🔍 Testing /classroom:
🌐 Network Failed: POST http://localhost:3006/login
🔴 Console Error: Auth refresh error: TypeError: network error
  ❌ Failed to test /classroom: Error: page.waitForLoadState: Test timeout of 30000ms exceeded.

[[ATTACHMENT|../../test-results/critical-path-Critical-Pat-d6fc9-essibility-Compliance-Check-chromium-desktop/error-context.md]]

[[ATTACHMENT|../../test-results/critical-path-Critical-Pat-d6fc9-essibility-Compliance-Check-chromium-desktop/trace.zip]]
♿ Accessibility Compliance Test
===================================

🔍 Testing /:
  ❌ Failed to test /: TimeoutError: page.waitForLoadState: Timeout 5000ms exceeded.

🔍 Testing /login:
🌐 Network Failed: POST http://localhost:3006/
🔴 Console Error: Auth refresh error: TypeError: network error
🌐 Network Failed: POST http://localhost:3006/login
  ❌ Failed to test /login: TimeoutError: page.waitForLoadState: Timeout 5000ms exceeded.

🔍 Testing /classroom:
🌐 Network Failed: POST http://localhost:3006/login
🔴 Console Error: Auth refresh error: TypeError: network error
  ❌ Failed to test /classroom: Error: page.waitForLoadState: Test timeout of 30000ms exceeded.

[[ATTACHMENT|../../test-results/critical-path-Critical-Pat-d6fc9-essibility-Compliance-Check-chromium-desktop-retry1/test-failed-1.png]]

[[ATTACHMENT|../../test-results/critical-path-Critical-Pat-d6fc9-essibility-Compliance-Check-chromium-desktop-retry1/error-context.md]]

[[ATTACHMENT|../../test-results/critical-path-Critical-Pat-d6fc9-essibility-Compliance-Check-chromium-desktop-retry1/trace.zip]]
]]>
</system-out>
</testcase>
<testcase name="Edge Case Testing › Network Resilience" classname="critical-path.spec.ts" time="0.439">
<failure message="critical-path.spec.ts:515:7 Network Resilience" type="FAILURE">
<![CDATA[  [chromium-desktop] › critical-path.spec.ts:515:7 › Edge Case Testing › Network Resilience ────────

    Error: page.goto: net::ERR_INTERNET_DISCONNECTED at http://localhost:3006/
    Call log:
      - navigating to "http://localhost:3006/", waiting until "load"


      518 |     // Test offline behavior
      519 |     await page.context().setOffline(true);
    > 520 |     await page.goto('/');
          |                ^
      521 |
      522 |     const offlineHandling = await page.locator('text=/offline|no connection|network error/i').count() > 0;
      523 |     console.log(`📋 Offline Handling: ${offlineHandling ? '✅' : '❌'}`);
        at /Users/umasankrudhya/Projects/pinglearn/pinglearn-app/e2e/critical-path.spec.ts:520:16

    attachment #1: screenshot (image/png) ──────────────────────────────────────────────────────────
    ../test-results/critical-path-Edge-Case-Testing-Network-Resilience-chromium-desktop/test-failed-1.png
    ────────────────────────────────────────────────────────────────────────────────────────────────

    attachment #2: trace (application/zip) ─────────────────────────────────────────────────────────
    ../test-results/critical-path-Edge-Case-Testing-Network-Resilience-chromium-desktop/trace.zip
    Usage:

        npx playwright show-trace ../test-results/critical-path-Edge-Case-Testing-Network-Resilience-chromium-desktop/trace.zip

    ────────────────────────────────────────────────────────────────────────────────────────────────

    Retry #1 ───────────────────────────────────────────────────────────────────────────────────────

    Error: page.goto: net::ERR_INTERNET_DISCONNECTED at http://localhost:3006/
    Call log:
      - navigating to "http://localhost:3006/", waiting until "load"


      518 |     // Test offline behavior
      519 |     await page.context().setOffline(true);
    > 520 |     await page.goto('/');
          |                ^
      521 |
      522 |     const offlineHandling = await page.locator('text=/offline|no connection|network error/i').count() > 0;
      523 |     console.log(`📋 Offline Handling: ${offlineHandling ? '✅' : '❌'}`);
        at /Users/umasankrudhya/Projects/pinglearn/pinglearn-app/e2e/critical-path.spec.ts:520:16

    attachment #1: screenshot (image/png) ──────────────────────────────────────────────────────────
    ../test-results/critical-path-Edge-Case-Testing-Network-Resilience-chromium-desktop-retry1/test-failed-1.png
    ────────────────────────────────────────────────────────────────────────────────────────────────

    attachment #2: trace (application/zip) ─────────────────────────────────────────────────────────
    ../test-results/critical-path-Edge-Case-Testing-Network-Resilience-chromium-desktop-retry1/trace.zip
    Usage:

        npx playwright show-trace ../test-results/critical-path-Edge-Case-Testing-Network-Resilience-chromium-desktop-retry1/trace.zip

    ────────────────────────────────────────────────────────────────────────────────────────────────
]]>
</failure>
<system-out>
<![CDATA[🌐 Network Resilience Test

[[ATTACHMENT|../../test-results/critical-path-Edge-Case-Testing-Network-Resilience-chromium-desktop/test-failed-1.png]]

[[ATTACHMENT|../../test-results/critical-path-Edge-Case-Testing-Network-Resilience-chromium-desktop/trace.zip]]
🌐 Network Resilience Test

[[ATTACHMENT|../../test-results/critical-path-Edge-Case-Testing-Network-Resilience-chromium-desktop-retry1/test-failed-1.png]]

[[ATTACHMENT|../../test-results/critical-path-Edge-Case-Testing-Network-Resilience-chromium-desktop-retry1/trace.zip]]
]]>
</system-out>
</testcase>
<testcase name="Edge Case Testing › Mobile Responsiveness" classname="critical-path.spec.ts" time="1.479">
<system-out>
<![CDATA[📱 Mobile Responsiveness Test
📋 Mobile Navigation: ✅
📋 Content Overflow: ❌ (16 elements)
]]>
</system-out>
</testcase>
</testsuite>
<testsuite name="error-recovery-resilience.spec.ts" timestamp="2025-10-01T10:20:41.011Z" hostname="chromium-desktop" tests="7" failures="2" skipped="0" time="184.348" errors="0">
<testcase name="Error Recovery and Resilience Testing › Network Failure Scenarios" classname="error-recovery-resilience.spec.ts" time="5.364">
<system-out>
<![CDATA[
🌐 Testing Network Failure Scenarios

🛡️ Testing Complete Offline Mode (CRITICAL)...
  ❌ Complete Offline Mode: Test failed with Error: page.goto: net::ERR_INTERNET_DISCONNECTED at http://localhost:3006/
Call log:
[2m  - navigating to "http://localhost:3006/", waiting until "load"[22m


🛡️ Testing API Endpoint Failures (HIGH)...
  ❌ API Endpoint Failures: Test failed with Error: page.goto: net::ERR_INTERNET_DISCONNECTED at http://localhost:3006/login
Call log:
[2m  - navigating to "http://localhost:3006/login", waiting until "load"[22m


🛡️ Testing Slow Network Response (MEDIUM)...
  ❌ Slow Network Response: Test failed with Error: page.goto: net::ERR_INTERNET_DISCONNECTED at http://localhost:3006/
Call log:
[2m  - navigating to "http://localhost:3006/", waiting until "load"[22m

]]>
</system-out>
</testcase>
<testcase name="Error Recovery and Resilience Testing › Authentication and Authorization Failures" classname="error-recovery-resilience.spec.ts" time="58.141">
<system-out>
<![CDATA[
🔐 Testing Authentication and Authorization Failures

🛡️ Testing Invalid Credentials (HIGH)...
  ❌ Invalid Credentials: Test failed with TimeoutError: page.fill: Timeout 10000ms exceeded.
Call log:
[2m  - waiting for locator('input[name="email"]')[22m


🛡️ Testing Session Expiration (CRITICAL)...
  ❌ Session Expiration: Test failed with Error: page.screenshot: Target page, context or browser has been closed

🛡️ Testing Unauthorized Access (MEDIUM)...
  ❌ Unauthorized Access: Test failed with Error: page.route: Target page, context or browser has been closed

[[ATTACHMENT|../../test-results/error-recovery-resilience--b3ccc--and-Authorization-Failures-chromium-desktop/test-failed-1.png]]

[[ATTACHMENT|../../test-results/error-recovery-resilience--b3ccc--and-Authorization-Failures-chromium-desktop/error-context.md]]

[[ATTACHMENT|../../test-results/error-recovery-resilience--b3ccc--and-Authorization-Failures-chromium-desktop/trace.zip]]

🔐 Testing Authentication and Authorization Failures

🛡️ Testing Invalid Credentials (HIGH)...
  ❌ Invalid Credentials: Test failed with TimeoutError: page.fill: Timeout 10000ms exceeded.
Call log:
[2m  - waiting for locator('input[name="email"]')[22m


🛡️ Testing Session Expiration (CRITICAL)...
  ❌ Session Expiration: Handled=true, Graceful=false, UserFriendly=false, Recoverable=false (4593ms)

🛡️ Testing Unauthorized Access (MEDIUM)...
  ❌ Unauthorized Access: Handled=false, Graceful=false, UserFriendly=false, Recoverable=false (7296ms)
]]>
</system-out>
</testcase>
<testcase name="Error Recovery and Resilience Testing › Resource Loading Failures" classname="error-recovery-resilience.spec.ts" time="29.709">
<system-out>
<![CDATA[
📦 Testing Resource Loading Failures

🛡️ Testing JavaScript Loading Failure (CRITICAL)...
  ❌ JavaScript Loading Failure: Handled=true, Graceful=false, UserFriendly=false, Recoverable=true (6407ms)

🛡️ Testing CSS Loading Failure (MEDIUM)...
  ❌ CSS Loading Failure: Handled=true, Graceful=false, UserFriendly=false, Recoverable=true (3676ms)

🛡️ Testing Image Loading Failure (LOW)...
  ❌ Image Loading Failure: Handled=true, Graceful=false, UserFriendly=false, Recoverable=true (16512ms)
]]>
</system-out>
</testcase>
<testcase name="Error Recovery and Resilience Testing › User Input Validation and Error Handling" classname="error-recovery-resilience.spec.ts" time="60.883">
<failure message="error-recovery-resilience.spec.ts:648:7 User Input Validation and Error Handling" type="FAILURE">
<![CDATA[  [chromium-desktop] › error-recovery-resilience.spec.ts:648:7 › Error Recovery and Resilience Testing › User Input Validation and Error Handling 

    Test timeout of 30000ms exceeded.

    attachment #1: screenshot (image/png) ──────────────────────────────────────────────────────────
    ../test-results/error-recovery-resilience--a0ec9-lidation-and-Error-Handling-chromium-desktop/test-failed-1.png
    ────────────────────────────────────────────────────────────────────────────────────────────────

    Error Context: ../test-results/error-recovery-resilience--a0ec9-lidation-and-Error-Handling-chromium-desktop/error-context.md

    attachment #3: trace (application/zip) ─────────────────────────────────────────────────────────
    ../test-results/error-recovery-resilience--a0ec9-lidation-and-Error-Handling-chromium-desktop/trace.zip
    Usage:

        npx playwright show-trace ../test-results/error-recovery-resilience--a0ec9-lidation-and-Error-Handling-chromium-desktop/trace.zip

    ────────────────────────────────────────────────────────────────────────────────────────────────

    Retry #1 ───────────────────────────────────────────────────────────────────────────────────────

    Test timeout of 30000ms exceeded.

    attachment #1: screenshot (image/png) ──────────────────────────────────────────────────────────
    ../test-results/error-recovery-resilience--a0ec9-lidation-and-Error-Handling-chromium-desktop-retry1/test-failed-1.png
    ────────────────────────────────────────────────────────────────────────────────────────────────

    Error Context: ../test-results/error-recovery-resilience--a0ec9-lidation-and-Error-Handling-chromium-desktop-retry1/error-context.md

    attachment #3: trace (application/zip) ─────────────────────────────────────────────────────────
    ../test-results/error-recovery-resilience--a0ec9-lidation-and-Error-Handling-chromium-desktop-retry1/trace.zip
    Usage:

        npx playwright show-trace ../test-results/error-recovery-resilience--a0ec9-lidation-and-Error-Handling-chromium-desktop-retry1/trace.zip

    ────────────────────────────────────────────────────────────────────────────────────────────────
]]>
</failure>
<system-out>
<![CDATA[
📝 Testing User Input Validation and Error Handling

🛡️ Testing Invalid Email Format (MEDIUM)...
  ❌ Invalid Email Format: Test failed with TypeError: page.blur is not a function

🛡️ Testing Empty Required Fields (MEDIUM)...
  ❌ Empty Required Fields: Handled=false, Graceful=false, UserFriendly=false, Recoverable=false (4479ms)

🛡️ Testing Form Data Loss Prevention (HIGH)...
  ❌ Form Data Loss Prevention: Test failed with Error: page.fill: Test timeout of 30000ms exceeded.
Call log:
[2m  - waiting for locator('input[name="email"]')[22m


[[ATTACHMENT|../../test-results/error-recovery-resilience--a0ec9-lidation-and-Error-Handling-chromium-desktop/test-failed-1.png]]

[[ATTACHMENT|../../test-results/error-recovery-resilience--a0ec9-lidation-and-Error-Handling-chromium-desktop/error-context.md]]

[[ATTACHMENT|../../test-results/error-recovery-resilience--a0ec9-lidation-and-Error-Handling-chromium-desktop/trace.zip]]

📝 Testing User Input Validation and Error Handling

🛡️ Testing Invalid Email Format (MEDIUM)...
  ❌ Invalid Email Format: Test failed with TypeError: page.blur is not a function

🛡️ Testing Empty Required Fields (MEDIUM)...
  ❌ Empty Required Fields: Handled=false, Graceful=false, UserFriendly=false, Recoverable=false (4927ms)

🛡️ Testing Form Data Loss Prevention (HIGH)...
  ❌ Form Data Loss Prevention: Test failed with Error: page.fill: Test timeout of 30000ms exceeded.
Call log:
[2m  - waiting for locator('input[name="email"]')[22m


[[ATTACHMENT|../../test-results/error-recovery-resilience--a0ec9-lidation-and-Error-Handling-chromium-desktop-retry1/test-failed-1.png]]

[[ATTACHMENT|../../test-results/error-recovery-resilience--a0ec9-lidation-and-Error-Handling-chromium-desktop-retry1/error-context.md]]

[[ATTACHMENT|../../test-results/error-recovery-resilience--a0ec9-lidation-and-Error-Handling-chromium-desktop-retry1/trace.zip]]
]]>
</system-out>
</testcase>
<testcase name="Error Recovery and Resilience Testing › Service Integration Failures" classname="error-recovery-resilience.spec.ts" time="12.967">
<system-out>
<![CDATA[
🔌 Testing Service Integration Failures

🛡️ Testing LiveKit Service Unavailable (HIGH)...
  ❌ LiveKit Service Unavailable: Handled=true, Graceful=false, UserFriendly=false, Recoverable=false (9334ms)

🛡️ Testing Transcription Service Failure (MEDIUM)...
  ❌ Transcription Service Failure: Handled=true, Graceful=false, UserFriendly=false, Recoverable=false (2217ms)
]]>
</system-out>
</testcase>
<testcase name="Error Recovery and Resilience Testing › Browser Compatibility and Edge Cases" classname="error-recovery-resilience.spec.ts" time="16.882">
<system-out>
<![CDATA[
🌐 Testing Browser Compatibility and Edge Cases

🛡️ Testing Microphone Permission Denied (HIGH)...
  ❌ Microphone Permission Denied: Handled=true, Graceful=false, UserFriendly=false, Recoverable=false (1619ms)

🛡️ Testing Local Storage Unavailable (MEDIUM)...
  ❌ Local Storage Unavailable: Handled=false, Graceful=false, UserFriendly=false, Recoverable=true (13966ms)
]]>
</system-out>
</testcase>
<testcase name="Error Recovery and Resilience Testing › Generate Error Recovery Report" classname="error-recovery-resilience.spec.ts" time="0.402">
<failure message="error-recovery-resilience.spec.ts:868:7 Generate Error Recovery Report" type="FAILURE">
<![CDATA[  [chromium-desktop] › error-recovery-resilience.spec.ts:868:7 › Error Recovery and Resilience Testing › Generate Error Recovery Report 

    Error: expect(received).toBeGreaterThanOrEqual(expected)

    Expected: >= 60
    Received:    0

      885 |
      886 |     // Application should handle at least 60% of error scenarios gracefully
    > 887 |     expect(handlingRate).toBeGreaterThanOrEqual(60);
          |                          ^
      888 |   });
      889 | });
        at /Users/umasankrudhya/Projects/pinglearn/pinglearn-app/e2e/error-recovery-resilience.spec.ts:887:26

    attachment #1: screenshot (image/png) ──────────────────────────────────────────────────────────
    ../test-results/error-recovery-resilience--a8522-erate-Error-Recovery-Report-chromium-desktop/test-failed-1.png
    ────────────────────────────────────────────────────────────────────────────────────────────────

    attachment #2: trace (application/zip) ─────────────────────────────────────────────────────────
    ../test-results/error-recovery-resilience--a8522-erate-Error-Recovery-Report-chromium-desktop/trace.zip
    Usage:

        npx playwright show-trace ../test-results/error-recovery-resilience--a8522-erate-Error-Recovery-Report-chromium-desktop/trace.zip

    ────────────────────────────────────────────────────────────────────────────────────────────────

    Retry #1 ───────────────────────────────────────────────────────────────────────────────────────

    Error: expect(received).toBeGreaterThanOrEqual(expected)

    Expected: >= 60
    Received:    0

      885 |
      886 |     // Application should handle at least 60% of error scenarios gracefully
    > 887 |     expect(handlingRate).toBeGreaterThanOrEqual(60);
          |                          ^
      888 |   });
      889 | });
        at /Users/umasankrudhya/Projects/pinglearn/pinglearn-app/e2e/error-recovery-resilience.spec.ts:887:26

    attachment #1: screenshot (image/png) ──────────────────────────────────────────────────────────
    ../test-results/error-recovery-resilience--a8522-erate-Error-Recovery-Report-chromium-desktop-retry1/test-failed-1.png
    ────────────────────────────────────────────────────────────────────────────────────────────────

    attachment #2: trace (application/zip) ─────────────────────────────────────────────────────────
    ../test-results/error-recovery-resilience--a8522-erate-Error-Recovery-Report-chromium-desktop-retry1/trace.zip
    Usage:

        npx playwright show-trace ../test-results/error-recovery-resilience--a8522-erate-Error-Recovery-Report-chromium-desktop-retry1/trace.zip

    ────────────────────────────────────────────────────────────────────────────────────────────────
]]>
</failure>
<system-out>
<![CDATA[
📊 Generating Error Recovery Report...

📊 Error recovery report saved to: e2e/test-reports/error-recovery/error-recovery-report.md
✅ Error recovery and resilience testing completed
🛡️ Overall Error Handling: 0.0% (0/0)

[[ATTACHMENT|../../test-results/error-recovery-resilience--a8522-erate-Error-Recovery-Report-chromium-desktop/test-failed-1.png]]

[[ATTACHMENT|../../test-results/error-recovery-resilience--a8522-erate-Error-Recovery-Report-chromium-desktop/trace.zip]]

📊 Generating Error Recovery Report...

📊 Error recovery report saved to: e2e/test-reports/error-recovery/error-recovery-report.md
✅ Error recovery and resilience testing completed
🛡️ Overall Error Handling: 0.0% (0/0)

[[ATTACHMENT|../../test-results/error-recovery-resilience--a8522-erate-Error-Recovery-Report-chromium-desktop-retry1/test-failed-1.png]]

[[ATTACHMENT|../../test-results/error-recovery-resilience--a8522-erate-Error-Recovery-Report-chromium-desktop-retry1/trace.zip]]
]]>
</system-out>
</testcase>
</testsuite>
<testsuite name="livekit-voice-session.spec.ts" timestamp="2025-10-01T10:20:41.011Z" hostname="chromium-desktop" tests="5" failures="4" skipped="0" time="153.687" errors="0">
<testcase name="PC-005 LiveKit Voice Session Integration › should successfully start a voice session" classname="livekit-voice-session.spec.ts" time="52.59">
<failure message="livekit-voice-session.spec.ts:55:7 should successfully start a voice session" type="FAILURE">
<![CDATA[  [chromium-desktop] › livekit-voice-session.spec.ts:55:7 › PC-005 LiveKit Voice Session Integration › should successfully start a voice session 

    Test timeout of 30000ms exceeded.

    Error: page.fill: Test ended.
    Call log:
      - waiting for locator('input[name="email"]')


      65 |
      66 |     // Login
    > 67 |     await page.fill('input[name="email"]', TEST_CREDENTIALS.email);
         |                ^
      68 |     await page.fill('input[name="password"]', TEST_CREDENTIALS.password);
      69 |     await page.click('button[type="submit"]');
      70 |
        at /Users/umasankrudhya/Projects/pinglearn/pinglearn-app/e2e/livekit-voice-session.spec.ts:67:16

    attachment #1: screenshot (image/png) ──────────────────────────────────────────────────────────
    ../test-results/livekit-voice-session-PC-0-c252a-fully-start-a-voice-session-chromium-desktop/test-failed-1.png
    ────────────────────────────────────────────────────────────────────────────────────────────────

    Error Context: ../test-results/livekit-voice-session-PC-0-c252a-fully-start-a-voice-session-chromium-desktop/error-context.md

    attachment #3: trace (application/zip) ─────────────────────────────────────────────────────────
    ../test-results/livekit-voice-session-PC-0-c252a-fully-start-a-voice-session-chromium-desktop/trace.zip
    Usage:

        npx playwright show-trace ../test-results/livekit-voice-session-PC-0-c252a-fully-start-a-voice-session-chromium-desktop/trace.zip

    ────────────────────────────────────────────────────────────────────────────────────────────────

    Retry #1 ───────────────────────────────────────────────────────────────────────────────────────

    TimeoutError: page.fill: Timeout 10000ms exceeded.
    Call log:
      - waiting for locator('input[name="email"]')


      65 |
      66 |     // Login
    > 67 |     await page.fill('input[name="email"]', TEST_CREDENTIALS.email);
         |                ^
      68 |     await page.fill('input[name="password"]', TEST_CREDENTIALS.password);
      69 |     await page.click('button[type="submit"]');
      70 |
        at /Users/umasankrudhya/Projects/pinglearn/pinglearn-app/e2e/livekit-voice-session.spec.ts:67:16

    attachment #1: screenshot (image/png) ──────────────────────────────────────────────────────────
    ../test-results/livekit-voice-session-PC-0-c252a-fully-start-a-voice-session-chromium-desktop-retry1/test-failed-1.png
    ────────────────────────────────────────────────────────────────────────────────────────────────

    Error Context: ../test-results/livekit-voice-session-PC-0-c252a-fully-start-a-voice-session-chromium-desktop-retry1/error-context.md

    attachment #3: trace (application/zip) ─────────────────────────────────────────────────────────
    ../test-results/livekit-voice-session-PC-0-c252a-fully-start-a-voice-session-chromium-desktop-retry1/trace.zip
    Usage:

        npx playwright show-trace ../test-results/livekit-voice-session-PC-0-c252a-fully-start-a-voice-session-chromium-desktop-retry1/trace.zip

    ────────────────────────────────────────────────────────────────────────────────────────────────
]]>
</failure>
<system-out>
<![CDATA[
=== PC-005 Test Summary ===
✅ All PC-005 LiveKit integration tests completed
📸 Screenshots saved to .playwright-mcp/
📊 Check console output for detailed results

[[ATTACHMENT|../../test-results/livekit-voice-session-PC-0-c252a-fully-start-a-voice-session-chromium-desktop/test-failed-1.png]]

[[ATTACHMENT|../../test-results/livekit-voice-session-PC-0-c252a-fully-start-a-voice-session-chromium-desktop/error-context.md]]

[[ATTACHMENT|../../test-results/livekit-voice-session-PC-0-c252a-fully-start-a-voice-session-chromium-desktop/trace.zip]]

=== PC-005 Test Summary ===
✅ All PC-005 LiveKit integration tests completed
📸 Screenshots saved to .playwright-mcp/
📊 Check console output for detailed results

[[ATTACHMENT|../../test-results/livekit-voice-session-PC-0-c252a-fully-start-a-voice-session-chromium-desktop-retry1/test-failed-1.png]]

[[ATTACHMENT|../../test-results/livekit-voice-session-PC-0-c252a-fully-start-a-voice-session-chromium-desktop-retry1/error-context.md]]

[[ATTACHMENT|../../test-results/livekit-voice-session-PC-0-c252a-fully-start-a-voice-session-chromium-desktop-retry1/trace.zip]]
]]>
</system-out>
</testcase>
<testcase name="PC-005 LiveKit Voice Session Integration › should handle API errors gracefully" classname="livekit-voice-session.spec.ts" time="29.123">
<failure message="livekit-voice-session.spec.ts:149:7 should handle API errors gracefully" type="FAILURE">
<![CDATA[  [chromium-desktop] › livekit-voice-session.spec.ts:149:7 › PC-005 LiveKit Voice Session Integration › should handle API errors gracefully 

    TimeoutError: page.fill: Timeout 10000ms exceeded.
    Call log:
      - waiting for locator('input[name="email"]')


      159 |     // Navigate to classroom
      160 |     await page.goto(`${TEST_URL}/login`);
    > 161 |     await page.fill('input[name="email"]', TEST_CREDENTIALS.email);
          |                ^
      162 |     await page.fill('input[name="password"]', TEST_CREDENTIALS.password);
      163 |     await page.click('button[type="submit"]');
      164 |     await page.waitForURL('**/classroom', { timeout: 10000 });
        at /Users/umasankrudhya/Projects/pinglearn/pinglearn-app/e2e/livekit-voice-session.spec.ts:161:16

    attachment #1: screenshot (image/png) ──────────────────────────────────────────────────────────
    ../test-results/livekit-voice-session-PC-0-84f59-andle-API-errors-gracefully-chromium-desktop/test-failed-1.png
    ────────────────────────────────────────────────────────────────────────────────────────────────

    Error Context: ../test-results/livekit-voice-session-PC-0-84f59-andle-API-errors-gracefully-chromium-desktop/error-context.md

    attachment #3: trace (application/zip) ─────────────────────────────────────────────────────────
    ../test-results/livekit-voice-session-PC-0-84f59-andle-API-errors-gracefully-chromium-desktop/trace.zip
    Usage:

        npx playwright show-trace ../test-results/livekit-voice-session-PC-0-84f59-andle-API-errors-gracefully-chromium-desktop/trace.zip

    ────────────────────────────────────────────────────────────────────────────────────────────────

    Retry #1 ───────────────────────────────────────────────────────────────────────────────────────

    TimeoutError: page.fill: Timeout 10000ms exceeded.
    Call log:
      - waiting for locator('input[name="email"]')


      159 |     // Navigate to classroom
      160 |     await page.goto(`${TEST_URL}/login`);
    > 161 |     await page.fill('input[name="email"]', TEST_CREDENTIALS.email);
          |                ^
      162 |     await page.fill('input[name="password"]', TEST_CREDENTIALS.password);
      163 |     await page.click('button[type="submit"]');
      164 |     await page.waitForURL('**/classroom', { timeout: 10000 });
        at /Users/umasankrudhya/Projects/pinglearn/pinglearn-app/e2e/livekit-voice-session.spec.ts:161:16

    attachment #1: screenshot (image/png) ──────────────────────────────────────────────────────────
    ../test-results/livekit-voice-session-PC-0-84f59-andle-API-errors-gracefully-chromium-desktop-retry1/test-failed-1.png
    ────────────────────────────────────────────────────────────────────────────────────────────────

    Error Context: ../test-results/livekit-voice-session-PC-0-84f59-andle-API-errors-gracefully-chromium-desktop-retry1/error-context.md

    attachment #3: trace (application/zip) ─────────────────────────────────────────────────────────
    ../test-results/livekit-voice-session-PC-0-84f59-andle-API-errors-gracefully-chromium-desktop-retry1/trace.zip
    Usage:

        npx playwright show-trace ../test-results/livekit-voice-session-PC-0-84f59-andle-API-errors-gracefully-chromium-desktop-retry1/trace.zip

    ────────────────────────────────────────────────────────────────────────────────────────────────
]]>
</failure>
<system-out>
<![CDATA[
=== PC-005 Test Summary ===
✅ All PC-005 LiveKit integration tests completed
📸 Screenshots saved to .playwright-mcp/
📊 Check console output for detailed results

[[ATTACHMENT|../../test-results/livekit-voice-session-PC-0-84f59-andle-API-errors-gracefully-chromium-desktop/test-failed-1.png]]

[[ATTACHMENT|../../test-results/livekit-voice-session-PC-0-84f59-andle-API-errors-gracefully-chromium-desktop/error-context.md]]

[[ATTACHMENT|../../test-results/livekit-voice-session-PC-0-84f59-andle-API-errors-gracefully-chromium-desktop/trace.zip]]

=== PC-005 Test Summary ===
✅ All PC-005 LiveKit integration tests completed
📸 Screenshots saved to .playwright-mcp/
📊 Check console output for detailed results

[[ATTACHMENT|../../test-results/livekit-voice-session-PC-0-84f59-andle-API-errors-gracefully-chromium-desktop-retry1/test-failed-1.png]]

[[ATTACHMENT|../../test-results/livekit-voice-session-PC-0-84f59-andle-API-errors-gracefully-chromium-desktop-retry1/error-context.md]]

[[ATTACHMENT|../../test-results/livekit-voice-session-PC-0-84f59-andle-API-errors-gracefully-chromium-desktop-retry1/trace.zip]]
]]>
</system-out>
</testcase>
<testcase name="PC-005 LiveKit Voice Session Integration › should send transcriptions to webhook endpoints" classname="livekit-voice-session.spec.ts" time="32.09">
<failure message="livekit-voice-session.spec.ts:186:7 should send transcriptions to webhook endpoints" type="FAILURE">
<![CDATA[  [chromium-desktop] › livekit-voice-session.spec.ts:186:7 › PC-005 LiveKit Voice Session Integration › should send transcriptions to webhook endpoints 

    TimeoutError: page.fill: Timeout 10000ms exceeded.
    Call log:
      - waiting for locator('input[name="email"]')


      195 |     // Navigate to classroom and start session
      196 |     await page.goto(`${TEST_URL}/login`);
    > 197 |     await page.fill('input[name="email"]', TEST_CREDENTIALS.email);
          |                ^
      198 |     await page.fill('input[name="password"]', TEST_CREDENTIALS.password);
      199 |     await page.click('button[type="submit"]');
      200 |     await page.waitForURL('**/classroom', { timeout: 10000 });
        at /Users/umasankrudhya/Projects/pinglearn/pinglearn-app/e2e/livekit-voice-session.spec.ts:197:16

    attachment #1: screenshot (image/png) ──────────────────────────────────────────────────────────
    ../test-results/livekit-voice-session-PC-0-65c72-ptions-to-webhook-endpoints-chromium-desktop/test-failed-1.png
    ────────────────────────────────────────────────────────────────────────────────────────────────

    Error Context: ../test-results/livekit-voice-session-PC-0-65c72-ptions-to-webhook-endpoints-chromium-desktop/error-context.md

    attachment #3: trace (application/zip) ─────────────────────────────────────────────────────────
    ../test-results/livekit-voice-session-PC-0-65c72-ptions-to-webhook-endpoints-chromium-desktop/trace.zip
    Usage:

        npx playwright show-trace ../test-results/livekit-voice-session-PC-0-65c72-ptions-to-webhook-endpoints-chromium-desktop/trace.zip

    ────────────────────────────────────────────────────────────────────────────────────────────────

    Retry #1 ───────────────────────────────────────────────────────────────────────────────────────

    TimeoutError: page.fill: Timeout 10000ms exceeded.
    Call log:
      - waiting for locator('input[name="email"]')


      195 |     // Navigate to classroom and start session
      196 |     await page.goto(`${TEST_URL}/login`);
    > 197 |     await page.fill('input[name="email"]', TEST_CREDENTIALS.email);
          |                ^
      198 |     await page.fill('input[name="password"]', TEST_CREDENTIALS.password);
      199 |     await page.click('button[type="submit"]');
      200 |     await page.waitForURL('**/classroom', { timeout: 10000 });
        at /Users/umasankrudhya/Projects/pinglearn/pinglearn-app/e2e/livekit-voice-session.spec.ts:197:16

    attachment #1: screenshot (image/png) ──────────────────────────────────────────────────────────
    ../test-results/livekit-voice-session-PC-0-65c72-ptions-to-webhook-endpoints-chromium-desktop-retry1/test-failed-1.png
    ────────────────────────────────────────────────────────────────────────────────────────────────

    Error Context: ../test-results/livekit-voice-session-PC-0-65c72-ptions-to-webhook-endpoints-chromium-desktop-retry1/error-context.md

    attachment #3: trace (application/zip) ─────────────────────────────────────────────────────────
    ../test-results/livekit-voice-session-PC-0-65c72-ptions-to-webhook-endpoints-chromium-desktop-retry1/trace.zip
    Usage:

        npx playwright show-trace ../test-results/livekit-voice-session-PC-0-65c72-ptions-to-webhook-endpoints-chromium-desktop-retry1/trace.zip

    ────────────────────────────────────────────────────────────────────────────────────────────────
]]>
</failure>
<system-out>
<![CDATA[
=== PC-005 Test Summary ===
✅ All PC-005 LiveKit integration tests completed
📸 Screenshots saved to .playwright-mcp/
📊 Check console output for detailed results

[[ATTACHMENT|../../test-results/livekit-voice-session-PC-0-65c72-ptions-to-webhook-endpoints-chromium-desktop/test-failed-1.png]]

[[ATTACHMENT|../../test-results/livekit-voice-session-PC-0-65c72-ptions-to-webhook-endpoints-chromium-desktop/error-context.md]]

[[ATTACHMENT|../../test-results/livekit-voice-session-PC-0-65c72-ptions-to-webhook-endpoints-chromium-desktop/trace.zip]]

=== PC-005 Test Summary ===
✅ All PC-005 LiveKit integration tests completed
📸 Screenshots saved to .playwright-mcp/
📊 Check console output for detailed results

[[ATTACHMENT|../../test-results/livekit-voice-session-PC-0-65c72-ptions-to-webhook-endpoints-chromium-desktop-retry1/test-failed-1.png]]

[[ATTACHMENT|../../test-results/livekit-voice-session-PC-0-65c72-ptions-to-webhook-endpoints-chromium-desktop-retry1/error-context.md]]

[[ATTACHMENT|../../test-results/livekit-voice-session-PC-0-65c72-ptions-to-webhook-endpoints-chromium-desktop-retry1/trace.zip]]
]]>
</system-out>
</testcase>
<testcase name="PC-005 LiveKit Voice Session Integration › should display session metrics" classname="livekit-voice-session.spec.ts" time="26.932">
<failure message="livekit-voice-session.spec.ts:227:7 should display session metrics" type="FAILURE">
<![CDATA[  [chromium-desktop] › livekit-voice-session.spec.ts:227:7 › PC-005 LiveKit Voice Session Integration › should display session metrics 

    TimeoutError: page.fill: Timeout 10000ms exceeded.
    Call log:
      - waiting for locator('input[name="email"]')


      228 |     // Navigate to classroom
      229 |     await page.goto(`${TEST_URL}/login`);
    > 230 |     await page.fill('input[name="email"]', TEST_CREDENTIALS.email);
          |                ^
      231 |     await page.fill('input[name="password"]', TEST_CREDENTIALS.password);
      232 |     await page.click('button[type="submit"]');
      233 |     await page.waitForURL('**/classroom', { timeout: 10000 });
        at /Users/umasankrudhya/Projects/pinglearn/pinglearn-app/e2e/livekit-voice-session.spec.ts:230:16

    attachment #1: screenshot (image/png) ──────────────────────────────────────────────────────────
    ../test-results/livekit-voice-session-PC-0-23b1a-uld-display-session-metrics-chromium-desktop/test-failed-1.png
    ────────────────────────────────────────────────────────────────────────────────────────────────

    Error Context: ../test-results/livekit-voice-session-PC-0-23b1a-uld-display-session-metrics-chromium-desktop/error-context.md

    attachment #3: trace (application/zip) ─────────────────────────────────────────────────────────
    ../test-results/livekit-voice-session-PC-0-23b1a-uld-display-session-metrics-chromium-desktop/trace.zip
    Usage:

        npx playwright show-trace ../test-results/livekit-voice-session-PC-0-23b1a-uld-display-session-metrics-chromium-desktop/trace.zip

    ────────────────────────────────────────────────────────────────────────────────────────────────

    Retry #1 ───────────────────────────────────────────────────────────────────────────────────────

    TimeoutError: page.fill: Timeout 10000ms exceeded.
    Call log:
      - waiting for locator('input[name="email"]')


      228 |     // Navigate to classroom
      229 |     await page.goto(`${TEST_URL}/login`);
    > 230 |     await page.fill('input[name="email"]', TEST_CREDENTIALS.email);
          |                ^
      231 |     await page.fill('input[name="password"]', TEST_CREDENTIALS.password);
      232 |     await page.click('button[type="submit"]');
      233 |     await page.waitForURL('**/classroom', { timeout: 10000 });
        at /Users/umasankrudhya/Projects/pinglearn/pinglearn-app/e2e/livekit-voice-session.spec.ts:230:16

    attachment #1: screenshot (image/png) ──────────────────────────────────────────────────────────
    ../test-results/livekit-voice-session-PC-0-23b1a-uld-display-session-metrics-chromium-desktop-retry1/test-failed-1.png
    ────────────────────────────────────────────────────────────────────────────────────────────────

    Error Context: ../test-results/livekit-voice-session-PC-0-23b1a-uld-display-session-metrics-chromium-desktop-retry1/error-context.md

    attachment #3: trace (application/zip) ─────────────────────────────────────────────────────────
    ../test-results/livekit-voice-session-PC-0-23b1a-uld-display-session-metrics-chromium-desktop-retry1/trace.zip
    Usage:

        npx playwright show-trace ../test-results/livekit-voice-session-PC-0-23b1a-uld-display-session-metrics-chromium-desktop-retry1/trace.zip

    ────────────────────────────────────────────────────────────────────────────────────────────────
]]>
</failure>
<system-out>
<![CDATA[
=== PC-005 Test Summary ===
✅ All PC-005 LiveKit integration tests completed
📸 Screenshots saved to .playwright-mcp/
📊 Check console output for detailed results

[[ATTACHMENT|../../test-results/livekit-voice-session-PC-0-23b1a-uld-display-session-metrics-chromium-desktop/test-failed-1.png]]

[[ATTACHMENT|../../test-results/livekit-voice-session-PC-0-23b1a-uld-display-session-metrics-chromium-desktop/error-context.md]]

[[ATTACHMENT|../../test-results/livekit-voice-session-PC-0-23b1a-uld-display-session-metrics-chromium-desktop/trace.zip]]

=== PC-005 Test Summary ===
✅ All PC-005 LiveKit integration tests completed
📸 Screenshots saved to .playwright-mcp/
📊 Check console output for detailed results

[[ATTACHMENT|../../test-results/livekit-voice-session-PC-0-23b1a-uld-display-session-metrics-chromium-desktop-retry1/test-failed-1.png]]

[[ATTACHMENT|../../test-results/livekit-voice-session-PC-0-23b1a-uld-display-session-metrics-chromium-desktop-retry1/error-context.md]]

[[ATTACHMENT|../../test-results/livekit-voice-session-PC-0-23b1a-uld-display-session-metrics-chromium-desktop-retry1/trace.zip]]
]]>
</system-out>
</testcase>
<testcase name="PC-005 LiveKit Voice Session Integration › should verify all PC-005 endpoints are accessible" classname="livekit-voice-session.spec.ts" time="12.952">
<system-out>
<![CDATA[
=== PC-005 Endpoint Verification ===
✅ /api/transcription: 200
❌ /api/session/metrics: 404
   Response: <!DOCTYPE html><html lang="en"><head><meta charSet="utf-8"/><meta name="viewport" content="width=device-width, initial-scale=1"/><link rel="stylesheet" href="/_next/static/chunks/%5Broot-of-the-server%5D__3464d2bf._.css" nonce="fc3a8670-cf3b-4dbd-ba09-48cbe132e041" data-precedence="next_static/chunks/[root-of-the-server]__3464d2bf._.css"/><link rel="preload" as="script" fetchPriority="low" nonce="fc3a8670-cf3b-4dbd-ba09-48cbe132e041" href="/_next/static/chunks/%5Bturbopack%5D_browser_dev_hmr-client_hmr-client_ts_57d40746._.js"/><script src="/_next/static/chunks/node_modules_next_dist_compiled_react-dom_1e674e59._.js" async="" nonce="fc3a8670-cf3b-4dbd-ba09-48cbe132e041"></script><script src="/_next/static/chunks/node_modules_next_dist_compiled_next-devtools_index_a9cb0712.js" async="" nonce="fc3a8670-cf3b-4dbd-ba09-48cbe132e041"></script><script src="/_next/static/chunks/node_modules_next_dist_compiled_5150ccfd._.js" async="" nonce="fc3a8670-cf3b-4dbd-ba09-48cbe132e041"></script><script src="/_next/static/chunks/node_modules_next_dist_client_cf1d9188._.js" async="" nonce="fc3a8670-cf3b-4dbd-ba09-48cbe132e041"></script><script src="/_next/static/chunks/node_modules_next_dist_b0daae9a._.js" async="" nonce="fc3a8670-cf3b-4dbd-ba09-48cbe132e041"></script><script src="/_next/static/chunks/node_modules_%40swc_helpers_cjs_b3dc30d6._.js" async="" nonce="fc3a8670-cf3b-4dbd-ba09-48cbe132e041"></script><script src="/_next/static/chunks/_a0ff3932._.js" async="" nonce="fc3a8670-cf3b-4dbd-ba09-48cbe132e041"></script><script src="/_next/static/chunks/turbopack-_cdba956c._.js" async="" nonce="fc3a8670-cf3b-4dbd-ba09-48cbe132e041"></script><script src="/_next/static/chunks/node_modules_next_dist_8db7fb1f._.js" async="" nonce="fc3a8670-cf3b-4dbd-ba09-48cbe132e041"></script><script src="/_next/static/chunks/src_app_favicon_ico_mjs_243aa161._.js" async="" nonce="fc3a8670-cf3b-4dbd-ba09-48cbe132e041"></script><script src="/_next/static/chunks/node_modules_f93b3494._.js" async="" nonce="fc3a8670-cf3b-4dbd-ba09-48cbe132e041"></script><script src="/_next/static/chunks/src_9119dd34._.js" async="" nonce="fc3a8670-cf3b-4dbd-ba09-48cbe132e041"></script><script src="/_next/static/chunks/src_app_layout_tsx_0a548d63._.js" async="" nonce="fc3a8670-cf3b-4dbd-ba09-48cbe132e041"></script><meta name="robots" content="noindex"/><meta name="next-size-adjust" content=""/><title>404: This page could not be found.</title><script>
              (function() {
                try {
                  const storedTheme = localStorage.getItem('theme');
                  const theme = storedTheme || 'system';

                  let resolved;
                  if (theme === 'system') {
                    resolved = window.matchMedia('(prefers-color-scheme: dark)').matches
                      ? 'dark'
                      : 'light';
                  } else {
                    resolved = theme;
                  }

                  document.documentElement.classList.add(resolved);
                  document.documentElement.style.colorScheme = resolved;
                } catch (e) {
                  // Fallback to dark theme if anything fails
                  document.documentElement.classList.add('dark');
                  document.documentElement.style.colorScheme = 'dark';
                }
              })();
            </script><script src="/_next/static/chunks/node_modules_next_dist_build_polyfills_polyfill-nomodule.js" noModule="" nonce="fc3a8670-cf3b-4dbd-ba09-48cbe132e041"></script></head><body class="inter_5901b7c6-module__ec5Qua__variable font-sans antialiased min-h-screen bg-background text-foreground"><div hidden=""><!--$?--><template id="B:0"></template><!--/$--></div><div style="font-family:system-ui,&quot;Segoe UI&quot;,Roboto,Helvetica,Arial,sans-serif,&quot;Apple Color Emoji&quot;,&quot;Segoe UI Emoji&quot;;height:100vh;text-align:center;display:flex;flex-direction:column;align-items:center;justify-content:center"><div><style>body{color:#000;background:#fff;margin:0}.next-error-h1{border-right:1px solid rgba(0,0,0,.3)}@media (prefers-color-scheme:dark){body{color:#fff;background:#000}.next-error-h1{border-right:1px solid rgba(255,255,255,.3)}}</style><h1 class="next-error-h1" style="display:inline-block;margin:0 20px 0 0;padding:0 23px 0 0;font-size:24px;font-weight:500;vertical-align:top;line-height:49px">404</h1><div style="display:inline-block"><h2 style="font-size:14px;font-weight:400;line-height:49px;margin:0">This page could not be found.</h2></div></div></div><!--$?--><template id="B:1"></template><!--/$--><script nonce="fc3a8670-cf3b-4dbd-ba09-48cbe132e041">requestAnimationFrame(function(){$RT=performance.now()});</script><script src="/_next/static/chunks/%5Bturbopack%5D_browser_dev_hmr-client_hmr-client_ts_57d40746._.js" nonce="fc3a8670-cf3b-4dbd-ba09-48cbe132e041" id="_R_" async=""></script><div hidden id="S:1"></div><script nonce="fc3a8670-cf3b-4dbd-ba09-48cbe132e041">$RB=[];$RV=function(a){$RT=performance.now();for(var b=0;b<a.length;b+=2){var c=a[b],e=a[b+1];null!==e.parentNode&&e.parentNode.removeChild(e);var f=c.parentNode;if(f){var g=c.previousSibling,h=0;do{if(c&&8===c.nodeType){var d=c.data;if("/$"===d||"/&"===d)if(0===h)break;else h--;else"$"!==d&&"$?"!==d&&"$~"!==d&&"$!"!==d&&"&"!==d||h++}d=c.nextSibling;f.removeChild(c);c=d}while(c);for(;e.firstChild;)f.insertBefore(e.firstChild,c);g.data="$";g._reactRetry&&requestAnimationFrame(g._reactRetry)}}a.length=0};
$RC=function(a,b){if(b=document.getElementById(b))(a=document.getElementById(a))?(a.previousSibling.data="$~",$RB.push(a,b),2===$RB.length&&("number"!==typeof $RT?requestAnimationFrame($RV.bind(null,$RB)):(a=performance.now(),setTimeout($RV.bind(null,$RB),2300>a&&2E3<a?2300-a:$RT+300-a)))):b.parentNode.removeChild(b)};$RC("B:1","S:1")</script><title>PingLearn - AI Math Tutor for CBSE Students | Voice-Powered Learning</title><meta name="description" content="Revolutionary AI tutor that helps students excel in Mathematics and Science through voice conversations. CBSE aligned, 24/7 available. Start free trial."/><meta name="author" content="PingLearn"/><link rel="manifest" href="/site.webmanifest"/><meta name="keywords" content="AI math tutor, online tutoring India, CBSE math help, voice AI teacher, personalized learning app, math tuition online, adaptive learning platform, Class 10 math tutor, JEE preparation app, NCERT solutions"/><meta name="creator" content="PingLearn"/><meta name="publisher" content="PingLearn"/><meta name="robots" content="index, follow"/><meta name="googlebot" content="index, follow, max-video-preview:-1, max-image-preview:large, max-snippet:-1"/><meta name="format-detection" content="telephone=no, address=no, email=no"/><meta property="og:title" content="PingLearn - AI Math Tutor for CBSE Students"/><meta property="og:description" content="Revolutionary AI tutor that helps students excel in Mathematics and Science through voice conversations. CBSE aligned, 24/7 available."/><meta property="og:url" content="https://pinglearn.app"/><meta property="og:site_name" content="PingLearn"/><meta property="og:locale" content="en_IN"/><meta property="og:image" content="https://pinglearn.app/og-image.jpg"/><meta property="og:image:width" content="1200"/><meta property="og:image:height" content="630"/><meta property="og:image:alt" content="PingLearn - AI Math Tutor"/><meta property="og:type" content="website"/><meta name="twitter:card" content="summary_large_image"/><meta name="twitter:creator" content="@pinglearn"/><meta name="twitter:title" content="PingLearn - AI Math Tutor for CBSE Students"/><meta name="twitter:description" content="Revolutionary AI tutor that helps students excel in Mathematics and Science through voice conversations."/><meta name="twitter:image" content="https://pinglearn.app/og-image.jpg"/><link rel="shortcut icon" href="/favicon-16x16.png"/><link rel="icon" href="/favicon.ico?favicon.0b3bf435.ico" sizes="256x256" type="image/x-icon"/><link rel="icon" href="/favicon.ico"/><link rel="apple-touch-icon" href="/apple-touch-icon.png"/><script nonce="fc3a8670-cf3b-4dbd-ba09-48cbe132e041">document.querySelectorAll('body link[rel="icon"], body link[rel="apple-touch-icon"]').forEach(el => document.head.appendChild(el))</script><div hidden id="S:0"></div><script nonce="fc3a8670-cf3b-4dbd-ba09-48cbe132e041">$RC("B:0","S:0")</script><script nonce="fc3a8670-cf3b-4dbd-ba09-48cbe132e041">(self.__next_f=self.__next_f||[]).push([0])</script><script nonce="fc3a8670-cf3b-4dbd-ba09-48cbe132e041">self.__next_f.push([1,"5:I[\"[project]/node_modules/next/dist/next-devtools/userspace/app/segment-explorer-node.js [app-client] (ecmascript)\",[\"/_next/static/chunks/node_modules_next_dist_8db7fb1f._.js\",\"/_next/static/chunks/src_app_favicon_ico_mjs_243aa161._.js\"],\"SegmentViewNode\"]\n7:\"$Sreact.fragment\"\n1b:I[\"[project]/src/lib/error-handling/error-boundary.tsx [app-client] (ecmascript)\",[\"/_next/static/chunks/node_modules_f93b3494._.js\",\"/_next/static/chunks/src_9119dd34._.js\",\"/_next/static/chunks/src_app_layout_tsx_0a548d63._.js\"],\"ErrorBoundary\"]\n1d:I[\"[project]/src/contexts/ThemeContext.tsx [app-client] (ecmascript)\",[\"/_next/static/chunks/node_modules_f93b3494._.js\",\"/_next/static/chunks/src_9119dd34._.js\",\"/_next/static/chunks/src_app_layout_tsx_0a548d63._.js\"],\"ThemeProvider\"]\n1f:I[\"[project]/src/lib/auth/auth-provider.tsx [app-client] (ecmascript)\",[\"/_next/static/chunks/node_modules_f93b3494._.js\",\"/_next/static/chunks/src_9119dd34._.js\",\"/_next/static/chunks/src_app_layout_tsx_0a548d63._.js\"],\"AuthProvider\"]\n21:I[\"[project]/node_modules/next/dist/client/components/layout-router.js [app-client] (ecmascript)\",[\"/_next/static/chunks/node_modules_next_dist_8db7fb1f._.js\",\"/_next/static/chunks/src_app_favicon_ico_mjs_243aa161._.js\"],\"default\"]\n23:I[\"[project]/node_modules/next/dist/client/components/render-from-template-context.js [app-client] (ecmascript)\",[\"/_next/static/chunks/node_modules_next_dist_8db7fb1f._.js\",\"/_next/static/chunks/src_app_favicon_ico_mjs_243aa161._.js\"],\"default\"]\n42:I[\"[project]/node_modules/next/dist/lib/framework/boundary-components.js [app-client] (ecmascript)\",[\"/_next/static/chunks/node_modules_next_dist_8db7fb1f._.js\",\"/_next/static/chunks/src_app_favicon_ico_mjs_243aa161._.js\"],\"OutletBoundary\"]\n49:I[\"[project]/node_modules/next/dist/client/components/metadata/async-metadata.js [app-client] (ecmascript)\",[\"/_next/static/chunks/node_modules_next_dist_8db7fb1f._.js\",\"/_next/static/chunks/src_app_favicon_ico_mjs_243aa161._.js\"],\"AsyncMetadataOutlet\"]\n52:I[\"[project]/node_modules/next/dist/lib/framework"])</script><script nonce="fc3a8670-cf3b-4dbd-ba09-48cbe132e041">self.__next_f.push([1,"/boundary-components.js [app-client] (ecmascript)\",[\"/_next/static/chunks/node_modules_next_dist_8db7fb1f._.js\",\"/_next/static/chunks/src_app_favicon_ico_mjs_243aa161._.js\"],\"ViewportBoundary\"]\n59:I[\"[project]/node_modules/next/dist/lib/framework/boundary-components.js [app-client] (ecmascript)\",[\"/_next/static/chunks/node_modules_next_dist_8db7fb1f._.js\",\"/_next/static/chunks/src_app_favicon_ico_mjs_243aa161._.js\"],\"MetadataBoundary\"]\n5e:\"$Sreact.suspense\"\n62:I[\"[project]/node_modules/next/dist/client/components/builtin/global-error.js [app-client] (ecmascript)\",[\"/_next/static/chunks/node_modules_next_dist_8db7fb1f._.js\",\"/_next/static/chunks/src_app_favicon_ico_mjs_243aa161._.js\"],\"default\"]\n83:I[\"[project]/node_modules/next/dist/lib/metadata/generate/icon-mark.js [app-client] (ecmascript)\",[\"/_next/static/chunks/node_modules_next_dist_8db7fb1f._.js\",\"/_next/static/chunks/src_app_favicon_ico_mjs_243aa161._.js\"],\"IconMark\"]\n:HL[\"/_next/static/chunks/%5Broot-of-the-server%5D__3464d2bf._.css\",\"style\",{\"nonce\":\"fc3a8670-cf3b-4dbd-ba09-48cbe132e041\"}]\n:N1759314250322.657\n3:\"$EObject.defineProperty(()=\u003e{ctx.componentMod.preloadStyle(fullHref,ctx.renderOpts.crossOrigin,ctx.nonce)},\\\"name\\\",{value:\\\"\\\"})\"\n2:{\"name\":\"Preloads\",\"key\":null,\"env\":\"Server\",\"stack\":[],\"props\":{\"preloadCallbacks\":[\"$3\"]}}\n4:[]\n6:[]\n8:[[\"Array.map\",\"\",0,0,0,0,false]]\n9:[[\"Array.map\",\"\",0,0,0,0,false]]\na:[[\"Array.map\",\"\",0,0,0,0,false]]\nb:[[\"Array.map\",\"\",0,0,0,0,false]]\ne:I[\"[project]/node_modules/next/dist/client/components/layout-router.js [app-client] (ecmascript)\",[\"/_next/static/chunks/node_modules_next_dist_8db7fb1f._.js\",\"/_next/static/chunks/src_app_favicon_ico_mjs_243aa161._.js\"],\"default\"]\n11:I[\"[project]/node_modules/next/dist/client/components/render-from-template-context.js [app-client] (ecmascript)\",[\"/_next/static/chunks/node_modules_next_dist_8db7fb1f._.js\",\"/_next/static/chunks/src_app_favicon_ico_mjs_243aa161._.js\"],\"default\"]\n12:{}\n13:[[\"Function.all\",\"\",0,0,0,0,true]]\n10:{\"children\":[\"$\",\"$L11\",null,\"$12\",null,\"$13\",1]}\n14"])</script><script nonce="fc3a8670-cf3b-4dbd-ba09-48cbe132e041">self.__next_f.push([1,":[[\"Function.all\",\"\",0,0,0,0,true]]\nf:{\"parallelRouterKey\":\"children\",\"error\":\"$undefined\",\"errorStyles\":\"$undefined\",\"errorScripts\":\"$undefined\",\"template\":[\"$\",\"$7\",null,\"$10\",null,\"$14\",0],\"templateStyles\":\"$undefined\",\"templateScripts\":\"$undefined\",\"notFound\":\"$Y\",\"forbidden\":\"$undefined\",\"unauthorized\":\"$undefined\",\"segmentViewBoundaries\":\"$Y\"}\n15:[[\"Function.all\",\"\",0,0,0,0,true]]\nd:{\"name\":\"RootLayout\",\"key\":null,\"env\":\"Server\",\"stack\":[],\"props\":{\"children\":[\"$\",\"$Le\",null,\"$f\",null,\"$15\",1],\"params\":\"$Y\"}}\n16:[[\"RootLayout\",\"/Users/umasankrudhya/Projects/pinglearn/pinglearn-app/.next/server/chunks/ssr/[root-of-the-server]__c803b373._.js\",293,263,292,1,false]]\n17:[[\"RootLayout\",\"/Users/umasankrudhya/Projects/pinglearn/pinglearn-app/.next/server/chunks/ssr/[root-of-the-server]__c803b373._.js\",297,264,292,1,false]]\n18:[[\"RootLayout\",\"/Users/umasankrudhya/Projects/pinglearn/pinglearn-app/.next/server/chunks/ssr/[root-of-the-server]__c803b373._.js\",298,278,292,1,false]]\n19:[[\"RootLayout\",\"/Users/umasankrudhya/Projects/pinglearn/pinglearn-app/.next/server/chunks/ssr/[root-of-the-server]__c803b373._.js\",335,264,292,1,false]]\n1a:[[\"RootLayout\",\"/Users/umasankrudhya/Projects/pinglearn/pinglearn-app/.next/server/chunks/ssr/[root-of-the-server]__c803b373._.js\",337,278,292,1,false]]\n1c:[[\"RootLayout\",\"/Users/umasankrudhya/Projects/pinglearn/pinglearn-app/.next/server/chunks/ssr/[root-of-the-server]__c803b373._.js\",338,282,292,1,false]]\n1e:[[\"RootLayout\",\"/Users/umasankrudhya/Projects/pinglearn/pinglearn-app/.next/server/chunks/ssr/[root-of-the-server]__c803b373._.js\",339,286,292,1,false]]\n20:[[\"Function.all\",\"\",0,0,0,0,true]]\n22:[[\"Function.all\",\"\",0,0,0,0,true]]\n24:[]\n26:{\"name\":\"NotFound\",\"key\":null,\"env\":\"Server\",\"stack\":[],\"props\":{}}\n27:{\"name\":\"HTTPAccessErrorFallback\",\"key\":null,\"env\":\"Server\",\"owner\":\"$26\",\"stack\":[],\"props\":{\"status\":404,\"message\":\"This page could not be found.\"}}\n28:[]\n29:[]\n2a:[]\n2b:[]\n2c:[]\n2d:[]\n2e:[]\n2f:[[\"Function.all\",\"\",0,0,0,0,true]]\n30:[[\"Function.all\",\"\",0,0,0,0,true]]\n31:[[\"Func"])</script><script nonce="fc3a8670-cf3b-4dbd-ba09-48cbe132e041">self.__next_f.push([1,"tion.all\",\"\",0,0,0,0,true],[\"Function.all\",\"\",0,0,0,0,true]]\n32:[[\"Function.all\",\"\",0,0,0,0,true],[\"Function.all\",\"\",0,0,0,0,true]]\n33:[[\"Function.all\",\"\",0,0,0,0,true],[\"Function.all\",\"\",0,0,0,0,true]]\n34:[[\"Function.all\",\"\",0,0,0,0,true],[\"Function.all\",\"\",0,0,0,0,true]]\n36:{\"name\":\"NotFound\",\"key\":null,\"env\":\"Server\",\"stack\":[[\"Function.all\",\"\",0,0,0,0,true],[\"Function.all\",\"\",0,0,0,0,true]],\"props\":{\"params\":\"$@37\",\"searchParams\":\"$@38\"}}\n39:{\"name\":\"HTTPAccessErrorFallback\",\"key\":null,\"env\":\"Server\",\"owner\":\"$36\",\"stack\":[],\"props\":{\"status\":404,\"message\":\"This page could not be found.\"}}\n3a:[]\n3b:[]\n3c:[]\n3d:[]\n3e:[]\n3f:[]\n40:[]\n41:[[\"Function.all\",\"\",0,0,0,0,true],[\"Function.all\",\"\",0,0,0,0,true]]\n45:\"$EObject.defineProperty(async function getViewportReady() {\\n        await viewport();\\n        return undefined;\\n    },\\\"name\\\",{value:\\\"getViewportReady\\\"})\"\n44:{\"name\":\"__next_outlet_boundary__\",\"key\":null,\"env\":\"Server\",\"stack\":[[\"Function.all\",\"\",0,0,0,0,true],[\"Function.all\",\"\",0,0,0,0,true]],\"props\":{\"ready\":\"$45\"}}\n47:{\"name\":\"StreamingMetadataOutletImpl\",\"key\":null,\"env\":\"Server\",\"stack\":[[\"Function.all\",\"\",0,0,0,0,true],[\"Function.all\",\"\",0,0,0,0,true]],\"props\":{}}\n48:[]\n4b:[]\n4d:{\"name\":\"NonIndex\",\"key\":null,\"env\":\"Server\",\"stack\":[],\"props\":{\"pagePath\":\"/_not-found\",\"statusCode\":404,\"isPossibleServerAction\":false}}\n4e:[]\n50:{\"name\":\"ViewportTree\",\"key\":null,\"env\":\"Server\",\"stack\":[],\"props\":{}}\n51:[]\n54:{\"name\":\"__next_viewport_boundary__\",\"key\":null,\"env\":\"Server\",\"owner\":\"$50\",\"stack\":[],\"props\":{}}\n55:[]\n57:{\"name\":\"MetadataTree\",\"key\":null,\"env\":\"Server\",\"stack\":[],\"props\":{}}\n58:[]\n5b:{\"name\":\"__next_metadata_boundary__\",\"key\":null,\"env\":\"Server\",\"owner\":\"$57\",\"stack\":[],\"props\":{}}\n5c:[]\n5d:[]\n60:{\"name\":\"MetadataResolver\",\"key\":null,\"env\":\"Server\",\"owner\":\"$5b\",\"stack\":[],\"props\":{}}\n37:{}\n38:\n63:[]\n64:[]\n65:[]\n66:[]\n67:[[\"Array.map\",\"\",0,0,0,0,false]]\n68:[]\n69:[]\n6a:[]\n6b:[]\n6c:[]\n6d:[]\n6e:[]\n6f:[]\n70:[]\n71:[]\n72:[]\n73:[]\n74:[[\"Array.map\",\"\",0,0,0,0,false],[\"Array.map\",\"\",0,0,0,0,false]]\n"])</script><script nonce="fc3a8670-cf3b-4dbd-ba09-48cbe132e041">self.__next_f.push([1,"75:[[\"Array.map\",\"\",0,0,0,0,false],[\"Array.map\",\"\",0,0,0,0,false]]\n76:[[\"Array.map\",\"\",0,0,0,0,false],[\"Array.map\",\"\",0,0,0,0,false]]\n77:[[\"Array.map\",\"\",0,0,0,0,false],[\"Array.map\",\"\",0,0,0,0,false]]\n78:[]\n79:[]\n7a:[]\n7b:[]\n7c:[]\n7d:[[\"Array.map\",\"\",0,0,0,0,false],[\"Array.map\",\"\",0,0,0,0,false]]\n7e:[[\"Array.map\",\"\",0,0,0,0,false]]\n7f:[[\"Array.map\",\"\",0,0,0,0,false]]\n80:[[\"Array.map\",\"\",0,0,0,0,false]]\n81:[[\"Array.map\",\"\",0,0,0,0,false]]\n82:[]\n1:D\"$2\"\n1:null\nc:D\"$d\"\n25:D\"$26\"\n25:D\"$27\"\n"])</script><script nonce="fc3a8670-cf3b-4dbd-ba09-48cbe132e041">self.__next_f.push([1,"25:[[\"$\",\"title\",null,{\"children\":\"404: This page could not be found.\"},\"$27\",\"$28\",1],[\"$\",\"div\",null,{\"style\":{\"fontFamily\":\"system-ui,\\\"Segoe UI\\\",Roboto,Helvetica,Arial,sans-serif,\\\"Apple Color Emoji\\\",\\\"Segoe UI Emoji\\\"\",\"height\":\"100vh\",\"textAlign\":\"center\",\"display\":\"flex\",\"flexDirection\":\"column\",\"alignItems\":\"center\",\"justifyContent\":\"center\"},\"children\":[\"$\",\"div\",null,{\"children\":[[\"$\",\"style\",null,{\"dangerouslySetInnerHTML\":{\"__html\":\"body{color:#000;background:#fff;margin:0}.next-error-h1{border-right:1px solid rgba(0,0,0,.3)}@media (prefers-color-scheme:dark){body{color:#fff;background:#000}.next-error-h1{border-right:1px solid rgba(255,255,255,.3)}}\"}},\"$27\",\"$2b\",1],[\"$\",\"h1\",null,{\"className\":\"next-error-h1\",\"style\":{\"display\":\"inline-block\",\"margin\":\"0 20px 0 0\",\"padding\":\"0 23px 0 0\",\"fontSize\":24,\"fontWeight\":500,\"verticalAlign\":\"top\",\"lineHeight\":\"49px\"},\"children\":404},\"$27\",\"$2c\",1],[\"$\",\"div\",null,{\"style\":{\"display\":\"inline-block\"},\"children\":[\"$\",\"h2\",null,{\"style\":{\"fontSize\":14,\"fontWeight\":400,\"lineHeight\":\"49px\",\"margin\":0},\"children\":\"This page could not be found.\"},\"$27\",\"$2e\",1]},\"$27\",\"$2d\",1]]},\"$27\",\"$2a\",1]},\"$27\",\"$29\",1]]\n"])</script><script nonce="fc3a8670-cf3b-4dbd-ba09-48cbe132e041">self.__next_f.push([1,"c:[\"$\",\"html\",null,{\"lang\":\"en\",\"suppressHydrationWarning\":true,\"children\":[[\"$\",\"head\",null,{\"children\":[\"$\",\"script\",null,{\"dangerouslySetInnerHTML\":{\"__html\":\"\\n              (function() {\\n                try {\\n                  const storedTheme = localStorage.getItem('theme');\\n                  const theme = storedTheme || 'system';\\n\\n                  let resolved;\\n                  if (theme === 'system') {\\n                    resolved = window.matchMedia('(prefers-color-scheme: dark)').matches\\n                      ? 'dark'\\n                      : 'light';\\n                  } else {\\n                    resolved = theme;\\n                  }\\n\\n                  document.documentElement.classList.add(resolved);\\n                  document.documentElement.style.colorScheme = resolved;\\n                } catch (e) {\\n                  // Fallback to dark theme if anything fails\\n                  document.documentElement.classList.add('dark');\\n                  document.documentElement.style.colorScheme = 'dark';\\n                }\\n              })();\\n            \"}},\"$d\",\"$18\",1]},\"$d\",\"$17\",1],[\"$\",\"body\",null,{\"className\":\"inter_5901b7c6-module__ec5Qua__variable font-sans antialiased min-h-screen bg-background text-foreground\",\"children\":[\"$\",\"$L1b\",null,{\"children\":[\"$\",\"$L1d\",null,{\"children\":[\"$\",\"$L1f\",null,{\"children\":[\"$\",\"$L21\",null,{\"parallelRouterKey\":\"children\",\"error\":\"$undefined\",\"errorStyles\":\"$undefined\",\"errorScripts\":\"$undefined\",\"template\":[\"$\",\"$L23\",null,{},null,\"$22\",1],\"templateStyles\":\"$undefined\",\"templateScripts\":\"$undefined\",\"notFound\":[\"$\",\"$L5\",\"c-not-found\",{\"type\":\"not-found\",\"pagePath\":\"__next_builtin__not-found.js\",\"children\":[\"$25\",[]]},null,\"$24\",0],\"forbidden\":\"$undefined\",\"unauthorized\":\"$undefined\",\"segmentViewBoundaries\":[[\"$\",\"$L5\",null,{\"type\":\"boundary:not-found\",\"pagePath\":\"__next_builtin__not-found.js@boundary\"},null,\"$2f\",1],\"$undefined\",\"$undefined\",\"$undefined\"]},null,\"$20\",1]},\"$d\",\"$1e\",1]},\"$d\",\"$1c\",1]},\"$d\",\"$1a\",1]},\"$d\",\"$19\",1]]},\"$d\",\"$16\",1]\n"])</script><script nonce="fc3a8670-cf3b-4dbd-ba09-48cbe132e041">self.__next_f.push([1,"35:D\"$36\"\n35:D\"$39\"\n"])</script><script nonce="fc3a8670-cf3b-4dbd-ba09-48cbe132e041">self.__next_f.push([1,"35:[[\"$\",\"title\",null,{\"children\":\"404: This page could not be found.\"},\"$39\",\"$3a\",1],[\"$\",\"div\",null,{\"style\":\"$25:1:props:style\",\"children\":[\"$\",\"div\",null,{\"children\":[[\"$\",\"style\",null,{\"dangerouslySetInnerHTML\":{\"__html\":\"body{color:#000;background:#fff;margin:0}.next-error-h1{border-right:1px solid rgba(0,0,0,.3)}@media (prefers-color-scheme:dark){body{color:#fff;background:#000}.next-error-h1{border-right:1px solid rgba(255,255,255,.3)}}\"}},\"$39\",\"$3d\",1],[\"$\",\"h1\",null,{\"className\":\"next-error-h1\",\"style\":\"$25:1:props:children:props:children:1:props:style\",\"children\":404},\"$39\",\"$3e\",1],[\"$\",\"div\",null,{\"style\":\"$25:1:props:children:props:children:2:props:style\",\"children\":[\"$\",\"h2\",null,{\"style\":\"$25:1:props:children:props:children:2:props:children:props:style\",\"children\":\"This page could not be found.\"},\"$39\",\"$40\",1]},\"$39\",\"$3f\",1]]},\"$39\",\"$3c\",1]},\"$39\",\"$3b\",1]]\n"])</script><script nonce="fc3a8670-cf3b-4dbd-ba09-48cbe132e041">self.__next_f.push([1,"43:D\"$44\"\n46:D\"$47\"\n46:[\"$\",\"$L49\",null,{\"promise\":\"$@4a\"},\"$47\",\"$48\",1]\n4c:D\"$4d\"\n4c:[\"$\",\"meta\",null,{\"name\":\"robots\",\"content\":\"noindex\"},null,\"$4e\",1]\n4f:D\"$50\"\n53:D\"$54\"\n4f:[[\"$\",\"$L52\",null,{\"children\":\"$L53\"},\"$50\",\"$51\",1],[\"$\",\"meta\",null,{\"name\":\"next-size-adjust\",\"content\":\"\"},\"$50\",\"$55\",1]]\n56:D\"$57\"\n5a:D\"$5b\"\n5f:D\"$60\"\n5a:[\"$\",\"div\",null,{\"hidden\":true,\"children\":[\"$\",\"$5e\",null,{\"fallback\":null,\"children\":\"$L5f\"},\"$5b\",\"$5d\",1]},\"$5b\",\"$5c\",1]\n56:[\"$\",\"$L59\",null,{\"children\":\"$5a\"},\"$57\",\"$58\",1]\n61:[]\n"])</script><script nonce="fc3a8670-cf3b-4dbd-ba09-48cbe132e041">self.__next_f.push([1,"0:{\"P\":\"$1\",\"b\":\"development\",\"p\":\"\",\"c\":[\"\",\"api\",\"v2\",\"session\",\"metrics\"],\"i\":false,\"f\":[[[\"\",{\"children\":[\"/_not-found\",{\"children\":[\"__PAGE__\",{}]}]},\"$undefined\",\"$undefined\",true],[\"\",[\"$\",\"$L5\",\"layout\",{\"type\":\"layout\",\"pagePath\":\"layout.tsx\",\"children\":[\"$\",\"$7\",\"c\",{\"children\":[[[\"$\",\"link\",\"0\",{\"rel\":\"stylesheet\",\"href\":\"/_next/static/chunks/%5Broot-of-the-server%5D__3464d2bf._.css\",\"precedence\":\"next_static/chunks/[root-of-the-server]__3464d2bf._.css\",\"crossOrigin\":\"$undefined\",\"nonce\":\"fc3a8670-cf3b-4dbd-ba09-48cbe132e041\"},null,\"$8\",0],[\"$\",\"script\",\"script-0\",{\"src\":\"/_next/static/chunks/node_modules_f93b3494._.js\",\"async\":true,\"nonce\":\"fc3a8670-cf3b-4dbd-ba09-48cbe132e041\"},null,\"$9\",0],[\"$\",\"script\",\"script-1\",{\"src\":\"/_next/static/chunks/src_9119dd34._.js\",\"async\":true,\"nonce\":\"fc3a8670-cf3b-4dbd-ba09-48cbe132e041\"},null,\"$a\",0],[\"$\",\"script\",\"script-2\",{\"src\":\"/_next/static/chunks/src_app_layout_tsx_0a548d63._.js\",\"async\":true,\"nonce\":\"fc3a8670-cf3b-4dbd-ba09-48cbe132e041\"},null,\"$b\",0]],\"$c\"]},null,\"$6\",1]},null,\"$4\",0],{\"children\":[\"/_not-found\",[\"$\",\"$7\",\"c\",{\"children\":[null,[\"$\",\"$L21\",null,{\"parallelRouterKey\":\"children\",\"error\":\"$undefined\",\"errorStyles\":\"$undefined\",\"errorScripts\":\"$undefined\",\"template\":[\"$\",\"$L23\",null,{},null,\"$32\",1],\"templateStyles\":\"$undefined\",\"templateScripts\":\"$undefined\",\"notFound\":\"$undefined\",\"forbidden\":\"$undefined\",\"unauthorized\":\"$undefined\",\"segmentViewBoundaries\":[\"$undefined\",\"$undefined\",\"$undefined\",\"$undefined\"]},null,\"$31\",1]]},null,\"$30\",0],{\"children\":[\"__PAGE__\",[\"$\",\"$7\",\"c\",{\"children\":[[\"$\",\"$L5\",\"c-page\",{\"type\":\"page\",\"pagePath\":\"__next_builtin__not-found.js\",\"children\":\"$35\"},null,\"$34\",1],null,[\"$\",\"$L42\",null,{\"children\":[\"$L43\",\"$46\"]},null,\"$41\",1]]},null,\"$33\",0],{},null,false]},null,false]},null,false],[\"$\",\"$7\",\"h\",{\"children\":[\"$4c\",\"$4f\",\"$56\"]},null,\"$4b\",0],false]],\"m\":\"$W61\",\"G\":[\"$62\",\"$undefined\"],\"s\":false,\"S\":false}\n"])</script><script nonce="fc3a8670-cf3b-4dbd-ba09-48cbe132e041">self.__next_f.push([1,"53:[[\"$\",\"meta\",\"0\",{\"charSet\":\"utf-8\"},\"$44\",\"$63\",0],[\"$\",\"meta\",\"1\",{\"name\":\"viewport\",\"content\":\"width=device-width, initial-scale=1\"},\"$44\",\"$64\",0]]\n43:null\n"])</script><script nonce="fc3a8670-cf3b-4dbd-ba09-48cbe132e041">self.__next_f.push([1,"4a:{\"metadata\":[[\"$\",\"title\",\"0\",{\"children\":\"PingLearn - AI Math Tutor for CBSE Students | Voice-Powered Learning\"},\"$47\",\"$65\",0],[\"$\",\"meta\",\"1\",{\"name\":\"description\",\"content\":\"Revolutionary AI tutor that helps students excel in Mathematics and Science through voice conversations. CBSE aligned, 24/7 available. Start free trial.\"},\"$47\",\"$66\",0],[\"$\",\"meta\",\"2\",{\"name\":\"author\",\"content\":\"PingLearn\"},\"$47\",\"$67\",0],[\"$\",\"link\",\"3\",{\"rel\":\"manifest\",\"href\":\"/site.webmanifest\",\"crossOrigin\":\"$undefined\"},\"$47\",\"$68\",0],[\"$\",\"meta\",\"4\",{\"name\":\"keywords\",\"content\":\"AI math tutor, online tutoring India, CBSE math help, voice AI teacher, personalized learning app, math tuition online, adaptive learning platform, Class 10 math tutor, JEE preparation app, NCERT solutions\"},\"$47\",\"$69\",0],[\"$\",\"meta\",\"5\",{\"name\":\"creator\",\"content\":\"PingLearn\"},\"$47\",\"$6a\",0],[\"$\",\"meta\",\"6\",{\"name\":\"publisher\",\"content\":\"PingLearn\"},\"$47\",\"$6b\",0],[\"$\",\"meta\",\"7\",{\"name\":\"robots\",\"content\":\"index, follow\"},\"$47\",\"$6c\",0],[\"$\",\"meta\",\"8\",{\"name\":\"googlebot\",\"content\":\"index, follow, max-video-preview:-1, max-image-preview:large, max-snippet:-1\"},\"$47\",\"$6d\",0],[\"$\",\"meta\",\"9\",{\"name\":\"format-detection\",\"content\":\"telephone=no, address=no, email=no\"},\"$47\",\"$6e\",0],[\"$\",\"meta\",\"10\",{\"property\":\"og:title\",\"content\":\"PingLearn - AI Math Tutor for CBSE Students\"},\"$47\",\"$6f\",0],[\"$\",\"meta\",\"11\",{\"property\":\"og:description\",\"content\":\"Revolutionary AI tutor that helps students excel in Mathematics and Science through voice conversations. CBSE aligned, 24/7 available.\"},\"$47\",\"$70\",0],[\"$\",\"meta\",\"12\",{\"property\":\"og:url\",\"content\":\"https://pinglearn.app\"},\"$47\",\"$71\",0],[\"$\",\"meta\",\"13\",{\"property\":\"og:site_name\",\"content\":\"PingLearn\"},\"$47\",\"$72\",0],[\"$\",\"meta\",\"14\",{\"property\":\"og:locale\",\"content\":\"en_IN\"},\"$47\",\"$73\",0],[\"$\",\"meta\",\"15\",{\"property\":\"og:image\",\"content\":\"https://pinglearn.app/og-image.jpg\"},\"$47\",\"$74\",0],[\"$\",\"meta\",\"16\",{\"property\":\"og:image:width\",\"content\":\"1200\"},\"$47\",\"$75\",0],[\"$\",\"meta\",\"17\",{\"property\":\"og:image:height\",\"content\":\"630\"},\"$47\",\"$76\",0],[\"$\",\"meta\",\"18\",{\"property\":\"og:image:alt\",\"content\":\"PingLearn - AI Math Tutor\"},\"$47\",\"$77\",0],[\"$\",\"meta\",\"19\",{\"property\":\"og:type\",\"content\":\"website\"},\"$47\",\"$78\",0],[\"$\",\"meta\",\"20\",{\"name\":\"twitter:card\",\"content\":\"summary_large_image\"},\"$47\",\"$79\",0],[\"$\",\"meta\",\"21\",{\"name\":\"twitter:creator\",\"content\":\"@pinglearn\"},\"$47\",\"$7a\",0],[\"$\",\"meta\",\"22\",{\"name\":\"twitter:title\",\"content\":\"PingLearn - AI Math Tutor for CBSE Students\"},\"$47\",\"$7b\",0],[\"$\",\"meta\",\"23\",{\"name\":\"twitter:description\",\"content\":\"Revolutionary AI tutor that helps students excel in Mathematics and Science through voice conversations.\"},\"$47\",\"$7c\",0],[\"$\",\"meta\",\"24\",{\"name\":\"twitter:image\",\"content\":\"https://pinglearn.app/og-image.jpg\"},\"$47\",\"$7d\",0],[\"$\",\"link\",\"25\",{\"rel\":\"shortcut icon\",\"href\":\"/favicon-16x16.png\"},\"$47\",\"$7e\",0],[\"$\",\"link\",\"26\",{\"rel\":\"icon\",\"href\":\"/favicon.ico?favicon.0b3bf435.ico\",\"sizes\":\"256x256\",\"type\":\"image/x-icon\"},\"$47\",\"$7f\",0],[\"$\",\"link\",\"27\",{\"rel\":\"icon\",\"href\":\"/favicon.ico\"},\"$47\",\"$80\",0],[\"$\",\"link\",\"28\",{\"rel\":\"apple-touch-icon\",\"href\":\"/apple-touch-icon.png\"},\"$47\",\"$81\",0],[\"$\",\"$L83\",\"29\",{},\"$47\",\"$82\",0]],\"error\":null,\"digest\":\"$undefined\"}\n"])</script><script nonce="fc3a8670-cf3b-4dbd-ba09-48cbe132e041">self.__next_f.push([1,"5f:\"$4a:metadata\"\n"])</script></body></html>
❌ /api/livekit/token: 404
   Response: <!DOCTYPE html><html lang="en"><head><meta charSet="utf-8"/><meta name="viewport" content="width=device-width, initial-scale=1"/><link rel="stylesheet" href="/_next/static/chunks/%5Broot-of-the-server%5D__3464d2bf._.css" nonce="f66f31e1-5ee9-4c58-ae0e-0cf25ff98c12" data-precedence="next_static/chunks/[root-of-the-server]__3464d2bf._.css"/><link rel="preload" as="script" fetchPriority="low" nonce="f66f31e1-5ee9-4c58-ae0e-0cf25ff98c12" href="/_next/static/chunks/%5Bturbopack%5D_browser_dev_hmr-client_hmr-client_ts_57d40746._.js"/><script src="/_next/static/chunks/node_modules_next_dist_compiled_react-dom_1e674e59._.js" async="" nonce="f66f31e1-5ee9-4c58-ae0e-0cf25ff98c12"></script><script src="/_next/static/chunks/node_modules_next_dist_compiled_next-devtools_index_a9cb0712.js" async="" nonce="f66f31e1-5ee9-4c58-ae0e-0cf25ff98c12"></script><script src="/_next/static/chunks/node_modules_next_dist_compiled_5150ccfd._.js" async="" nonce="f66f31e1-5ee9-4c58-ae0e-0cf25ff98c12"></script><script src="/_next/static/chunks/node_modules_next_dist_client_cf1d9188._.js" async="" nonce="f66f31e1-5ee9-4c58-ae0e-0cf25ff98c12"></script><script src="/_next/static/chunks/node_modules_next_dist_b0daae9a._.js" async="" nonce="f66f31e1-5ee9-4c58-ae0e-0cf25ff98c12"></script><script src="/_next/static/chunks/node_modules_%40swc_helpers_cjs_b3dc30d6._.js" async="" nonce="f66f31e1-5ee9-4c58-ae0e-0cf25ff98c12"></script><script src="/_next/static/chunks/_a0ff3932._.js" async="" nonce="f66f31e1-5ee9-4c58-ae0e-0cf25ff98c12"></script><script src="/_next/static/chunks/turbopack-_cdba956c._.js" async="" nonce="f66f31e1-5ee9-4c58-ae0e-0cf25ff98c12"></script><script src="/_next/static/chunks/node_modules_next_dist_8db7fb1f._.js" async="" nonce="f66f31e1-5ee9-4c58-ae0e-0cf25ff98c12"></script><script src="/_next/static/chunks/src_app_favicon_ico_mjs_243aa161._.js" async="" nonce="f66f31e1-5ee9-4c58-ae0e-0cf25ff98c12"></script><script src="/_next/static/chunks/node_modules_f93b3494._.js" async="" nonce="f66f31e1-5ee9-4c58-ae0e-0cf25ff98c12"></script><script src="/_next/static/chunks/src_9119dd34._.js" async="" nonce="f66f31e1-5ee9-4c58-ae0e-0cf25ff98c12"></script><script src="/_next/static/chunks/src_app_layout_tsx_0a548d63._.js" async="" nonce="f66f31e1-5ee9-4c58-ae0e-0cf25ff98c12"></script><meta name="robots" content="noindex"/><meta name="next-size-adjust" content=""/><title>404: This page could not be found.</title><script>
              (function() {
                try {
                  const storedTheme = localStorage.getItem('theme');
                  const theme = storedTheme || 'system';

                  let resolved;
                  if (theme === 'system') {
                    resolved = window.matchMedia('(prefers-color-scheme: dark)').matches
                      ? 'dark'
                      : 'light';
                  } else {
                    resolved = theme;
                  }

                  document.documentElement.classList.add(resolved);
                  document.documentElement.style.colorScheme = resolved;
                } catch (e) {
                  // Fallback to dark theme if anything fails
                  document.documentElement.classList.add('dark');
                  document.documentElement.style.colorScheme = 'dark';
                }
              })();
            </script><script src="/_next/static/chunks/node_modules_next_dist_build_polyfills_polyfill-nomodule.js" noModule="" nonce="f66f31e1-5ee9-4c58-ae0e-0cf25ff98c12"></script></head><body class="inter_5901b7c6-module__ec5Qua__variable font-sans antialiased min-h-screen bg-background text-foreground"><div hidden=""><!--$?--><template id="B:0"></template><!--/$--></div><div style="font-family:system-ui,&quot;Segoe UI&quot;,Roboto,Helvetica,Arial,sans-serif,&quot;Apple Color Emoji&quot;,&quot;Segoe UI Emoji&quot;;height:100vh;text-align:center;display:flex;flex-direction:column;align-items:center;justify-content:center"><div><style>body{color:#000;background:#fff;margin:0}.next-error-h1{border-right:1px solid rgba(0,0,0,.3)}@media (prefers-color-scheme:dark){body{color:#fff;background:#000}.next-error-h1{border-right:1px solid rgba(255,255,255,.3)}}</style><h1 class="next-error-h1" style="display:inline-block;margin:0 20px 0 0;padding:0 23px 0 0;font-size:24px;font-weight:500;vertical-align:top;line-height:49px">404</h1><div style="display:inline-block"><h2 style="font-size:14px;font-weight:400;line-height:49px;margin:0">This page could not be found.</h2></div></div></div><!--$?--><template id="B:1"></template><!--/$--><script nonce="f66f31e1-5ee9-4c58-ae0e-0cf25ff98c12">requestAnimationFrame(function(){$RT=performance.now()});</script><script src="/_next/static/chunks/%5Bturbopack%5D_browser_dev_hmr-client_hmr-client_ts_57d40746._.js" nonce="f66f31e1-5ee9-4c58-ae0e-0cf25ff98c12" id="_R_" async=""></script><div hidden id="S:1"></div><script nonce="f66f31e1-5ee9-4c58-ae0e-0cf25ff98c12">$RB=[];$RV=function(a){$RT=performance.now();for(var b=0;b<a.length;b+=2){var c=a[b],e=a[b+1];null!==e.parentNode&&e.parentNode.removeChild(e);var f=c.parentNode;if(f){var g=c.previousSibling,h=0;do{if(c&&8===c.nodeType){var d=c.data;if("/$"===d||"/&"===d)if(0===h)break;else h--;else"$"!==d&&"$?"!==d&&"$~"!==d&&"$!"!==d&&"&"!==d||h++}d=c.nextSibling;f.removeChild(c);c=d}while(c);for(;e.firstChild;)f.insertBefore(e.firstChild,c);g.data="$";g._reactRetry&&requestAnimationFrame(g._reactRetry)}}a.length=0};
$RC=function(a,b){if(b=document.getElementById(b))(a=document.getElementById(a))?(a.previousSibling.data="$~",$RB.push(a,b),2===$RB.length&&("number"!==typeof $RT?requestAnimationFrame($RV.bind(null,$RB)):(a=performance.now(),setTimeout($RV.bind(null,$RB),2300>a&&2E3<a?2300-a:$RT+300-a)))):b.parentNode.removeChild(b)};$RC("B:1","S:1")</script><title>PingLearn - AI Math Tutor for CBSE Students | Voice-Powered Learning</title><meta name="description" content="Revolutionary AI tutor that helps students excel in Mathematics and Science through voice conversations. CBSE aligned, 24/7 available. Start free trial."/><meta name="author" content="PingLearn"/><link rel="manifest" href="/site.webmanifest"/><meta name="keywords" content="AI math tutor, online tutoring India, CBSE math help, voice AI teacher, personalized learning app, math tuition online, adaptive learning platform, Class 10 math tutor, JEE preparation app, NCERT solutions"/><meta name="creator" content="PingLearn"/><meta name="publisher" content="PingLearn"/><meta name="robots" content="index, follow"/><meta name="googlebot" content="index, follow, max-video-preview:-1, max-image-preview:large, max-snippet:-1"/><meta name="format-detection" content="telephone=no, address=no, email=no"/><meta property="og:title" content="PingLearn - AI Math Tutor for CBSE Students"/><meta property="og:description" content="Revolutionary AI tutor that helps students excel in Mathematics and Science through voice conversations. CBSE aligned, 24/7 available."/><meta property="og:url" content="https://pinglearn.app"/><meta property="og:site_name" content="PingLearn"/><meta property="og:locale" content="en_IN"/><meta property="og:image" content="https://pinglearn.app/og-image.jpg"/><meta property="og:image:width" content="1200"/><meta property="og:image:height" content="630"/><meta property="og:image:alt" content="PingLearn - AI Math Tutor"/><meta property="og:type" content="website"/><meta name="twitter:card" content="summary_large_image"/><meta name="twitter:creator" content="@pinglearn"/><meta name="twitter:title" content="PingLearn - AI Math Tutor for CBSE Students"/><meta name="twitter:description" content="Revolutionary AI tutor that helps students excel in Mathematics and Science through voice conversations."/><meta name="twitter:image" content="https://pinglearn.app/og-image.jpg"/><link rel="shortcut icon" href="/favicon-16x16.png"/><link rel="icon" href="/favicon.ico?favicon.0b3bf435.ico" sizes="256x256" type="image/x-icon"/><link rel="icon" href="/favicon.ico"/><link rel="apple-touch-icon" href="/apple-touch-icon.png"/><script nonce="f66f31e1-5ee9-4c58-ae0e-0cf25ff98c12">document.querySelectorAll('body link[rel="icon"], body link[rel="apple-touch-icon"]').forEach(el => document.head.appendChild(el))</script><div hidden id="S:0"></div><script nonce="f66f31e1-5ee9-4c58-ae0e-0cf25ff98c12">$RC("B:0","S:0")</script><script nonce="f66f31e1-5ee9-4c58-ae0e-0cf25ff98c12">(self.__next_f=self.__next_f||[]).push([0])</script><script nonce="f66f31e1-5ee9-4c58-ae0e-0cf25ff98c12">self.__next_f.push([1,"5:I[\"[project]/node_modules/next/dist/next-devtools/userspace/app/segment-explorer-node.js [app-client] (ecmascript)\",[\"/_next/static/chunks/node_modules_next_dist_8db7fb1f._.js\",\"/_next/static/chunks/src_app_favicon_ico_mjs_243aa161._.js\"],\"SegmentViewNode\"]\n7:\"$Sreact.fragment\"\n1b:I[\"[project]/src/lib/error-handling/error-boundary.tsx [app-client] (ecmascript)\",[\"/_next/static/chunks/node_modules_f93b3494._.js\",\"/_next/static/chunks/src_9119dd34._.js\",\"/_next/static/chunks/src_app_layout_tsx_0a548d63._.js\"],\"ErrorBoundary\"]\n1d:I[\"[project]/src/contexts/ThemeContext.tsx [app-client] (ecmascript)\",[\"/_next/static/chunks/node_modules_f93b3494._.js\",\"/_next/static/chunks/src_9119dd34._.js\",\"/_next/static/chunks/src_app_layout_tsx_0a548d63._.js\"],\"ThemeProvider\"]\n1f:I[\"[project]/src/lib/auth/auth-provider.tsx [app-client] (ecmascript)\",[\"/_next/static/chunks/node_modules_f93b3494._.js\",\"/_next/static/chunks/src_9119dd34._.js\",\"/_next/static/chunks/src_app_layout_tsx_0a548d63._.js\"],\"AuthProvider\"]\n21:I[\"[project]/node_modules/next/dist/client/components/layout-router.js [app-client] (ecmascript)\",[\"/_next/static/chunks/node_modules_next_dist_8db7fb1f._.js\",\"/_next/static/chunks/src_app_favicon_ico_mjs_243aa161._.js\"],\"default\"]\n23:I[\"[project]/node_modules/next/dist/client/components/render-from-template-context.js [app-client] (ecmascript)\",[\"/_next/static/chunks/node_modules_next_dist_8db7fb1f._.js\",\"/_next/static/chunks/src_app_favicon_ico_mjs_243aa161._.js\"],\"default\"]\n42:I[\"[project]/node_modules/next/dist/lib/framework/boundary-components.js [app-client] (ecmascript)\",[\"/_next/static/chunks/node_modules_next_dist_8db7fb1f._.js\",\"/_next/static/chunks/src_app_favicon_ico_mjs_243aa161._.js\"],\"OutletBoundary\"]\n49:I[\"[project]/node_modules/next/dist/client/components/metadata/async-metadata.js [app-client] (ecmascript)\",[\"/_next/static/chunks/node_modules_next_dist_8db7fb1f._.js\",\"/_next/static/chunks/src_app_favicon_ico_mjs_243aa161._.js\"],\"AsyncMetadataOutlet\"]\n52:I[\"[project]/node_modules/next/dist/lib/framework"])</script><script nonce="f66f31e1-5ee9-4c58-ae0e-0cf25ff98c12">self.__next_f.push([1,"/boundary-components.js [app-client] (ecmascript)\",[\"/_next/static/chunks/node_modules_next_dist_8db7fb1f._.js\",\"/_next/static/chunks/src_app_favicon_ico_mjs_243aa161._.js\"],\"ViewportBoundary\"]\n59:I[\"[project]/node_modules/next/dist/lib/framework/boundary-components.js [app-client] (ecmascript)\",[\"/_next/static/chunks/node_modules_next_dist_8db7fb1f._.js\",\"/_next/static/chunks/src_app_favicon_ico_mjs_243aa161._.js\"],\"MetadataBoundary\"]\n5e:\"$Sreact.suspense\"\n62:I[\"[project]/node_modules/next/dist/client/components/builtin/global-error.js [app-client] (ecmascript)\",[\"/_next/static/chunks/node_modules_next_dist_8db7fb1f._.js\",\"/_next/static/chunks/src_app_favicon_ico_mjs_243aa161._.js\"],\"default\"]\n83:I[\"[project]/node_modules/next/dist/lib/metadata/generate/icon-mark.js [app-client] (ecmascript)\",[\"/_next/static/chunks/node_modules_next_dist_8db7fb1f._.js\",\"/_next/static/chunks/src_app_favicon_ico_mjs_243aa161._.js\"],\"IconMark\"]\n:HL[\"/_next/static/chunks/%5Broot-of-the-server%5D__3464d2bf._.css\",\"style\",{\"nonce\":\"f66f31e1-5ee9-4c58-ae0e-0cf25ff98c12\"}]\n:N1759314258302.3276\n3:\"$EObject.defineProperty(()=\u003e{ctx.componentMod.preloadStyle(fullHref,ctx.renderOpts.crossOrigin,ctx.nonce)},\\\"name\\\",{value:\\\"\\\"})\"\n2:{\"name\":\"Preloads\",\"key\":null,\"env\":\"Server\",\"stack\":[],\"props\":{\"preloadCallbacks\":[\"$3\"]}}\n4:[]\n6:[]\n8:[[\"Array.map\",\"\",0,0,0,0,false]]\n9:[[\"Array.map\",\"\",0,0,0,0,false]]\na:[[\"Array.map\",\"\",0,0,0,0,false]]\nb:[[\"Array.map\",\"\",0,0,0,0,false]]\ne:I[\"[project]/node_modules/next/dist/client/components/layout-router.js [app-client] (ecmascript)\",[\"/_next/static/chunks/node_modules_next_dist_8db7fb1f._.js\",\"/_next/static/chunks/src_app_favicon_ico_mjs_243aa161._.js\"],\"default\"]\n11:I[\"[project]/node_modules/next/dist/client/components/render-from-template-context.js [app-client] (ecmascript)\",[\"/_next/static/chunks/node_modules_next_dist_8db7fb1f._.js\",\"/_next/static/chunks/src_app_favicon_ico_mjs_243aa161._.js\"],\"default\"]\n12:{}\n13:[[\"Function.all\",\"\",0,0,0,0,true]]\n10:{\"children\":[\"$\",\"$L11\",null,\"$12\",null,\"$13\",1]}\n1"])</script><script nonce="f66f31e1-5ee9-4c58-ae0e-0cf25ff98c12">self.__next_f.push([1,"4:[[\"Function.all\",\"\",0,0,0,0,true]]\nf:{\"parallelRouterKey\":\"children\",\"error\":\"$undefined\",\"errorStyles\":\"$undefined\",\"errorScripts\":\"$undefined\",\"template\":[\"$\",\"$7\",null,\"$10\",null,\"$14\",0],\"templateStyles\":\"$undefined\",\"templateScripts\":\"$undefined\",\"notFound\":\"$Y\",\"forbidden\":\"$undefined\",\"unauthorized\":\"$undefined\",\"segmentViewBoundaries\":\"$Y\"}\n15:[[\"Function.all\",\"\",0,0,0,0,true]]\nd:{\"name\":\"RootLayout\",\"key\":null,\"env\":\"Server\",\"stack\":[],\"props\":{\"children\":[\"$\",\"$Le\",null,\"$f\",null,\"$15\",1],\"params\":\"$Y\"}}\n16:[[\"RootLayout\",\"/Users/umasankrudhya/Projects/pinglearn/pinglearn-app/.next/server/chunks/ssr/[root-of-the-server]__c803b373._.js\",293,263,292,1,false]]\n17:[[\"RootLayout\",\"/Users/umasankrudhya/Projects/pinglearn/pinglearn-app/.next/server/chunks/ssr/[root-of-the-server]__c803b373._.js\",297,264,292,1,false]]\n18:[[\"RootLayout\",\"/Users/umasankrudhya/Projects/pinglearn/pinglearn-app/.next/server/chunks/ssr/[root-of-the-server]__c803b373._.js\",298,278,292,1,false]]\n19:[[\"RootLayout\",\"/Users/umasankrudhya/Projects/pinglearn/pinglearn-app/.next/server/chunks/ssr/[root-of-the-server]__c803b373._.js\",335,264,292,1,false]]\n1a:[[\"RootLayout\",\"/Users/umasankrudhya/Projects/pinglearn/pinglearn-app/.next/server/chunks/ssr/[root-of-the-server]__c803b373._.js\",337,278,292,1,false]]\n1c:[[\"RootLayout\",\"/Users/umasankrudhya/Projects/pinglearn/pinglearn-app/.next/server/chunks/ssr/[root-of-the-server]__c803b373._.js\",338,282,292,1,false]]\n1e:[[\"RootLayout\",\"/Users/umasankrudhya/Projects/pinglearn/pinglearn-app/.next/server/chunks/ssr/[root-of-the-server]__c803b373._.js\",339,286,292,1,false]]\n20:[[\"Function.all\",\"\",0,0,0,0,true]]\n22:[[\"Function.all\",\"\",0,0,0,0,true]]\n24:[]\n26:{\"name\":\"NotFound\",\"key\":null,\"env\":\"Server\",\"stack\":[],\"props\":{}}\n27:{\"name\":\"HTTPAccessErrorFallback\",\"key\":null,\"env\":\"Server\",\"owner\":\"$26\",\"stack\":[],\"props\":{\"status\":404,\"message\":\"This page could not be found.\"}}\n28:[]\n29:[]\n2a:[]\n2b:[]\n2c:[]\n2d:[]\n2e:[]\n2f:[[\"Function.all\",\"\",0,0,0,0,true]]\n30:[[\"Function.all\",\"\",0,0,0,0,true]]\n31:[[\"Fun"])</script><script nonce="f66f31e1-5ee9-4c58-ae0e-0cf25ff98c12">self.__next_f.push([1,"ction.all\",\"\",0,0,0,0,true],[\"Function.all\",\"\",0,0,0,0,true]]\n32:[[\"Function.all\",\"\",0,0,0,0,true],[\"Function.all\",\"\",0,0,0,0,true]]\n33:[[\"Function.all\",\"\",0,0,0,0,true],[\"Function.all\",\"\",0,0,0,0,true]]\n34:[[\"Function.all\",\"\",0,0,0,0,true],[\"Function.all\",\"\",0,0,0,0,true]]\n36:{\"name\":\"NotFound\",\"key\":null,\"env\":\"Server\",\"stack\":[[\"Function.all\",\"\",0,0,0,0,true],[\"Function.all\",\"\",0,0,0,0,true]],\"props\":{\"params\":\"$@37\",\"searchParams\":\"$@38\"}}\n39:{\"name\":\"HTTPAccessErrorFallback\",\"key\":null,\"env\":\"Server\",\"owner\":\"$36\",\"stack\":[],\"props\":{\"status\":404,\"message\":\"This page could not be found.\"}}\n3a:[]\n3b:[]\n3c:[]\n3d:[]\n3e:[]\n3f:[]\n40:[]\n41:[[\"Function.all\",\"\",0,0,0,0,true],[\"Function.all\",\"\",0,0,0,0,true]]\n45:\"$EObject.defineProperty(async function getViewportReady() {\\n        await viewport();\\n        return undefined;\\n    },\\\"name\\\",{value:\\\"getViewportReady\\\"})\"\n44:{\"name\":\"__next_outlet_boundary__\",\"key\":null,\"env\":\"Server\",\"stack\":[[\"Function.all\",\"\",0,0,0,0,true],[\"Function.all\",\"\",0,0,0,0,true]],\"props\":{\"ready\":\"$45\"}}\n47:{\"name\":\"StreamingMetadataOutletImpl\",\"key\":null,\"env\":\"Server\",\"stack\":[[\"Function.all\",\"\",0,0,0,0,true],[\"Function.all\",\"\",0,0,0,0,true]],\"props\":{}}\n48:[]\n4b:[]\n4d:{\"name\":\"NonIndex\",\"key\":null,\"env\":\"Server\",\"stack\":[],\"props\":{\"pagePath\":\"/_not-found\",\"statusCode\":404,\"isPossibleServerAction\":false}}\n4e:[]\n50:{\"name\":\"ViewportTree\",\"key\":null,\"env\":\"Server\",\"stack\":[],\"props\":{}}\n51:[]\n54:{\"name\":\"__next_viewport_boundary__\",\"key\":null,\"env\":\"Server\",\"owner\":\"$50\",\"stack\":[],\"props\":{}}\n55:[]\n57:{\"name\":\"MetadataTree\",\"key\":null,\"env\":\"Server\",\"stack\":[],\"props\":{}}\n58:[]\n5b:{\"name\":\"__next_metadata_boundary__\",\"key\":null,\"env\":\"Server\",\"owner\":\"$57\",\"stack\":[],\"props\":{}}\n5c:[]\n5d:[]\n60:{\"name\":\"MetadataResolver\",\"key\":null,\"env\":\"Server\",\"owner\":\"$5b\",\"stack\":[],\"props\":{}}\n37:{}\n38:\n63:[]\n64:[]\n65:[]\n66:[]\n67:[[\"Array.map\",\"\",0,0,0,0,false]]\n68:[]\n69:[]\n6a:[]\n6b:[]\n6c:[]\n6d:[]\n6e:[]\n6f:[]\n70:[]\n71:[]\n72:[]\n73:[]\n74:[[\"Array.map\",\"\",0,0,0,0,false],[\"Array.map\",\"\",0,0,0,0,false]]"])</script><script nonce="f66f31e1-5ee9-4c58-ae0e-0cf25ff98c12">self.__next_f.push([1,"\n75:[[\"Array.map\",\"\",0,0,0,0,false],[\"Array.map\",\"\",0,0,0,0,false]]\n76:[[\"Array.map\",\"\",0,0,0,0,false],[\"Array.map\",\"\",0,0,0,0,false]]\n77:[[\"Array.map\",\"\",0,0,0,0,false],[\"Array.map\",\"\",0,0,0,0,false]]\n78:[]\n79:[]\n7a:[]\n7b:[]\n7c:[]\n7d:[[\"Array.map\",\"\",0,0,0,0,false],[\"Array.map\",\"\",0,0,0,0,false]]\n7e:[[\"Array.map\",\"\",0,0,0,0,false]]\n7f:[[\"Array.map\",\"\",0,0,0,0,false]]\n80:[[\"Array.map\",\"\",0,0,0,0,false]]\n81:[[\"Array.map\",\"\",0,0,0,0,false]]\n82:[]\n1:D\"$2\"\n1:null\nc:D\"$d\"\n25:D\"$26\"\n25:D\"$27\"\n"])</script><script nonce="f66f31e1-5ee9-4c58-ae0e-0cf25ff98c12">self.__next_f.push([1,"25:[[\"$\",\"title\",null,{\"children\":\"404: This page could not be found.\"},\"$27\",\"$28\",1],[\"$\",\"div\",null,{\"style\":{\"fontFamily\":\"system-ui,\\\"Segoe UI\\\",Roboto,Helvetica,Arial,sans-serif,\\\"Apple Color Emoji\\\",\\\"Segoe UI Emoji\\\"\",\"height\":\"100vh\",\"textAlign\":\"center\",\"display\":\"flex\",\"flexDirection\":\"column\",\"alignItems\":\"center\",\"justifyContent\":\"center\"},\"children\":[\"$\",\"div\",null,{\"children\":[[\"$\",\"style\",null,{\"dangerouslySetInnerHTML\":{\"__html\":\"body{color:#000;background:#fff;margin:0}.next-error-h1{border-right:1px solid rgba(0,0,0,.3)}@media (prefers-color-scheme:dark){body{color:#fff;background:#000}.next-error-h1{border-right:1px solid rgba(255,255,255,.3)}}\"}},\"$27\",\"$2b\",1],[\"$\",\"h1\",null,{\"className\":\"next-error-h1\",\"style\":{\"display\":\"inline-block\",\"margin\":\"0 20px 0 0\",\"padding\":\"0 23px 0 0\",\"fontSize\":24,\"fontWeight\":500,\"verticalAlign\":\"top\",\"lineHeight\":\"49px\"},\"children\":404},\"$27\",\"$2c\",1],[\"$\",\"div\",null,{\"style\":{\"display\":\"inline-block\"},\"children\":[\"$\",\"h2\",null,{\"style\":{\"fontSize\":14,\"fontWeight\":400,\"lineHeight\":\"49px\",\"margin\":0},\"children\":\"This page could not be found.\"},\"$27\",\"$2e\",1]},\"$27\",\"$2d\",1]]},\"$27\",\"$2a\",1]},\"$27\",\"$29\",1]]\n"])</script><script nonce="f66f31e1-5ee9-4c58-ae0e-0cf25ff98c12">self.__next_f.push([1,"c:[\"$\",\"html\",null,{\"lang\":\"en\",\"suppressHydrationWarning\":true,\"children\":[[\"$\",\"head\",null,{\"children\":[\"$\",\"script\",null,{\"dangerouslySetInnerHTML\":{\"__html\":\"\\n              (function() {\\n                try {\\n                  const storedTheme = localStorage.getItem('theme');\\n                  const theme = storedTheme || 'system';\\n\\n                  let resolved;\\n                  if (theme === 'system') {\\n                    resolved = window.matchMedia('(prefers-color-scheme: dark)').matches\\n                      ? 'dark'\\n                      : 'light';\\n                  } else {\\n                    resolved = theme;\\n                  }\\n\\n                  document.documentElement.classList.add(resolved);\\n                  document.documentElement.style.colorScheme = resolved;\\n                } catch (e) {\\n                  // Fallback to dark theme if anything fails\\n                  document.documentElement.classList.add('dark');\\n                  document.documentElement.style.colorScheme = 'dark';\\n                }\\n              })();\\n            \"}},\"$d\",\"$18\",1]},\"$d\",\"$17\",1],[\"$\",\"body\",null,{\"className\":\"inter_5901b7c6-module__ec5Qua__variable font-sans antialiased min-h-screen bg-background text-foreground\",\"children\":[\"$\",\"$L1b\",null,{\"children\":[\"$\",\"$L1d\",null,{\"children\":[\"$\",\"$L1f\",null,{\"children\":[\"$\",\"$L21\",null,{\"parallelRouterKey\":\"children\",\"error\":\"$undefined\",\"errorStyles\":\"$undefined\",\"errorScripts\":\"$undefined\",\"template\":[\"$\",\"$L23\",null,{},null,\"$22\",1],\"templateStyles\":\"$undefined\",\"templateScripts\":\"$undefined\",\"notFound\":[\"$\",\"$L5\",\"c-not-found\",{\"type\":\"not-found\",\"pagePath\":\"__next_builtin__not-found.js\",\"children\":[\"$25\",[]]},null,\"$24\",0],\"forbidden\":\"$undefined\",\"unauthorized\":\"$undefined\",\"segmentViewBoundaries\":[[\"$\",\"$L5\",null,{\"type\":\"boundary:not-found\",\"pagePath\":\"__next_builtin__not-found.js@boundary\"},null,\"$2f\",1],\"$undefined\",\"$undefined\",\"$undefined\"]},null,\"$20\",1]},\"$d\",\"$1e\",1]},\"$d\",\"$1c\",1]},\"$d\",\"$1a\",1]},\"$d\",\"$19\",1]]},\"$d\",\"$16\",1]\n"])</script><script nonce="f66f31e1-5ee9-4c58-ae0e-0cf25ff98c12">self.__next_f.push([1,"35:D\"$36\"\n35:D\"$39\"\n"])</script><script nonce="f66f31e1-5ee9-4c58-ae0e-0cf25ff98c12">self.__next_f.push([1,"35:[[\"$\",\"title\",null,{\"children\":\"404: This page could not be found.\"},\"$39\",\"$3a\",1],[\"$\",\"div\",null,{\"style\":\"$25:1:props:style\",\"children\":[\"$\",\"div\",null,{\"children\":[[\"$\",\"style\",null,{\"dangerouslySetInnerHTML\":{\"__html\":\"body{color:#000;background:#fff;margin:0}.next-error-h1{border-right:1px solid rgba(0,0,0,.3)}@media (prefers-color-scheme:dark){body{color:#fff;background:#000}.next-error-h1{border-right:1px solid rgba(255,255,255,.3)}}\"}},\"$39\",\"$3d\",1],[\"$\",\"h1\",null,{\"className\":\"next-error-h1\",\"style\":\"$25:1:props:children:props:children:1:props:style\",\"children\":404},\"$39\",\"$3e\",1],[\"$\",\"div\",null,{\"style\":\"$25:1:props:children:props:children:2:props:style\",\"children\":[\"$\",\"h2\",null,{\"style\":\"$25:1:props:children:props:children:2:props:children:props:style\",\"children\":\"This page could not be found.\"},\"$39\",\"$40\",1]},\"$39\",\"$3f\",1]]},\"$39\",\"$3c\",1]},\"$39\",\"$3b\",1]]\n"])</script><script nonce="f66f31e1-5ee9-4c58-ae0e-0cf25ff98c12">self.__next_f.push([1,"43:D\"$44\"\n46:D\"$47\"\n46:[\"$\",\"$L49\",null,{\"promise\":\"$@4a\"},\"$47\",\"$48\",1]\n4c:D\"$4d\"\n4c:[\"$\",\"meta\",null,{\"name\":\"robots\",\"content\":\"noindex\"},null,\"$4e\",1]\n4f:D\"$50\"\n53:D\"$54\"\n4f:[[\"$\",\"$L52\",null,{\"children\":\"$L53\"},\"$50\",\"$51\",1],[\"$\",\"meta\",null,{\"name\":\"next-size-adjust\",\"content\":\"\"},\"$50\",\"$55\",1]]\n56:D\"$57\"\n5a:D\"$5b\"\n5f:D\"$60\"\n5a:[\"$\",\"div\",null,{\"hidden\":true,\"children\":[\"$\",\"$5e\",null,{\"fallback\":null,\"children\":\"$L5f\"},\"$5b\",\"$5d\",1]},\"$5b\",\"$5c\",1]\n56:[\"$\",\"$L59\",null,{\"children\":\"$5a\"},\"$57\",\"$58\",1]\n61:[]\n"])</script><script nonce="f66f31e1-5ee9-4c58-ae0e-0cf25ff98c12">self.__next_f.push([1,"0:{\"P\":\"$1\",\"b\":\"development\",\"p\":\"\",\"c\":[\"\",\"api\",\"v2\",\"livekit\",\"token\"],\"i\":false,\"f\":[[[\"\",{\"children\":[\"/_not-found\",{\"children\":[\"__PAGE__\",{}]}]},\"$undefined\",\"$undefined\",true],[\"\",[\"$\",\"$L5\",\"layout\",{\"type\":\"layout\",\"pagePath\":\"layout.tsx\",\"children\":[\"$\",\"$7\",\"c\",{\"children\":[[[\"$\",\"link\",\"0\",{\"rel\":\"stylesheet\",\"href\":\"/_next/static/chunks/%5Broot-of-the-server%5D__3464d2bf._.css\",\"precedence\":\"next_static/chunks/[root-of-the-server]__3464d2bf._.css\",\"crossOrigin\":\"$undefined\",\"nonce\":\"f66f31e1-5ee9-4c58-ae0e-0cf25ff98c12\"},null,\"$8\",0],[\"$\",\"script\",\"script-0\",{\"src\":\"/_next/static/chunks/node_modules_f93b3494._.js\",\"async\":true,\"nonce\":\"f66f31e1-5ee9-4c58-ae0e-0cf25ff98c12\"},null,\"$9\",0],[\"$\",\"script\",\"script-1\",{\"src\":\"/_next/static/chunks/src_9119dd34._.js\",\"async\":true,\"nonce\":\"f66f31e1-5ee9-4c58-ae0e-0cf25ff98c12\"},null,\"$a\",0],[\"$\",\"script\",\"script-2\",{\"src\":\"/_next/static/chunks/src_app_layout_tsx_0a548d63._.js\",\"async\":true,\"nonce\":\"f66f31e1-5ee9-4c58-ae0e-0cf25ff98c12\"},null,\"$b\",0]],\"$c\"]},null,\"$6\",1]},null,\"$4\",0],{\"children\":[\"/_not-found\",[\"$\",\"$7\",\"c\",{\"children\":[null,[\"$\",\"$L21\",null,{\"parallelRouterKey\":\"children\",\"error\":\"$undefined\",\"errorStyles\":\"$undefined\",\"errorScripts\":\"$undefined\",\"template\":[\"$\",\"$L23\",null,{},null,\"$32\",1],\"templateStyles\":\"$undefined\",\"templateScripts\":\"$undefined\",\"notFound\":\"$undefined\",\"forbidden\":\"$undefined\",\"unauthorized\":\"$undefined\",\"segmentViewBoundaries\":[\"$undefined\",\"$undefined\",\"$undefined\",\"$undefined\"]},null,\"$31\",1]]},null,\"$30\",0],{\"children\":[\"__PAGE__\",[\"$\",\"$7\",\"c\",{\"children\":[[\"$\",\"$L5\",\"c-page\",{\"type\":\"page\",\"pagePath\":\"__next_builtin__not-found.js\",\"children\":\"$35\"},null,\"$34\",1],null,[\"$\",\"$L42\",null,{\"children\":[\"$L43\",\"$46\"]},null,\"$41\",1]]},null,\"$33\",0],{},null,false]},null,false]},null,false],[\"$\",\"$7\",\"h\",{\"children\":[\"$4c\",\"$4f\",\"$56\"]},null,\"$4b\",0],false]],\"m\":\"$W61\",\"G\":[\"$62\",\"$undefined\"],\"s\":false,\"S\":false}\n"])</script><script nonce="f66f31e1-5ee9-4c58-ae0e-0cf25ff98c12">self.__next_f.push([1,"53:[[\"$\",\"meta\",\"0\",{\"charSet\":\"utf-8\"},\"$44\",\"$63\",0],[\"$\",\"meta\",\"1\",{\"name\":\"viewport\",\"content\":\"width=device-width, initial-scale=1\"},\"$44\",\"$64\",0]]\n43:null\n"])</script><script nonce="f66f31e1-5ee9-4c58-ae0e-0cf25ff98c12">self.__next_f.push([1,"4a:{\"metadata\":[[\"$\",\"title\",\"0\",{\"children\":\"PingLearn - AI Math Tutor for CBSE Students | Voice-Powered Learning\"},\"$47\",\"$65\",0],[\"$\",\"meta\",\"1\",{\"name\":\"description\",\"content\":\"Revolutionary AI tutor that helps students excel in Mathematics and Science through voice conversations. CBSE aligned, 24/7 available. Start free trial.\"},\"$47\",\"$66\",0],[\"$\",\"meta\",\"2\",{\"name\":\"author\",\"content\":\"PingLearn\"},\"$47\",\"$67\",0],[\"$\",\"link\",\"3\",{\"rel\":\"manifest\",\"href\":\"/site.webmanifest\",\"crossOrigin\":\"$undefined\"},\"$47\",\"$68\",0],[\"$\",\"meta\",\"4\",{\"name\":\"keywords\",\"content\":\"AI math tutor, online tutoring India, CBSE math help, voice AI teacher, personalized learning app, math tuition online, adaptive learning platform, Class 10 math tutor, JEE preparation app, NCERT solutions\"},\"$47\",\"$69\",0],[\"$\",\"meta\",\"5\",{\"name\":\"creator\",\"content\":\"PingLearn\"},\"$47\",\"$6a\",0],[\"$\",\"meta\",\"6\",{\"name\":\"publisher\",\"content\":\"PingLearn\"},\"$47\",\"$6b\",0],[\"$\",\"meta\",\"7\",{\"name\":\"robots\",\"content\":\"index, follow\"},\"$47\",\"$6c\",0],[\"$\",\"meta\",\"8\",{\"name\":\"googlebot\",\"content\":\"index, follow, max-video-preview:-1, max-image-preview:large, max-snippet:-1\"},\"$47\",\"$6d\",0],[\"$\",\"meta\",\"9\",{\"name\":\"format-detection\",\"content\":\"telephone=no, address=no, email=no\"},\"$47\",\"$6e\",0],[\"$\",\"meta\",\"10\",{\"property\":\"og:title\",\"content\":\"PingLearn - AI Math Tutor for CBSE Students\"},\"$47\",\"$6f\",0],[\"$\",\"meta\",\"11\",{\"property\":\"og:description\",\"content\":\"Revolutionary AI tutor that helps students excel in Mathematics and Science through voice conversations. CBSE aligned, 24/7 available.\"},\"$47\",\"$70\",0],[\"$\",\"meta\",\"12\",{\"property\":\"og:url\",\"content\":\"https://pinglearn.app\"},\"$47\",\"$71\",0],[\"$\",\"meta\",\"13\",{\"property\":\"og:site_name\",\"content\":\"PingLearn\"},\"$47\",\"$72\",0],[\"$\",\"meta\",\"14\",{\"property\":\"og:locale\",\"content\":\"en_IN\"},\"$47\",\"$73\",0],[\"$\",\"meta\",\"15\",{\"property\":\"og:image\",\"content\":\"https://pinglearn.app/og-image.jpg\"},\"$47\",\"$74\",0],[\"$\",\"meta\",\"16\",{\"property\":\"og:image:width\",\"content\":\"1200\"},\"$47\",\"$75\",0],[\"$\",\"meta\",\"17\",{\"property\":\"og:image:height\",\"content\":\"630\"},\"$47\",\"$76\",0],[\"$\",\"meta\",\"18\",{\"property\":\"og:image:alt\",\"content\":\"PingLearn - AI Math Tutor\"},\"$47\",\"$77\",0],[\"$\",\"meta\",\"19\",{\"property\":\"og:type\",\"content\":\"website\"},\"$47\",\"$78\",0],[\"$\",\"meta\",\"20\",{\"name\":\"twitter:card\",\"content\":\"summary_large_image\"},\"$47\",\"$79\",0],[\"$\",\"meta\",\"21\",{\"name\":\"twitter:creator\",\"content\":\"@pinglearn\"},\"$47\",\"$7a\",0],[\"$\",\"meta\",\"22\",{\"name\":\"twitter:title\",\"content\":\"PingLearn - AI Math Tutor for CBSE Students\"},\"$47\",\"$7b\",0],[\"$\",\"meta\",\"23\",{\"name\":\"twitter:description\",\"content\":\"Revolutionary AI tutor that helps students excel in Mathematics and Science through voice conversations.\"},\"$47\",\"$7c\",0],[\"$\",\"meta\",\"24\",{\"name\":\"twitter:image\",\"content\":\"https://pinglearn.app/og-image.jpg\"},\"$47\",\"$7d\",0],[\"$\",\"link\",\"25\",{\"rel\":\"shortcut icon\",\"href\":\"/favicon-16x16.png\"},\"$47\",\"$7e\",0],[\"$\",\"link\",\"26\",{\"rel\":\"icon\",\"href\":\"/favicon.ico?favicon.0b3bf435.ico\",\"sizes\":\"256x256\",\"type\":\"image/x-icon\"},\"$47\",\"$7f\",0],[\"$\",\"link\",\"27\",{\"rel\":\"icon\",\"href\":\"/favicon.ico\"},\"$47\",\"$80\",0],[\"$\",\"link\",\"28\",{\"rel\":\"apple-touch-icon\",\"href\":\"/apple-touch-icon.png\"},\"$47\",\"$81\",0],[\"$\",\"$L83\",\"29\",{},\"$47\",\"$82\",0]],\"error\":null,\"digest\":\"$undefined\"}\n"])</script><script nonce="f66f31e1-5ee9-4c58-ae0e-0cf25ff98c12">self.__next_f.push([1,"5f:\"$4a:metadata\"\n"])</script></body></html>
❌ /api/livekit/webhook: 404
   Response: <!DOCTYPE html><html lang="en"><head><meta charSet="utf-8"/><meta name="viewport" content="width=device-width, initial-scale=1"/><link rel="stylesheet" href="/_next/static/chunks/%5Broot-of-the-server%5D__3464d2bf._.css" nonce="25fbd815-f17d-4606-b836-a60a38e8e14a" data-precedence="next_static/chunks/[root-of-the-server]__3464d2bf._.css"/><link rel="preload" as="script" fetchPriority="low" nonce="25fbd815-f17d-4606-b836-a60a38e8e14a" href="/_next/static/chunks/%5Bturbopack%5D_browser_dev_hmr-client_hmr-client_ts_57d40746._.js"/><script src="/_next/static/chunks/node_modules_next_dist_compiled_react-dom_1e674e59._.js" async="" nonce="25fbd815-f17d-4606-b836-a60a38e8e14a"></script><script src="/_next/static/chunks/node_modules_next_dist_compiled_next-devtools_index_a9cb0712.js" async="" nonce="25fbd815-f17d-4606-b836-a60a38e8e14a"></script><script src="/_next/static/chunks/node_modules_next_dist_compiled_5150ccfd._.js" async="" nonce="25fbd815-f17d-4606-b836-a60a38e8e14a"></script><script src="/_next/static/chunks/node_modules_next_dist_client_cf1d9188._.js" async="" nonce="25fbd815-f17d-4606-b836-a60a38e8e14a"></script><script src="/_next/static/chunks/node_modules_next_dist_b0daae9a._.js" async="" nonce="25fbd815-f17d-4606-b836-a60a38e8e14a"></script><script src="/_next/static/chunks/node_modules_%40swc_helpers_cjs_b3dc30d6._.js" async="" nonce="25fbd815-f17d-4606-b836-a60a38e8e14a"></script><script src="/_next/static/chunks/_a0ff3932._.js" async="" nonce="25fbd815-f17d-4606-b836-a60a38e8e14a"></script><script src="/_next/static/chunks/turbopack-_cdba956c._.js" async="" nonce="25fbd815-f17d-4606-b836-a60a38e8e14a"></script><script src="/_next/static/chunks/node_modules_next_dist_8db7fb1f._.js" async="" nonce="25fbd815-f17d-4606-b836-a60a38e8e14a"></script><script src="/_next/static/chunks/src_app_favicon_ico_mjs_243aa161._.js" async="" nonce="25fbd815-f17d-4606-b836-a60a38e8e14a"></script><script src="/_next/static/chunks/node_modules_f93b3494._.js" async="" nonce="25fbd815-f17d-4606-b836-a60a38e8e14a"></script><script src="/_next/static/chunks/src_9119dd34._.js" async="" nonce="25fbd815-f17d-4606-b836-a60a38e8e14a"></script><script src="/_next/static/chunks/src_app_layout_tsx_0a548d63._.js" async="" nonce="25fbd815-f17d-4606-b836-a60a38e8e14a"></script><meta name="robots" content="noindex"/><meta name="next-size-adjust" content=""/><title>404: This page could not be found.</title><script>
              (function() {
                try {
                  const storedTheme = localStorage.getItem('theme');
                  const theme = storedTheme || 'system';

                  let resolved;
                  if (theme === 'system') {
                    resolved = window.matchMedia('(prefers-color-scheme: dark)').matches
                      ? 'dark'
                      : 'light';
                  } else {
                    resolved = theme;
                  }

                  document.documentElement.classList.add(resolved);
                  document.documentElement.style.colorScheme = resolved;
                } catch (e) {
                  // Fallback to dark theme if anything fails
                  document.documentElement.classList.add('dark');
                  document.documentElement.style.colorScheme = 'dark';
                }
              })();
            </script><script src="/_next/static/chunks/node_modules_next_dist_build_polyfills_polyfill-nomodule.js" noModule="" nonce="25fbd815-f17d-4606-b836-a60a38e8e14a"></script></head><body class="inter_5901b7c6-module__ec5Qua__variable font-sans antialiased min-h-screen bg-background text-foreground"><div hidden=""><!--$?--><template id="B:0"></template><!--/$--></div><div style="font-family:system-ui,&quot;Segoe UI&quot;,Roboto,Helvetica,Arial,sans-serif,&quot;Apple Color Emoji&quot;,&quot;Segoe UI Emoji&quot;;height:100vh;text-align:center;display:flex;flex-direction:column;align-items:center;justify-content:center"><div><style>body{color:#000;background:#fff;margin:0}.next-error-h1{border-right:1px solid rgba(0,0,0,.3)}@media (prefers-color-scheme:dark){body{color:#fff;background:#000}.next-error-h1{border-right:1px solid rgba(255,255,255,.3)}}</style><h1 class="next-error-h1" style="display:inline-block;margin:0 20px 0 0;padding:0 23px 0 0;font-size:24px;font-weight:500;vertical-align:top;line-height:49px">404</h1><div style="display:inline-block"><h2 style="font-size:14px;font-weight:400;line-height:49px;margin:0">This page could not be found.</h2></div></div></div><!--$?--><template id="B:1"></template><!--/$--><script nonce="25fbd815-f17d-4606-b836-a60a38e8e14a">requestAnimationFrame(function(){$RT=performance.now()});</script><script src="/_next/static/chunks/%5Bturbopack%5D_browser_dev_hmr-client_hmr-client_ts_57d40746._.js" nonce="25fbd815-f17d-4606-b836-a60a38e8e14a" id="_R_" async=""></script><div hidden id="S:1"></div><script nonce="25fbd815-f17d-4606-b836-a60a38e8e14a">$RB=[];$RV=function(a){$RT=performance.now();for(var b=0;b<a.length;b+=2){var c=a[b],e=a[b+1];null!==e.parentNode&&e.parentNode.removeChild(e);var f=c.parentNode;if(f){var g=c.previousSibling,h=0;do{if(c&&8===c.nodeType){var d=c.data;if("/$"===d||"/&"===d)if(0===h)break;else h--;else"$"!==d&&"$?"!==d&&"$~"!==d&&"$!"!==d&&"&"!==d||h++}d=c.nextSibling;f.removeChild(c);c=d}while(c);for(;e.firstChild;)f.insertBefore(e.firstChild,c);g.data="$";g._reactRetry&&requestAnimationFrame(g._reactRetry)}}a.length=0};
$RC=function(a,b){if(b=document.getElementById(b))(a=document.getElementById(a))?(a.previousSibling.data="$~",$RB.push(a,b),2===$RB.length&&("number"!==typeof $RT?requestAnimationFrame($RV.bind(null,$RB)):(a=performance.now(),setTimeout($RV.bind(null,$RB),2300>a&&2E3<a?2300-a:$RT+300-a)))):b.parentNode.removeChild(b)};$RC("B:1","S:1")</script><title>PingLearn - AI Math Tutor for CBSE Students | Voice-Powered Learning</title><meta name="description" content="Revolutionary AI tutor that helps students excel in Mathematics and Science through voice conversations. CBSE aligned, 24/7 available. Start free trial."/><meta name="author" content="PingLearn"/><link rel="manifest" href="/site.webmanifest"/><meta name="keywords" content="AI math tutor, online tutoring India, CBSE math help, voice AI teacher, personalized learning app, math tuition online, adaptive learning platform, Class 10 math tutor, JEE preparation app, NCERT solutions"/><meta name="creator" content="PingLearn"/><meta name="publisher" content="PingLearn"/><meta name="robots" content="index, follow"/><meta name="googlebot" content="index, follow, max-video-preview:-1, max-image-preview:large, max-snippet:-1"/><meta name="format-detection" content="telephone=no, address=no, email=no"/><meta property="og:title" content="PingLearn - AI Math Tutor for CBSE Students"/><meta property="og:description" content="Revolutionary AI tutor that helps students excel in Mathematics and Science through voice conversations. CBSE aligned, 24/7 available."/><meta property="og:url" content="https://pinglearn.app"/><meta property="og:site_name" content="PingLearn"/><meta property="og:locale" content="en_IN"/><meta property="og:image" content="https://pinglearn.app/og-image.jpg"/><meta property="og:image:width" content="1200"/><meta property="og:image:height" content="630"/><meta property="og:image:alt" content="PingLearn - AI Math Tutor"/><meta property="og:type" content="website"/><meta name="twitter:card" content="summary_large_image"/><meta name="twitter:creator" content="@pinglearn"/><meta name="twitter:title" content="PingLearn - AI Math Tutor for CBSE Students"/><meta name="twitter:description" content="Revolutionary AI tutor that helps students excel in Mathematics and Science through voice conversations."/><meta name="twitter:image" content="https://pinglearn.app/og-image.jpg"/><link rel="shortcut icon" href="/favicon-16x16.png"/><link rel="icon" href="/favicon.ico?favicon.0b3bf435.ico" sizes="256x256" type="image/x-icon"/><link rel="icon" href="/favicon.ico"/><link rel="apple-touch-icon" href="/apple-touch-icon.png"/><script nonce="25fbd815-f17d-4606-b836-a60a38e8e14a">document.querySelectorAll('body link[rel="icon"], body link[rel="apple-touch-icon"]').forEach(el => document.head.appendChild(el))</script><div hidden id="S:0"></div><script nonce="25fbd815-f17d-4606-b836-a60a38e8e14a">$RC("B:0","S:0")</script><script nonce="25fbd815-f17d-4606-b836-a60a38e8e14a">(self.__next_f=self.__next_f||[]).push([0])</script><script nonce="25fbd815-f17d-4606-b836-a60a38e8e14a">self.__next_f.push([1,"5:I[\"[project]/node_modules/next/dist/next-devtools/userspace/app/segment-explorer-node.js [app-client] (ecmascript)\",[\"/_next/static/chunks/node_modules_next_dist_8db7fb1f._.js\",\"/_next/static/chunks/src_app_favicon_ico_mjs_243aa161._.js\"],\"SegmentViewNode\"]\n7:\"$Sreact.fragment\"\n1b:I[\"[project]/src/lib/error-handling/error-boundary.tsx [app-client] (ecmascript)\",[\"/_next/static/chunks/node_modules_f93b3494._.js\",\"/_next/static/chunks/src_9119dd34._.js\",\"/_next/static/chunks/src_app_layout_tsx_0a548d63._.js\"],\"ErrorBoundary\"]\n1d:I[\"[project]/src/contexts/ThemeContext.tsx [app-client] (ecmascript)\",[\"/_next/static/chunks/node_modules_f93b3494._.js\",\"/_next/static/chunks/src_9119dd34._.js\",\"/_next/static/chunks/src_app_layout_tsx_0a548d63._.js\"],\"ThemeProvider\"]\n1f:I[\"[project]/src/lib/auth/auth-provider.tsx [app-client] (ecmascript)\",[\"/_next/static/chunks/node_modules_f93b3494._.js\",\"/_next/static/chunks/src_9119dd34._.js\",\"/_next/static/chunks/src_app_layout_tsx_0a548d63._.js\"],\"AuthProvider\"]\n21:I[\"[project]/node_modules/next/dist/client/components/layout-router.js [app-client] (ecmascript)\",[\"/_next/static/chunks/node_modules_next_dist_8db7fb1f._.js\",\"/_next/static/chunks/src_app_favicon_ico_mjs_243aa161._.js\"],\"default\"]\n23:I[\"[project]/node_modules/next/dist/client/components/render-from-template-context.js [app-client] (ecmascript)\",[\"/_next/static/chunks/node_modules_next_dist_8db7fb1f._.js\",\"/_next/static/chunks/src_app_favicon_ico_mjs_243aa161._.js\"],\"default\"]\n42:I[\"[project]/node_modules/next/dist/lib/framework/boundary-components.js [app-client] (ecmascript)\",[\"/_next/static/chunks/node_modules_next_dist_8db7fb1f._.js\",\"/_next/static/chunks/src_app_favicon_ico_mjs_243aa161._.js\"],\"OutletBoundary\"]\n49:I[\"[project]/node_modules/next/dist/client/components/metadata/async-metadata.js [app-client] (ecmascript)\",[\"/_next/static/chunks/node_modules_next_dist_8db7fb1f._.js\",\"/_next/static/chunks/src_app_favicon_ico_mjs_243aa161._.js\"],\"AsyncMetadataOutlet\"]\n52:I[\"[project]/node_modules/next/dist/lib/framework"])</script><script nonce="25fbd815-f17d-4606-b836-a60a38e8e14a">self.__next_f.push([1,"/boundary-components.js [app-client] (ecmascript)\",[\"/_next/static/chunks/node_modules_next_dist_8db7fb1f._.js\",\"/_next/static/chunks/src_app_favicon_ico_mjs_243aa161._.js\"],\"ViewportBoundary\"]\n59:I[\"[project]/node_modules/next/dist/lib/framework/boundary-components.js [app-client] (ecmascript)\",[\"/_next/static/chunks/node_modules_next_dist_8db7fb1f._.js\",\"/_next/static/chunks/src_app_favicon_ico_mjs_243aa161._.js\"],\"MetadataBoundary\"]\n5e:\"$Sreact.suspense\"\n62:I[\"[project]/node_modules/next/dist/client/components/builtin/global-error.js [app-client] (ecmascript)\",[\"/_next/static/chunks/node_modules_next_dist_8db7fb1f._.js\",\"/_next/static/chunks/src_app_favicon_ico_mjs_243aa161._.js\"],\"default\"]\n83:I[\"[project]/node_modules/next/dist/lib/metadata/generate/icon-mark.js [app-client] (ecmascript)\",[\"/_next/static/chunks/node_modules_next_dist_8db7fb1f._.js\",\"/_next/static/chunks/src_app_favicon_ico_mjs_243aa161._.js\"],\"IconMark\"]\n:HL[\"/_next/static/chunks/%5Broot-of-the-server%5D__3464d2bf._.css\",\"style\",{\"nonce\":\"25fbd815-f17d-4606-b836-a60a38e8e14a\"}]\n:N1759314261286.1248\n3:\"$EObject.defineProperty(()=\u003e{ctx.componentMod.preloadStyle(fullHref,ctx.renderOpts.crossOrigin,ctx.nonce)},\\\"name\\\",{value:\\\"\\\"})\"\n2:{\"name\":\"Preloads\",\"key\":null,\"env\":\"Server\",\"stack\":[],\"props\":{\"preloadCallbacks\":[\"$3\"]}}\n4:[]\n6:[]\n8:[[\"Array.map\",\"\",0,0,0,0,false]]\n9:[[\"Array.map\",\"\",0,0,0,0,false]]\na:[[\"Array.map\",\"\",0,0,0,0,false]]\nb:[[\"Array.map\",\"\",0,0,0,0,false]]\ne:I[\"[project]/node_modules/next/dist/client/components/layout-router.js [app-client] (ecmascript)\",[\"/_next/static/chunks/node_modules_next_dist_8db7fb1f._.js\",\"/_next/static/chunks/src_app_favicon_ico_mjs_243aa161._.js\"],\"default\"]\n11:I[\"[project]/node_modules/next/dist/client/components/render-from-template-context.js [app-client] (ecmascript)\",[\"/_next/static/chunks/node_modules_next_dist_8db7fb1f._.js\",\"/_next/static/chunks/src_app_favicon_ico_mjs_243aa161._.js\"],\"default\"]\n12:{}\n13:[[\"Function.all\",\"\",0,0,0,0,true]]\n10:{\"children\":[\"$\",\"$L11\",null,\"$12\",null,\"$13\",1]}\n1"])</script><script nonce="25fbd815-f17d-4606-b836-a60a38e8e14a">self.__next_f.push([1,"4:[[\"Function.all\",\"\",0,0,0,0,true]]\nf:{\"parallelRouterKey\":\"children\",\"error\":\"$undefined\",\"errorStyles\":\"$undefined\",\"errorScripts\":\"$undefined\",\"template\":[\"$\",\"$7\",null,\"$10\",null,\"$14\",0],\"templateStyles\":\"$undefined\",\"templateScripts\":\"$undefined\",\"notFound\":\"$Y\",\"forbidden\":\"$undefined\",\"unauthorized\":\"$undefined\",\"segmentViewBoundaries\":\"$Y\"}\n15:[[\"Function.all\",\"\",0,0,0,0,true]]\nd:{\"name\":\"RootLayout\",\"key\":null,\"env\":\"Server\",\"stack\":[],\"props\":{\"children\":[\"$\",\"$Le\",null,\"$f\",null,\"$15\",1],\"params\":\"$Y\"}}\n16:[[\"RootLayout\",\"/Users/umasankrudhya/Projects/pinglearn/pinglearn-app/.next/server/chunks/ssr/[root-of-the-server]__c803b373._.js\",293,263,292,1,false]]\n17:[[\"RootLayout\",\"/Users/umasankrudhya/Projects/pinglearn/pinglearn-app/.next/server/chunks/ssr/[root-of-the-server]__c803b373._.js\",297,264,292,1,false]]\n18:[[\"RootLayout\",\"/Users/umasankrudhya/Projects/pinglearn/pinglearn-app/.next/server/chunks/ssr/[root-of-the-server]__c803b373._.js\",298,278,292,1,false]]\n19:[[\"RootLayout\",\"/Users/umasankrudhya/Projects/pinglearn/pinglearn-app/.next/server/chunks/ssr/[root-of-the-server]__c803b373._.js\",335,264,292,1,false]]\n1a:[[\"RootLayout\",\"/Users/umasankrudhya/Projects/pinglearn/pinglearn-app/.next/server/chunks/ssr/[root-of-the-server]__c803b373._.js\",337,278,292,1,false]]\n1c:[[\"RootLayout\",\"/Users/umasankrudhya/Projects/pinglearn/pinglearn-app/.next/server/chunks/ssr/[root-of-the-server]__c803b373._.js\",338,282,292,1,false]]\n1e:[[\"RootLayout\",\"/Users/umasankrudhya/Projects/pinglearn/pinglearn-app/.next/server/chunks/ssr/[root-of-the-server]__c803b373._.js\",339,286,292,1,false]]\n20:[[\"Function.all\",\"\",0,0,0,0,true]]\n22:[[\"Function.all\",\"\",0,0,0,0,true]]\n24:[]\n26:{\"name\":\"NotFound\",\"key\":null,\"env\":\"Server\",\"stack\":[],\"props\":{}}\n27:{\"name\":\"HTTPAccessErrorFallback\",\"key\":null,\"env\":\"Server\",\"owner\":\"$26\",\"stack\":[],\"props\":{\"status\":404,\"message\":\"This page could not be found.\"}}\n28:[]\n29:[]\n2a:[]\n2b:[]\n2c:[]\n2d:[]\n2e:[]\n2f:[[\"Function.all\",\"\",0,0,0,0,true]]\n30:[[\"Function.all\",\"\",0,0,0,0,true]]\n31:[[\"Fun"])</script><script nonce="25fbd815-f17d-4606-b836-a60a38e8e14a">self.__next_f.push([1,"ction.all\",\"\",0,0,0,0,true],[\"Function.all\",\"\",0,0,0,0,true]]\n32:[[\"Function.all\",\"\",0,0,0,0,true],[\"Function.all\",\"\",0,0,0,0,true]]\n33:[[\"Function.all\",\"\",0,0,0,0,true],[\"Function.all\",\"\",0,0,0,0,true]]\n34:[[\"Function.all\",\"\",0,0,0,0,true],[\"Function.all\",\"\",0,0,0,0,true]]\n36:{\"name\":\"NotFound\",\"key\":null,\"env\":\"Server\",\"stack\":[[\"Function.all\",\"\",0,0,0,0,true],[\"Function.all\",\"\",0,0,0,0,true]],\"props\":{\"params\":\"$@37\",\"searchParams\":\"$@38\"}}\n39:{\"name\":\"HTTPAccessErrorFallback\",\"key\":null,\"env\":\"Server\",\"owner\":\"$36\",\"stack\":[],\"props\":{\"status\":404,\"message\":\"This page could not be found.\"}}\n3a:[]\n3b:[]\n3c:[]\n3d:[]\n3e:[]\n3f:[]\n40:[]\n41:[[\"Function.all\",\"\",0,0,0,0,true],[\"Function.all\",\"\",0,0,0,0,true]]\n45:\"$EObject.defineProperty(async function getViewportReady() {\\n        await viewport();\\n        return undefined;\\n    },\\\"name\\\",{value:\\\"getViewportReady\\\"})\"\n44:{\"name\":\"__next_outlet_boundary__\",\"key\":null,\"env\":\"Server\",\"stack\":[[\"Function.all\",\"\",0,0,0,0,true],[\"Function.all\",\"\",0,0,0,0,true]],\"props\":{\"ready\":\"$45\"}}\n47:{\"name\":\"StreamingMetadataOutletImpl\",\"key\":null,\"env\":\"Server\",\"stack\":[[\"Function.all\",\"\",0,0,0,0,true],[\"Function.all\",\"\",0,0,0,0,true]],\"props\":{}}\n48:[]\n4b:[]\n4d:{\"name\":\"NonIndex\",\"key\":null,\"env\":\"Server\",\"stack\":[],\"props\":{\"pagePath\":\"/_not-found\",\"statusCode\":404,\"isPossibleServerAction\":false}}\n4e:[]\n50:{\"name\":\"ViewportTree\",\"key\":null,\"env\":\"Server\",\"stack\":[],\"props\":{}}\n51:[]\n54:{\"name\":\"__next_viewport_boundary__\",\"key\":null,\"env\":\"Server\",\"owner\":\"$50\",\"stack\":[],\"props\":{}}\n55:[]\n57:{\"name\":\"MetadataTree\",\"key\":null,\"env\":\"Server\",\"stack\":[],\"props\":{}}\n58:[]\n5b:{\"name\":\"__next_metadata_boundary__\",\"key\":null,\"env\":\"Server\",\"owner\":\"$57\",\"stack\":[],\"props\":{}}\n5c:[]\n5d:[]\n60:{\"name\":\"MetadataResolver\",\"key\":null,\"env\":\"Server\",\"owner\":\"$5b\",\"stack\":[],\"props\":{}}\n37:{}\n38:\n63:[]\n64:[]\n65:[]\n66:[]\n67:[[\"Array.map\",\"\",0,0,0,0,false]]\n68:[]\n69:[]\n6a:[]\n6b:[]\n6c:[]\n6d:[]\n6e:[]\n6f:[]\n70:[]\n71:[]\n72:[]\n73:[]\n74:[[\"Array.map\",\"\",0,0,0,0,false],[\"Array.map\",\"\",0,0,0,0,false]]"])</script><script nonce="25fbd815-f17d-4606-b836-a60a38e8e14a">self.__next_f.push([1,"\n75:[[\"Array.map\",\"\",0,0,0,0,false],[\"Array.map\",\"\",0,0,0,0,false]]\n76:[[\"Array.map\",\"\",0,0,0,0,false],[\"Array.map\",\"\",0,0,0,0,false]]\n77:[[\"Array.map\",\"\",0,0,0,0,false],[\"Array.map\",\"\",0,0,0,0,false]]\n78:[]\n79:[]\n7a:[]\n7b:[]\n7c:[]\n7d:[[\"Array.map\",\"\",0,0,0,0,false],[\"Array.map\",\"\",0,0,0,0,false]]\n7e:[[\"Array.map\",\"\",0,0,0,0,false]]\n7f:[[\"Array.map\",\"\",0,0,0,0,false]]\n80:[[\"Array.map\",\"\",0,0,0,0,false]]\n81:[[\"Array.map\",\"\",0,0,0,0,false]]\n82:[]\n1:D\"$2\"\n1:null\nc:D\"$d\"\n25:D\"$26\"\n25:D\"$27\"\n"])</script><script nonce="25fbd815-f17d-4606-b836-a60a38e8e14a">self.__next_f.push([1,"25:[[\"$\",\"title\",null,{\"children\":\"404: This page could not be found.\"},\"$27\",\"$28\",1],[\"$\",\"div\",null,{\"style\":{\"fontFamily\":\"system-ui,\\\"Segoe UI\\\",Roboto,Helvetica,Arial,sans-serif,\\\"Apple Color Emoji\\\",\\\"Segoe UI Emoji\\\"\",\"height\":\"100vh\",\"textAlign\":\"center\",\"display\":\"flex\",\"flexDirection\":\"column\",\"alignItems\":\"center\",\"justifyContent\":\"center\"},\"children\":[\"$\",\"div\",null,{\"children\":[[\"$\",\"style\",null,{\"dangerouslySetInnerHTML\":{\"__html\":\"body{color:#000;background:#fff;margin:0}.next-error-h1{border-right:1px solid rgba(0,0,0,.3)}@media (prefers-color-scheme:dark){body{color:#fff;background:#000}.next-error-h1{border-right:1px solid rgba(255,255,255,.3)}}\"}},\"$27\",\"$2b\",1],[\"$\",\"h1\",null,{\"className\":\"next-error-h1\",\"style\":{\"display\":\"inline-block\",\"margin\":\"0 20px 0 0\",\"padding\":\"0 23px 0 0\",\"fontSize\":24,\"fontWeight\":500,\"verticalAlign\":\"top\",\"lineHeight\":\"49px\"},\"children\":404},\"$27\",\"$2c\",1],[\"$\",\"div\",null,{\"style\":{\"display\":\"inline-block\"},\"children\":[\"$\",\"h2\",null,{\"style\":{\"fontSize\":14,\"fontWeight\":400,\"lineHeight\":\"49px\",\"margin\":0},\"children\":\"This page could not be found.\"},\"$27\",\"$2e\",1]},\"$27\",\"$2d\",1]]},\"$27\",\"$2a\",1]},\"$27\",\"$29\",1]]\n"])</script><script nonce="25fbd815-f17d-4606-b836-a60a38e8e14a">self.__next_f.push([1,"c:[\"$\",\"html\",null,{\"lang\":\"en\",\"suppressHydrationWarning\":true,\"children\":[[\"$\",\"head\",null,{\"children\":[\"$\",\"script\",null,{\"dangerouslySetInnerHTML\":{\"__html\":\"\\n              (function() {\\n                try {\\n                  const storedTheme = localStorage.getItem('theme');\\n                  const theme = storedTheme || 'system';\\n\\n                  let resolved;\\n                  if (theme === 'system') {\\n                    resolved = window.matchMedia('(prefers-color-scheme: dark)').matches\\n                      ? 'dark'\\n                      : 'light';\\n                  } else {\\n                    resolved = theme;\\n                  }\\n\\n                  document.documentElement.classList.add(resolved);\\n                  document.documentElement.style.colorScheme = resolved;\\n                } catch (e) {\\n                  // Fallback to dark theme if anything fails\\n                  document.documentElement.classList.add('dark');\\n                  document.documentElement.style.colorScheme = 'dark';\\n                }\\n              })();\\n            \"}},\"$d\",\"$18\",1]},\"$d\",\"$17\",1],[\"$\",\"body\",null,{\"className\":\"inter_5901b7c6-module__ec5Qua__variable font-sans antialiased min-h-screen bg-background text-foreground\",\"children\":[\"$\",\"$L1b\",null,{\"children\":[\"$\",\"$L1d\",null,{\"children\":[\"$\",\"$L1f\",null,{\"children\":[\"$\",\"$L21\",null,{\"parallelRouterKey\":\"children\",\"error\":\"$undefined\",\"errorStyles\":\"$undefined\",\"errorScripts\":\"$undefined\",\"template\":[\"$\",\"$L23\",null,{},null,\"$22\",1],\"templateStyles\":\"$undefined\",\"templateScripts\":\"$undefined\",\"notFound\":[\"$\",\"$L5\",\"c-not-found\",{\"type\":\"not-found\",\"pagePath\":\"__next_builtin__not-found.js\",\"children\":[\"$25\",[]]},null,\"$24\",0],\"forbidden\":\"$undefined\",\"unauthorized\":\"$undefined\",\"segmentViewBoundaries\":[[\"$\",\"$L5\",null,{\"type\":\"boundary:not-found\",\"pagePath\":\"__next_builtin__not-found.js@boundary\"},null,\"$2f\",1],\"$undefined\",\"$undefined\",\"$undefined\"]},null,\"$20\",1]},\"$d\",\"$1e\",1]},\"$d\",\"$1c\",1]},\"$d\",\"$1a\",1]},\"$d\",\"$19\",1]]},\"$d\",\"$16\",1]\n"])</script><script nonce="25fbd815-f17d-4606-b836-a60a38e8e14a">self.__next_f.push([1,"35:D\"$36\"\n35:D\"$39\"\n"])</script><script nonce="25fbd815-f17d-4606-b836-a60a38e8e14a">self.__next_f.push([1,"35:[[\"$\",\"title\",null,{\"children\":\"404: This page could not be found.\"},\"$39\",\"$3a\",1],[\"$\",\"div\",null,{\"style\":\"$25:1:props:style\",\"children\":[\"$\",\"div\",null,{\"children\":[[\"$\",\"style\",null,{\"dangerouslySetInnerHTML\":{\"__html\":\"body{color:#000;background:#fff;margin:0}.next-error-h1{border-right:1px solid rgba(0,0,0,.3)}@media (prefers-color-scheme:dark){body{color:#fff;background:#000}.next-error-h1{border-right:1px solid rgba(255,255,255,.3)}}\"}},\"$39\",\"$3d\",1],[\"$\",\"h1\",null,{\"className\":\"next-error-h1\",\"style\":\"$25:1:props:children:props:children:1:props:style\",\"children\":404},\"$39\",\"$3e\",1],[\"$\",\"div\",null,{\"style\":\"$25:1:props:children:props:children:2:props:style\",\"children\":[\"$\",\"h2\",null,{\"style\":\"$25:1:props:children:props:children:2:props:children:props:style\",\"children\":\"This page could not be found.\"},\"$39\",\"$40\",1]},\"$39\",\"$3f\",1]]},\"$39\",\"$3c\",1]},\"$39\",\"$3b\",1]]\n"])</script><script nonce="25fbd815-f17d-4606-b836-a60a38e8e14a">self.__next_f.push([1,"43:D\"$44\"\n46:D\"$47\"\n46:[\"$\",\"$L49\",null,{\"promise\":\"$@4a\"},\"$47\",\"$48\",1]\n4c:D\"$4d\"\n4c:[\"$\",\"meta\",null,{\"name\":\"robots\",\"content\":\"noindex\"},null,\"$4e\",1]\n4f:D\"$50\"\n53:D\"$54\"\n4f:[[\"$\",\"$L52\",null,{\"children\":\"$L53\"},\"$50\",\"$51\",1],[\"$\",\"meta\",null,{\"name\":\"next-size-adjust\",\"content\":\"\"},\"$50\",\"$55\",1]]\n56:D\"$57\"\n5a:D\"$5b\"\n5f:D\"$60\"\n5a:[\"$\",\"div\",null,{\"hidden\":true,\"children\":[\"$\",\"$5e\",null,{\"fallback\":null,\"children\":\"$L5f\"},\"$5b\",\"$5d\",1]},\"$5b\",\"$5c\",1]\n56:[\"$\",\"$L59\",null,{\"children\":\"$5a\"},\"$57\",\"$58\",1]\n61:[]\n"])</script><script nonce="25fbd815-f17d-4606-b836-a60a38e8e14a">self.__next_f.push([1,"0:{\"P\":\"$1\",\"b\":\"development\",\"p\":\"\",\"c\":[\"\",\"api\",\"v2\",\"livekit\",\"webhook\"],\"i\":false,\"f\":[[[\"\",{\"children\":[\"/_not-found\",{\"children\":[\"__PAGE__\",{}]}]},\"$undefined\",\"$undefined\",true],[\"\",[\"$\",\"$L5\",\"layout\",{\"type\":\"layout\",\"pagePath\":\"layout.tsx\",\"children\":[\"$\",\"$7\",\"c\",{\"children\":[[[\"$\",\"link\",\"0\",{\"rel\":\"stylesheet\",\"href\":\"/_next/static/chunks/%5Broot-of-the-server%5D__3464d2bf._.css\",\"precedence\":\"next_static/chunks/[root-of-the-server]__3464d2bf._.css\",\"crossOrigin\":\"$undefined\",\"nonce\":\"25fbd815-f17d-4606-b836-a60a38e8e14a\"},null,\"$8\",0],[\"$\",\"script\",\"script-0\",{\"src\":\"/_next/static/chunks/node_modules_f93b3494._.js\",\"async\":true,\"nonce\":\"25fbd815-f17d-4606-b836-a60a38e8e14a\"},null,\"$9\",0],[\"$\",\"script\",\"script-1\",{\"src\":\"/_next/static/chunks/src_9119dd34._.js\",\"async\":true,\"nonce\":\"25fbd815-f17d-4606-b836-a60a38e8e14a\"},null,\"$a\",0],[\"$\",\"script\",\"script-2\",{\"src\":\"/_next/static/chunks/src_app_layout_tsx_0a548d63._.js\",\"async\":true,\"nonce\":\"25fbd815-f17d-4606-b836-a60a38e8e14a\"},null,\"$b\",0]],\"$c\"]},null,\"$6\",1]},null,\"$4\",0],{\"children\":[\"/_not-found\",[\"$\",\"$7\",\"c\",{\"children\":[null,[\"$\",\"$L21\",null,{\"parallelRouterKey\":\"children\",\"error\":\"$undefined\",\"errorStyles\":\"$undefined\",\"errorScripts\":\"$undefined\",\"template\":[\"$\",\"$L23\",null,{},null,\"$32\",1],\"templateStyles\":\"$undefined\",\"templateScripts\":\"$undefined\",\"notFound\":\"$undefined\",\"forbidden\":\"$undefined\",\"unauthorized\":\"$undefined\",\"segmentViewBoundaries\":[\"$undefined\",\"$undefined\",\"$undefined\",\"$undefined\"]},null,\"$31\",1]]},null,\"$30\",0],{\"children\":[\"__PAGE__\",[\"$\",\"$7\",\"c\",{\"children\":[[\"$\",\"$L5\",\"c-page\",{\"type\":\"page\",\"pagePath\":\"__next_builtin__not-found.js\",\"children\":\"$35\"},null,\"$34\",1],null,[\"$\",\"$L42\",null,{\"children\":[\"$L43\",\"$46\"]},null,\"$41\",1]]},null,\"$33\",0],{},null,false]},null,false]},null,false],[\"$\",\"$7\",\"h\",{\"children\":[\"$4c\",\"$4f\",\"$56\"]},null,\"$4b\",0],false]],\"m\":\"$W61\",\"G\":[\"$62\",\"$undefined\"],\"s\":false,\"S\":false}\n"])</script><script nonce="25fbd815-f17d-4606-b836-a60a38e8e14a">self.__next_f.push([1,"53:[[\"$\",\"meta\",\"0\",{\"charSet\":\"utf-8\"},\"$44\",\"$63\",0],[\"$\",\"meta\",\"1\",{\"name\":\"viewport\",\"content\":\"width=device-width, initial-scale=1\"},\"$44\",\"$64\",0]]\n43:null\n"])</script><script nonce="25fbd815-f17d-4606-b836-a60a38e8e14a">self.__next_f.push([1,"4a:{\"metadata\":[[\"$\",\"title\",\"0\",{\"children\":\"PingLearn - AI Math Tutor for CBSE Students | Voice-Powered Learning\"},\"$47\",\"$65\",0],[\"$\",\"meta\",\"1\",{\"name\":\"description\",\"content\":\"Revolutionary AI tutor that helps students excel in Mathematics and Science through voice conversations. CBSE aligned, 24/7 available. Start free trial.\"},\"$47\",\"$66\",0],[\"$\",\"meta\",\"2\",{\"name\":\"author\",\"content\":\"PingLearn\"},\"$47\",\"$67\",0],[\"$\",\"link\",\"3\",{\"rel\":\"manifest\",\"href\":\"/site.webmanifest\",\"crossOrigin\":\"$undefined\"},\"$47\",\"$68\",0],[\"$\",\"meta\",\"4\",{\"name\":\"keywords\",\"content\":\"AI math tutor, online tutoring India, CBSE math help, voice AI teacher, personalized learning app, math tuition online, adaptive learning platform, Class 10 math tutor, JEE preparation app, NCERT solutions\"},\"$47\",\"$69\",0],[\"$\",\"meta\",\"5\",{\"name\":\"creator\",\"content\":\"PingLearn\"},\"$47\",\"$6a\",0],[\"$\",\"meta\",\"6\",{\"name\":\"publisher\",\"content\":\"PingLearn\"},\"$47\",\"$6b\",0],[\"$\",\"meta\",\"7\",{\"name\":\"robots\",\"content\":\"index, follow\"},\"$47\",\"$6c\",0],[\"$\",\"meta\",\"8\",{\"name\":\"googlebot\",\"content\":\"index, follow, max-video-preview:-1, max-image-preview:large, max-snippet:-1\"},\"$47\",\"$6d\",0],[\"$\",\"meta\",\"9\",{\"name\":\"format-detection\",\"content\":\"telephone=no, address=no, email=no\"},\"$47\",\"$6e\",0],[\"$\",\"meta\",\"10\",{\"property\":\"og:title\",\"content\":\"PingLearn - AI Math Tutor for CBSE Students\"},\"$47\",\"$6f\",0],[\"$\",\"meta\",\"11\",{\"property\":\"og:description\",\"content\":\"Revolutionary AI tutor that helps students excel in Mathematics and Science through voice conversations. CBSE aligned, 24/7 available.\"},\"$47\",\"$70\",0],[\"$\",\"meta\",\"12\",{\"property\":\"og:url\",\"content\":\"https://pinglearn.app\"},\"$47\",\"$71\",0],[\"$\",\"meta\",\"13\",{\"property\":\"og:site_name\",\"content\":\"PingLearn\"},\"$47\",\"$72\",0],[\"$\",\"meta\",\"14\",{\"property\":\"og:locale\",\"content\":\"en_IN\"},\"$47\",\"$73\",0],[\"$\",\"meta\",\"15\",{\"property\":\"og:image\",\"content\":\"https://pinglearn.app/og-image.jpg\"},\"$47\",\"$74\",0],[\"$\",\"meta\",\"16\",{\"property\":\"og:image:width\",\"content\":\"1200\"},\"$47\",\"$75\",0],[\"$\",\"meta\",\"17\",{\"property\":\"og:image:height\",\"content\":\"630\"},\"$47\",\"$76\",0],[\"$\",\"meta\",\"18\",{\"property\":\"og:image:alt\",\"content\":\"PingLearn - AI Math Tutor\"},\"$47\",\"$77\",0],[\"$\",\"meta\",\"19\",{\"property\":\"og:type\",\"content\":\"website\"},\"$47\",\"$78\",0],[\"$\",\"meta\",\"20\",{\"name\":\"twitter:card\",\"content\":\"summary_large_image\"},\"$47\",\"$79\",0],[\"$\",\"meta\",\"21\",{\"name\":\"twitter:creator\",\"content\":\"@pinglearn\"},\"$47\",\"$7a\",0],[\"$\",\"meta\",\"22\",{\"name\":\"twitter:title\",\"content\":\"PingLearn - AI Math Tutor for CBSE Students\"},\"$47\",\"$7b\",0],[\"$\",\"meta\",\"23\",{\"name\":\"twitter:description\",\"content\":\"Revolutionary AI tutor that helps students excel in Mathematics and Science through voice conversations.\"},\"$47\",\"$7c\",0],[\"$\",\"meta\",\"24\",{\"name\":\"twitter:image\",\"content\":\"https://pinglearn.app/og-image.jpg\"},\"$47\",\"$7d\",0],[\"$\",\"link\",\"25\",{\"rel\":\"shortcut icon\",\"href\":\"/favicon-16x16.png\"},\"$47\",\"$7e\",0],[\"$\",\"link\",\"26\",{\"rel\":\"icon\",\"href\":\"/favicon.ico?favicon.0b3bf435.ico\",\"sizes\":\"256x256\",\"type\":\"image/x-icon\"},\"$47\",\"$7f\",0],[\"$\",\"link\",\"27\",{\"rel\":\"icon\",\"href\":\"/favicon.ico\"},\"$47\",\"$80\",0],[\"$\",\"link\",\"28\",{\"rel\":\"apple-touch-icon\",\"href\":\"/apple-touch-icon.png\"},\"$47\",\"$81\",0],[\"$\",\"$L83\",\"29\",{},\"$47\",\"$82\",0]],\"error\":null,\"digest\":\"$undefined\"}\n"])</script><script nonce="25fbd815-f17d-4606-b836-a60a38e8e14a">self.__next_f.push([1,"5f:\"$4a:metadata\"\n"])</script></body></html>
✅ /api/session/start: 200

=== PC-005 Test Summary ===
✅ All PC-005 LiveKit integration tests completed
📸 Screenshots saved to .playwright-mcp/
📊 Check console output for detailed results
]]>
</system-out>
</testcase>
</testsuite>
<testsuite name="pc-010/debug-after-get-started.spec.ts" timestamp="2025-10-01T10:20:41.011Z" hostname="chromium-desktop" tests="1" failures="0" skipped="0" time="12.954" errors="0">
<testcase name="Debug what happens after Get Started" classname="pc-010/debug-after-get-started.spec.ts" time="12.954">
<system-out>
<![CDATA[Navigating to http://localhost:3006
Clicking Get Started
Taking screenshot after Get Started
Current URL: http://localhost:3006/
Page content after Get Started: FeaturesSubjectsHow It WorksPricingChangelogResourcesContactSign InStart Free TrialThe future of learning is personalMeet Your Child'sAdaptiveAI TeacherBeyond tutoring. Beyond homework help.A learning companion that understands, adapts, and never gives up on your child.Start Free TrialWatch DemoSee PingLearn in action50,000+ Students4.9★ Parent RatingCBSE AlignedCOPPA Compliant🎙️Voice conversations📐Real-time math rendering🧠Adaptive learning📊Progress tracking🌙24/7 availability🎯Exam preparat...
Found login form - need to authenticate
]]>
</system-out>
</testcase>
</testsuite>
<testsuite name="pc-010/debug-homepage.spec.ts" timestamp="2025-10-01T10:20:41.011Z" hostname="chromium-desktop" tests="1" failures="0" skipped="0" time="18.989" errors="0">
<testcase name="Debug homepage to see what elements are available" classname="pc-010/debug-homepage.spec.ts" time="18.989">
<system-out>
<![CDATA[Navigating to http://localhost:3006
Taking screenshot of homepage
Getting page content...
Page content: FeaturesSubjectsHow It WorksPricingChangelogResourcesContactSign InStart Free TrialThe future of learning is personalMeet Your Child'sAdAI TeacherBeyond tutoring. Beyond homework help.A learning companion that understands, adapts, and never gives up on your child.Start Free TrialWatch DemoSee PingLearn in action50,000+ Students4.9★ Parent RatingCBSE AlignedCOPPA Compliant🎙️Voice conversations📐Real-time math rendering🧠Adaptive learning📊Progress tracking🌙24/7 availability🎯Exam preparation💬I...
Found [33m9[39m buttons
Button [33m0[39m : Features
Button [33m1[39m : Subjects
Button [33m2[39m : Resources
Button [33m3[39m : 
Button [33m4[39m : Watch DemoSee PingLearn in action
Found [33m42[39m links
Link [33m0[39m : 
Link [33m1[39m : How It Works
Link [33m2[39m : Pricing
Link [33m3[39m : Changelog
Link [33m4[39m : Contact
]]>
</system-out>
</testcase>
</testsuite>
<testsuite name="pc-010/final-transcription-test.spec.ts" timestamp="2025-10-01T10:20:41.011Z" hostname="chromium-desktop" tests="1" failures="1" skipped="0" time="26.286" errors="0">
<testcase name="PC-010 Final Transcription Pipeline Test › should complete full PC-010 transcription pipeline test" classname="pc-010/final-transcription-test.spec.ts" time="26.286">
<failure message="final-transcription-test.spec.ts:25:7 should complete full PC-010 transcription pipeline test" type="FAILURE">
<![CDATA[  [chromium-desktop] › pc-010/final-transcription-test.spec.ts:25:7 › PC-010 Final Transcription Pipeline Test › should complete full PC-010 transcription pipeline test 

    TimeoutError: page.fill: Timeout 10000ms exceeded.
    Call log:
      - waiting for locator('input[type="password"]')


      30 |     await page.click('text=Get Started');
      31 |     await page.fill('input[type="email"]', 'test@example.com');
    > 32 |     await page.fill('input[type="password"]', 'TestPassword123!');
         |                ^
      33 |     await page.click('button:has-text("Sign In")');
      34 |     await page.waitForLoadState('networkidle');
      35 |     await page.waitForTimeout(3000);
        at /Users/umasankrudhya/Projects/pinglearn/pinglearn-app/e2e/pc-010/final-transcription-test.spec.ts:32:16

    attachment #1: screenshot (image/png) ──────────────────────────────────────────────────────────
    ../test-results/pc-010-final-transcription-828a8-transcription-pipeline-test-chromium-desktop/test-failed-1.png
    ────────────────────────────────────────────────────────────────────────────────────────────────

    attachment #2: screenshot (image/png) ──────────────────────────────────────────────────────────
    ../test-results/pc-010-final-transcription-828a8-transcription-pipeline-test-chromium-desktop/test-failed-2.png
    ────────────────────────────────────────────────────────────────────────────────────────────────

    attachment #3: trace (application/zip) ─────────────────────────────────────────────────────────
    ../test-results/pc-010-final-transcription-828a8-transcription-pipeline-test-chromium-desktop/trace.zip
    Usage:

        npx playwright show-trace ../test-results/pc-010-final-transcription-828a8-transcription-pipeline-test-chromium-desktop/trace.zip

    ────────────────────────────────────────────────────────────────────────────────────────────────

    Retry #1 ───────────────────────────────────────────────────────────────────────────────────────

    TimeoutError: page.fill: Timeout 10000ms exceeded.
    Call log:
      - waiting for locator('input[type="password"]')


      30 |     await page.click('text=Get Started');
      31 |     await page.fill('input[type="email"]', 'test@example.com');
    > 32 |     await page.fill('input[type="password"]', 'TestPassword123!');
         |                ^
      33 |     await page.click('button:has-text("Sign In")');
      34 |     await page.waitForLoadState('networkidle');
      35 |     await page.waitForTimeout(3000);
        at /Users/umasankrudhya/Projects/pinglearn/pinglearn-app/e2e/pc-010/final-transcription-test.spec.ts:32:16

    attachment #1: screenshot (image/png) ──────────────────────────────────────────────────────────
    ../test-results/pc-010-final-transcription-828a8-transcription-pipeline-test-chromium-desktop-retry1/test-failed-1.png
    ────────────────────────────────────────────────────────────────────────────────────────────────

    Error Context: ../test-results/pc-010-final-transcription-828a8-transcription-pipeline-test-chromium-desktop-retry1/error-context.md

    attachment #3: trace (application/zip) ─────────────────────────────────────────────────────────
    ../test-results/pc-010-final-transcription-828a8-transcription-pipeline-test-chromium-desktop-retry1/trace.zip
    Usage:

        npx playwright show-trace ../test-results/pc-010-final-transcription-828a8-transcription-pipeline-test-chromium-desktop-retry1/trace.zip

    ────────────────────────────────────────────────────────────────────────────────────────────────
]]>
</failure>
<system-out>
<![CDATA[=== PC-010 COMPLETE TRANSCRIPTION PIPELINE TEST ===

[[ATTACHMENT|../../test-results/pc-010-final-transcription-828a8-transcription-pipeline-test-chromium-desktop/test-failed-1.png]]

[[ATTACHMENT|../../test-results/pc-010-final-transcription-828a8-transcription-pipeline-test-chromium-desktop/test-failed-2.png]]

[[ATTACHMENT|../../test-results/pc-010-final-transcription-828a8-transcription-pipeline-test-chromium-desktop/trace.zip]]
=== PC-010 COMPLETE TRANSCRIPTION PIPELINE TEST ===

[[ATTACHMENT|../../test-results/pc-010-final-transcription-828a8-transcription-pipeline-test-chromium-desktop-retry1/test-failed-1.png]]

[[ATTACHMENT|../../test-results/pc-010-final-transcription-828a8-transcription-pipeline-test-chromium-desktop-retry1/error-context.md]]

[[ATTACHMENT|../../test-results/pc-010-final-transcription-828a8-transcription-pipeline-test-chromium-desktop-retry1/trace.zip]]
]]>
</system-out>
</testcase>
</testsuite>
<testsuite name="pc-010/transcription-pipeline-full.spec.ts" timestamp="2025-10-01T10:20:41.011Z" hostname="chromium-desktop" tests="1" failures="1" skipped="0" time="60.269" errors="0">
<testcase name="PC-010 Transcription Pipeline Test › should verify transcription pipeline in classroom" classname="pc-010/transcription-pipeline-full.spec.ts" time="60.269">
<failure message="transcription-pipeline-full.spec.ts:20:7 should verify transcription pipeline in classroom" type="FAILURE">
<![CDATA[  [chromium-desktop] › pc-010/transcription-pipeline-full.spec.ts:20:7 › PC-010 Transcription Pipeline Test › should verify transcription pipeline in classroom 

    Test timeout of 30000ms exceeded.

    Error: page.waitForLoadState: Test ended.

      24 |     console.log('Step 1: Navigating to http://localhost:3006');
      25 |     await page.goto('http://localhost:3006');
    > 26 |     await page.waitForLoadState('networkidle');
         |                ^
      27 |     
      28 |     // Step 2: Click "Get Started" (goes to login)
      29 |     console.log('Step 2: Clicking "Get Started"');
        at /Users/umasankrudhya/Projects/pinglearn/pinglearn-app/e2e/pc-010/transcription-pipeline-full.spec.ts:26:16

    attachment #1: screenshot (image/png) ──────────────────────────────────────────────────────────
    ../test-results/pc-010-transcription-pipel-ff0ca-ption-pipeline-in-classroom-chromium-desktop/test-failed-1.png
    ────────────────────────────────────────────────────────────────────────────────────────────────

    Error Context: ../test-results/pc-010-transcription-pipel-ff0ca-ption-pipeline-in-classroom-chromium-desktop/error-context.md

    attachment #3: trace (application/zip) ─────────────────────────────────────────────────────────
    ../test-results/pc-010-transcription-pipel-ff0ca-ption-pipeline-in-classroom-chromium-desktop/trace.zip
    Usage:

        npx playwright show-trace ../test-results/pc-010-transcription-pipel-ff0ca-ption-pipeline-in-classroom-chromium-desktop/trace.zip

    ────────────────────────────────────────────────────────────────────────────────────────────────

    Retry #1 ───────────────────────────────────────────────────────────────────────────────────────

    Test timeout of 30000ms exceeded.

    Error: page.waitForLoadState: Test ended.

      24 |     console.log('Step 1: Navigating to http://localhost:3006');
      25 |     await page.goto('http://localhost:3006');
    > 26 |     await page.waitForLoadState('networkidle');
         |                ^
      27 |     
      28 |     // Step 2: Click "Get Started" (goes to login)
      29 |     console.log('Step 2: Clicking "Get Started"');
        at /Users/umasankrudhya/Projects/pinglearn/pinglearn-app/e2e/pc-010/transcription-pipeline-full.spec.ts:26:16

    attachment #1: screenshot (image/png) ──────────────────────────────────────────────────────────
    ../test-results/pc-010-transcription-pipel-ff0ca-ption-pipeline-in-classroom-chromium-desktop-retry1/test-failed-1.png
    ────────────────────────────────────────────────────────────────────────────────────────────────

    Error Context: ../test-results/pc-010-transcription-pipel-ff0ca-ption-pipeline-in-classroom-chromium-desktop-retry1/error-context.md

    attachment #3: trace (application/zip) ─────────────────────────────────────────────────────────
    ../test-results/pc-010-transcription-pipel-ff0ca-ption-pipeline-in-classroom-chromium-desktop-retry1/trace.zip
    Usage:

        npx playwright show-trace ../test-results/pc-010-transcription-pipel-ff0ca-ption-pipeline-in-classroom-chromium-desktop-retry1/trace.zip

    ────────────────────────────────────────────────────────────────────────────────────────────────
]]>
</failure>
<system-out>
<![CDATA[=== PC-010 TRANSCRIPTION PIPELINE TEST ===
Step 1: Navigating to http://localhost:3006

[[ATTACHMENT|../../test-results/pc-010-transcription-pipel-ff0ca-ption-pipeline-in-classroom-chromium-desktop/test-failed-1.png]]

[[ATTACHMENT|../../test-results/pc-010-transcription-pipel-ff0ca-ption-pipeline-in-classroom-chromium-desktop/error-context.md]]

[[ATTACHMENT|../../test-results/pc-010-transcription-pipel-ff0ca-ption-pipeline-in-classroom-chromium-desktop/trace.zip]]
=== PC-010 TRANSCRIPTION PIPELINE TEST ===
Step 1: Navigating to http://localhost:3006

[[ATTACHMENT|../../test-results/pc-010-transcription-pipel-ff0ca-ption-pipeline-in-classroom-chromium-desktop-retry1/test-failed-1.png]]

[[ATTACHMENT|../../test-results/pc-010-transcription-pipel-ff0ca-ption-pipeline-in-classroom-chromium-desktop-retry1/error-context.md]]

[[ATTACHMENT|../../test-results/pc-010-transcription-pipel-ff0ca-ption-pipeline-in-classroom-chromium-desktop-retry1/trace.zip]]
]]>
</system-out>
</testcase>
</testsuite>
<testsuite name="pc-010/transcription-pipeline.spec.ts" timestamp="2025-10-01T10:20:41.011Z" hostname="chromium-desktop" tests="1" failures="1" skipped="0" time="60.273" errors="0">
<testcase name="PC-010 Transcription Pipeline Test › should verify transcription pipeline in classroom" classname="pc-010/transcription-pipeline.spec.ts" time="60.273">
<failure message="transcription-pipeline.spec.ts:18:7 should verify transcription pipeline in classroom" type="FAILURE">
<![CDATA[  [chromium-desktop] › pc-010/transcription-pipeline.spec.ts:18:7 › PC-010 Transcription Pipeline Test › should verify transcription pipeline in classroom 

    Test timeout of 30000ms exceeded.

    Error: page.waitForLoadState: Test ended.

      22 |     console.log('Step 1: Navigating to http://localhost:3006');
      23 |     await page.goto('http://localhost:3006');
    > 24 |     await page.waitForLoadState('networkidle');
         |                ^
      25 |     
      26 |     // Step 2: Click "Go to Dashboard"
      27 |     console.log('Step 2: Clicking "Get Started"');
        at /Users/umasankrudhya/Projects/pinglearn/pinglearn-app/e2e/pc-010/transcription-pipeline.spec.ts:24:16

    attachment #1: screenshot (image/png) ──────────────────────────────────────────────────────────
    ../test-results/pc-010-transcription-pipel-49699-ption-pipeline-in-classroom-chromium-desktop/test-failed-1.png
    ────────────────────────────────────────────────────────────────────────────────────────────────

    Error Context: ../test-results/pc-010-transcription-pipel-49699-ption-pipeline-in-classroom-chromium-desktop/error-context.md

    attachment #3: trace (application/zip) ─────────────────────────────────────────────────────────
    ../test-results/pc-010-transcription-pipel-49699-ption-pipeline-in-classroom-chromium-desktop/trace.zip
    Usage:

        npx playwright show-trace ../test-results/pc-010-transcription-pipel-49699-ption-pipeline-in-classroom-chromium-desktop/trace.zip

    ────────────────────────────────────────────────────────────────────────────────────────────────

    Retry #1 ───────────────────────────────────────────────────────────────────────────────────────

    Test timeout of 30000ms exceeded.

    Error: page.waitForLoadState: Test ended.

      22 |     console.log('Step 1: Navigating to http://localhost:3006');
      23 |     await page.goto('http://localhost:3006');
    > 24 |     await page.waitForLoadState('networkidle');
         |                ^
      25 |     
      26 |     // Step 2: Click "Go to Dashboard"
      27 |     console.log('Step 2: Clicking "Get Started"');
        at /Users/umasankrudhya/Projects/pinglearn/pinglearn-app/e2e/pc-010/transcription-pipeline.spec.ts:24:16

    attachment #1: screenshot (image/png) ──────────────────────────────────────────────────────────
    ../test-results/pc-010-transcription-pipel-49699-ption-pipeline-in-classroom-chromium-desktop-retry1/test-failed-1.png
    ────────────────────────────────────────────────────────────────────────────────────────────────

    Error Context: ../test-results/pc-010-transcription-pipel-49699-ption-pipeline-in-classroom-chromium-desktop-retry1/error-context.md

    attachment #3: trace (application/zip) ─────────────────────────────────────────────────────────
    ../test-results/pc-010-transcription-pipel-49699-ption-pipeline-in-classroom-chromium-desktop-retry1/trace.zip
    Usage:

        npx playwright show-trace ../test-results/pc-010-transcription-pipel-49699-ption-pipeline-in-classroom-chromium-desktop-retry1/trace.zip

    ────────────────────────────────────────────────────────────────────────────────────────────────
]]>
</failure>
<system-out>
<![CDATA[=== PC-010 TRANSCRIPTION PIPELINE TEST ===
Step 1: Navigating to http://localhost:3006

[[ATTACHMENT|../../test-results/pc-010-transcription-pipel-49699-ption-pipeline-in-classroom-chromium-desktop/test-failed-1.png]]

[[ATTACHMENT|../../test-results/pc-010-transcription-pipel-49699-ption-pipeline-in-classroom-chromium-desktop/error-context.md]]

[[ATTACHMENT|../../test-results/pc-010-transcription-pipel-49699-ption-pipeline-in-classroom-chromium-desktop/trace.zip]]
=== PC-010 TRANSCRIPTION PIPELINE TEST ===
Step 1: Navigating to http://localhost:3006

[[ATTACHMENT|../../test-results/pc-010-transcription-pipel-49699-ption-pipeline-in-classroom-chromium-desktop-retry1/test-failed-1.png]]

[[ATTACHMENT|../../test-results/pc-010-transcription-pipel-49699-ption-pipeline-in-classroom-chromium-desktop-retry1/error-context.md]]

[[ATTACHMENT|../../test-results/pc-010-transcription-pipel-49699-ption-pipeline-in-classroom-chromium-desktop-retry1/trace.zip]]
]]>
</system-out>
</testcase>
</testsuite>
<testsuite name="pc-010/transcription-session-test.spec.ts" timestamp="2025-10-01T10:20:41.011Z" hostname="chromium-desktop" tests="1" failures="1" skipped="0" time="60.354" errors="0">
<testcase name="PC-010 Transcription Pipeline - Voice Session Test › should test PC-010 transcription pipeline in voice session" classname="pc-010/transcription-session-test.spec.ts" time="60.354">
<failure message="transcription-session-test.spec.ts:25:7 should test PC-010 transcription pipeline in voice session" type="FAILURE">
<![CDATA[  [chromium-desktop] › pc-010/transcription-session-test.spec.ts:25:7 › PC-010 Transcription Pipeline - Voice Session Test › should test PC-010 transcription pipeline in voice session 

    Test timeout of 30000ms exceeded.

    Error: page.fill: Test ended.
    Call log:
      - waiting for locator('input[type="password"]')


      32 |     
      33 |     await page.fill('input[type="email"]', 'test@example.com');
    > 34 |     await page.fill('input[type="password"]', 'TestPassword123!');
         |                ^
      35 |     await page.click('button:has-text("Sign In")');
      36 |     await page.waitForLoadState('networkidle');
      37 |     await page.waitForTimeout(3000); // Wait for dashboard to load
        at /Users/umasankrudhya/Projects/pinglearn/pinglearn-app/e2e/pc-010/transcription-session-test.spec.ts:34:16

    attachment #1: screenshot (image/png) ──────────────────────────────────────────────────────────
    ../test-results/pc-010-transcription-sessi-25af7-n-pipeline-in-voice-session-chromium-desktop/test-failed-1.png
    ────────────────────────────────────────────────────────────────────────────────────────────────

    Error Context: ../test-results/pc-010-transcription-sessi-25af7-n-pipeline-in-voice-session-chromium-desktop/error-context.md

    attachment #3: trace (application/zip) ─────────────────────────────────────────────────────────
    ../test-results/pc-010-transcription-sessi-25af7-n-pipeline-in-voice-session-chromium-desktop/trace.zip
    Usage:

        npx playwright show-trace ../test-results/pc-010-transcription-sessi-25af7-n-pipeline-in-voice-session-chromium-desktop/trace.zip

    ────────────────────────────────────────────────────────────────────────────────────────────────

    Retry #1 ───────────────────────────────────────────────────────────────────────────────────────

    Test timeout of 30000ms exceeded.

    Error: page.waitForLoadState: Test ended.

      29 |     await page.goto('http://localhost:3006');
      30 |     await page.click('text=Get Started');
    > 31 |     await page.waitForLoadState('networkidle');
         |                ^
      32 |     
      33 |     await page.fill('input[type="email"]', 'test@example.com');
      34 |     await page.fill('input[type="password"]', 'TestPassword123!');
        at /Users/umasankrudhya/Projects/pinglearn/pinglearn-app/e2e/pc-010/transcription-session-test.spec.ts:31:16

    attachment #1: screenshot (image/png) ──────────────────────────────────────────────────────────
    ../test-results/pc-010-transcription-sessi-25af7-n-pipeline-in-voice-session-chromium-desktop-retry1/test-failed-1.png
    ────────────────────────────────────────────────────────────────────────────────────────────────

    Error Context: ../test-results/pc-010-transcription-sessi-25af7-n-pipeline-in-voice-session-chromium-desktop-retry1/error-context.md

    attachment #3: trace (application/zip) ─────────────────────────────────────────────────────────
    ../test-results/pc-010-transcription-sessi-25af7-n-pipeline-in-voice-session-chromium-desktop-retry1/trace.zip
    Usage:

        npx playwright show-trace ../test-results/pc-010-transcription-sessi-25af7-n-pipeline-in-voice-session-chromium-desktop-retry1/trace.zip

    ────────────────────────────────────────────────────────────────────────────────────────────────
]]>
</failure>
<system-out>
<![CDATA[=== PC-010 VOICE SESSION TRANSCRIPTION TEST ===

[[ATTACHMENT|../../test-results/pc-010-transcription-sessi-25af7-n-pipeline-in-voice-session-chromium-desktop/test-failed-1.png]]

[[ATTACHMENT|../../test-results/pc-010-transcription-sessi-25af7-n-pipeline-in-voice-session-chromium-desktop/error-context.md]]

[[ATTACHMENT|../../test-results/pc-010-transcription-sessi-25af7-n-pipeline-in-voice-session-chromium-desktop/trace.zip]]
=== PC-010 VOICE SESSION TRANSCRIPTION TEST ===

[[ATTACHMENT|../../test-results/pc-010-transcription-sessi-25af7-n-pipeline-in-voice-session-chromium-desktop-retry1/test-failed-1.png]]

[[ATTACHMENT|../../test-results/pc-010-transcription-sessi-25af7-n-pipeline-in-voice-session-chromium-desktop-retry1/error-context.md]]

[[ATTACHMENT|../../test-results/pc-010-transcription-sessi-25af7-n-pipeline-in-voice-session-chromium-desktop-retry1/trace.zip]]
]]>
</system-out>
</testcase>
</testsuite>
<testsuite name="performance-analysis.spec.ts" timestamp="2025-10-01T10:20:41.011Z" hostname="chromium-desktop" tests="8" failures="1" skipped="0" time="71.985" errors="0">
<testcase name="Performance Analysis › Performance: Landing - Desktop" classname="performance-analysis.spec.ts" time="10.218">
<system-out>
<![CDATA[
🔍 Performance Testing: Landing on Desktop
❌ Performance test failed for Landing: TimeoutError: page.goto: Timeout 10000ms exceeded.
Call log:
[2m  - navigating to "http://localhost:3006/", waiting until "networkidle"[22m

]]>
</system-out>
</testcase>
<testcase name="Performance Analysis › Performance: Login - Desktop" classname="performance-analysis.spec.ts" time="10.261">
<system-out>
<![CDATA[
🔍 Performance Testing: Login on Desktop
❌ Performance test failed for Login: TimeoutError: page.goto: Timeout 10000ms exceeded.
Call log:
[2m  - navigating to "http://localhost:3006/login", waiting until "networkidle"[22m

]]>
</system-out>
</testcase>
<testcase name="Performance Analysis › Performance: Classroom - Desktop" classname="performance-analysis.spec.ts" time="10.131">
<system-out>
<![CDATA[
🔍 Performance Testing: Classroom on Desktop
❌ Performance test failed for Classroom: TimeoutError: page.goto: Timeout 10000ms exceeded.
Call log:
[2m  - navigating to "http://localhost:3006/classroom", waiting until "networkidle"[22m

]]>
</system-out>
</testcase>
<testcase name="Performance Analysis › Performance: Landing - Mobile" classname="performance-analysis.spec.ts" time="10.167">
<system-out>
<![CDATA[
🔍 Performance Testing: Landing on Mobile
❌ Performance test failed for Landing: TimeoutError: page.goto: Timeout 10000ms exceeded.
Call log:
[2m  - navigating to "http://localhost:3006/", waiting until "networkidle"[22m

]]>
</system-out>
</testcase>
<testcase name="Performance Analysis › Performance: Login - Mobile" classname="performance-analysis.spec.ts" time="10.103">
<system-out>
<![CDATA[
🔍 Performance Testing: Login on Mobile
❌ Performance test failed for Login: TimeoutError: page.goto: Timeout 10000ms exceeded.
Call log:
[2m  - navigating to "http://localhost:3006/login", waiting until "networkidle"[22m

]]>
</system-out>
</testcase>
<testcase name="Performance Analysis › Performance: Classroom - Mobile" classname="performance-analysis.spec.ts" time="10.107">
<system-out>
<![CDATA[
🔍 Performance Testing: Classroom on Mobile
❌ Performance test failed for Classroom: TimeoutError: page.goto: Timeout 10000ms exceeded.
Call log:
[2m  - navigating to "http://localhost:3006/classroom", waiting until "networkidle"[22m

]]>
</system-out>
</testcase>
<testcase name="Performance Analysis › Microphone Permission Testing" classname="performance-analysis.spec.ts" time="9.926">
<failure message="performance-analysis.spec.ts:456:7 Microphone Permission Testing" type="FAILURE">
<![CDATA[  [chromium-desktop] › performance-analysis.spec.ts:456:7 › Performance Analysis › Microphone Permission Testing 

    Error: expect(received).toBe(expected) // Object.is equality

    Expected: true
    Received: false

      472 |
      473 |     // Assertions
    > 474 |     expect(micResults.granted).toBe(true);
          |                                ^
      475 |     expect(micResults.denied).toBe(true);
      476 |   });
      477 |
        at /Users/umasankrudhya/Projects/pinglearn/pinglearn-app/e2e/performance-analysis.spec.ts:474:32

    attachment #1: screenshot (image/png) ──────────────────────────────────────────────────────────
    ../test-results/performance-analysis-Perfo-3431a-crophone-Permission-Testing-chromium-desktop/test-failed-1.png
    ────────────────────────────────────────────────────────────────────────────────────────────────

    Error Context: ../test-results/performance-analysis-Perfo-3431a-crophone-Permission-Testing-chromium-desktop/error-context.md

    attachment #3: trace (application/zip) ─────────────────────────────────────────────────────────
    ../test-results/performance-analysis-Perfo-3431a-crophone-Permission-Testing-chromium-desktop/trace.zip
    Usage:

        npx playwright show-trace ../test-results/performance-analysis-Perfo-3431a-crophone-Permission-Testing-chromium-desktop/trace.zip

    ────────────────────────────────────────────────────────────────────────────────────────────────

    Retry #1 ───────────────────────────────────────────────────────────────────────────────────────

    Error: expect(received).toBe(expected) // Object.is equality

    Expected: true
    Received: false

      472 |
      473 |     // Assertions
    > 474 |     expect(micResults.granted).toBe(true);
          |                                ^
      475 |     expect(micResults.denied).toBe(true);
      476 |   });
      477 |
        at /Users/umasankrudhya/Projects/pinglearn/pinglearn-app/e2e/performance-analysis.spec.ts:474:32

    attachment #1: screenshot (image/png) ──────────────────────────────────────────────────────────
    ../test-results/performance-analysis-Perfo-3431a-crophone-Permission-Testing-chromium-desktop-retry1/test-failed-1.png
    ────────────────────────────────────────────────────────────────────────────────────────────────

    Error Context: ../test-results/performance-analysis-Perfo-3431a-crophone-Permission-Testing-chromium-desktop-retry1/error-context.md

    attachment #3: trace (application/zip) ─────────────────────────────────────────────────────────
    ../test-results/performance-analysis-Perfo-3431a-crophone-Permission-Testing-chromium-desktop-retry1/trace.zip
    Usage:

        npx playwright show-trace ../test-results/performance-analysis-Perfo-3431a-crophone-Permission-Testing-chromium-desktop-retry1/trace.zip

    ────────────────────────────────────────────────────────────────────────────────────────────────
]]>
</failure>
<system-out>
<![CDATA[
🎙️ Testing Microphone Permissions...
📊 Microphone Permission Results:
   Grant Permission: ❌
   Deny Permission: ✅
   Issues: 1
     - Microphone access failed when granted: error: Not supported

[[ATTACHMENT|../../test-results/performance-analysis-Perfo-3431a-crophone-Permission-Testing-chromium-desktop/test-failed-1.png]]

[[ATTACHMENT|../../test-results/performance-analysis-Perfo-3431a-crophone-Permission-Testing-chromium-desktop/error-context.md]]

[[ATTACHMENT|../../test-results/performance-analysis-Perfo-3431a-crophone-Permission-Testing-chromium-desktop/trace.zip]]

🎙️ Testing Microphone Permissions...
📊 Microphone Permission Results:
   Grant Permission: ❌
   Deny Permission: ✅
   Issues: 1
     - Microphone access failed when granted: error: Not supported

[[ATTACHMENT|../../test-results/performance-analysis-Perfo-3431a-crophone-Permission-Testing-chromium-desktop-retry1/test-failed-1.png]]

[[ATTACHMENT|../../test-results/performance-analysis-Perfo-3431a-crophone-Permission-Testing-chromium-desktop-retry1/error-context.md]]

[[ATTACHMENT|../../test-results/performance-analysis-Perfo-3431a-crophone-Permission-Testing-chromium-desktop-retry1/trace.zip]]
]]>
</system-out>
</testcase>
<testcase name="Performance Analysis › Generate Performance Report" classname="performance-analysis.spec.ts" time="1.072">
<system-out>
<![CDATA[
📊 Performance Analysis Report Generated
==================================================
# Performance Analysis Report

Generated: 2025-10-01T10:25:01.819Z

## Executive Summary

- **Pages Tested**: 0
- **Pages with Performance Issues**: 0 (NaN%)
- **Average Load Time**: NaNms
- **Core Web Vitals Compliance**: 0%

## Core Web Vitals Analysis

## Resource Analysis

## Performance Recommendations

### Excellent Performance! 🎉

All pages meet performance thresholds. Consider:
- Regular performance monitoring
- Progressive enhancement
- Performance budgets

]]>
</system-out>
</testcase>
</testsuite>
<testsuite name="show-then-tell-timing.spec.ts" timestamp="2025-10-01T10:20:41.011Z" hostname="chromium-desktop" tests="5" failures="5" skipped="0" time="162.407" errors="0">
<testcase name="Show-Then-Tell Timing Validation › should measure 400ms visual lead time in show-then-tell" classname="show-then-tell-timing.spec.ts" time="36.283">
<failure message="show-then-tell-timing.spec.ts:95:7 should measure 400ms visual lead time in show-then-tell" type="FAILURE">
<![CDATA[  [chromium-desktop] › show-then-tell-timing.spec.ts:95:7 › Show-Then-Tell Timing Validation › should measure 400ms visual lead time in show-then-tell 

    TimeoutError: page.fill: Timeout 10000ms exceeded.
    Call log:
      - waiting for locator('input[name="email"]')


      87 |     // Login
      88 |     await page.goto('/login');
    > 89 |     await page.fill('input[name="email"]', TEST_EMAIL);
         |                ^
      90 |     await page.fill('input[name="password"]', TEST_PASSWORD);
      91 |     await page.click('button[type="submit"]');
      92 |     await page.waitForURL('/dashboard');
        at /Users/umasankrudhya/Projects/pinglearn/pinglearn-app/e2e/show-then-tell-timing.spec.ts:89:16

    attachment #1: screenshot (image/png) ──────────────────────────────────────────────────────────
    ../test-results/show-then-tell-timing-Show-f34e5-lead-time-in-show-then-tell-chromium-desktop/test-failed-1.png
    ────────────────────────────────────────────────────────────────────────────────────────────────

    Error Context: ../test-results/show-then-tell-timing-Show-f34e5-lead-time-in-show-then-tell-chromium-desktop/error-context.md

    attachment #3: trace (application/zip) ─────────────────────────────────────────────────────────
    ../test-results/show-then-tell-timing-Show-f34e5-lead-time-in-show-then-tell-chromium-desktop/trace.zip
    Usage:

        npx playwright show-trace ../test-results/show-then-tell-timing-Show-f34e5-lead-time-in-show-then-tell-chromium-desktop/trace.zip

    ────────────────────────────────────────────────────────────────────────────────────────────────

    Retry #1 ───────────────────────────────────────────────────────────────────────────────────────

    TimeoutError: page.fill: Timeout 10000ms exceeded.
    Call log:
      - waiting for locator('input[name="email"]')


      87 |     // Login
      88 |     await page.goto('/login');
    > 89 |     await page.fill('input[name="email"]', TEST_EMAIL);
         |                ^
      90 |     await page.fill('input[name="password"]', TEST_PASSWORD);
      91 |     await page.click('button[type="submit"]');
      92 |     await page.waitForURL('/dashboard');
        at /Users/umasankrudhya/Projects/pinglearn/pinglearn-app/e2e/show-then-tell-timing.spec.ts:89:16

    attachment #1: screenshot (image/png) ──────────────────────────────────────────────────────────
    ../test-results/show-then-tell-timing-Show-f34e5-lead-time-in-show-then-tell-chromium-desktop-retry1/test-failed-1.png
    ────────────────────────────────────────────────────────────────────────────────────────────────

    Error Context: ../test-results/show-then-tell-timing-Show-f34e5-lead-time-in-show-then-tell-chromium-desktop-retry1/error-context.md

    attachment #3: trace (application/zip) ─────────────────────────────────────────────────────────
    ../test-results/show-then-tell-timing-Show-f34e5-lead-time-in-show-then-tell-chromium-desktop-retry1/trace.zip
    Usage:

        npx playwright show-trace ../test-results/show-then-tell-timing-Show-f34e5-lead-time-in-show-then-tell-chromium-desktop-retry1/trace.zip

    ────────────────────────────────────────────────────────────────────────────────────────────────
]]>
</failure>
<system-out>
<![CDATA[
[[ATTACHMENT|../../test-results/show-then-tell-timing-Show-f34e5-lead-time-in-show-then-tell-chromium-desktop/test-failed-1.png]]

[[ATTACHMENT|../../test-results/show-then-tell-timing-Show-f34e5-lead-time-in-show-then-tell-chromium-desktop/error-context.md]]

[[ATTACHMENT|../../test-results/show-then-tell-timing-Show-f34e5-lead-time-in-show-then-tell-chromium-desktop/trace.zip]]

[[ATTACHMENT|../../test-results/show-then-tell-timing-Show-f34e5-lead-time-in-show-then-tell-chromium-desktop-retry1/test-failed-1.png]]

[[ATTACHMENT|../../test-results/show-then-tell-timing-Show-f34e5-lead-time-in-show-then-tell-chromium-desktop-retry1/error-context.md]]

[[ATTACHMENT|../../test-results/show-then-tell-timing-Show-f34e5-lead-time-in-show-then-tell-chromium-desktop-retry1/trace.zip]]
]]>
</system-out>
</testcase>
<testcase name="Show-Then-Tell Timing Validation › should maintain consistent timing over multiple interactions" classname="show-then-tell-timing.spec.ts" time="33.603">
<failure message="show-then-tell-timing.spec.ts:171:7 should maintain consistent timing over multiple interactions" type="FAILURE">
<![CDATA[  [chromium-desktop] › show-then-tell-timing.spec.ts:171:7 › Show-Then-Tell Timing Validation › should maintain consistent timing over multiple interactions 

    TimeoutError: page.fill: Timeout 10000ms exceeded.
    Call log:
      - waiting for locator('input[name="email"]')


      87 |     // Login
      88 |     await page.goto('/login');
    > 89 |     await page.fill('input[name="email"]', TEST_EMAIL);
         |                ^
      90 |     await page.fill('input[name="password"]', TEST_PASSWORD);
      91 |     await page.click('button[type="submit"]');
      92 |     await page.waitForURL('/dashboard');
        at /Users/umasankrudhya/Projects/pinglearn/pinglearn-app/e2e/show-then-tell-timing.spec.ts:89:16

    attachment #1: screenshot (image/png) ──────────────────────────────────────────────────────────
    ../test-results/show-then-tell-timing-Show-93a1c--over-multiple-interactions-chromium-desktop/test-failed-1.png
    ────────────────────────────────────────────────────────────────────────────────────────────────

    Error Context: ../test-results/show-then-tell-timing-Show-93a1c--over-multiple-interactions-chromium-desktop/error-context.md

    attachment #3: trace (application/zip) ─────────────────────────────────────────────────────────
    ../test-results/show-then-tell-timing-Show-93a1c--over-multiple-interactions-chromium-desktop/trace.zip
    Usage:

        npx playwright show-trace ../test-results/show-then-tell-timing-Show-93a1c--over-multiple-interactions-chromium-desktop/trace.zip

    ────────────────────────────────────────────────────────────────────────────────────────────────

    Retry #1 ───────────────────────────────────────────────────────────────────────────────────────

    TimeoutError: page.fill: Timeout 10000ms exceeded.
    Call log:
      - waiting for locator('input[name="email"]')


      87 |     // Login
      88 |     await page.goto('/login');
    > 89 |     await page.fill('input[name="email"]', TEST_EMAIL);
         |                ^
      90 |     await page.fill('input[name="password"]', TEST_PASSWORD);
      91 |     await page.click('button[type="submit"]');
      92 |     await page.waitForURL('/dashboard');
        at /Users/umasankrudhya/Projects/pinglearn/pinglearn-app/e2e/show-then-tell-timing.spec.ts:89:16

    attachment #1: screenshot (image/png) ──────────────────────────────────────────────────────────
    ../test-results/show-then-tell-timing-Show-93a1c--over-multiple-interactions-chromium-desktop-retry1/test-failed-1.png
    ────────────────────────────────────────────────────────────────────────────────────────────────

    Error Context: ../test-results/show-then-tell-timing-Show-93a1c--over-multiple-interactions-chromium-desktop-retry1/error-context.md

    attachment #3: trace (application/zip) ─────────────────────────────────────────────────────────
    ../test-results/show-then-tell-timing-Show-93a1c--over-multiple-interactions-chromium-desktop-retry1/trace.zip
    Usage:

        npx playwright show-trace ../test-results/show-then-tell-timing-Show-93a1c--over-multiple-interactions-chromium-desktop-retry1/trace.zip

    ────────────────────────────────────────────────────────────────────────────────────────────────
]]>
</failure>
<system-out>
<![CDATA[
[[ATTACHMENT|../../test-results/show-then-tell-timing-Show-93a1c--over-multiple-interactions-chromium-desktop/test-failed-1.png]]

[[ATTACHMENT|../../test-results/show-then-tell-timing-Show-93a1c--over-multiple-interactions-chromium-desktop/error-context.md]]

[[ATTACHMENT|../../test-results/show-then-tell-timing-Show-93a1c--over-multiple-interactions-chromium-desktop/trace.zip]]

[[ATTACHMENT|../../test-results/show-then-tell-timing-Show-93a1c--over-multiple-interactions-chromium-desktop-retry1/test-failed-1.png]]

[[ATTACHMENT|../../test-results/show-then-tell-timing-Show-93a1c--over-multiple-interactions-chromium-desktop-retry1/error-context.md]]

[[ATTACHMENT|../../test-results/show-then-tell-timing-Show-93a1c--over-multiple-interactions-chromium-desktop-retry1/trace.zip]]
]]>
</system-out>
</testcase>
<testcase name="Show-Then-Tell Timing Validation › should detect timing drift and log warnings" classname="show-then-tell-timing.spec.ts" time="40.493">
<failure message="show-then-tell-timing.spec.ts:231:7 should detect timing drift and log warnings" type="FAILURE">
<![CDATA[  [chromium-desktop] › show-then-tell-timing.spec.ts:231:7 › Show-Then-Tell Timing Validation › should detect timing drift and log warnings 

    TimeoutError: page.fill: Timeout 10000ms exceeded.
    Call log:
      - waiting for locator('input[name="email"]')


      87 |     // Login
      88 |     await page.goto('/login');
    > 89 |     await page.fill('input[name="email"]', TEST_EMAIL);
         |                ^
      90 |     await page.fill('input[name="password"]', TEST_PASSWORD);
      91 |     await page.click('button[type="submit"]');
      92 |     await page.waitForURL('/dashboard');
        at /Users/umasankrudhya/Projects/pinglearn/pinglearn-app/e2e/show-then-tell-timing.spec.ts:89:16

    attachment #1: screenshot (image/png) ──────────────────────────────────────────────────────────
    ../test-results/show-then-tell-timing-Show-6a88b-ming-drift-and-log-warnings-chromium-desktop/test-failed-1.png
    ────────────────────────────────────────────────────────────────────────────────────────────────

    Error Context: ../test-results/show-then-tell-timing-Show-6a88b-ming-drift-and-log-warnings-chromium-desktop/error-context.md

    attachment #3: trace (application/zip) ─────────────────────────────────────────────────────────
    ../test-results/show-then-tell-timing-Show-6a88b-ming-drift-and-log-warnings-chromium-desktop/trace.zip
    Usage:

        npx playwright show-trace ../test-results/show-then-tell-timing-Show-6a88b-ming-drift-and-log-warnings-chromium-desktop/trace.zip

    ────────────────────────────────────────────────────────────────────────────────────────────────

    Retry #1 ───────────────────────────────────────────────────────────────────────────────────────

    TimeoutError: page.fill: Timeout 10000ms exceeded.
    Call log:
      - waiting for locator('input[name="email"]')


      87 |     // Login
      88 |     await page.goto('/login');
    > 89 |     await page.fill('input[name="email"]', TEST_EMAIL);
         |                ^
      90 |     await page.fill('input[name="password"]', TEST_PASSWORD);
      91 |     await page.click('button[type="submit"]');
      92 |     await page.waitForURL('/dashboard');
        at /Users/umasankrudhya/Projects/pinglearn/pinglearn-app/e2e/show-then-tell-timing.spec.ts:89:16

    attachment #1: screenshot (image/png) ──────────────────────────────────────────────────────────
    ../test-results/show-then-tell-timing-Show-6a88b-ming-drift-and-log-warnings-chromium-desktop-retry1/test-failed-1.png
    ────────────────────────────────────────────────────────────────────────────────────────────────

    Error Context: ../test-results/show-then-tell-timing-Show-6a88b-ming-drift-and-log-warnings-chromium-desktop-retry1/error-context.md

    attachment #3: trace (application/zip) ─────────────────────────────────────────────────────────
    ../test-results/show-then-tell-timing-Show-6a88b-ming-drift-and-log-warnings-chromium-desktop-retry1/trace.zip
    Usage:

        npx playwright show-trace ../test-results/show-then-tell-timing-Show-6a88b-ming-drift-and-log-warnings-chromium-desktop-retry1/trace.zip

    ────────────────────────────────────────────────────────────────────────────────────────────────
]]>
</failure>
<system-out>
<![CDATA[
[[ATTACHMENT|../../test-results/show-then-tell-timing-Show-6a88b-ming-drift-and-log-warnings-chromium-desktop/test-failed-1.png]]

[[ATTACHMENT|../../test-results/show-then-tell-timing-Show-6a88b-ming-drift-and-log-warnings-chromium-desktop/error-context.md]]

[[ATTACHMENT|../../test-results/show-then-tell-timing-Show-6a88b-ming-drift-and-log-warnings-chromium-desktop/trace.zip]]

[[ATTACHMENT|../../test-results/show-then-tell-timing-Show-6a88b-ming-drift-and-log-warnings-chromium-desktop-retry1/test-failed-1.png]]

[[ATTACHMENT|../../test-results/show-then-tell-timing-Show-6a88b-ming-drift-and-log-warnings-chromium-desktop-retry1/error-context.md]]

[[ATTACHMENT|../../test-results/show-then-tell-timing-Show-6a88b-ming-drift-and-log-warnings-chromium-desktop-retry1/trace.zip]]
]]>
</system-out>
</testcase>
<testcase name="Show-Then-Tell Timing Validation › should measure actual browser rendering performance" classname="show-then-tell-timing.spec.ts" time="25.76">
<failure message="show-then-tell-timing.spec.ts:285:7 should measure actual browser rendering performance" type="FAILURE">
<![CDATA[  [chromium-desktop] › show-then-tell-timing.spec.ts:285:7 › Show-Then-Tell Timing Validation › should measure actual browser rendering performance 

    TimeoutError: page.fill: Timeout 10000ms exceeded.
    Call log:
      - waiting for locator('input[name="email"]')


      87 |     // Login
      88 |     await page.goto('/login');
    > 89 |     await page.fill('input[name="email"]', TEST_EMAIL);
         |                ^
      90 |     await page.fill('input[name="password"]', TEST_PASSWORD);
      91 |     await page.click('button[type="submit"]');
      92 |     await page.waitForURL('/dashboard');
        at /Users/umasankrudhya/Projects/pinglearn/pinglearn-app/e2e/show-then-tell-timing.spec.ts:89:16

    attachment #1: screenshot (image/png) ──────────────────────────────────────────────────────────
    ../test-results/show-then-tell-timing-Show-65a3f-owser-rendering-performance-chromium-desktop/test-failed-1.png
    ────────────────────────────────────────────────────────────────────────────────────────────────

    Error Context: ../test-results/show-then-tell-timing-Show-65a3f-owser-rendering-performance-chromium-desktop/error-context.md

    attachment #3: trace (application/zip) ─────────────────────────────────────────────────────────
    ../test-results/show-then-tell-timing-Show-65a3f-owser-rendering-performance-chromium-desktop/trace.zip
    Usage:

        npx playwright show-trace ../test-results/show-then-tell-timing-Show-65a3f-owser-rendering-performance-chromium-desktop/trace.zip

    ────────────────────────────────────────────────────────────────────────────────────────────────

    Retry #1 ───────────────────────────────────────────────────────────────────────────────────────

    TimeoutError: page.fill: Timeout 10000ms exceeded.
    Call log:
      - waiting for locator('input[name="email"]')


      87 |     // Login
      88 |     await page.goto('/login');
    > 89 |     await page.fill('input[name="email"]', TEST_EMAIL);
         |                ^
      90 |     await page.fill('input[name="password"]', TEST_PASSWORD);
      91 |     await page.click('button[type="submit"]');
      92 |     await page.waitForURL('/dashboard');
        at /Users/umasankrudhya/Projects/pinglearn/pinglearn-app/e2e/show-then-tell-timing.spec.ts:89:16

    attachment #1: screenshot (image/png) ──────────────────────────────────────────────────────────
    ../test-results/show-then-tell-timing-Show-65a3f-owser-rendering-performance-chromium-desktop-retry1/test-failed-1.png
    ────────────────────────────────────────────────────────────────────────────────────────────────

    Error Context: ../test-results/show-then-tell-timing-Show-65a3f-owser-rendering-performance-chromium-desktop-retry1/error-context.md

    attachment #3: trace (application/zip) ─────────────────────────────────────────────────────────
    ../test-results/show-then-tell-timing-Show-65a3f-owser-rendering-performance-chromium-desktop-retry1/trace.zip
    Usage:

        npx playwright show-trace ../test-results/show-then-tell-timing-Show-65a3f-owser-rendering-performance-chromium-desktop-retry1/trace.zip

    ────────────────────────────────────────────────────────────────────────────────────────────────
]]>
</failure>
<system-out>
<![CDATA[
[[ATTACHMENT|../../test-results/show-then-tell-timing-Show-65a3f-owser-rendering-performance-chromium-desktop/test-failed-1.png]]

[[ATTACHMENT|../../test-results/show-then-tell-timing-Show-65a3f-owser-rendering-performance-chromium-desktop/error-context.md]]

[[ATTACHMENT|../../test-results/show-then-tell-timing-Show-65a3f-owser-rendering-performance-chromium-desktop/trace.zip]]

[[ATTACHMENT|../../test-results/show-then-tell-timing-Show-65a3f-owser-rendering-performance-chromium-desktop-retry1/test-failed-1.png]]

[[ATTACHMENT|../../test-results/show-then-tell-timing-Show-65a3f-owser-rendering-performance-chromium-desktop-retry1/error-context.md]]

[[ATTACHMENT|../../test-results/show-then-tell-timing-Show-65a3f-owser-rendering-performance-chromium-desktop-retry1/trace.zip]]
]]>
</system-out>
</testcase>
<testcase name="Performance Integration › should integrate with performance monitoring system" classname="show-then-tell-timing.spec.ts" time="26.268">
<failure message="show-then-tell-timing.spec.ts:327:7 should integrate with performance monitoring system" type="FAILURE">
<![CDATA[  [chromium-desktop] › show-then-tell-timing.spec.ts:327:7 › Performance Integration › should integrate with performance monitoring system 

    TimeoutError: page.fill: Timeout 10000ms exceeded.
    Call log:
      - waiting for locator('input[name="email"]')


      328 |     // Login
      329 |     await page.goto('/login');
    > 330 |     await page.fill('input[name="email"]', TEST_EMAIL);
          |                ^
      331 |     await page.fill('input[name="password"]', TEST_PASSWORD);
      332 |     await page.click('button[type="submit"]');
      333 |     await page.waitForURL('/dashboard');
        at /Users/umasankrudhya/Projects/pinglearn/pinglearn-app/e2e/show-then-tell-timing.spec.ts:330:16

    attachment #1: screenshot (image/png) ──────────────────────────────────────────────────────────
    ../test-results/show-then-tell-timing-Perf-70a8e-rformance-monitoring-system-chromium-desktop/test-failed-1.png
    ────────────────────────────────────────────────────────────────────────────────────────────────

    Error Context: ../test-results/show-then-tell-timing-Perf-70a8e-rformance-monitoring-system-chromium-desktop/error-context.md

    attachment #3: trace (application/zip) ─────────────────────────────────────────────────────────
    ../test-results/show-then-tell-timing-Perf-70a8e-rformance-monitoring-system-chromium-desktop/trace.zip
    Usage:

        npx playwright show-trace ../test-results/show-then-tell-timing-Perf-70a8e-rformance-monitoring-system-chromium-desktop/trace.zip

    ────────────────────────────────────────────────────────────────────────────────────────────────

    Retry #1 ───────────────────────────────────────────────────────────────────────────────────────

    TimeoutError: page.fill: Timeout 10000ms exceeded.
    Call log:
      - waiting for locator('input[name="email"]')


      328 |     // Login
      329 |     await page.goto('/login');
    > 330 |     await page.fill('input[name="email"]', TEST_EMAIL);
          |                ^
      331 |     await page.fill('input[name="password"]', TEST_PASSWORD);
      332 |     await page.click('button[type="submit"]');
      333 |     await page.waitForURL('/dashboard');
        at /Users/umasankrudhya/Projects/pinglearn/pinglearn-app/e2e/show-then-tell-timing.spec.ts:330:16

    attachment #1: screenshot (image/png) ──────────────────────────────────────────────────────────
    ../test-results/show-then-tell-timing-Perf-70a8e-rformance-monitoring-system-chromium-desktop-retry1/test-failed-1.png
    ────────────────────────────────────────────────────────────────────────────────────────────────

    Error Context: ../test-results/show-then-tell-timing-Perf-70a8e-rformance-monitoring-system-chromium-desktop-retry1/error-context.md

    attachment #3: trace (application/zip) ─────────────────────────────────────────────────────────
    ../test-results/show-then-tell-timing-Perf-70a8e-rformance-monitoring-system-chromium-desktop-retry1/trace.zip
    Usage:

        npx playwright show-trace ../test-results/show-then-tell-timing-Perf-70a8e-rformance-monitoring-system-chromium-desktop-retry1/trace.zip

    ────────────────────────────────────────────────────────────────────────────────────────────────
]]>
</failure>
<system-out>
<![CDATA[
[[ATTACHMENT|../../test-results/show-then-tell-timing-Perf-70a8e-rformance-monitoring-system-chromium-desktop/test-failed-1.png]]

[[ATTACHMENT|../../test-results/show-then-tell-timing-Perf-70a8e-rformance-monitoring-system-chromium-desktop/error-context.md]]

[[ATTACHMENT|../../test-results/show-then-tell-timing-Perf-70a8e-rformance-monitoring-system-chromium-desktop/trace.zip]]

[[ATTACHMENT|../../test-results/show-then-tell-timing-Perf-70a8e-rformance-monitoring-system-chromium-desktop-retry1/test-failed-1.png]]

[[ATTACHMENT|../../test-results/show-then-tell-timing-Perf-70a8e-rformance-monitoring-system-chromium-desktop-retry1/error-context.md]]

[[ATTACHMENT|../../test-results/show-then-tell-timing-Perf-70a8e-rformance-monitoring-system-chromium-desktop-retry1/trace.zip]]
]]>
</system-out>
</testcase>
</testsuite>
<testsuite name="textbook.spec.ts" timestamp="2025-10-01T10:20:41.011Z" hostname="chromium-desktop" tests="9" failures="9" skipped="0" time="210.464" errors="0">
<testcase name="Textbook Upload and Processing › should display textbook management page" classname="textbook.spec.ts" time="25.563">
<failure message="textbook.spec.ts:13:7 should display textbook management page" type="FAILURE">
<![CDATA[  [chromium-desktop] › textbook.spec.ts:13:7 › Textbook Upload and Processing › should display textbook management page 

    TimeoutError: page.waitForURL: Timeout 10000ms exceeded.
    =========================== logs ===========================
    waiting for navigation to "/dashboard" until "load"
    ============================================================

       8 |     await page.getByLabel(/password/i).fill('TestPassword123!');
       9 |     await page.getByRole('button', { name: /sign in|login/i }).click();
    > 10 |     await page.waitForURL('/dashboard', { timeout: 10000 });
         |                ^
      11 |   });
      12 |
      13 |   test('should display textbook management page', async ({ page }) => {
        at /Users/umasankrudhya/Projects/pinglearn/pinglearn-app/e2e/textbook.spec.ts:10:16

    attachment #1: screenshot (image/png) ──────────────────────────────────────────────────────────
    ../test-results/textbook-Textbook-Upload-a-b7ee7-ay-textbook-management-page-chromium-desktop/test-failed-1.png
    ────────────────────────────────────────────────────────────────────────────────────────────────

    Error Context: ../test-results/textbook-Textbook-Upload-a-b7ee7-ay-textbook-management-page-chromium-desktop/error-context.md

    attachment #3: trace (application/zip) ─────────────────────────────────────────────────────────
    ../test-results/textbook-Textbook-Upload-a-b7ee7-ay-textbook-management-page-chromium-desktop/trace.zip
    Usage:

        npx playwright show-trace ../test-results/textbook-Textbook-Upload-a-b7ee7-ay-textbook-management-page-chromium-desktop/trace.zip

    ────────────────────────────────────────────────────────────────────────────────────────────────

    Retry #1 ───────────────────────────────────────────────────────────────────────────────────────

    TimeoutError: page.waitForURL: Timeout 10000ms exceeded.
    =========================== logs ===========================
    waiting for navigation to "/dashboard" until "load"
    ============================================================

       8 |     await page.getByLabel(/password/i).fill('TestPassword123!');
       9 |     await page.getByRole('button', { name: /sign in|login/i }).click();
    > 10 |     await page.waitForURL('/dashboard', { timeout: 10000 });
         |                ^
      11 |   });
      12 |
      13 |   test('should display textbook management page', async ({ page }) => {
        at /Users/umasankrudhya/Projects/pinglearn/pinglearn-app/e2e/textbook.spec.ts:10:16

    attachment #1: screenshot (image/png) ──────────────────────────────────────────────────────────
    ../test-results/textbook-Textbook-Upload-a-b7ee7-ay-textbook-management-page-chromium-desktop-retry1/test-failed-1.png
    ────────────────────────────────────────────────────────────────────────────────────────────────

    Error Context: ../test-results/textbook-Textbook-Upload-a-b7ee7-ay-textbook-management-page-chromium-desktop-retry1/error-context.md

    attachment #3: trace (application/zip) ─────────────────────────────────────────────────────────
    ../test-results/textbook-Textbook-Upload-a-b7ee7-ay-textbook-management-page-chromium-desktop-retry1/trace.zip
    Usage:

        npx playwright show-trace ../test-results/textbook-Textbook-Upload-a-b7ee7-ay-textbook-management-page-chromium-desktop-retry1/trace.zip

    ────────────────────────────────────────────────────────────────────────────────────────────────
]]>
</failure>
<system-out>
<![CDATA[
[[ATTACHMENT|../../test-results/textbook-Textbook-Upload-a-b7ee7-ay-textbook-management-page-chromium-desktop/test-failed-1.png]]

[[ATTACHMENT|../../test-results/textbook-Textbook-Upload-a-b7ee7-ay-textbook-management-page-chromium-desktop/error-context.md]]

[[ATTACHMENT|../../test-results/textbook-Textbook-Upload-a-b7ee7-ay-textbook-management-page-chromium-desktop/trace.zip]]

[[ATTACHMENT|../../test-results/textbook-Textbook-Upload-a-b7ee7-ay-textbook-management-page-chromium-desktop-retry1/test-failed-1.png]]

[[ATTACHMENT|../../test-results/textbook-Textbook-Upload-a-b7ee7-ay-textbook-management-page-chromium-desktop-retry1/error-context.md]]

[[ATTACHMENT|../../test-results/textbook-Textbook-Upload-a-b7ee7-ay-textbook-management-page-chromium-desktop-retry1/trace.zip]]
]]>
</system-out>
</testcase>
<testcase name="Textbook Upload and Processing › should open upload dialog" classname="textbook.spec.ts" time="24.005">
<failure message="textbook.spec.ts:20:7 should open upload dialog" type="FAILURE">
<![CDATA[  [chromium-desktop] › textbook.spec.ts:20:7 › Textbook Upload and Processing › should open upload dialog 

    TimeoutError: page.waitForURL: Timeout 10000ms exceeded.
    =========================== logs ===========================
    waiting for navigation to "/dashboard" until "load"
    ============================================================

       8 |     await page.getByLabel(/password/i).fill('TestPassword123!');
       9 |     await page.getByRole('button', { name: /sign in|login/i }).click();
    > 10 |     await page.waitForURL('/dashboard', { timeout: 10000 });
         |                ^
      11 |   });
      12 |
      13 |   test('should display textbook management page', async ({ page }) => {
        at /Users/umasankrudhya/Projects/pinglearn/pinglearn-app/e2e/textbook.spec.ts:10:16

    attachment #1: screenshot (image/png) ──────────────────────────────────────────────────────────
    ../test-results/textbook-Textbook-Upload-a-ed70d-g-should-open-upload-dialog-chromium-desktop/test-failed-1.png
    ────────────────────────────────────────────────────────────────────────────────────────────────

    Error Context: ../test-results/textbook-Textbook-Upload-a-ed70d-g-should-open-upload-dialog-chromium-desktop/error-context.md

    attachment #3: trace (application/zip) ─────────────────────────────────────────────────────────
    ../test-results/textbook-Textbook-Upload-a-ed70d-g-should-open-upload-dialog-chromium-desktop/trace.zip
    Usage:

        npx playwright show-trace ../test-results/textbook-Textbook-Upload-a-ed70d-g-should-open-upload-dialog-chromium-desktop/trace.zip

    ────────────────────────────────────────────────────────────────────────────────────────────────

    Retry #1 ───────────────────────────────────────────────────────────────────────────────────────

    TimeoutError: page.waitForURL: Timeout 10000ms exceeded.
    =========================== logs ===========================
    waiting for navigation to "/dashboard" until "load"
    ============================================================

       8 |     await page.getByLabel(/password/i).fill('TestPassword123!');
       9 |     await page.getByRole('button', { name: /sign in|login/i }).click();
    > 10 |     await page.waitForURL('/dashboard', { timeout: 10000 });
         |                ^
      11 |   });
      12 |
      13 |   test('should display textbook management page', async ({ page }) => {
        at /Users/umasankrudhya/Projects/pinglearn/pinglearn-app/e2e/textbook.spec.ts:10:16

    attachment #1: screenshot (image/png) ──────────────────────────────────────────────────────────
    ../test-results/textbook-Textbook-Upload-a-ed70d-g-should-open-upload-dialog-chromium-desktop-retry1/test-failed-1.png
    ────────────────────────────────────────────────────────────────────────────────────────────────

    Error Context: ../test-results/textbook-Textbook-Upload-a-ed70d-g-should-open-upload-dialog-chromium-desktop-retry1/error-context.md

    attachment #3: trace (application/zip) ─────────────────────────────────────────────────────────
    ../test-results/textbook-Textbook-Upload-a-ed70d-g-should-open-upload-dialog-chromium-desktop-retry1/trace.zip
    Usage:

        npx playwright show-trace ../test-results/textbook-Textbook-Upload-a-ed70d-g-should-open-upload-dialog-chromium-desktop-retry1/trace.zip

    ────────────────────────────────────────────────────────────────────────────────────────────────
]]>
</failure>
<system-out>
<![CDATA[
[[ATTACHMENT|../../test-results/textbook-Textbook-Upload-a-ed70d-g-should-open-upload-dialog-chromium-desktop/test-failed-1.png]]

[[ATTACHMENT|../../test-results/textbook-Textbook-Upload-a-ed70d-g-should-open-upload-dialog-chromium-desktop/error-context.md]]

[[ATTACHMENT|../../test-results/textbook-Textbook-Upload-a-ed70d-g-should-open-upload-dialog-chromium-desktop/trace.zip]]

[[ATTACHMENT|../../test-results/textbook-Textbook-Upload-a-ed70d-g-should-open-upload-dialog-chromium-desktop-retry1/test-failed-1.png]]

[[ATTACHMENT|../../test-results/textbook-Textbook-Upload-a-ed70d-g-should-open-upload-dialog-chromium-desktop-retry1/error-context.md]]

[[ATTACHMENT|../../test-results/textbook-Textbook-Upload-a-ed70d-g-should-open-upload-dialog-chromium-desktop-retry1/trace.zip]]
]]>
</system-out>
</testcase>
<testcase name="Textbook Upload and Processing › should validate upload form" classname="textbook.spec.ts" time="23.981">
<failure message="textbook.spec.ts:32:7 should validate upload form" type="FAILURE">
<![CDATA[  [chromium-desktop] › textbook.spec.ts:32:7 › Textbook Upload and Processing › should validate upload form 

    TimeoutError: page.waitForURL: Timeout 10000ms exceeded.
    =========================== logs ===========================
    waiting for navigation to "/dashboard" until "load"
    ============================================================

       8 |     await page.getByLabel(/password/i).fill('TestPassword123!');
       9 |     await page.getByRole('button', { name: /sign in|login/i }).click();
    > 10 |     await page.waitForURL('/dashboard', { timeout: 10000 });
         |                ^
      11 |   });
      12 |
      13 |   test('should display textbook management page', async ({ page }) => {
        at /Users/umasankrudhya/Projects/pinglearn/pinglearn-app/e2e/textbook.spec.ts:10:16

    attachment #1: screenshot (image/png) ──────────────────────────────────────────────────────────
    ../test-results/textbook-Textbook-Upload-a-3a1ea-should-validate-upload-form-chromium-desktop/test-failed-1.png
    ────────────────────────────────────────────────────────────────────────────────────────────────

    Error Context: ../test-results/textbook-Textbook-Upload-a-3a1ea-should-validate-upload-form-chromium-desktop/error-context.md

    attachment #3: trace (application/zip) ─────────────────────────────────────────────────────────
    ../test-results/textbook-Textbook-Upload-a-3a1ea-should-validate-upload-form-chromium-desktop/trace.zip
    Usage:

        npx playwright show-trace ../test-results/textbook-Textbook-Upload-a-3a1ea-should-validate-upload-form-chromium-desktop/trace.zip

    ────────────────────────────────────────────────────────────────────────────────────────────────

    Retry #1 ───────────────────────────────────────────────────────────────────────────────────────

    TimeoutError: page.waitForURL: Timeout 10000ms exceeded.
    =========================== logs ===========================
    waiting for navigation to "/dashboard" until "load"
    ============================================================

       8 |     await page.getByLabel(/password/i).fill('TestPassword123!');
       9 |     await page.getByRole('button', { name: /sign in|login/i }).click();
    > 10 |     await page.waitForURL('/dashboard', { timeout: 10000 });
         |                ^
      11 |   });
      12 |
      13 |   test('should display textbook management page', async ({ page }) => {
        at /Users/umasankrudhya/Projects/pinglearn/pinglearn-app/e2e/textbook.spec.ts:10:16

    attachment #1: screenshot (image/png) ──────────────────────────────────────────────────────────
    ../test-results/textbook-Textbook-Upload-a-3a1ea-should-validate-upload-form-chromium-desktop-retry1/test-failed-1.png
    ────────────────────────────────────────────────────────────────────────────────────────────────

    Error Context: ../test-results/textbook-Textbook-Upload-a-3a1ea-should-validate-upload-form-chromium-desktop-retry1/error-context.md

    attachment #3: trace (application/zip) ─────────────────────────────────────────────────────────
    ../test-results/textbook-Textbook-Upload-a-3a1ea-should-validate-upload-form-chromium-desktop-retry1/trace.zip
    Usage:

        npx playwright show-trace ../test-results/textbook-Textbook-Upload-a-3a1ea-should-validate-upload-form-chromium-desktop-retry1/trace.zip

    ────────────────────────────────────────────────────────────────────────────────────────────────
]]>
</failure>
<system-out>
<![CDATA[
[[ATTACHMENT|../../test-results/textbook-Textbook-Upload-a-3a1ea-should-validate-upload-form-chromium-desktop/test-failed-1.png]]

[[ATTACHMENT|../../test-results/textbook-Textbook-Upload-a-3a1ea-should-validate-upload-form-chromium-desktop/error-context.md]]

[[ATTACHMENT|../../test-results/textbook-Textbook-Upload-a-3a1ea-should-validate-upload-form-chromium-desktop/trace.zip]]

[[ATTACHMENT|../../test-results/textbook-Textbook-Upload-a-3a1ea-should-validate-upload-form-chromium-desktop-retry1/test-failed-1.png]]

[[ATTACHMENT|../../test-results/textbook-Textbook-Upload-a-3a1ea-should-validate-upload-form-chromium-desktop-retry1/error-context.md]]

[[ATTACHMENT|../../test-results/textbook-Textbook-Upload-a-3a1ea-should-validate-upload-form-chromium-desktop-retry1/trace.zip]]
]]>
</system-out>
</testcase>
<testcase name="Textbook Upload and Processing › should upload a textbook" classname="textbook.spec.ts" time="22.497">
<failure message="textbook.spec.ts:44:7 should upload a textbook" type="FAILURE">
<![CDATA[  [chromium-desktop] › textbook.spec.ts:44:7 › Textbook Upload and Processing › should upload a textbook 

    TimeoutError: page.waitForURL: Timeout 10000ms exceeded.
    =========================== logs ===========================
    waiting for navigation to "/dashboard" until "load"
    ============================================================

       8 |     await page.getByLabel(/password/i).fill('TestPassword123!');
       9 |     await page.getByRole('button', { name: /sign in|login/i }).click();
    > 10 |     await page.waitForURL('/dashboard', { timeout: 10000 });
         |                ^
      11 |   });
      12 |
      13 |   test('should display textbook management page', async ({ page }) => {
        at /Users/umasankrudhya/Projects/pinglearn/pinglearn-app/e2e/textbook.spec.ts:10:16

    attachment #1: screenshot (image/png) ──────────────────────────────────────────────────────────
    ../test-results/textbook-Textbook-Upload-a-c019e-ng-should-upload-a-textbook-chromium-desktop/test-failed-1.png
    ────────────────────────────────────────────────────────────────────────────────────────────────

    Error Context: ../test-results/textbook-Textbook-Upload-a-c019e-ng-should-upload-a-textbook-chromium-desktop/error-context.md

    attachment #3: trace (application/zip) ─────────────────────────────────────────────────────────
    ../test-results/textbook-Textbook-Upload-a-c019e-ng-should-upload-a-textbook-chromium-desktop/trace.zip
    Usage:

        npx playwright show-trace ../test-results/textbook-Textbook-Upload-a-c019e-ng-should-upload-a-textbook-chromium-desktop/trace.zip

    ────────────────────────────────────────────────────────────────────────────────────────────────

    Retry #1 ───────────────────────────────────────────────────────────────────────────────────────

    TimeoutError: page.waitForURL: Timeout 10000ms exceeded.
    =========================== logs ===========================
    waiting for navigation to "/dashboard" until "load"
    ============================================================

       8 |     await page.getByLabel(/password/i).fill('TestPassword123!');
       9 |     await page.getByRole('button', { name: /sign in|login/i }).click();
    > 10 |     await page.waitForURL('/dashboard', { timeout: 10000 });
         |                ^
      11 |   });
      12 |
      13 |   test('should display textbook management page', async ({ page }) => {
        at /Users/umasankrudhya/Projects/pinglearn/pinglearn-app/e2e/textbook.spec.ts:10:16

    attachment #1: screenshot (image/png) ──────────────────────────────────────────────────────────
    ../test-results/textbook-Textbook-Upload-a-c019e-ng-should-upload-a-textbook-chromium-desktop-retry1/test-failed-1.png
    ────────────────────────────────────────────────────────────────────────────────────────────────

    Error Context: ../test-results/textbook-Textbook-Upload-a-c019e-ng-should-upload-a-textbook-chromium-desktop-retry1/error-context.md

    attachment #3: trace (application/zip) ─────────────────────────────────────────────────────────
    ../test-results/textbook-Textbook-Upload-a-c019e-ng-should-upload-a-textbook-chromium-desktop-retry1/trace.zip
    Usage:

        npx playwright show-trace ../test-results/textbook-Textbook-Upload-a-c019e-ng-should-upload-a-textbook-chromium-desktop-retry1/trace.zip

    ────────────────────────────────────────────────────────────────────────────────────────────────
]]>
</failure>
<system-out>
<![CDATA[
[[ATTACHMENT|../../test-results/textbook-Textbook-Upload-a-c019e-ng-should-upload-a-textbook-chromium-desktop/test-failed-1.png]]

[[ATTACHMENT|../../test-results/textbook-Textbook-Upload-a-c019e-ng-should-upload-a-textbook-chromium-desktop/error-context.md]]

[[ATTACHMENT|../../test-results/textbook-Textbook-Upload-a-c019e-ng-should-upload-a-textbook-chromium-desktop/trace.zip]]

[[ATTACHMENT|../../test-results/textbook-Textbook-Upload-a-c019e-ng-should-upload-a-textbook-chromium-desktop-retry1/test-failed-1.png]]

[[ATTACHMENT|../../test-results/textbook-Textbook-Upload-a-c019e-ng-should-upload-a-textbook-chromium-desktop-retry1/error-context.md]]

[[ATTACHMENT|../../test-results/textbook-Textbook-Upload-a-c019e-ng-should-upload-a-textbook-chromium-desktop-retry1/trace.zip]]
]]>
</system-out>
</testcase>
<testcase name="Textbook Upload and Processing › should display uploaded textbooks" classname="textbook.spec.ts" time="22.479">
<failure message="textbook.spec.ts:65:7 should display uploaded textbooks" type="FAILURE">
<![CDATA[  [chromium-desktop] › textbook.spec.ts:65:7 › Textbook Upload and Processing › should display uploaded textbooks 

    TimeoutError: page.waitForURL: Timeout 10000ms exceeded.
    =========================== logs ===========================
    waiting for navigation to "/dashboard" until "load"
    ============================================================

       8 |     await page.getByLabel(/password/i).fill('TestPassword123!');
       9 |     await page.getByRole('button', { name: /sign in|login/i }).click();
    > 10 |     await page.waitForURL('/dashboard', { timeout: 10000 });
         |                ^
      11 |   });
      12 |
      13 |   test('should display textbook management page', async ({ page }) => {
        at /Users/umasankrudhya/Projects/pinglearn/pinglearn-app/e2e/textbook.spec.ts:10:16

    attachment #1: screenshot (image/png) ──────────────────────────────────────────────────────────
    ../test-results/textbook-Textbook-Upload-a-709fb--display-uploaded-textbooks-chromium-desktop/test-failed-1.png
    ────────────────────────────────────────────────────────────────────────────────────────────────

    Error Context: ../test-results/textbook-Textbook-Upload-a-709fb--display-uploaded-textbooks-chromium-desktop/error-context.md

    attachment #3: trace (application/zip) ─────────────────────────────────────────────────────────
    ../test-results/textbook-Textbook-Upload-a-709fb--display-uploaded-textbooks-chromium-desktop/trace.zip
    Usage:

        npx playwright show-trace ../test-results/textbook-Textbook-Upload-a-709fb--display-uploaded-textbooks-chromium-desktop/trace.zip

    ────────────────────────────────────────────────────────────────────────────────────────────────

    Retry #1 ───────────────────────────────────────────────────────────────────────────────────────

    TimeoutError: page.waitForURL: Timeout 10000ms exceeded.
    =========================== logs ===========================
    waiting for navigation to "/dashboard" until "load"
    ============================================================

       8 |     await page.getByLabel(/password/i).fill('TestPassword123!');
       9 |     await page.getByRole('button', { name: /sign in|login/i }).click();
    > 10 |     await page.waitForURL('/dashboard', { timeout: 10000 });
         |                ^
      11 |   });
      12 |
      13 |   test('should display textbook management page', async ({ page }) => {
        at /Users/umasankrudhya/Projects/pinglearn/pinglearn-app/e2e/textbook.spec.ts:10:16

    attachment #1: screenshot (image/png) ──────────────────────────────────────────────────────────
    ../test-results/textbook-Textbook-Upload-a-709fb--display-uploaded-textbooks-chromium-desktop-retry1/test-failed-1.png
    ────────────────────────────────────────────────────────────────────────────────────────────────

    Error Context: ../test-results/textbook-Textbook-Upload-a-709fb--display-uploaded-textbooks-chromium-desktop-retry1/error-context.md

    attachment #3: trace (application/zip) ─────────────────────────────────────────────────────────
    ../test-results/textbook-Textbook-Upload-a-709fb--display-uploaded-textbooks-chromium-desktop-retry1/trace.zip
    Usage:

        npx playwright show-trace ../test-results/textbook-Textbook-Upload-a-709fb--display-uploaded-textbooks-chromium-desktop-retry1/trace.zip

    ────────────────────────────────────────────────────────────────────────────────────────────────
]]>
</failure>
<system-out>
<![CDATA[
[[ATTACHMENT|../../test-results/textbook-Textbook-Upload-a-709fb--display-uploaded-textbooks-chromium-desktop/test-failed-1.png]]

[[ATTACHMENT|../../test-results/textbook-Textbook-Upload-a-709fb--display-uploaded-textbooks-chromium-desktop/error-context.md]]

[[ATTACHMENT|../../test-results/textbook-Textbook-Upload-a-709fb--display-uploaded-textbooks-chromium-desktop/trace.zip]]

[[ATTACHMENT|../../test-results/textbook-Textbook-Upload-a-709fb--display-uploaded-textbooks-chromium-desktop-retry1/test-failed-1.png]]

[[ATTACHMENT|../../test-results/textbook-Textbook-Upload-a-709fb--display-uploaded-textbooks-chromium-desktop-retry1/error-context.md]]

[[ATTACHMENT|../../test-results/textbook-Textbook-Upload-a-709fb--display-uploaded-textbooks-chromium-desktop-retry1/trace.zip]]
]]>
</system-out>
</testcase>
<testcase name="Textbook Upload and Processing › should filter textbooks by grade" classname="textbook.spec.ts" time="23.005">
<failure message="textbook.spec.ts:72:7 should filter textbooks by grade" type="FAILURE">
<![CDATA[  [chromium-desktop] › textbook.spec.ts:72:7 › Textbook Upload and Processing › should filter textbooks by grade 

    TimeoutError: page.waitForURL: Timeout 10000ms exceeded.
    =========================== logs ===========================
    waiting for navigation to "/dashboard" until "load"
    ============================================================

       8 |     await page.getByLabel(/password/i).fill('TestPassword123!');
       9 |     await page.getByRole('button', { name: /sign in|login/i }).click();
    > 10 |     await page.waitForURL('/dashboard', { timeout: 10000 });
         |                ^
      11 |   });
      12 |
      13 |   test('should display textbook management page', async ({ page }) => {
        at /Users/umasankrudhya/Projects/pinglearn/pinglearn-app/e2e/textbook.spec.ts:10:16

    attachment #1: screenshot (image/png) ──────────────────────────────────────────────────────────
    ../test-results/textbook-Textbook-Upload-a-1c230-d-filter-textbooks-by-grade-chromium-desktop/test-failed-1.png
    ────────────────────────────────────────────────────────────────────────────────────────────────

    Error Context: ../test-results/textbook-Textbook-Upload-a-1c230-d-filter-textbooks-by-grade-chromium-desktop/error-context.md

    attachment #3: trace (application/zip) ─────────────────────────────────────────────────────────
    ../test-results/textbook-Textbook-Upload-a-1c230-d-filter-textbooks-by-grade-chromium-desktop/trace.zip
    Usage:

        npx playwright show-trace ../test-results/textbook-Textbook-Upload-a-1c230-d-filter-textbooks-by-grade-chromium-desktop/trace.zip

    ────────────────────────────────────────────────────────────────────────────────────────────────

    Retry #1 ───────────────────────────────────────────────────────────────────────────────────────

    TimeoutError: page.waitForURL: Timeout 10000ms exceeded.
    =========================== logs ===========================
    waiting for navigation to "/dashboard" until "load"
    ============================================================

       8 |     await page.getByLabel(/password/i).fill('TestPassword123!');
       9 |     await page.getByRole('button', { name: /sign in|login/i }).click();
    > 10 |     await page.waitForURL('/dashboard', { timeout: 10000 });
         |                ^
      11 |   });
      12 |
      13 |   test('should display textbook management page', async ({ page }) => {
        at /Users/umasankrudhya/Projects/pinglearn/pinglearn-app/e2e/textbook.spec.ts:10:16

    attachment #1: screenshot (image/png) ──────────────────────────────────────────────────────────
    ../test-results/textbook-Textbook-Upload-a-1c230-d-filter-textbooks-by-grade-chromium-desktop-retry1/test-failed-1.png
    ────────────────────────────────────────────────────────────────────────────────────────────────

    Error Context: ../test-results/textbook-Textbook-Upload-a-1c230-d-filter-textbooks-by-grade-chromium-desktop-retry1/error-context.md

    attachment #3: trace (application/zip) ─────────────────────────────────────────────────────────
    ../test-results/textbook-Textbook-Upload-a-1c230-d-filter-textbooks-by-grade-chromium-desktop-retry1/trace.zip
    Usage:

        npx playwright show-trace ../test-results/textbook-Textbook-Upload-a-1c230-d-filter-textbooks-by-grade-chromium-desktop-retry1/trace.zip

    ────────────────────────────────────────────────────────────────────────────────────────────────
]]>
</failure>
<system-out>
<![CDATA[
[[ATTACHMENT|../../test-results/textbook-Textbook-Upload-a-1c230-d-filter-textbooks-by-grade-chromium-desktop/test-failed-1.png]]

[[ATTACHMENT|../../test-results/textbook-Textbook-Upload-a-1c230-d-filter-textbooks-by-grade-chromium-desktop/error-context.md]]

[[ATTACHMENT|../../test-results/textbook-Textbook-Upload-a-1c230-d-filter-textbooks-by-grade-chromium-desktop/trace.zip]]

[[ATTACHMENT|../../test-results/textbook-Textbook-Upload-a-1c230-d-filter-textbooks-by-grade-chromium-desktop-retry1/test-failed-1.png]]

[[ATTACHMENT|../../test-results/textbook-Textbook-Upload-a-1c230-d-filter-textbooks-by-grade-chromium-desktop-retry1/error-context.md]]

[[ATTACHMENT|../../test-results/textbook-Textbook-Upload-a-1c230-d-filter-textbooks-by-grade-chromium-desktop-retry1/trace.zip]]
]]>
</system-out>
</testcase>
<testcase name="Textbook Upload and Processing › should filter textbooks by subject" classname="textbook.spec.ts" time="22.859">
<failure message="textbook.spec.ts:92:7 should filter textbooks by subject" type="FAILURE">
<![CDATA[  [chromium-desktop] › textbook.spec.ts:92:7 › Textbook Upload and Processing › should filter textbooks by subject 

    TimeoutError: page.waitForURL: Timeout 10000ms exceeded.
    =========================== logs ===========================
    waiting for navigation to "/dashboard" until "load"
    ============================================================

       8 |     await page.getByLabel(/password/i).fill('TestPassword123!');
       9 |     await page.getByRole('button', { name: /sign in|login/i }).click();
    > 10 |     await page.waitForURL('/dashboard', { timeout: 10000 });
         |                ^
      11 |   });
      12 |
      13 |   test('should display textbook management page', async ({ page }) => {
        at /Users/umasankrudhya/Projects/pinglearn/pinglearn-app/e2e/textbook.spec.ts:10:16

    attachment #1: screenshot (image/png) ──────────────────────────────────────────────────────────
    ../test-results/textbook-Textbook-Upload-a-d36cc-filter-textbooks-by-subject-chromium-desktop/test-failed-1.png
    ────────────────────────────────────────────────────────────────────────────────────────────────

    Error Context: ../test-results/textbook-Textbook-Upload-a-d36cc-filter-textbooks-by-subject-chromium-desktop/error-context.md

    attachment #3: trace (application/zip) ─────────────────────────────────────────────────────────
    ../test-results/textbook-Textbook-Upload-a-d36cc-filter-textbooks-by-subject-chromium-desktop/trace.zip
    Usage:

        npx playwright show-trace ../test-results/textbook-Textbook-Upload-a-d36cc-filter-textbooks-by-subject-chromium-desktop/trace.zip

    ────────────────────────────────────────────────────────────────────────────────────────────────

    Retry #1 ───────────────────────────────────────────────────────────────────────────────────────

    TimeoutError: page.waitForURL: Timeout 10000ms exceeded.
    =========================== logs ===========================
    waiting for navigation to "/dashboard" until "load"
    ============================================================

       8 |     await page.getByLabel(/password/i).fill('TestPassword123!');
       9 |     await page.getByRole('button', { name: /sign in|login/i }).click();
    > 10 |     await page.waitForURL('/dashboard', { timeout: 10000 });
         |                ^
      11 |   });
      12 |
      13 |   test('should display textbook management page', async ({ page }) => {
        at /Users/umasankrudhya/Projects/pinglearn/pinglearn-app/e2e/textbook.spec.ts:10:16

    attachment #1: screenshot (image/png) ──────────────────────────────────────────────────────────
    ../test-results/textbook-Textbook-Upload-a-d36cc-filter-textbooks-by-subject-chromium-desktop-retry1/test-failed-1.png
    ────────────────────────────────────────────────────────────────────────────────────────────────

    Error Context: ../test-results/textbook-Textbook-Upload-a-d36cc-filter-textbooks-by-subject-chromium-desktop-retry1/error-context.md

    attachment #3: trace (application/zip) ─────────────────────────────────────────────────────────
    ../test-results/textbook-Textbook-Upload-a-d36cc-filter-textbooks-by-subject-chromium-desktop-retry1/trace.zip
    Usage:

        npx playwright show-trace ../test-results/textbook-Textbook-Upload-a-d36cc-filter-textbooks-by-subject-chromium-desktop-retry1/trace.zip

    ────────────────────────────────────────────────────────────────────────────────────────────────
]]>
</failure>
<system-out>
<![CDATA[
[[ATTACHMENT|../../test-results/textbook-Textbook-Upload-a-d36cc-filter-textbooks-by-subject-chromium-desktop/test-failed-1.png]]

[[ATTACHMENT|../../test-results/textbook-Textbook-Upload-a-d36cc-filter-textbooks-by-subject-chromium-desktop/error-context.md]]

[[ATTACHMENT|../../test-results/textbook-Textbook-Upload-a-d36cc-filter-textbooks-by-subject-chromium-desktop/trace.zip]]

[[ATTACHMENT|../../test-results/textbook-Textbook-Upload-a-d36cc-filter-textbooks-by-subject-chromium-desktop-retry1/test-failed-1.png]]

[[ATTACHMENT|../../test-results/textbook-Textbook-Upload-a-d36cc-filter-textbooks-by-subject-chromium-desktop-retry1/error-context.md]]

[[ATTACHMENT|../../test-results/textbook-Textbook-Upload-a-d36cc-filter-textbooks-by-subject-chromium-desktop-retry1/trace.zip]]
]]>
</system-out>
</testcase>
<testcase name="Textbook Upload and Processing › should show textbook processing status" classname="textbook.spec.ts" time="23.039">
<failure message="textbook.spec.ts:112:7 should show textbook processing status" type="FAILURE">
<![CDATA[  [chromium-desktop] › textbook.spec.ts:112:7 › Textbook Upload and Processing › should show textbook processing status 

    TimeoutError: page.waitForURL: Timeout 10000ms exceeded.
    =========================== logs ===========================
    waiting for navigation to "/dashboard" until "load"
    ============================================================

       8 |     await page.getByLabel(/password/i).fill('TestPassword123!');
       9 |     await page.getByRole('button', { name: /sign in|login/i }).click();
    > 10 |     await page.waitForURL('/dashboard', { timeout: 10000 });
         |                ^
      11 |   });
      12 |
      13 |   test('should display textbook management page', async ({ page }) => {
        at /Users/umasankrudhya/Projects/pinglearn/pinglearn-app/e2e/textbook.spec.ts:10:16

    attachment #1: screenshot (image/png) ──────────────────────────────────────────────────────────
    ../test-results/textbook-Textbook-Upload-a-3df9e--textbook-processing-status-chromium-desktop/test-failed-1.png
    ────────────────────────────────────────────────────────────────────────────────────────────────

    Error Context: ../test-results/textbook-Textbook-Upload-a-3df9e--textbook-processing-status-chromium-desktop/error-context.md

    attachment #3: trace (application/zip) ─────────────────────────────────────────────────────────
    ../test-results/textbook-Textbook-Upload-a-3df9e--textbook-processing-status-chromium-desktop/trace.zip
    Usage:

        npx playwright show-trace ../test-results/textbook-Textbook-Upload-a-3df9e--textbook-processing-status-chromium-desktop/trace.zip

    ────────────────────────────────────────────────────────────────────────────────────────────────

    Retry #1 ───────────────────────────────────────────────────────────────────────────────────────

    TimeoutError: page.waitForURL: Timeout 10000ms exceeded.
    =========================== logs ===========================
    waiting for navigation to "/dashboard" until "load"
    ============================================================

       8 |     await page.getByLabel(/password/i).fill('TestPassword123!');
       9 |     await page.getByRole('button', { name: /sign in|login/i }).click();
    > 10 |     await page.waitForURL('/dashboard', { timeout: 10000 });
         |                ^
      11 |   });
      12 |
      13 |   test('should display textbook management page', async ({ page }) => {
        at /Users/umasankrudhya/Projects/pinglearn/pinglearn-app/e2e/textbook.spec.ts:10:16

    attachment #1: screenshot (image/png) ──────────────────────────────────────────────────────────
    ../test-results/textbook-Textbook-Upload-a-3df9e--textbook-processing-status-chromium-desktop-retry1/test-failed-1.png
    ────────────────────────────────────────────────────────────────────────────────────────────────

    Error Context: ../test-results/textbook-Textbook-Upload-a-3df9e--textbook-processing-status-chromium-desktop-retry1/error-context.md

    attachment #3: trace (application/zip) ─────────────────────────────────────────────────────────
    ../test-results/textbook-Textbook-Upload-a-3df9e--textbook-processing-status-chromium-desktop-retry1/trace.zip
    Usage:

        npx playwright show-trace ../test-results/textbook-Textbook-Upload-a-3df9e--textbook-processing-status-chromium-desktop-retry1/trace.zip

    ────────────────────────────────────────────────────────────────────────────────────────────────
]]>
</failure>
<system-out>
<![CDATA[
[[ATTACHMENT|../../test-results/textbook-Textbook-Upload-a-3df9e--textbook-processing-status-chromium-desktop/test-failed-1.png]]

[[ATTACHMENT|../../test-results/textbook-Textbook-Upload-a-3df9e--textbook-processing-status-chromium-desktop/error-context.md]]

[[ATTACHMENT|../../test-results/textbook-Textbook-Upload-a-3df9e--textbook-processing-status-chromium-desktop/trace.zip]]

[[ATTACHMENT|../../test-results/textbook-Textbook-Upload-a-3df9e--textbook-processing-status-chromium-desktop-retry1/test-failed-1.png]]

[[ATTACHMENT|../../test-results/textbook-Textbook-Upload-a-3df9e--textbook-processing-status-chromium-desktop-retry1/error-context.md]]

[[ATTACHMENT|../../test-results/textbook-Textbook-Upload-a-3df9e--textbook-processing-status-chromium-desktop-retry1/trace.zip]]
]]>
</system-out>
</testcase>
<testcase name="Textbook Upload and Processing › should handle upload errors gracefully" classname="textbook.spec.ts" time="23.036">
<failure message="textbook.spec.ts:127:7 should handle upload errors gracefully" type="FAILURE">
<![CDATA[  [chromium-desktop] › textbook.spec.ts:127:7 › Textbook Upload and Processing › should handle upload errors gracefully 

    TimeoutError: page.waitForURL: Timeout 10000ms exceeded.
    =========================== logs ===========================
    waiting for navigation to "/dashboard" until "load"
    ============================================================

       8 |     await page.getByLabel(/password/i).fill('TestPassword123!');
       9 |     await page.getByRole('button', { name: /sign in|login/i }).click();
    > 10 |     await page.waitForURL('/dashboard', { timeout: 10000 });
         |                ^
      11 |   });
      12 |
      13 |   test('should display textbook management page', async ({ page }) => {
        at /Users/umasankrudhya/Projects/pinglearn/pinglearn-app/e2e/textbook.spec.ts:10:16

    attachment #1: screenshot (image/png) ──────────────────────────────────────────────────────────
    ../test-results/textbook-Textbook-Upload-a-afac9-le-upload-errors-gracefully-chromium-desktop/test-failed-1.png
    ────────────────────────────────────────────────────────────────────────────────────────────────

    Error Context: ../test-results/textbook-Textbook-Upload-a-afac9-le-upload-errors-gracefully-chromium-desktop/error-context.md

    attachment #3: trace (application/zip) ─────────────────────────────────────────────────────────
    ../test-results/textbook-Textbook-Upload-a-afac9-le-upload-errors-gracefully-chromium-desktop/trace.zip
    Usage:

        npx playwright show-trace ../test-results/textbook-Textbook-Upload-a-afac9-le-upload-errors-gracefully-chromium-desktop/trace.zip

    ────────────────────────────────────────────────────────────────────────────────────────────────

    Retry #1 ───────────────────────────────────────────────────────────────────────────────────────

    TimeoutError: page.waitForURL: Timeout 10000ms exceeded.
    =========================== logs ===========================
    waiting for navigation to "/dashboard" until "load"
    ============================================================

       8 |     await page.getByLabel(/password/i).fill('TestPassword123!');
       9 |     await page.getByRole('button', { name: /sign in|login/i }).click();
    > 10 |     await page.waitForURL('/dashboard', { timeout: 10000 });
         |                ^
      11 |   });
      12 |
      13 |   test('should display textbook management page', async ({ page }) => {
        at /Users/umasankrudhya/Projects/pinglearn/pinglearn-app/e2e/textbook.spec.ts:10:16

    attachment #1: screenshot (image/png) ──────────────────────────────────────────────────────────
    ../test-results/textbook-Textbook-Upload-a-afac9-le-upload-errors-gracefully-chromium-desktop-retry1/test-failed-1.png
    ────────────────────────────────────────────────────────────────────────────────────────────────

    Error Context: ../test-results/textbook-Textbook-Upload-a-afac9-le-upload-errors-gracefully-chromium-desktop-retry1/error-context.md

    attachment #3: trace (application/zip) ─────────────────────────────────────────────────────────
    ../test-results/textbook-Textbook-Upload-a-afac9-le-upload-errors-gracefully-chromium-desktop-retry1/trace.zip
    Usage:

        npx playwright show-trace ../test-results/textbook-Textbook-Upload-a-afac9-le-upload-errors-gracefully-chromium-desktop-retry1/trace.zip

    ────────────────────────────────────────────────────────────────────────────────────────────────
]]>
</failure>
<system-out>
<![CDATA[
[[ATTACHMENT|../../test-results/textbook-Textbook-Upload-a-afac9-le-upload-errors-gracefully-chromium-desktop/test-failed-1.png]]

[[ATTACHMENT|../../test-results/textbook-Textbook-Upload-a-afac9-le-upload-errors-gracefully-chromium-desktop/error-context.md]]

[[ATTACHMENT|../../test-results/textbook-Textbook-Upload-a-afac9-le-upload-errors-gracefully-chromium-desktop/trace.zip]]

[[ATTACHMENT|../../test-results/textbook-Textbook-Upload-a-afac9-le-upload-errors-gracefully-chromium-desktop-retry1/test-failed-1.png]]

[[ATTACHMENT|../../test-results/textbook-Textbook-Upload-a-afac9-le-upload-errors-gracefully-chromium-desktop-retry1/error-context.md]]

[[ATTACHMENT|../../test-results/textbook-Textbook-Upload-a-afac9-le-upload-errors-gracefully-chromium-desktop-retry1/trace.zip]]
]]>
</system-out>
</testcase>
</testsuite>
<testsuite name="ui-analysis.spec.ts" timestamp="2025-10-01T10:20:41.011Z" hostname="chromium-desktop" tests="19" failures="0" skipped="0" time="182.34" errors="0">
<testcase name="Comprehensive UI/UX Analysis › Desktop Analysis › Landing Page - Desktop" classname="ui-analysis.spec.ts" time="10.258">
<system-out>
<![CDATA[Failed to load /: TimeoutError: page.goto: Timeout 10000ms exceeded.
Call log:
[2m  - navigating to "http://localhost:3006/", waiting until "networkidle"[22m

]]>
</system-out>
</testcase>
<testcase name="Comprehensive UI/UX Analysis › Desktop Analysis › Login Page - Desktop" classname="ui-analysis.spec.ts" time="10.171">
<system-out>
<![CDATA[Failed to load /login: TimeoutError: page.goto: Timeout 10000ms exceeded.
Call log:
[2m  - navigating to "http://localhost:3006/login", waiting until "networkidle"[22m

]]>
</system-out>
</testcase>
<testcase name="Comprehensive UI/UX Analysis › Desktop Analysis › Classroom Page - Desktop" classname="ui-analysis.spec.ts" time="10.155">
<system-out>
<![CDATA[Failed to load /classroom: TimeoutError: page.goto: Timeout 10000ms exceeded.
Call log:
[2m  - navigating to "http://localhost:3006/classroom", waiting until "networkidle"[22m

]]>
</system-out>
</testcase>
<testcase name="Comprehensive UI/UX Analysis › Laptop Analysis › Landing Page - Laptop" classname="ui-analysis.spec.ts" time="10.201">
<system-out>
<![CDATA[Failed to load /: TimeoutError: page.goto: Timeout 10000ms exceeded.
Call log:
[2m  - navigating to "http://localhost:3006/", waiting until "networkidle"[22m

]]>
</system-out>
</testcase>
<testcase name="Comprehensive UI/UX Analysis › Laptop Analysis › Login Page - Laptop" classname="ui-analysis.spec.ts" time="10.115">
<system-out>
<![CDATA[Failed to load /login: TimeoutError: page.goto: Timeout 10000ms exceeded.
Call log:
[2m  - navigating to "http://localhost:3006/login", waiting until "networkidle"[22m

]]>
</system-out>
</testcase>
<testcase name="Comprehensive UI/UX Analysis › Laptop Analysis › Classroom Page - Laptop" classname="ui-analysis.spec.ts" time="10.101">
<system-out>
<![CDATA[Failed to load /classroom: TimeoutError: page.goto: Timeout 10000ms exceeded.
Call log:
[2m  - navigating to "http://localhost:3006/classroom", waiting until "networkidle"[22m

]]>
</system-out>
</testcase>
<testcase name="Comprehensive UI/UX Analysis › Tablet-Portrait Analysis › Landing Page - Tablet-Portrait" classname="ui-analysis.spec.ts" time="10.185">
<system-out>
<![CDATA[Failed to load /: TimeoutError: page.goto: Timeout 10000ms exceeded.
Call log:
[2m  - navigating to "http://localhost:3006/", waiting until "networkidle"[22m

]]>
</system-out>
</testcase>
<testcase name="Comprehensive UI/UX Analysis › Tablet-Portrait Analysis › Login Page - Tablet-Portrait" classname="ui-analysis.spec.ts" time="10.154">
<system-out>
<![CDATA[Failed to load /login: TimeoutError: page.goto: Timeout 10000ms exceeded.
Call log:
[2m  - navigating to "http://localhost:3006/login", waiting until "networkidle"[22m

]]>
</system-out>
</testcase>
<testcase name="Comprehensive UI/UX Analysis › Tablet-Portrait Analysis › Classroom Page - Tablet-Portrait" classname="ui-analysis.spec.ts" time="10.114">
<system-out>
<![CDATA[Failed to load /classroom: TimeoutError: page.goto: Timeout 10000ms exceeded.
Call log:
[2m  - navigating to "http://localhost:3006/classroom", waiting until "networkidle"[22m

]]>
</system-out>
</testcase>
<testcase name="Comprehensive UI/UX Analysis › Tablet-Landscape Analysis › Landing Page - Tablet-Landscape" classname="ui-analysis.spec.ts" time="10.15">
<system-out>
<![CDATA[Failed to load /: TimeoutError: page.goto: Timeout 10000ms exceeded.
Call log:
[2m  - navigating to "http://localhost:3006/", waiting until "networkidle"[22m

]]>
</system-out>
</testcase>
<testcase name="Comprehensive UI/UX Analysis › Tablet-Landscape Analysis › Login Page - Tablet-Landscape" classname="ui-analysis.spec.ts" time="10.243">
<system-out>
<![CDATA[
📊 Analysis: Login on Tablet-Landscape
📸 Screenshot: screenshot-Login-Tablet-Landscape-2025-10-01T10-26-47-327Z.png
⏱️  Load Time: 80ms
🔧 Elements: 2H, 2B, 3I
♿ Accessibility: ✅ Alt Text, ✅ Keyboard
]]>
</system-out>
</testcase>
<testcase name="Comprehensive UI/UX Analysis › Tablet-Landscape Analysis › Classroom Page - Tablet-Landscape" classname="ui-analysis.spec.ts" time="10.229">
<system-out>
<![CDATA[
📊 Analysis: Classroom on Tablet-Landscape
📸 Screenshot: screenshot-Classroom-Tablet-Landscape-2025-10-01T10-26-47-324Z.png
⏱️  Load Time: 66ms
🔧 Elements: 2H, 2B, 3I
♿ Accessibility: ✅ Alt Text, ✅ Keyboard
]]>
</system-out>
</testcase>
<testcase name="Comprehensive UI/UX Analysis › Mobile-iPhone Analysis › Landing Page - Mobile-iPhone" classname="ui-analysis.spec.ts" time="9.462">
<system-out>
<![CDATA[
📊 Analysis: Landing on Mobile-iPhone
📸 Screenshot: screenshot-Landing-Mobile-iPhone-2025-10-01T10-26-48-483Z.png
⏱️  Load Time: 64ms
🔧 Elements: 34H, 9B, 6I
♿ Accessibility: ✅ Alt Text, ✅ Keyboard
]]>
</system-out>
</testcase>
<testcase name="Comprehensive UI/UX Analysis › Mobile-iPhone Analysis › Login Page - Mobile-iPhone" classname="ui-analysis.spec.ts" time="9.242">
<system-out>
<![CDATA[
📊 Analysis: Login on Mobile-iPhone
📸 Screenshot: screenshot-Login-Mobile-iPhone-2025-10-01T10-26-48-457Z.png
⏱️  Load Time: 44ms
🔧 Elements: 2H, 2B, 3I
♿ Accessibility: ✅ Alt Text, ✅ Keyboard
]]>
</system-out>
</testcase>
<testcase name="Comprehensive UI/UX Analysis › Mobile-iPhone Analysis › Classroom Page - Mobile-iPhone" classname="ui-analysis.spec.ts" time="10.117">
<system-out>
<![CDATA[Failed to load /classroom: TimeoutError: page.goto: Timeout 10000ms exceeded.
Call log:
[2m  - navigating to "http://localhost:3006/classroom", waiting until "networkidle"[22m

]]>
</system-out>
</testcase>
<testcase name="Comprehensive UI/UX Analysis › Mobile-Large Analysis › Landing Page - Mobile-Large" classname="ui-analysis.spec.ts" time="10.132">
<system-out>
<![CDATA[Failed to load /: TimeoutError: page.goto: Timeout 10000ms exceeded.
Call log:
[2m  - navigating to "http://localhost:3006/", waiting until "networkidle"[22m

]]>
</system-out>
</testcase>
<testcase name="Comprehensive UI/UX Analysis › Mobile-Large Analysis › Login Page - Mobile-Large" classname="ui-analysis.spec.ts" time="10.122">
<system-out>
<![CDATA[Failed to load /login: TimeoutError: page.goto: Timeout 10000ms exceeded.
Call log:
[2m  - navigating to "http://localhost:3006/login", waiting until "networkidle"[22m

]]>
</system-out>
</testcase>
<testcase name="Comprehensive UI/UX Analysis › Mobile-Large Analysis › Classroom Page - Mobile-Large" classname="ui-analysis.spec.ts" time="10.119">
<system-out>
<![CDATA[Failed to load /classroom: TimeoutError: page.goto: Timeout 10000ms exceeded.
Call log:
[2m  - navigating to "http://localhost:3006/classroom", waiting until "networkidle"[22m

]]>
</system-out>
</testcase>
<testcase name="Comprehensive UI/UX Analysis › Generate Comprehensive Report" classname="ui-analysis.spec.ts" time="1.07">
<system-out>
<![CDATA[
📊 UI/UX Analysis Report generated: e2e/test-reports/ui-analysis-report.md

============================================================
# Comprehensive UI/UX Analysis Report

Generated: 2025-10-01T10:26:49.619Z

## Executive Summary

- **Total Pages Analyzed**: 0
- **Average Load Time**: NaNms
- **Total Console Errors**: 0
- **Accessibility Issues Found**: 0

## Device Analysis

## Page Analysis

## Recommendations

- No critical issues found! 🎉

]]>
</system-out>
</testcase>
</testsuite>
<testsuite name="visual-regression.spec.ts" timestamp="2025-10-01T10:20:41.011Z" hostname="chromium-desktop" tests="8" failures="6" skipped="0" time="419.099" errors="0">
<testcase name="Visual Regression Testing › Landing Page Visual Consistency" classname="visual-regression.spec.ts" time="70.629">
<failure message="visual-regression.spec.ts:313:7 Landing Page Visual Consistency" type="FAILURE">
<![CDATA[  [chromium-desktop] › visual-regression.spec.ts:313:7 › Visual Regression Testing › Landing Page Visual Consistency 

    Test timeout of 30000ms exceeded.

    attachment #1: trace (application/zip) ─────────────────────────────────────────────────────────
    ../test-results/visual-regression-Visual-R-3c68a-ing-Page-Visual-Consistency-chromium-desktop/trace.zip
    Usage:

        npx playwright show-trace ../test-results/visual-regression-Visual-R-3c68a-ing-Page-Visual-Consistency-chromium-desktop/trace.zip

    ────────────────────────────────────────────────────────────────────────────────────────────────

    Retry #1 ───────────────────────────────────────────────────────────────────────────────────────

    Test timeout of 30000ms exceeded.

    attachment #1: screenshot (image/png) ──────────────────────────────────────────────────────────
    ../test-results/visual-regression-Visual-R-3c68a-ing-Page-Visual-Consistency-chromium-desktop-retry1/test-failed-1.png
    ────────────────────────────────────────────────────────────────────────────────────────────────

    Error Context: ../test-results/visual-regression-Visual-R-3c68a-ing-Page-Visual-Consistency-chromium-desktop-retry1/error-context.md

    attachment #3: trace (application/zip) ─────────────────────────────────────────────────────────
    ../test-results/visual-regression-Visual-R-3c68a-ing-Page-Visual-Consistency-chromium-desktop-retry1/trace.zip
    Usage:

        npx playwright show-trace ../test-results/visual-regression-Visual-R-3c68a-ing-Page-Visual-Consistency-chromium-desktop-retry1/trace.zip

    ────────────────────────────────────────────────────────────────────────────────────────────────
]]>
</failure>
<system-out>
<![CDATA[
🏠 Testing Landing Page Visual Consistency

🖼️  Testing landing visual consistency across devices...

📱 Testing state: default

📱 Testing state: hover-cta

[[ATTACHMENT|../../test-results/visual-regression-Visual-R-3c68a-ing-Page-Visual-Consistency-chromium-desktop/trace.zip]]

🏠 Testing Landing Page Visual Consistency

🖼️  Testing landing visual consistency across devices...

📱 Testing state: default

📱 Testing state: hover-cta

[[ATTACHMENT|../../test-results/visual-regression-Visual-R-3c68a-ing-Page-Visual-Consistency-chromium-desktop-retry1/test-failed-1.png]]

[[ATTACHMENT|../../test-results/visual-regression-Visual-R-3c68a-ing-Page-Visual-Consistency-chromium-desktop-retry1/error-context.md]]

[[ATTACHMENT|../../test-results/visual-regression-Visual-R-3c68a-ing-Page-Visual-Consistency-chromium-desktop-retry1/trace.zip]]
]]>
</system-out>
<system-err>
<![CDATA[❌ Screenshot failed for landing-Desktop-default: TimeoutError: page.waitForLoadState: Timeout 10000ms exceeded.
❌ Failed to test landing on Desktop: TimeoutError: page.waitForLoadState: Timeout 10000ms exceeded.
❌ Failed to test landing on Laptop: Error: page.goto: net::ERR_ABORTED; maybe frame was detached?
Call log:
[2m  - navigating to "http://localhost:3006/", waiting until "load"[22m

❌ Failed to test landing on Tablet-Portrait: Error: page.setViewportSize: Target page, context or browser has been closed
❌ Failed to test landing on Tablet-Landscape: Error: page.setViewportSize: Target page, context or browser has been closed
❌ Failed to test landing on Mobile-Large: Error: page.setViewportSize: Target page, context or browser has been closed
❌ Failed to test landing on Mobile-iPhone: Error: page.setViewportSize: Target page, context or browser has been closed
❌ Failed to test landing on Desktop: Error: page.setViewportSize: Target page, context or browser has been closed
❌ Failed to test landing on Laptop: Error: page.setViewportSize: Target page, context or browser has been closed
❌ Failed to test landing on Tablet-Portrait: Error: page.setViewportSize: Target page, context or browser has been closed
❌ Failed to test landing on Tablet-Landscape: Error: page.setViewportSize: Target page, context or browser has been closed
❌ Failed to test landing on Mobile-Large: Error: page.setViewportSize: Target page, context or browser has been closed
❌ Failed to test landing on Mobile-iPhone: Error: page.setViewportSize: Target page, context or browser has been closed
❌ Screenshot failed for landing-Desktop-default: TimeoutError: page.waitForLoadState: Timeout 10000ms exceeded.
❌ Failed to test landing on Desktop: TimeoutError: page.waitForLoadState: Timeout 10000ms exceeded.
❌ Screenshot failed for landing-Laptop-default: Error: page.waitForLoadState: Test timeout of 30000ms exceeded.
❌ Failed to test landing on Laptop: Error: page.waitForLoadState: Test timeout of 30000ms exceeded.
❌ Failed to test landing on Tablet-Portrait: Error: page.setViewportSize: Target page, context or browser has been closed
❌ Failed to test landing on Tablet-Landscape: Error: page.setViewportSize: Target page, context or browser has been closed
❌ Failed to test landing on Mobile-Large: Error: page.setViewportSize: Target page, context or browser has been closed
❌ Failed to test landing on Mobile-iPhone: Error: page.setViewportSize: Target page, context or browser has been closed
❌ Failed to test landing on Desktop: Error: page.setViewportSize: Target page, context or browser has been closed
❌ Failed to test landing on Laptop: Error: page.setViewportSize: Target page, context or browser has been closed
❌ Failed to test landing on Tablet-Portrait: Error: page.setViewportSize: Target page, context or browser has been closed
❌ Failed to test landing on Tablet-Landscape: Error: page.setViewportSize: Target page, context or browser has been closed
❌ Failed to test landing on Mobile-Large: Error: page.setViewportSize: Target page, context or browser has been closed
❌ Failed to test landing on Mobile-iPhone: Error: page.setViewportSize: Target page, context or browser has been closed
]]>
</system-err>
</testcase>
<testcase name="Visual Regression Testing › Login Page Visual Consistency" classname="visual-regression.spec.ts" time="70.267">
<failure message="visual-regression.spec.ts:318:7 Login Page Visual Consistency" type="FAILURE">
<![CDATA[  [chromium-desktop] › visual-regression.spec.ts:318:7 › Visual Regression Testing › Login Page Visual Consistency 

    Test timeout of 30000ms exceeded.

    attachment #1: trace (application/zip) ─────────────────────────────────────────────────────────
    ../test-results/visual-regression-Visual-R-87f1c-gin-Page-Visual-Consistency-chromium-desktop/trace.zip
    Usage:

        npx playwright show-trace ../test-results/visual-regression-Visual-R-87f1c-gin-Page-Visual-Consistency-chromium-desktop/trace.zip

    ────────────────────────────────────────────────────────────────────────────────────────────────

    Retry #1 ───────────────────────────────────────────────────────────────────────────────────────

    Test timeout of 30000ms exceeded.

    attachment #1: screenshot (image/png) ──────────────────────────────────────────────────────────
    ../test-results/visual-regression-Visual-R-87f1c-gin-Page-Visual-Consistency-chromium-desktop-retry1/test-failed-1.png
    ────────────────────────────────────────────────────────────────────────────────────────────────

    Error Context: ../test-results/visual-regression-Visual-R-87f1c-gin-Page-Visual-Consistency-chromium-desktop-retry1/error-context.md

    attachment #3: trace (application/zip) ─────────────────────────────────────────────────────────
    ../test-results/visual-regression-Visual-R-87f1c-gin-Page-Visual-Consistency-chromium-desktop-retry1/trace.zip
    Usage:

        npx playwright show-trace ../test-results/visual-regression-Visual-R-87f1c-gin-Page-Visual-Consistency-chromium-desktop-retry1/trace.zip

    ────────────────────────────────────────────────────────────────────────────────────────────────
]]>
</failure>
<system-out>
<![CDATA[
🔐 Testing Login Page Visual Consistency

🖼️  Testing login visual consistency across devices...

📱 Testing state: default

📱 Testing state: focus-input

📱 Testing state: error-state

[[ATTACHMENT|../../test-results/visual-regression-Visual-R-87f1c-gin-Page-Visual-Consistency-chromium-desktop/trace.zip]]

🔐 Testing Login Page Visual Consistency

🖼️  Testing login visual consistency across devices...

📱 Testing state: default

📱 Testing state: focus-input

📱 Testing state: error-state

[[ATTACHMENT|../../test-results/visual-regression-Visual-R-87f1c-gin-Page-Visual-Consistency-chromium-desktop-retry1/test-failed-1.png]]

[[ATTACHMENT|../../test-results/visual-regression-Visual-R-87f1c-gin-Page-Visual-Consistency-chromium-desktop-retry1/error-context.md]]

[[ATTACHMENT|../../test-results/visual-regression-Visual-R-87f1c-gin-Page-Visual-Consistency-chromium-desktop-retry1/trace.zip]]
]]>
</system-out>
<system-err>
<![CDATA[❌ Screenshot failed for login-Desktop-default: TimeoutError: page.waitForLoadState: Timeout 10000ms exceeded.
❌ Failed to test login on Desktop: TimeoutError: page.waitForLoadState: Timeout 10000ms exceeded.
❌ Failed to test login on Laptop: Error: page.goto: net::ERR_ABORTED; maybe frame was detached?
Call log:
[2m  - navigating to "http://localhost:3006/login", waiting until "load"[22m

❌ Failed to test login on Tablet-Portrait: Error: page.setViewportSize: Target page, context or browser has been closed
❌ Failed to test login on Tablet-Landscape: Error: page.setViewportSize: Target page, context or browser has been closed
❌ Failed to test login on Mobile-Large: Error: page.setViewportSize: Target page, context or browser has been closed
❌ Failed to test login on Mobile-iPhone: Error: page.setViewportSize: Target page, context or browser has been closed
❌ Failed to test login on Desktop: Error: page.setViewportSize: Target page, context or browser has been closed
❌ Failed to test login on Laptop: Error: page.setViewportSize: Target page, context or browser has been closed
❌ Failed to test login on Tablet-Portrait: Error: page.setViewportSize: Target page, context or browser has been closed
❌ Failed to test login on Tablet-Landscape: Error: page.setViewportSize: Target page, context or browser has been closed
❌ Failed to test login on Mobile-Large: Error: page.setViewportSize: Target page, context or browser has been closed
❌ Failed to test login on Mobile-iPhone: Error: page.setViewportSize: Target page, context or browser has been closed
❌ Failed to test login on Desktop: Error: page.setViewportSize: Target page, context or browser has been closed
❌ Failed to test login on Laptop: Error: page.setViewportSize: Target page, context or browser has been closed
❌ Failed to test login on Tablet-Portrait: Error: page.setViewportSize: Target page, context or browser has been closed
❌ Failed to test login on Tablet-Landscape: Error: page.setViewportSize: Target page, context or browser has been closed
❌ Failed to test login on Mobile-Large: Error: page.setViewportSize: Target page, context or browser has been closed
❌ Failed to test login on Mobile-iPhone: Error: page.setViewportSize: Target page, context or browser has been closed
❌ Screenshot failed for login-Desktop-default: TimeoutError: page.waitForLoadState: Timeout 10000ms exceeded.
❌ Failed to test login on Desktop: TimeoutError: page.waitForLoadState: Timeout 10000ms exceeded.
❌ Screenshot failed for login-Laptop-default: Error: page.waitForLoadState: Test timeout of 30000ms exceeded.
❌ Failed to test login on Laptop: Error: page.waitForLoadState: Test timeout of 30000ms exceeded.
❌ Failed to test login on Tablet-Portrait: Error: page.setViewportSize: Target page, context or browser has been closed
❌ Failed to test login on Tablet-Landscape: Error: page.setViewportSize: Target page, context or browser has been closed
❌ Failed to test login on Mobile-Large: Error: page.setViewportSize: Target page, context or browser has been closed
❌ Failed to test login on Mobile-iPhone: Error: page.setViewportSize: Target page, context or browser has been closed
❌ Failed to test login on Desktop: Error: page.setViewportSize: Target page, context or browser has been closed
❌ Failed to test login on Laptop: Error: page.setViewportSize: Target page, context or browser has been closed
❌ Failed to test login on Tablet-Portrait: Error: page.setViewportSize: Target page, context or browser has been closed
❌ Failed to test login on Tablet-Landscape: Error: page.setViewportSize: Target page, context or browser has been closed
❌ Failed to test login on Mobile-Large: Error: page.setViewportSize: Target page, context or browser has been closed
❌ Failed to test login on Mobile-iPhone: Error: page.setViewportSize: Target page, context or browser has been closed
❌ Failed to test login on Desktop: Error: page.setViewportSize: Target page, context or browser has been closed
❌ Failed to test login on Laptop: Error: page.setViewportSize: Target page, context or browser has been closed
❌ Failed to test login on Tablet-Portrait: Error: page.setViewportSize: Target page, context or browser has been closed
❌ Failed to test login on Tablet-Landscape: Error: page.setViewportSize: Target page, context or browser has been closed
❌ Failed to test login on Mobile-Large: Error: page.setViewportSize: Target page, context or browser has been closed
❌ Failed to test login on Mobile-iPhone: Error: page.setViewportSize: Target page, context or browser has been closed
]]>
</system-err>
</testcase>
<testcase name="Visual Regression Testing › Classroom Page Visual Consistency" classname="visual-regression.spec.ts" time="71.666">
<failure message="visual-regression.spec.ts:323:7 Classroom Page Visual Consistency" type="FAILURE">
<![CDATA[  [chromium-desktop] › visual-regression.spec.ts:323:7 › Visual Regression Testing › Classroom Page Visual Consistency 

    Test timeout of 30000ms exceeded.

    attachment #1: screenshot (image/png) ──────────────────────────────────────────────────────────
    ../test-results/visual-regression-Visual-R-d6ce0-oom-Page-Visual-Consistency-chromium-desktop/test-failed-1.png
    ────────────────────────────────────────────────────────────────────────────────────────────────

    Error Context: ../test-results/visual-regression-Visual-R-d6ce0-oom-Page-Visual-Consistency-chromium-desktop/error-context.md

    attachment #3: trace (application/zip) ─────────────────────────────────────────────────────────
    ../test-results/visual-regression-Visual-R-d6ce0-oom-Page-Visual-Consistency-chromium-desktop/trace.zip
    Usage:

        npx playwright show-trace ../test-results/visual-regression-Visual-R-d6ce0-oom-Page-Visual-Consistency-chromium-desktop/trace.zip

    ────────────────────────────────────────────────────────────────────────────────────────────────

    Retry #1 ───────────────────────────────────────────────────────────────────────────────────────

    Test timeout of 30000ms exceeded.

    Error Context: ../test-results/visual-regression-Visual-R-d6ce0-oom-Page-Visual-Consistency-chromium-desktop-retry1/error-context.md

    attachment #2: trace (application/zip) ─────────────────────────────────────────────────────────
    ../test-results/visual-regression-Visual-R-d6ce0-oom-Page-Visual-Consistency-chromium-desktop-retry1/trace.zip
    Usage:

        npx playwright show-trace ../test-results/visual-regression-Visual-R-d6ce0-oom-Page-Visual-Consistency-chromium-desktop-retry1/trace.zip

    ────────────────────────────────────────────────────────────────────────────────────────────────
]]>
</failure>
<system-out>
<![CDATA[
🚀 Testing Classroom Page Visual Consistency

🖼️  Testing classroom visual consistency across devices...

📱 Testing state: default

📱 Testing state: session-active

[[ATTACHMENT|../../test-results/visual-regression-Visual-R-d6ce0-oom-Page-Visual-Consistency-chromium-desktop/test-failed-1.png]]

[[ATTACHMENT|../../test-results/visual-regression-Visual-R-d6ce0-oom-Page-Visual-Consistency-chromium-desktop/error-context.md]]

[[ATTACHMENT|../../test-results/visual-regression-Visual-R-d6ce0-oom-Page-Visual-Consistency-chromium-desktop/trace.zip]]

🚀 Testing Classroom Page Visual Consistency

🖼️  Testing classroom visual consistency across devices...

📱 Testing state: default

📱 Testing state: session-active

[[ATTACHMENT|../../test-results/visual-regression-Visual-R-d6ce0-oom-Page-Visual-Consistency-chromium-desktop-retry1/error-context.md]]

[[ATTACHMENT|../../test-results/visual-regression-Visual-R-d6ce0-oom-Page-Visual-Consistency-chromium-desktop-retry1/trace.zip]]
]]>
</system-out>
<system-err>
<![CDATA[❌ Screenshot failed for classroom-Desktop-default: TimeoutError: page.waitForLoadState: Timeout 10000ms exceeded.
❌ Failed to test classroom on Desktop: TimeoutError: page.waitForLoadState: Timeout 10000ms exceeded.
❌ Failed to test classroom on Laptop: Error: page.waitForTimeout: Test timeout of 30000ms exceeded.
❌ Failed to test classroom on Tablet-Portrait: Error: page.setViewportSize: Target page, context or browser has been closed
❌ Failed to test classroom on Tablet-Landscape: Error: page.setViewportSize: Target page, context or browser has been closed
❌ Failed to test classroom on Mobile-Large: Error: page.setViewportSize: Target page, context or browser has been closed
❌ Failed to test classroom on Mobile-iPhone: Error: page.setViewportSize: Target page, context or browser has been closed
❌ Failed to test classroom on Desktop: Error: page.setViewportSize: Target page, context or browser has been closed
❌ Failed to test classroom on Laptop: Error: page.setViewportSize: Target page, context or browser has been closed
❌ Failed to test classroom on Tablet-Portrait: Error: page.setViewportSize: Target page, context or browser has been closed
❌ Failed to test classroom on Tablet-Landscape: Error: page.setViewportSize: Target page, context or browser has been closed
❌ Failed to test classroom on Mobile-Large: Error: page.setViewportSize: Target page, context or browser has been closed
❌ Failed to test classroom on Mobile-iPhone: Error: page.setViewportSize: Target page, context or browser has been closed
❌ Screenshot failed for classroom-Desktop-default: TimeoutError: page.waitForLoadState: Timeout 10000ms exceeded.
❌ Failed to test classroom on Desktop: TimeoutError: page.waitForLoadState: Timeout 10000ms exceeded.
❌ Screenshot failed for classroom-Laptop-default: Error: page.waitForLoadState: Test timeout of 30000ms exceeded.
❌ Failed to test classroom on Laptop: Error: page.waitForLoadState: Test timeout of 30000ms exceeded.
❌ Failed to test classroom on Tablet-Portrait: Error: page.setViewportSize: Target page, context or browser has been closed
❌ Failed to test classroom on Tablet-Landscape: Error: page.setViewportSize: Target page, context or browser has been closed
❌ Failed to test classroom on Mobile-Large: Error: page.setViewportSize: Target page, context or browser has been closed
❌ Failed to test classroom on Mobile-iPhone: Error: page.setViewportSize: Target page, context or browser has been closed
❌ Failed to test classroom on Desktop: Error: page.setViewportSize: Target page, context or browser has been closed
❌ Failed to test classroom on Laptop: Error: page.setViewportSize: Target page, context or browser has been closed
❌ Failed to test classroom on Tablet-Portrait: Error: page.setViewportSize: Target page, context or browser has been closed
❌ Failed to test classroom on Tablet-Landscape: Error: page.setViewportSize: Target page, context or browser has been closed
❌ Failed to test classroom on Mobile-Large: Error: page.setViewportSize: Target page, context or browser has been closed
❌ Failed to test classroom on Mobile-iPhone: Error: page.setViewportSize: Target page, context or browser has been closed
]]>
</system-err>
</testcase>
<testcase name="Visual Regression Testing › Dashboard Page Visual Consistency (Authenticated)" classname="visual-regression.spec.ts" time="10.639">
<system-out>
<![CDATA[
📊 Testing Dashboard Page Visual Consistency
⚠️ Dashboard visual test skipped - authentication may not be available
]]>
</system-out>
</testcase>
<testcase name="Visual Regression Testing › Mobile Responsive Layout Testing" classname="visual-regression.spec.ts" time="70.577">
<failure message="visual-regression.spec.ts:347:7 Mobile Responsive Layout Testing" type="FAILURE">
<![CDATA[  [chromium-desktop] › visual-regression.spec.ts:347:7 › Visual Regression Testing › Mobile Responsive Layout Testing 

    Test timeout of 30000ms exceeded.

    Error: page.setViewportSize: Target page, context or browser has been closed

      356 |
      357 |     for (const viewport of mobileViewports) {
    > 358 |       await page.setViewportSize({ width: viewport.width, height: viewport.height });
          |                  ^
      359 |
      360 |       const pages = ['/', '/login', '/classroom'];
      361 |       for (const url of pages) {
        at /Users/umasankrudhya/Projects/pinglearn/pinglearn-app/e2e/visual-regression.spec.ts:358:18

    attachment #1: screenshot (image/png) ──────────────────────────────────────────────────────────
    ../test-results/visual-regression-Visual-R-9407b-e-Responsive-Layout-Testing-chromium-desktop/test-failed-1.png
    ────────────────────────────────────────────────────────────────────────────────────────────────

    Error Context: ../test-results/visual-regression-Visual-R-9407b-e-Responsive-Layout-Testing-chromium-desktop/error-context.md

    attachment #3: trace (application/zip) ─────────────────────────────────────────────────────────
    ../test-results/visual-regression-Visual-R-9407b-e-Responsive-Layout-Testing-chromium-desktop/trace.zip
    Usage:

        npx playwright show-trace ../test-results/visual-regression-Visual-R-9407b-e-Responsive-Layout-Testing-chromium-desktop/trace.zip

    ────────────────────────────────────────────────────────────────────────────────────────────────

    Retry #1 ───────────────────────────────────────────────────────────────────────────────────────

    Test timeout of 30000ms exceeded.

    Error: page.setViewportSize: Target page, context or browser has been closed

      356 |
      357 |     for (const viewport of mobileViewports) {
    > 358 |       await page.setViewportSize({ width: viewport.width, height: viewport.height });
          |                  ^
      359 |
      360 |       const pages = ['/', '/login', '/classroom'];
      361 |       for (const url of pages) {
        at /Users/umasankrudhya/Projects/pinglearn/pinglearn-app/e2e/visual-regression.spec.ts:358:18

    Error Context: ../test-results/visual-regression-Visual-R-9407b-e-Responsive-Layout-Testing-chromium-desktop-retry1/error-context.md

    attachment #2: trace (application/zip) ─────────────────────────────────────────────────────────
    ../test-results/visual-regression-Visual-R-9407b-e-Responsive-Layout-Testing-chromium-desktop-retry1/trace.zip
    Usage:

        npx playwright show-trace ../test-results/visual-regression-Visual-R-9407b-e-Responsive-Layout-Testing-chromium-desktop-retry1/trace.zip

    ────────────────────────────────────────────────────────────────────────────────────────────────
]]>
</failure>
<system-out>
<![CDATA[
📱 Testing Mobile Responsive Layouts
⚠️ Mobile test failed for / on iPhone-SE: TimeoutError: page.waitForLoadState: Timeout 10000ms exceeded.
⚠️ Mobile test failed for /login on iPhone-SE: Error: page.waitForLoadState: Test timeout of 30000ms exceeded.
⚠️ Mobile test failed for /classroom on iPhone-SE: Error: page.goto: Target page, context or browser has been closed

[[ATTACHMENT|../../test-results/visual-regression-Visual-R-9407b-e-Responsive-Layout-Testing-chromium-desktop/test-failed-1.png]]

[[ATTACHMENT|../../test-results/visual-regression-Visual-R-9407b-e-Responsive-Layout-Testing-chromium-desktop/error-context.md]]

[[ATTACHMENT|../../test-results/visual-regression-Visual-R-9407b-e-Responsive-Layout-Testing-chromium-desktop/trace.zip]]

📱 Testing Mobile Responsive Layouts
⚠️ Mobile test failed for / on iPhone-SE: TimeoutError: page.waitForLoadState: Timeout 10000ms exceeded.
⚠️ Mobile test failed for /login on iPhone-SE: Error: page.waitForLoadState: Test timeout of 30000ms exceeded.
⚠️ Mobile test failed for /classroom on iPhone-SE: Error: page.goto: Target page, context or browser has been closed

[[ATTACHMENT|../../test-results/visual-regression-Visual-R-9407b-e-Responsive-Layout-Testing-chromium-desktop-retry1/error-context.md]]

[[ATTACHMENT|../../test-results/visual-regression-Visual-R-9407b-e-Responsive-Layout-Testing-chromium-desktop-retry1/trace.zip]]
]]>
</system-out>
<system-err>
<![CDATA[❌ Screenshot failed for landing-mobile-iPhone-SE-responsive: TimeoutError: page.waitForLoadState: Timeout 10000ms exceeded.
❌ Screenshot failed for login-mobile-iPhone-SE-responsive: Error: page.waitForLoadState: Test timeout of 30000ms exceeded.
❌ Screenshot failed for landing-mobile-iPhone-SE-responsive: TimeoutError: page.waitForLoadState: Timeout 10000ms exceeded.
❌ Screenshot failed for login-mobile-iPhone-SE-responsive: Error: page.waitForLoadState: Test timeout of 30000ms exceeded.
]]>
</system-err>
</testcase>
<testcase name="Visual Regression Testing › Dark Mode Visual Testing" classname="visual-regression.spec.ts" time="44.841">
<failure message="visual-regression.spec.ts:381:7 Dark Mode Visual Testing" type="FAILURE">
<![CDATA[  [chromium-desktop] › visual-regression.spec.ts:381:7 › Visual Regression Testing › Dark Mode Visual Testing 

    TimeoutError: page.waitForLoadState: Timeout 10000ms exceeded.

      61 |
      62 |     try {
    > 63 |       await this.page.waitForLoadState('networkidle', { timeout: 10000 });
         |                       ^
      64 |       await this.page.waitForTimeout(1000); // Allow animations to complete
      65 |
      66 |       await this.page.screenshot({
        at VisualRegressionTester.capturePageState (/Users/umasankrudhya/Projects/pinglearn/pinglearn-app/e2e/visual-regression.spec.ts:63:23)
        at /Users/umasankrudhya/Projects/pinglearn/pinglearn-app/e2e/visual-regression.spec.ts:394:26

    attachment #1: screenshot (image/png) ──────────────────────────────────────────────────────────
    ../test-results/visual-regression-Visual-R-7780a-ng-Dark-Mode-Visual-Testing-chromium-desktop/test-failed-1.png
    ────────────────────────────────────────────────────────────────────────────────────────────────

    Error Context: ../test-results/visual-regression-Visual-R-7780a-ng-Dark-Mode-Visual-Testing-chromium-desktop/error-context.md

    attachment #3: trace (application/zip) ─────────────────────────────────────────────────────────
    ../test-results/visual-regression-Visual-R-7780a-ng-Dark-Mode-Visual-Testing-chromium-desktop/trace.zip
    Usage:

        npx playwright show-trace ../test-results/visual-regression-Visual-R-7780a-ng-Dark-Mode-Visual-Testing-chromium-desktop/trace.zip

    ────────────────────────────────────────────────────────────────────────────────────────────────

    Retry #1 ───────────────────────────────────────────────────────────────────────────────────────

    TimeoutError: page.waitForLoadState: Timeout 10000ms exceeded.

      61 |
      62 |     try {
    > 63 |       await this.page.waitForLoadState('networkidle', { timeout: 10000 });
         |                       ^
      64 |       await this.page.waitForTimeout(1000); // Allow animations to complete
      65 |
      66 |       await this.page.screenshot({
        at VisualRegressionTester.capturePageState (/Users/umasankrudhya/Projects/pinglearn/pinglearn-app/e2e/visual-regression.spec.ts:63:23)
        at /Users/umasankrudhya/Projects/pinglearn/pinglearn-app/e2e/visual-regression.spec.ts:394:26

    attachment #1: screenshot (image/png) ──────────────────────────────────────────────────────────
    ../test-results/visual-regression-Visual-R-7780a-ng-Dark-Mode-Visual-Testing-chromium-desktop-retry1/test-failed-1.png
    ────────────────────────────────────────────────────────────────────────────────────────────────

    Error Context: ../test-results/visual-regression-Visual-R-7780a-ng-Dark-Mode-Visual-Testing-chromium-desktop-retry1/error-context.md

    attachment #3: trace (application/zip) ─────────────────────────────────────────────────────────
    ../test-results/visual-regression-Visual-R-7780a-ng-Dark-Mode-Visual-Testing-chromium-desktop-retry1/trace.zip
    Usage:

        npx playwright show-trace ../test-results/visual-regression-Visual-R-7780a-ng-Dark-Mode-Visual-Testing-chromium-desktop-retry1/trace.zip

    ────────────────────────────────────────────────────────────────────────────────────────────────
]]>
</failure>
<system-out>
<![CDATA[
🌙 Testing Dark Mode Visual Consistency

[[ATTACHMENT|../../test-results/visual-regression-Visual-R-7780a-ng-Dark-Mode-Visual-Testing-chromium-desktop/test-failed-1.png]]

[[ATTACHMENT|../../test-results/visual-regression-Visual-R-7780a-ng-Dark-Mode-Visual-Testing-chromium-desktop/error-context.md]]

[[ATTACHMENT|../../test-results/visual-regression-Visual-R-7780a-ng-Dark-Mode-Visual-Testing-chromium-desktop/trace.zip]]

🌙 Testing Dark Mode Visual Consistency

[[ATTACHMENT|../../test-results/visual-regression-Visual-R-7780a-ng-Dark-Mode-Visual-Testing-chromium-desktop-retry1/test-failed-1.png]]

[[ATTACHMENT|../../test-results/visual-regression-Visual-R-7780a-ng-Dark-Mode-Visual-Testing-chromium-desktop-retry1/error-context.md]]

[[ATTACHMENT|../../test-results/visual-regression-Visual-R-7780a-ng-Dark-Mode-Visual-Testing-chromium-desktop-retry1/trace.zip]]
]]>
</system-out>
<system-err>
<![CDATA[❌ Screenshot failed for landing-Desktop-light-mode: TimeoutError: page.waitForLoadState: Timeout 10000ms exceeded.
❌ Screenshot failed for landing-Desktop-light-mode: TimeoutError: page.waitForLoadState: Timeout 10000ms exceeded.
]]>
</system-err>
</testcase>
<testcase name="Visual Regression Testing › Generate Visual Regression Report" classname="visual-regression.spec.ts" time="0.135">
<system-out>
<![CDATA[
📊 Generating Visual Regression Report...

📊 Visual regression report saved to: e2e/test-reports/visual-regression/visual-regression-report.md
✅ Visual regression testing completed
📸 Screenshots available in: e2e/test-reports/visual-regression
]]>
</system-out>
</testcase>
<testcase name="Visual Regression Testing › Cross-Device Element Positioning" classname="visual-regression.spec.ts" time="80.345">
<failure message="visual-regression.spec.ts:424:7 Cross-Device Element Positioning" type="FAILURE">
<![CDATA[  [chromium-desktop] › visual-regression.spec.ts:424:7 › Visual Regression Testing › Cross-Device Element Positioning 

    Test timeout of 30000ms exceeded.

    Error: page.goto: net::ERR_ABORTED; maybe frame was detached?
    Call log:
      - navigating to "http://localhost:3006/", waiting until "load"


      434 |     for (const deviceConfig of VISUAL_TEST_CONFIG.deviceConfigs) {
      435 |       await page.setViewportSize(deviceConfig.viewport);
    > 436 |       await page.goto('/');
          |                  ^
      437 |
      438 |       console.log(`📱 Checking element positioning on ${deviceConfig.name}`);
      439 |
        at /Users/umasankrudhya/Projects/pinglearn/pinglearn-app/e2e/visual-regression.spec.ts:436:18

    attachment #1: trace (application/zip) ─────────────────────────────────────────────────────────
    ../test-results/visual-regression-Visual-R-f3aaf--Device-Element-Positioning-chromium-desktop/trace.zip
    Usage:

        npx playwright show-trace ../test-results/visual-regression-Visual-R-f3aaf--Device-Element-Positioning-chromium-desktop/trace.zip

    ────────────────────────────────────────────────────────────────────────────────────────────────

    Retry #1 ───────────────────────────────────────────────────────────────────────────────────────

    Test timeout of 30000ms exceeded.

    Error: page.goto: net::ERR_ABORTED; maybe frame was detached?
    Call log:
      - navigating to "http://localhost:3006/", waiting until "load"


      434 |     for (const deviceConfig of VISUAL_TEST_CONFIG.deviceConfigs) {
      435 |       await page.setViewportSize(deviceConfig.viewport);
    > 436 |       await page.goto('/');
          |                  ^
      437 |
      438 |       console.log(`📱 Checking element positioning on ${deviceConfig.name}`);
      439 |
        at /Users/umasankrudhya/Projects/pinglearn/pinglearn-app/e2e/visual-regression.spec.ts:436:18

    attachment #1: trace (application/zip) ─────────────────────────────────────────────────────────
    ../test-results/visual-regression-Visual-R-f3aaf--Device-Element-Positioning-chromium-desktop-retry1/trace.zip
    Usage:

        npx playwright show-trace ../test-results/visual-regression-Visual-R-f3aaf--Device-Element-Positioning-chromium-desktop-retry1/trace.zip

    ────────────────────────────────────────────────────────────────────────────────────────────────
]]>
</failure>
<system-out>
<![CDATA[
📐 Testing Cross-Device Element Positioning
📱 Checking element positioning on Desktop
  ✅ navigation: visible, in viewport
  ✅ hero-title: visible, in viewport
  ⚠️ primary-cta: visible, out of viewport
  ⚠️ footer: visible, out of viewport

[[ATTACHMENT|../../test-results/visual-regression-Visual-R-f3aaf--Device-Element-Positioning-chromium-desktop/trace.zip]]

📐 Testing Cross-Device Element Positioning
📱 Checking element positioning on Desktop
  ✅ navigation: visible, in viewport
  ✅ hero-title: visible, in viewport
  ⚠️ primary-cta: visible, out of viewport
  ⚠️ footer: visible, out of viewport
📱 Checking element positioning on Laptop
  ✅ navigation: visible, in viewport
  ✅ hero-title: visible, in viewport
  ⚠️ primary-cta: visible, out of viewport
  ⚠️ footer: visible, out of viewport
📱 Checking element positioning on Tablet-Portrait
  ✅ navigation: visible, in viewport
  ✅ hero-title: visible, in viewport
  ⚠️ primary-cta: visible, out of viewport
  ⚠️ footer: visible, out of viewport
📱 Checking element positioning on Tablet-Landscape
  ✅ navigation: visible, in viewport
  ✅ hero-title: visible, in viewport
  ⚠️ primary-cta: visible, out of viewport
  ⚠️ footer: visible, out of viewport

[[ATTACHMENT|../../test-results/visual-regression-Visual-R-f3aaf--Device-Element-Positioning-chromium-desktop-retry1/trace.zip]]
]]>
</system-out>
</testcase>
</testsuite>
<testsuite name="wizard.spec.ts" timestamp="2025-10-01T10:20:41.011Z" hostname="chromium-desktop" tests="5" failures="5" skipped="0" time="151.916" errors="0">
<testcase name="Class Wizard Flow › should navigate through wizard steps" classname="wizard.spec.ts" time="34.013">
<failure message="wizard.spec.ts:9:7 should navigate through wizard steps" type="FAILURE">
<![CDATA[  [chromium-desktop] › wizard.spec.ts:9:7 › Class Wizard Flow › should navigate through wizard steps 

    Error: expect(locator).toBeVisible() failed

    Locator:  getByRole('heading', { name: /select.*grade/i })
    Expected: visible
    Received: <element(s) not found>
    Timeout:  10000ms

    Call log:
      - Expect "toBeVisible" with timeout 10000ms
      - waiting for getByRole('heading', { name: /select.*grade/i })


      11 |     
      12 |     // Step 1: Grade Selection
    > 13 |     await expect(page.getByRole('heading', { name: /select.*grade/i })).toBeVisible();
         |                                                                         ^
      14 |     await page.getByRole('button', { name: /grade 10/i }).click();
      15 |     await page.getByRole('button', { name: /next/i }).click();
      16 |     
        at /Users/umasankrudhya/Projects/pinglearn/pinglearn-app/e2e/wizard.spec.ts:13:73

    attachment #1: screenshot (image/png) ──────────────────────────────────────────────────────────
    ../test-results/wizard-Class-Wizard-Flow-s-24a53-vigate-through-wizard-steps-chromium-desktop/test-failed-1.png
    ────────────────────────────────────────────────────────────────────────────────────────────────

    Error Context: ../test-results/wizard-Class-Wizard-Flow-s-24a53-vigate-through-wizard-steps-chromium-desktop/error-context.md

    attachment #3: trace (application/zip) ─────────────────────────────────────────────────────────
    ../test-results/wizard-Class-Wizard-Flow-s-24a53-vigate-through-wizard-steps-chromium-desktop/trace.zip
    Usage:

        npx playwright show-trace ../test-results/wizard-Class-Wizard-Flow-s-24a53-vigate-through-wizard-steps-chromium-desktop/trace.zip

    ────────────────────────────────────────────────────────────────────────────────────────────────

    Retry #1 ───────────────────────────────────────────────────────────────────────────────────────

    Error: expect(locator).toBeVisible() failed

    Locator:  getByRole('heading', { name: /select.*grade/i })
    Expected: visible
    Received: <element(s) not found>
    Timeout:  10000ms

    Call log:
      - Expect "toBeVisible" with timeout 10000ms
      - waiting for getByRole('heading', { name: /select.*grade/i })


      11 |     
      12 |     // Step 1: Grade Selection
    > 13 |     await expect(page.getByRole('heading', { name: /select.*grade/i })).toBeVisible();
         |                                                                         ^
      14 |     await page.getByRole('button', { name: /grade 10/i }).click();
      15 |     await page.getByRole('button', { name: /next/i }).click();
      16 |     
        at /Users/umasankrudhya/Projects/pinglearn/pinglearn-app/e2e/wizard.spec.ts:13:73

    attachment #1: screenshot (image/png) ──────────────────────────────────────────────────────────
    ../test-results/wizard-Class-Wizard-Flow-s-24a53-vigate-through-wizard-steps-chromium-desktop-retry1/test-failed-1.png
    ────────────────────────────────────────────────────────────────────────────────────────────────

    Error Context: ../test-results/wizard-Class-Wizard-Flow-s-24a53-vigate-through-wizard-steps-chromium-desktop-retry1/error-context.md

    attachment #3: trace (application/zip) ─────────────────────────────────────────────────────────
    ../test-results/wizard-Class-Wizard-Flow-s-24a53-vigate-through-wizard-steps-chromium-desktop-retry1/trace.zip
    Usage:

        npx playwright show-trace ../test-results/wizard-Class-Wizard-Flow-s-24a53-vigate-through-wizard-steps-chromium-desktop-retry1/trace.zip

    ────────────────────────────────────────────────────────────────────────────────────────────────
]]>
</failure>
<system-out>
<![CDATA[
[[ATTACHMENT|../../test-results/wizard-Class-Wizard-Flow-s-24a53-vigate-through-wizard-steps-chromium-desktop/test-failed-1.png]]

[[ATTACHMENT|../../test-results/wizard-Class-Wizard-Flow-s-24a53-vigate-through-wizard-steps-chromium-desktop/error-context.md]]

[[ATTACHMENT|../../test-results/wizard-Class-Wizard-Flow-s-24a53-vigate-through-wizard-steps-chromium-desktop/trace.zip]]

[[ATTACHMENT|../../test-results/wizard-Class-Wizard-Flow-s-24a53-vigate-through-wizard-steps-chromium-desktop-retry1/test-failed-1.png]]

[[ATTACHMENT|../../test-results/wizard-Class-Wizard-Flow-s-24a53-vigate-through-wizard-steps-chromium-desktop-retry1/error-context.md]]

[[ATTACHMENT|../../test-results/wizard-Class-Wizard-Flow-s-24a53-vigate-through-wizard-steps-chromium-desktop-retry1/trace.zip]]
]]>
</system-out>
</testcase>
<testcase name="Class Wizard Flow › should allow navigation back and forth" classname="wizard.spec.ts" time="33.473">
<failure message="wizard.spec.ts:43:7 should allow navigation back and forth" type="FAILURE">
<![CDATA[  [chromium-desktop] › wizard.spec.ts:43:7 › Class Wizard Flow › should allow navigation back and forth 

    TimeoutError: locator.click: Timeout 10000ms exceeded.
    Call log:
      - waiting for getByRole('button', { name: /grade 11/i })


      45 |     
      46 |     // Go to grade selection
    > 47 |     await page.getByRole('button', { name: /grade 11/i }).click();
         |                                                           ^
      48 |     await page.getByRole('button', { name: /next/i }).click();
      49 |     
      50 |     // Go back
        at /Users/umasankrudhya/Projects/pinglearn/pinglearn-app/e2e/wizard.spec.ts:47:59

    attachment #1: screenshot (image/png) ──────────────────────────────────────────────────────────
    ../test-results/wizard-Class-Wizard-Flow-s-7776c-w-navigation-back-and-forth-chromium-desktop/test-failed-1.png
    ────────────────────────────────────────────────────────────────────────────────────────────────

    Error Context: ../test-results/wizard-Class-Wizard-Flow-s-7776c-w-navigation-back-and-forth-chromium-desktop/error-context.md

    attachment #3: trace (application/zip) ─────────────────────────────────────────────────────────
    ../test-results/wizard-Class-Wizard-Flow-s-7776c-w-navigation-back-and-forth-chromium-desktop/trace.zip
    Usage:

        npx playwright show-trace ../test-results/wizard-Class-Wizard-Flow-s-7776c-w-navigation-back-and-forth-chromium-desktop/trace.zip

    ────────────────────────────────────────────────────────────────────────────────────────────────

    Retry #1 ───────────────────────────────────────────────────────────────────────────────────────

    TimeoutError: locator.click: Timeout 10000ms exceeded.
    Call log:
      - waiting for getByRole('button', { name: /grade 11/i })


      45 |     
      46 |     // Go to grade selection
    > 47 |     await page.getByRole('button', { name: /grade 11/i }).click();
         |                                                           ^
      48 |     await page.getByRole('button', { name: /next/i }).click();
      49 |     
      50 |     // Go back
        at /Users/umasankrudhya/Projects/pinglearn/pinglearn-app/e2e/wizard.spec.ts:47:59

    attachment #1: screenshot (image/png) ──────────────────────────────────────────────────────────
    ../test-results/wizard-Class-Wizard-Flow-s-7776c-w-navigation-back-and-forth-chromium-desktop-retry1/test-failed-1.png
    ────────────────────────────────────────────────────────────────────────────────────────────────

    Error Context: ../test-results/wizard-Class-Wizard-Flow-s-7776c-w-navigation-back-and-forth-chromium-desktop-retry1/error-context.md

    attachment #3: trace (application/zip) ─────────────────────────────────────────────────────────
    ../test-results/wizard-Class-Wizard-Flow-s-7776c-w-navigation-back-and-forth-chromium-desktop-retry1/trace.zip
    Usage:

        npx playwright show-trace ../test-results/wizard-Class-Wizard-Flow-s-7776c-w-navigation-back-and-forth-chromium-desktop-retry1/trace.zip

    ────────────────────────────────────────────────────────────────────────────────────────────────
]]>
</failure>
<system-out>
<![CDATA[
[[ATTACHMENT|../../test-results/wizard-Class-Wizard-Flow-s-7776c-w-navigation-back-and-forth-chromium-desktop/test-failed-1.png]]

[[ATTACHMENT|../../test-results/wizard-Class-Wizard-Flow-s-7776c-w-navigation-back-and-forth-chromium-desktop/error-context.md]]

[[ATTACHMENT|../../test-results/wizard-Class-Wizard-Flow-s-7776c-w-navigation-back-and-forth-chromium-desktop/trace.zip]]

[[ATTACHMENT|../../test-results/wizard-Class-Wizard-Flow-s-7776c-w-navigation-back-and-forth-chromium-desktop-retry1/test-failed-1.png]]

[[ATTACHMENT|../../test-results/wizard-Class-Wizard-Flow-s-7776c-w-navigation-back-and-forth-chromium-desktop-retry1/error-context.md]]

[[ATTACHMENT|../../test-results/wizard-Class-Wizard-Flow-s-7776c-w-navigation-back-and-forth-chromium-desktop-retry1/trace.zip]]
]]>
</system-out>
</testcase>
<testcase name="Class Wizard Flow › should persist wizard state" classname="wizard.spec.ts" time="33.122">
<failure message="wizard.spec.ts:64:7 should persist wizard state" type="FAILURE">
<![CDATA[  [chromium-desktop] › wizard.spec.ts:64:7 › Class Wizard Flow › should persist wizard state ───────

    TimeoutError: locator.click: Timeout 10000ms exceeded.
    Call log:
      - waiting for getByRole('button', { name: /grade 9/i })


      66 |     
      67 |     // Make selections
    > 68 |     await page.getByRole('button', { name: /grade 9/i }).click();
         |                                                          ^
      69 |     await page.getByRole('button', { name: /next/i }).click();
      70 |     await page.getByText('Mathematics').click();
      71 |     
        at /Users/umasankrudhya/Projects/pinglearn/pinglearn-app/e2e/wizard.spec.ts:68:58

    attachment #1: screenshot (image/png) ──────────────────────────────────────────────────────────
    ../test-results/wizard-Class-Wizard-Flow-should-persist-wizard-state-chromium-desktop/test-failed-1.png
    ────────────────────────────────────────────────────────────────────────────────────────────────

    Error Context: ../test-results/wizard-Class-Wizard-Flow-should-persist-wizard-state-chromium-desktop/error-context.md

    attachment #3: trace (application/zip) ─────────────────────────────────────────────────────────
    ../test-results/wizard-Class-Wizard-Flow-should-persist-wizard-state-chromium-desktop/trace.zip
    Usage:

        npx playwright show-trace ../test-results/wizard-Class-Wizard-Flow-should-persist-wizard-state-chromium-desktop/trace.zip

    ────────────────────────────────────────────────────────────────────────────────────────────────

    Retry #1 ───────────────────────────────────────────────────────────────────────────────────────

    TimeoutError: locator.click: Timeout 10000ms exceeded.
    Call log:
      - waiting for getByRole('button', { name: /grade 9/i })


      66 |     
      67 |     // Make selections
    > 68 |     await page.getByRole('button', { name: /grade 9/i }).click();
         |                                                          ^
      69 |     await page.getByRole('button', { name: /next/i }).click();
      70 |     await page.getByText('Mathematics').click();
      71 |     
        at /Users/umasankrudhya/Projects/pinglearn/pinglearn-app/e2e/wizard.spec.ts:68:58

    attachment #1: screenshot (image/png) ──────────────────────────────────────────────────────────
    ../test-results/wizard-Class-Wizard-Flow-should-persist-wizard-state-chromium-desktop-retry1/test-failed-1.png
    ────────────────────────────────────────────────────────────────────────────────────────────────

    Error Context: ../test-results/wizard-Class-Wizard-Flow-should-persist-wizard-state-chromium-desktop-retry1/error-context.md

    attachment #3: trace (application/zip) ─────────────────────────────────────────────────────────
    ../test-results/wizard-Class-Wizard-Flow-should-persist-wizard-state-chromium-desktop-retry1/trace.zip
    Usage:

        npx playwright show-trace ../test-results/wizard-Class-Wizard-Flow-should-persist-wizard-state-chromium-desktop-retry1/trace.zip

    ────────────────────────────────────────────────────────────────────────────────────────────────
]]>
</failure>
<system-out>
<![CDATA[
[[ATTACHMENT|../../test-results/wizard-Class-Wizard-Flow-should-persist-wizard-state-chromium-desktop/test-failed-1.png]]

[[ATTACHMENT|../../test-results/wizard-Class-Wizard-Flow-should-persist-wizard-state-chromium-desktop/error-context.md]]

[[ATTACHMENT|../../test-results/wizard-Class-Wizard-Flow-should-persist-wizard-state-chromium-desktop/trace.zip]]

[[ATTACHMENT|../../test-results/wizard-Class-Wizard-Flow-should-persist-wizard-state-chromium-desktop-retry1/test-failed-1.png]]

[[ATTACHMENT|../../test-results/wizard-Class-Wizard-Flow-should-persist-wizard-state-chromium-desktop-retry1/error-context.md]]

[[ATTACHMENT|../../test-results/wizard-Class-Wizard-Flow-should-persist-wizard-state-chromium-desktop-retry1/trace.zip]]
]]>
</system-out>
</testcase>
<testcase name="Class Wizard Flow › should validate required selections" classname="wizard.spec.ts" time="26.346">
<failure message="wizard.spec.ts:79:7 should validate required selections" type="FAILURE">
<![CDATA[  [chromium-desktop] › wizard.spec.ts:79:7 › Class Wizard Flow › should validate required selections 

    Error: expect(locator).toBeVisible() failed

    Locator:  getByText(/please select.*grade/i)
    Expected: visible
    Received: <element(s) not found>
    Timeout:  10000ms

    Call log:
      - Expect "toBeVisible" with timeout 10000ms
      - waiting for getByText(/please select.*grade/i)


      84 |     
      85 |     // Should show validation error
    > 86 |     await expect(page.getByText(/please select.*grade/i)).toBeVisible();
         |                                                           ^
      87 |     
      88 |     // Select grade and continue
      89 |     await page.getByRole('button', { name: /grade 10/i }).click();
        at /Users/umasankrudhya/Projects/pinglearn/pinglearn-app/e2e/wizard.spec.ts:86:59

    attachment #1: screenshot (image/png) ──────────────────────────────────────────────────────────
    ../test-results/wizard-Class-Wizard-Flow-should-validate-required-selections-chromium-desktop/test-failed-1.png
    ────────────────────────────────────────────────────────────────────────────────────────────────

    Error Context: ../test-results/wizard-Class-Wizard-Flow-should-validate-required-selections-chromium-desktop/error-context.md

    attachment #3: trace (application/zip) ─────────────────────────────────────────────────────────
    ../test-results/wizard-Class-Wizard-Flow-should-validate-required-selections-chromium-desktop/trace.zip
    Usage:

        npx playwright show-trace ../test-results/wizard-Class-Wizard-Flow-should-validate-required-selections-chromium-desktop/trace.zip

    ────────────────────────────────────────────────────────────────────────────────────────────────

    Retry #1 ───────────────────────────────────────────────────────────────────────────────────────

    Error: expect(locator).toBeVisible() failed

    Locator:  getByText(/please select.*grade/i)
    Expected: visible
    Received: <element(s) not found>
    Timeout:  10000ms

    Call log:
      - Expect "toBeVisible" with timeout 10000ms
      - waiting for getByText(/please select.*grade/i)


      84 |     
      85 |     // Should show validation error
    > 86 |     await expect(page.getByText(/please select.*grade/i)).toBeVisible();
         |                                                           ^
      87 |     
      88 |     // Select grade and continue
      89 |     await page.getByRole('button', { name: /grade 10/i }).click();
        at /Users/umasankrudhya/Projects/pinglearn/pinglearn-app/e2e/wizard.spec.ts:86:59

    attachment #1: screenshot (image/png) ──────────────────────────────────────────────────────────
    ../test-results/wizard-Class-Wizard-Flow-should-validate-required-selections-chromium-desktop-retry1/test-failed-1.png
    ────────────────────────────────────────────────────────────────────────────────────────────────

    Error Context: ../test-results/wizard-Class-Wizard-Flow-should-validate-required-selections-chromium-desktop-retry1/error-context.md

    attachment #3: trace (application/zip) ─────────────────────────────────────────────────────────
    ../test-results/wizard-Class-Wizard-Flow-should-validate-required-selections-chromium-desktop-retry1/trace.zip
    Usage:

        npx playwright show-trace ../test-results/wizard-Class-Wizard-Flow-should-validate-required-selections-chromium-desktop-retry1/trace.zip

    ────────────────────────────────────────────────────────────────────────────────────────────────
]]>
</failure>
<system-out>
<![CDATA[
[[ATTACHMENT|../../test-results/wizard-Class-Wizard-Flow-should-validate-required-selections-chromium-desktop/test-failed-1.png]]

[[ATTACHMENT|../../test-results/wizard-Class-Wizard-Flow-should-validate-required-selections-chromium-desktop/error-context.md]]

[[ATTACHMENT|../../test-results/wizard-Class-Wizard-Flow-should-validate-required-selections-chromium-desktop/trace.zip]]

[[ATTACHMENT|../../test-results/wizard-Class-Wizard-Flow-should-validate-required-selections-chromium-desktop-retry1/test-failed-1.png]]

[[ATTACHMENT|../../test-results/wizard-Class-Wizard-Flow-should-validate-required-selections-chromium-desktop-retry1/error-context.md]]

[[ATTACHMENT|../../test-results/wizard-Class-Wizard-Flow-should-validate-required-selections-chromium-desktop-retry1/trace.zip]]
]]>
</system-out>
</testcase>
<testcase name="Class Wizard Flow › should show appropriate subjects for each grade" classname="wizard.spec.ts" time="24.962">
<failure message="wizard.spec.ts:99:7 should show appropriate subjects for each grade" type="FAILURE">
<![CDATA[  [chromium-desktop] › wizard.spec.ts:99:7 › Class Wizard Flow › should show appropriate subjects for each grade 

    TimeoutError: locator.click: Timeout 10000ms exceeded.
    Call log:
      - waiting for getByRole('button', { name: /grade 11/i })


      101 |     
      102 |     // Test Grade 11 (should have Physics, Chemistry, Biology)
    > 103 |     await page.getByRole('button', { name: /grade 11/i }).click();
          |                                                           ^
      104 |     await page.getByRole('button', { name: /next/i }).click();
      105 |     
      106 |     await expect(page.getByText('Physics')).toBeVisible();
        at /Users/umasankrudhya/Projects/pinglearn/pinglearn-app/e2e/wizard.spec.ts:103:59

    attachment #1: screenshot (image/png) ──────────────────────────────────────────────────────────
    ../test-results/wizard-Class-Wizard-Flow-s-30302-ate-subjects-for-each-grade-chromium-desktop/test-failed-1.png
    ────────────────────────────────────────────────────────────────────────────────────────────────

    Error Context: ../test-results/wizard-Class-Wizard-Flow-s-30302-ate-subjects-for-each-grade-chromium-desktop/error-context.md

    attachment #3: trace (application/zip) ─────────────────────────────────────────────────────────
    ../test-results/wizard-Class-Wizard-Flow-s-30302-ate-subjects-for-each-grade-chromium-desktop/trace.zip
    Usage:

        npx playwright show-trace ../test-results/wizard-Class-Wizard-Flow-s-30302-ate-subjects-for-each-grade-chromium-desktop/trace.zip

    ────────────────────────────────────────────────────────────────────────────────────────────────

    Retry #1 ───────────────────────────────────────────────────────────────────────────────────────

    TimeoutError: locator.click: Timeout 10000ms exceeded.
    Call log:
      - waiting for getByRole('button', { name: /grade 11/i })


      101 |     
      102 |     // Test Grade 11 (should have Physics, Chemistry, Biology)
    > 103 |     await page.getByRole('button', { name: /grade 11/i }).click();
          |                                                           ^
      104 |     await page.getByRole('button', { name: /next/i }).click();
      105 |     
      106 |     await expect(page.getByText('Physics')).toBeVisible();
        at /Users/umasankrudhya/Projects/pinglearn/pinglearn-app/e2e/wizard.spec.ts:103:59

    attachment #1: screenshot (image/png) ──────────────────────────────────────────────────────────
    ../test-results/wizard-Class-Wizard-Flow-s-30302-ate-subjects-for-each-grade-chromium-desktop-retry1/test-failed-1.png
    ────────────────────────────────────────────────────────────────────────────────────────────────

    Error Context: ../test-results/wizard-Class-Wizard-Flow-s-30302-ate-subjects-for-each-grade-chromium-desktop-retry1/error-context.md

    attachment #3: trace (application/zip) ─────────────────────────────────────────────────────────
    ../test-results/wizard-Class-Wizard-Flow-s-30302-ate-subjects-for-each-grade-chromium-desktop-retry1/trace.zip
    Usage:

        npx playwright show-trace ../test-results/wizard-Class-Wizard-Flow-s-30302-ate-subjects-for-each-grade-chromium-desktop-retry1/trace.zip

    ────────────────────────────────────────────────────────────────────────────────────────────────
]]>
</failure>
<system-out>
<![CDATA[
[[ATTACHMENT|../../test-results/wizard-Class-Wizard-Flow-s-30302-ate-subjects-for-each-grade-chromium-desktop/test-failed-1.png]]

[[ATTACHMENT|../../test-results/wizard-Class-Wizard-Flow-s-30302-ate-subjects-for-each-grade-chromium-desktop/error-context.md]]

[[ATTACHMENT|../../test-results/wizard-Class-Wizard-Flow-s-30302-ate-subjects-for-each-grade-chromium-desktop/trace.zip]]

[[ATTACHMENT|../../test-results/wizard-Class-Wizard-Flow-s-30302-ate-subjects-for-each-grade-chromium-desktop-retry1/test-failed-1.png]]

[[ATTACHMENT|../../test-results/wizard-Class-Wizard-Flow-s-30302-ate-subjects-for-each-grade-chromium-desktop-retry1/error-context.md]]

[[ATTACHMENT|../../test-results/wizard-Class-Wizard-Flow-s-30302-ate-subjects-for-each-grade-chromium-desktop-retry1/trace.zip]]
]]>
</system-out>
</testcase>
</testsuite>
<testsuite name="comprehensive-e2e-framework.spec.ts" timestamp="2025-10-01T10:20:41.011Z" hostname="firefox-desktop" tests="9" failures="7" skipped="0" time="27.128" errors="0">
<testcase name="TEST-004: Comprehensive E2E Testing Framework › Complete E2E Workflow - Desktop-Chrome" classname="comprehensive-e2e-framework.spec.ts" time="1.557">
<failure message="comprehensive-e2e-framework.spec.ts:768:9 Complete E2E Workflow - Desktop-Chrome" type="FAILURE">
<![CDATA[  [firefox-desktop] › comprehensive-e2e-framework.spec.ts:768:9 › TEST-004: Comprehensive E2E Testing Framework › Complete E2E Workflow - Desktop-Chrome 

    Error: browserContext.grantPermissions: Unknown permission: microphone

      754 |
      755 |     // Global setup
    > 756 |     await context.grantPermissions(['microphone']);
          |                   ^
      757 |
      758 |     // Monitor errors
      759 |     page.on('console', msg => {
        at /Users/umasankrudhya/Projects/pinglearn/pinglearn-app/e2e/comprehensive-e2e-framework.spec.ts:756:19

    attachment #1: screenshot (image/png) ──────────────────────────────────────────────────────────
    ../test-results/comprehensive-e2e-framewor-d46d0-E-Workflow---Desktop-Chrome-firefox-desktop/test-failed-1.png
    ────────────────────────────────────────────────────────────────────────────────────────────────

    attachment #2: trace (application/zip) ─────────────────────────────────────────────────────────
    ../test-results/comprehensive-e2e-framewor-d46d0-E-Workflow---Desktop-Chrome-firefox-desktop/trace.zip
    Usage:

        npx playwright show-trace ../test-results/comprehensive-e2e-framewor-d46d0-E-Workflow---Desktop-Chrome-firefox-desktop/trace.zip

    ────────────────────────────────────────────────────────────────────────────────────────────────

    Retry #1 ───────────────────────────────────────────────────────────────────────────────────────

    Error: browserContext.grantPermissions: Unknown permission: microphone

      754 |
      755 |     // Global setup
    > 756 |     await context.grantPermissions(['microphone']);
          |                   ^
      757 |
      758 |     // Monitor errors
      759 |     page.on('console', msg => {
        at /Users/umasankrudhya/Projects/pinglearn/pinglearn-app/e2e/comprehensive-e2e-framework.spec.ts:756:19

    attachment #1: screenshot (image/png) ──────────────────────────────────────────────────────────
    ../test-results/comprehensive-e2e-framewor-d46d0-E-Workflow---Desktop-Chrome-firefox-desktop-retry1/test-failed-1.png
    ────────────────────────────────────────────────────────────────────────────────────────────────

    attachment #2: trace (application/zip) ─────────────────────────────────────────────────────────
    ../test-results/comprehensive-e2e-framewor-d46d0-E-Workflow---Desktop-Chrome-firefox-desktop-retry1/trace.zip
    Usage:

        npx playwright show-trace ../test-results/comprehensive-e2e-framewor-d46d0-E-Workflow---Desktop-Chrome-firefox-desktop-retry1/trace.zip

    ────────────────────────────────────────────────────────────────────────────────────────────────
]]>
</failure>
<system-out>
<![CDATA[
[[ATTACHMENT|../../test-results/comprehensive-e2e-framewor-d46d0-E-Workflow---Desktop-Chrome-firefox-desktop/test-failed-1.png]]

[[ATTACHMENT|../../test-results/comprehensive-e2e-framewor-d46d0-E-Workflow---Desktop-Chrome-firefox-desktop/trace.zip]]

[[ATTACHMENT|../../test-results/comprehensive-e2e-framewor-d46d0-E-Workflow---Desktop-Chrome-firefox-desktop-retry1/test-failed-1.png]]

[[ATTACHMENT|../../test-results/comprehensive-e2e-framewor-d46d0-E-Workflow---Desktop-Chrome-firefox-desktop-retry1/trace.zip]]
]]>
</system-out>
</testcase>
<testcase name="TEST-004: Comprehensive E2E Testing Framework › Complete E2E Workflow - Laptop" classname="comprehensive-e2e-framework.spec.ts" time="1.635">
<failure message="comprehensive-e2e-framework.spec.ts:768:9 Complete E2E Workflow - Laptop" type="FAILURE">
<![CDATA[  [firefox-desktop] › comprehensive-e2e-framework.spec.ts:768:9 › TEST-004: Comprehensive E2E Testing Framework › Complete E2E Workflow - Laptop 

    Error: browserContext.grantPermissions: Unknown permission: microphone

      754 |
      755 |     // Global setup
    > 756 |     await context.grantPermissions(['microphone']);
          |                   ^
      757 |
      758 |     // Monitor errors
      759 |     page.on('console', msg => {
        at /Users/umasankrudhya/Projects/pinglearn/pinglearn-app/e2e/comprehensive-e2e-framework.spec.ts:756:19

    attachment #1: screenshot (image/png) ──────────────────────────────────────────────────────────
    ../test-results/comprehensive-e2e-framewor-2ba0f-plete-E2E-Workflow---Laptop-firefox-desktop/test-failed-1.png
    ────────────────────────────────────────────────────────────────────────────────────────────────

    attachment #2: trace (application/zip) ─────────────────────────────────────────────────────────
    ../test-results/comprehensive-e2e-framewor-2ba0f-plete-E2E-Workflow---Laptop-firefox-desktop/trace.zip
    Usage:

        npx playwright show-trace ../test-results/comprehensive-e2e-framewor-2ba0f-plete-E2E-Workflow---Laptop-firefox-desktop/trace.zip

    ────────────────────────────────────────────────────────────────────────────────────────────────

    Retry #1 ───────────────────────────────────────────────────────────────────────────────────────

    Error: browserContext.grantPermissions: Unknown permission: microphone

      754 |
      755 |     // Global setup
    > 756 |     await context.grantPermissions(['microphone']);
          |                   ^
      757 |
      758 |     // Monitor errors
      759 |     page.on('console', msg => {
        at /Users/umasankrudhya/Projects/pinglearn/pinglearn-app/e2e/comprehensive-e2e-framework.spec.ts:756:19

    attachment #1: screenshot (image/png) ──────────────────────────────────────────────────────────
    ../test-results/comprehensive-e2e-framewor-2ba0f-plete-E2E-Workflow---Laptop-firefox-desktop-retry1/test-failed-1.png
    ────────────────────────────────────────────────────────────────────────────────────────────────

    attachment #2: trace (application/zip) ─────────────────────────────────────────────────────────
    ../test-results/comprehensive-e2e-framewor-2ba0f-plete-E2E-Workflow---Laptop-firefox-desktop-retry1/trace.zip
    Usage:

        npx playwright show-trace ../test-results/comprehensive-e2e-framewor-2ba0f-plete-E2E-Workflow---Laptop-firefox-desktop-retry1/trace.zip

    ────────────────────────────────────────────────────────────────────────────────────────────────
]]>
</failure>
<system-out>
<![CDATA[
[[ATTACHMENT|../../test-results/comprehensive-e2e-framewor-2ba0f-plete-E2E-Workflow---Laptop-firefox-desktop/test-failed-1.png]]

[[ATTACHMENT|../../test-results/comprehensive-e2e-framewor-2ba0f-plete-E2E-Workflow---Laptop-firefox-desktop/trace.zip]]

[[ATTACHMENT|../../test-results/comprehensive-e2e-framewor-2ba0f-plete-E2E-Workflow---Laptop-firefox-desktop-retry1/test-failed-1.png]]

[[ATTACHMENT|../../test-results/comprehensive-e2e-framewor-2ba0f-plete-E2E-Workflow---Laptop-firefox-desktop-retry1/trace.zip]]
]]>
</system-out>
</testcase>
<testcase name="TEST-004: Comprehensive E2E Testing Framework › Complete E2E Workflow - Tablet-Portrait" classname="comprehensive-e2e-framework.spec.ts" time="1.447">
<failure message="comprehensive-e2e-framework.spec.ts:768:9 Complete E2E Workflow - Tablet-Portrait" type="FAILURE">
<![CDATA[  [firefox-desktop] › comprehensive-e2e-framework.spec.ts:768:9 › TEST-004: Comprehensive E2E Testing Framework › Complete E2E Workflow - Tablet-Portrait 

    Error: browserContext.grantPermissions: Unknown permission: microphone

      754 |
      755 |     // Global setup
    > 756 |     await context.grantPermissions(['microphone']);
          |                   ^
      757 |
      758 |     // Monitor errors
      759 |     page.on('console', msg => {
        at /Users/umasankrudhya/Projects/pinglearn/pinglearn-app/e2e/comprehensive-e2e-framework.spec.ts:756:19

    attachment #1: screenshot (image/png) ──────────────────────────────────────────────────────────
    ../test-results/comprehensive-e2e-framewor-5238d--Workflow---Tablet-Portrait-firefox-desktop/test-failed-1.png
    ────────────────────────────────────────────────────────────────────────────────────────────────

    attachment #2: trace (application/zip) ─────────────────────────────────────────────────────────
    ../test-results/comprehensive-e2e-framewor-5238d--Workflow---Tablet-Portrait-firefox-desktop/trace.zip
    Usage:

        npx playwright show-trace ../test-results/comprehensive-e2e-framewor-5238d--Workflow---Tablet-Portrait-firefox-desktop/trace.zip

    ────────────────────────────────────────────────────────────────────────────────────────────────

    Retry #1 ───────────────────────────────────────────────────────────────────────────────────────

    Error: browserContext.grantPermissions: Unknown permission: microphone

      754 |
      755 |     // Global setup
    > 756 |     await context.grantPermissions(['microphone']);
          |                   ^
      757 |
      758 |     // Monitor errors
      759 |     page.on('console', msg => {
        at /Users/umasankrudhya/Projects/pinglearn/pinglearn-app/e2e/comprehensive-e2e-framework.spec.ts:756:19

    attachment #1: screenshot (image/png) ──────────────────────────────────────────────────────────
    ../test-results/comprehensive-e2e-framewor-5238d--Workflow---Tablet-Portrait-firefox-desktop-retry1/test-failed-1.png
    ────────────────────────────────────────────────────────────────────────────────────────────────

    attachment #2: trace (application/zip) ─────────────────────────────────────────────────────────
    ../test-results/comprehensive-e2e-framewor-5238d--Workflow---Tablet-Portrait-firefox-desktop-retry1/trace.zip
    Usage:

        npx playwright show-trace ../test-results/comprehensive-e2e-framewor-5238d--Workflow---Tablet-Portrait-firefox-desktop-retry1/trace.zip

    ────────────────────────────────────────────────────────────────────────────────────────────────
]]>
</failure>
<system-out>
<![CDATA[
[[ATTACHMENT|../../test-results/comprehensive-e2e-framewor-5238d--Workflow---Tablet-Portrait-firefox-desktop/test-failed-1.png]]

[[ATTACHMENT|../../test-results/comprehensive-e2e-framewor-5238d--Workflow---Tablet-Portrait-firefox-desktop/trace.zip]]

[[ATTACHMENT|../../test-results/comprehensive-e2e-framewor-5238d--Workflow---Tablet-Portrait-firefox-desktop-retry1/test-failed-1.png]]

[[ATTACHMENT|../../test-results/comprehensive-e2e-framewor-5238d--Workflow---Tablet-Portrait-firefox-desktop-retry1/trace.zip]]
]]>
</system-out>
</testcase>
<testcase name="TEST-004: Comprehensive E2E Testing Framework › Complete E2E Workflow - Tablet-Landscape" classname="comprehensive-e2e-framework.spec.ts" time="1.366">
<failure message="comprehensive-e2e-framework.spec.ts:768:9 Complete E2E Workflow - Tablet-Landscape" type="FAILURE">
<![CDATA[  [firefox-desktop] › comprehensive-e2e-framework.spec.ts:768:9 › TEST-004: Comprehensive E2E Testing Framework › Complete E2E Workflow - Tablet-Landscape 

    Error: browserContext.grantPermissions: Unknown permission: microphone

      754 |
      755 |     // Global setup
    > 756 |     await context.grantPermissions(['microphone']);
          |                   ^
      757 |
      758 |     // Monitor errors
      759 |     page.on('console', msg => {
        at /Users/umasankrudhya/Projects/pinglearn/pinglearn-app/e2e/comprehensive-e2e-framework.spec.ts:756:19

    attachment #1: screenshot (image/png) ──────────────────────────────────────────────────────────
    ../test-results/comprehensive-e2e-framewor-ed39e-Workflow---Tablet-Landscape-firefox-desktop/test-failed-1.png
    ────────────────────────────────────────────────────────────────────────────────────────────────

    attachment #2: trace (application/zip) ─────────────────────────────────────────────────────────
    ../test-results/comprehensive-e2e-framewor-ed39e-Workflow---Tablet-Landscape-firefox-desktop/trace.zip
    Usage:

        npx playwright show-trace ../test-results/comprehensive-e2e-framewor-ed39e-Workflow---Tablet-Landscape-firefox-desktop/trace.zip

    ────────────────────────────────────────────────────────────────────────────────────────────────

    Retry #1 ───────────────────────────────────────────────────────────────────────────────────────

    Error: browserContext.grantPermissions: Unknown permission: microphone

      754 |
      755 |     // Global setup
    > 756 |     await context.grantPermissions(['microphone']);
          |                   ^
      757 |
      758 |     // Monitor errors
      759 |     page.on('console', msg => {
        at /Users/umasankrudhya/Projects/pinglearn/pinglearn-app/e2e/comprehensive-e2e-framework.spec.ts:756:19

    attachment #1: screenshot (image/png) ──────────────────────────────────────────────────────────
    ../test-results/comprehensive-e2e-framewor-ed39e-Workflow---Tablet-Landscape-firefox-desktop-retry1/test-failed-1.png
    ────────────────────────────────────────────────────────────────────────────────────────────────

    attachment #2: trace (application/zip) ─────────────────────────────────────────────────────────
    ../test-results/comprehensive-e2e-framewor-ed39e-Workflow---Tablet-Landscape-firefox-desktop-retry1/trace.zip
    Usage:

        npx playwright show-trace ../test-results/comprehensive-e2e-framewor-ed39e-Workflow---Tablet-Landscape-firefox-desktop-retry1/trace.zip

    ────────────────────────────────────────────────────────────────────────────────────────────────
]]>
</failure>
<system-out>
<![CDATA[
[[ATTACHMENT|../../test-results/comprehensive-e2e-framewor-ed39e-Workflow---Tablet-Landscape-firefox-desktop/test-failed-1.png]]

[[ATTACHMENT|../../test-results/comprehensive-e2e-framewor-ed39e-Workflow---Tablet-Landscape-firefox-desktop/trace.zip]]

[[ATTACHMENT|../../test-results/comprehensive-e2e-framewor-ed39e-Workflow---Tablet-Landscape-firefox-desktop-retry1/test-failed-1.png]]

[[ATTACHMENT|../../test-results/comprehensive-e2e-framewor-ed39e-Workflow---Tablet-Landscape-firefox-desktop-retry1/trace.zip]]
]]>
</system-out>
</testcase>
<testcase name="TEST-004: Comprehensive E2E Testing Framework › Complete E2E Workflow - Mobile-Large" classname="comprehensive-e2e-framework.spec.ts" time="1.466">
<failure message="comprehensive-e2e-framework.spec.ts:768:9 Complete E2E Workflow - Mobile-Large" type="FAILURE">
<![CDATA[  [firefox-desktop] › comprehensive-e2e-framework.spec.ts:768:9 › TEST-004: Comprehensive E2E Testing Framework › Complete E2E Workflow - Mobile-Large 

    Error: browserContext.grantPermissions: Unknown permission: microphone

      754 |
      755 |     // Global setup
    > 756 |     await context.grantPermissions(['microphone']);
          |                   ^
      757 |
      758 |     // Monitor errors
      759 |     page.on('console', msg => {
        at /Users/umasankrudhya/Projects/pinglearn/pinglearn-app/e2e/comprehensive-e2e-framework.spec.ts:756:19

    attachment #1: screenshot (image/png) ──────────────────────────────────────────────────────────
    ../test-results/comprehensive-e2e-framewor-4d94e-E2E-Workflow---Mobile-Large-firefox-desktop/test-failed-1.png
    ────────────────────────────────────────────────────────────────────────────────────────────────

    attachment #2: trace (application/zip) ─────────────────────────────────────────────────────────
    ../test-results/comprehensive-e2e-framewor-4d94e-E2E-Workflow---Mobile-Large-firefox-desktop/trace.zip
    Usage:

        npx playwright show-trace ../test-results/comprehensive-e2e-framewor-4d94e-E2E-Workflow---Mobile-Large-firefox-desktop/trace.zip

    ────────────────────────────────────────────────────────────────────────────────────────────────

    Retry #1 ───────────────────────────────────────────────────────────────────────────────────────

    Error: browserContext.grantPermissions: Unknown permission: microphone

      754 |
      755 |     // Global setup
    > 756 |     await context.grantPermissions(['microphone']);
          |                   ^
      757 |
      758 |     // Monitor errors
      759 |     page.on('console', msg => {
        at /Users/umasankrudhya/Projects/pinglearn/pinglearn-app/e2e/comprehensive-e2e-framework.spec.ts:756:19

    attachment #1: screenshot (image/png) ──────────────────────────────────────────────────────────
    ../test-results/comprehensive-e2e-framewor-4d94e-E2E-Workflow---Mobile-Large-firefox-desktop-retry1/test-failed-1.png
    ────────────────────────────────────────────────────────────────────────────────────────────────

    attachment #2: trace (application/zip) ─────────────────────────────────────────────────────────
    ../test-results/comprehensive-e2e-framewor-4d94e-E2E-Workflow---Mobile-Large-firefox-desktop-retry1/trace.zip
    Usage:

        npx playwright show-trace ../test-results/comprehensive-e2e-framewor-4d94e-E2E-Workflow---Mobile-Large-firefox-desktop-retry1/trace.zip

    ────────────────────────────────────────────────────────────────────────────────────────────────
]]>
</failure>
<system-out>
<![CDATA[
[[ATTACHMENT|../../test-results/comprehensive-e2e-framewor-4d94e-E2E-Workflow---Mobile-Large-firefox-desktop/test-failed-1.png]]

[[ATTACHMENT|../../test-results/comprehensive-e2e-framewor-4d94e-E2E-Workflow---Mobile-Large-firefox-desktop/trace.zip]]

[[ATTACHMENT|../../test-results/comprehensive-e2e-framewor-4d94e-E2E-Workflow---Mobile-Large-firefox-desktop-retry1/test-failed-1.png]]

[[ATTACHMENT|../../test-results/comprehensive-e2e-framewor-4d94e-E2E-Workflow---Mobile-Large-firefox-desktop-retry1/trace.zip]]
]]>
</system-out>
</testcase>
<testcase name="TEST-004: Comprehensive E2E Testing Framework › Complete E2E Workflow - Mobile-iPhone" classname="comprehensive-e2e-framework.spec.ts" time="1.463">
<failure message="comprehensive-e2e-framework.spec.ts:768:9 Complete E2E Workflow - Mobile-iPhone" type="FAILURE">
<![CDATA[  [firefox-desktop] › comprehensive-e2e-framework.spec.ts:768:9 › TEST-004: Comprehensive E2E Testing Framework › Complete E2E Workflow - Mobile-iPhone 

    Error: browserContext.grantPermissions: Unknown permission: microphone

      754 |
      755 |     // Global setup
    > 756 |     await context.grantPermissions(['microphone']);
          |                   ^
      757 |
      758 |     // Monitor errors
      759 |     page.on('console', msg => {
        at /Users/umasankrudhya/Projects/pinglearn/pinglearn-app/e2e/comprehensive-e2e-framework.spec.ts:756:19

    attachment #1: screenshot (image/png) ──────────────────────────────────────────────────────────
    ../test-results/comprehensive-e2e-framewor-fa5b7-2E-Workflow---Mobile-iPhone-firefox-desktop/test-failed-1.png
    ────────────────────────────────────────────────────────────────────────────────────────────────

    attachment #2: trace (application/zip) ─────────────────────────────────────────────────────────
    ../test-results/comprehensive-e2e-framewor-fa5b7-2E-Workflow---Mobile-iPhone-firefox-desktop/trace.zip
    Usage:

        npx playwright show-trace ../test-results/comprehensive-e2e-framewor-fa5b7-2E-Workflow---Mobile-iPhone-firefox-desktop/trace.zip

    ────────────────────────────────────────────────────────────────────────────────────────────────

    Retry #1 ───────────────────────────────────────────────────────────────────────────────────────

    Error: browserContext.grantPermissions: Unknown permission: microphone

      754 |
      755 |     // Global setup
    > 756 |     await context.grantPermissions(['microphone']);
          |                   ^
      757 |
      758 |     // Monitor errors
      759 |     page.on('console', msg => {
        at /Users/umasankrudhya/Projects/pinglearn/pinglearn-app/e2e/comprehensive-e2e-framework.spec.ts:756:19

    attachment #1: screenshot (image/png) ──────────────────────────────────────────────────────────
    ../test-results/comprehensive-e2e-framewor-fa5b7-2E-Workflow---Mobile-iPhone-firefox-desktop-retry1/test-failed-1.png
    ────────────────────────────────────────────────────────────────────────────────────────────────

    attachment #2: trace (application/zip) ─────────────────────────────────────────────────────────
    ../test-results/comprehensive-e2e-framewor-fa5b7-2E-Workflow---Mobile-iPhone-firefox-desktop-retry1/trace.zip
    Usage:

        npx playwright show-trace ../test-results/comprehensive-e2e-framewor-fa5b7-2E-Workflow---Mobile-iPhone-firefox-desktop-retry1/trace.zip

    ────────────────────────────────────────────────────────────────────────────────────────────────
]]>
</failure>
<system-out>
<![CDATA[
[[ATTACHMENT|../../test-results/comprehensive-e2e-framewor-fa5b7-2E-Workflow---Mobile-iPhone-firefox-desktop/test-failed-1.png]]

[[ATTACHMENT|../../test-results/comprehensive-e2e-framewor-fa5b7-2E-Workflow---Mobile-iPhone-firefox-desktop/trace.zip]]

[[ATTACHMENT|../../test-results/comprehensive-e2e-framewor-fa5b7-2E-Workflow---Mobile-iPhone-firefox-desktop-retry1/test-failed-1.png]]

[[ATTACHMENT|../../test-results/comprehensive-e2e-framewor-fa5b7-2E-Workflow---Mobile-iPhone-firefox-desktop-retry1/trace.zip]]
]]>
</system-out>
</testcase>
<testcase name="TEST-004: Comprehensive E2E Testing Framework › Generate Final Report" classname="comprehensive-e2e-framework.spec.ts" time="1.581">
<failure message="comprehensive-e2e-framework.spec.ts:805:7 Generate Final Report" type="FAILURE">
<![CDATA[  [firefox-desktop] › comprehensive-e2e-framework.spec.ts:805:7 › TEST-004: Comprehensive E2E Testing Framework › Generate Final Report 

    Error: browserContext.grantPermissions: Unknown permission: microphone

      754 |
      755 |     // Global setup
    > 756 |     await context.grantPermissions(['microphone']);
          |                   ^
      757 |
      758 |     // Monitor errors
      759 |     page.on('console', msg => {
        at /Users/umasankrudhya/Projects/pinglearn/pinglearn-app/e2e/comprehensive-e2e-framework.spec.ts:756:19

    attachment #1: screenshot (image/png) ──────────────────────────────────────────────────────────
    ../test-results/comprehensive-e2e-framewor-4c439-ework-Generate-Final-Report-firefox-desktop/test-failed-1.png
    ────────────────────────────────────────────────────────────────────────────────────────────────

    attachment #2: trace (application/zip) ─────────────────────────────────────────────────────────
    ../test-results/comprehensive-e2e-framewor-4c439-ework-Generate-Final-Report-firefox-desktop/trace.zip
    Usage:

        npx playwright show-trace ../test-results/comprehensive-e2e-framewor-4c439-ework-Generate-Final-Report-firefox-desktop/trace.zip

    ────────────────────────────────────────────────────────────────────────────────────────────────

    Retry #1 ───────────────────────────────────────────────────────────────────────────────────────

    Error: browserContext.grantPermissions: Unknown permission: microphone

      754 |
      755 |     // Global setup
    > 756 |     await context.grantPermissions(['microphone']);
          |                   ^
      757 |
      758 |     // Monitor errors
      759 |     page.on('console', msg => {
        at /Users/umasankrudhya/Projects/pinglearn/pinglearn-app/e2e/comprehensive-e2e-framework.spec.ts:756:19

    attachment #1: screenshot (image/png) ──────────────────────────────────────────────────────────
    ../test-results/comprehensive-e2e-framewor-4c439-ework-Generate-Final-Report-firefox-desktop-retry1/test-failed-1.png
    ────────────────────────────────────────────────────────────────────────────────────────────────

    attachment #2: trace (application/zip) ─────────────────────────────────────────────────────────
    ../test-results/comprehensive-e2e-framewor-4c439-ework-Generate-Final-Report-firefox-desktop-retry1/trace.zip
    Usage:

        npx playwright show-trace ../test-results/comprehensive-e2e-framewor-4c439-ework-Generate-Final-Report-firefox-desktop-retry1/trace.zip

    ────────────────────────────────────────────────────────────────────────────────────────────────
]]>
</failure>
<system-out>
<![CDATA[
[[ATTACHMENT|../../test-results/comprehensive-e2e-framewor-4c439-ework-Generate-Final-Report-firefox-desktop/test-failed-1.png]]

[[ATTACHMENT|../../test-results/comprehensive-e2e-framewor-4c439-ework-Generate-Final-Report-firefox-desktop/trace.zip]]

[[ATTACHMENT|../../test-results/comprehensive-e2e-framewor-4c439-ework-Generate-Final-Report-firefox-desktop-retry1/test-failed-1.png]]

[[ATTACHMENT|../../test-results/comprehensive-e2e-framewor-4c439-ework-Generate-Final-Report-firefox-desktop-retry1/trace.zip]]
]]>
</system-out>
</testcase>
<testcase name="Cross-Browser Compatibility › Chromium Baseline Test" classname="comprehensive-e2e-framework.spec.ts" time="9.686">
<system-out>
<![CDATA[🌐 Running Cross-Browser Compatibility Test
✅ Browser: Other
]]>
</system-out>
</testcase>
<testcase name="API Integration Testing › Critical API Endpoints" classname="comprehensive-e2e-framework.spec.ts" time="6.927">
<system-out>
<![CDATA[🔌 Testing API Integration...
✅ /api/auth/login: 400
✅ /api/session/start: 400
✅ /api/transcription: 400
❌ /api/livekit/token: 404
]]>
</system-out>
</testcase>
</testsuite>
<testsuite name="critical-path.spec.ts" timestamp="2025-10-01T10:20:41.011Z" hostname="firefox-desktop" tests="5" failures="4" skipped="0" time="12.086" errors="0">
<testcase name="Critical Path E2E Testing › Complete User Journey: Landing → Auth → Dashboard → Classroom → Session" classname="critical-path.spec.ts" time="1.444">
<failure message="critical-path.spec.ts:375:7 Complete User Journey: Landing → Auth → Dashboard → Classroom → Session" type="FAILURE">
<![CDATA[  [firefox-desktop] › critical-path.spec.ts:375:7 › Critical Path E2E Testing › Complete User Journey: Landing → Auth → Dashboard → Classroom → Session 

    Error: browserContext.grantPermissions: Unknown permission: microphone

      358 |
      359 |     // Grant microphone permissions upfront
    > 360 |     await page.context().grantPermissions(['microphone']);
          |                          ^
      361 |
      362 |     // Monitor console errors
      363 |     page.on('console', msg => {
        at /Users/umasankrudhya/Projects/pinglearn/pinglearn-app/e2e/critical-path.spec.ts:360:26

    attachment #1: screenshot (image/png) ──────────────────────────────────────────────────────────
    ../test-results/critical-path-Critical-Pat-2d8bd-board-→-Classroom-→-Session-firefox-desktop/test-failed-1.png
    ────────────────────────────────────────────────────────────────────────────────────────────────

    attachment #2: trace (application/zip) ─────────────────────────────────────────────────────────
    ../test-results/critical-path-Critical-Pat-2d8bd-board-→-Classroom-→-Session-firefox-desktop/trace.zip
    Usage:

        npx playwright show-trace ../test-results/critical-path-Critical-Pat-2d8bd-board-→-Classroom-→-Session-firefox-desktop/trace.zip

    ────────────────────────────────────────────────────────────────────────────────────────────────

    Retry #1 ───────────────────────────────────────────────────────────────────────────────────────

    Error: browserContext.grantPermissions: Unknown permission: microphone

      358 |
      359 |     // Grant microphone permissions upfront
    > 360 |     await page.context().grantPermissions(['microphone']);
          |                          ^
      361 |
      362 |     // Monitor console errors
      363 |     page.on('console', msg => {
        at /Users/umasankrudhya/Projects/pinglearn/pinglearn-app/e2e/critical-path.spec.ts:360:26

    attachment #1: screenshot (image/png) ──────────────────────────────────────────────────────────
    ../test-results/critical-path-Critical-Pat-2d8bd-board-→-Classroom-→-Session-firefox-desktop-retry1/test-failed-1.png
    ────────────────────────────────────────────────────────────────────────────────────────────────

    attachment #2: trace (application/zip) ─────────────────────────────────────────────────────────
    ../test-results/critical-path-Critical-Pat-2d8bd-board-→-Classroom-→-Session-firefox-desktop-retry1/trace.zip
    Usage:

        npx playwright show-trace ../test-results/critical-path-Critical-Pat-2d8bd-board-→-Classroom-→-Session-firefox-desktop-retry1/trace.zip

    ────────────────────────────────────────────────────────────────────────────────────────────────
]]>
</failure>
<system-out>
<![CDATA[
[[ATTACHMENT|../../test-results/critical-path-Critical-Pat-2d8bd-board-→-Classroom-→-Session-firefox-desktop/test-failed-1.png]]

[[ATTACHMENT|../../test-results/critical-path-Critical-Pat-2d8bd-board-→-Classroom-→-Session-firefox-desktop/trace.zip]]

[[ATTACHMENT|../../test-results/critical-path-Critical-Pat-2d8bd-board-→-Classroom-→-Session-firefox-desktop-retry1/test-failed-1.png]]

[[ATTACHMENT|../../test-results/critical-path-Critical-Pat-2d8bd-board-→-Classroom-→-Session-firefox-desktop-retry1/trace.zip]]
]]>
</system-out>
</testcase>
<testcase name="Critical Path E2E Testing › Performance Benchmarking" classname="critical-path.spec.ts" time="1.483">
<failure message="critical-path.spec.ts:417:7 Performance Benchmarking" type="FAILURE">
<![CDATA[  [firefox-desktop] › critical-path.spec.ts:417:7 › Critical Path E2E Testing › Performance Benchmarking 

    Error: browserContext.grantPermissions: Unknown permission: microphone

      358 |
      359 |     // Grant microphone permissions upfront
    > 360 |     await page.context().grantPermissions(['microphone']);
          |                          ^
      361 |
      362 |     // Monitor console errors
      363 |     page.on('console', msg => {
        at /Users/umasankrudhya/Projects/pinglearn/pinglearn-app/e2e/critical-path.spec.ts:360:26

    attachment #1: screenshot (image/png) ──────────────────────────────────────────────────────────
    ../test-results/critical-path-Critical-Pat-80d63-ng-Performance-Benchmarking-firefox-desktop/test-failed-1.png
    ────────────────────────────────────────────────────────────────────────────────────────────────

    attachment #2: trace (application/zip) ─────────────────────────────────────────────────────────
    ../test-results/critical-path-Critical-Pat-80d63-ng-Performance-Benchmarking-firefox-desktop/trace.zip
    Usage:

        npx playwright show-trace ../test-results/critical-path-Critical-Pat-80d63-ng-Performance-Benchmarking-firefox-desktop/trace.zip

    ────────────────────────────────────────────────────────────────────────────────────────────────

    Retry #1 ───────────────────────────────────────────────────────────────────────────────────────

    Error: browserContext.grantPermissions: Unknown permission: microphone

      358 |
      359 |     // Grant microphone permissions upfront
    > 360 |     await page.context().grantPermissions(['microphone']);
          |                          ^
      361 |
      362 |     // Monitor console errors
      363 |     page.on('console', msg => {
        at /Users/umasankrudhya/Projects/pinglearn/pinglearn-app/e2e/critical-path.spec.ts:360:26

    attachment #1: screenshot (image/png) ──────────────────────────────────────────────────────────
    ../test-results/critical-path-Critical-Pat-80d63-ng-Performance-Benchmarking-firefox-desktop-retry1/test-failed-1.png
    ────────────────────────────────────────────────────────────────────────────────────────────────

    attachment #2: trace (application/zip) ─────────────────────────────────────────────────────────
    ../test-results/critical-path-Critical-Pat-80d63-ng-Performance-Benchmarking-firefox-desktop-retry1/trace.zip
    Usage:

        npx playwright show-trace ../test-results/critical-path-Critical-Pat-80d63-ng-Performance-Benchmarking-firefox-desktop-retry1/trace.zip

    ────────────────────────────────────────────────────────────────────────────────────────────────
]]>
</failure>
<system-out>
<![CDATA[
[[ATTACHMENT|../../test-results/critical-path-Critical-Pat-80d63-ng-Performance-Benchmarking-firefox-desktop/test-failed-1.png]]

[[ATTACHMENT|../../test-results/critical-path-Critical-Pat-80d63-ng-Performance-Benchmarking-firefox-desktop/trace.zip]]

[[ATTACHMENT|../../test-results/critical-path-Critical-Pat-80d63-ng-Performance-Benchmarking-firefox-desktop-retry1/test-failed-1.png]]

[[ATTACHMENT|../../test-results/critical-path-Critical-Pat-80d63-ng-Performance-Benchmarking-firefox-desktop-retry1/trace.zip]]
]]>
</system-out>
</testcase>
<testcase name="Critical Path E2E Testing › Accessibility Compliance Check" classname="critical-path.spec.ts" time="1.373">
<failure message="critical-path.spec.ts:467:7 Accessibility Compliance Check" type="FAILURE">
<![CDATA[  [firefox-desktop] › critical-path.spec.ts:467:7 › Critical Path E2E Testing › Accessibility Compliance Check 

    Error: browserContext.grantPermissions: Unknown permission: microphone

      358 |
      359 |     // Grant microphone permissions upfront
    > 360 |     await page.context().grantPermissions(['microphone']);
          |                          ^
      361 |
      362 |     // Monitor console errors
      363 |     page.on('console', msg => {
        at /Users/umasankrudhya/Projects/pinglearn/pinglearn-app/e2e/critical-path.spec.ts:360:26

    attachment #1: screenshot (image/png) ──────────────────────────────────────────────────────────
    ../test-results/critical-path-Critical-Pat-d6fc9-essibility-Compliance-Check-firefox-desktop/test-failed-1.png
    ────────────────────────────────────────────────────────────────────────────────────────────────

    attachment #2: trace (application/zip) ─────────────────────────────────────────────────────────
    ../test-results/critical-path-Critical-Pat-d6fc9-essibility-Compliance-Check-firefox-desktop/trace.zip
    Usage:

        npx playwright show-trace ../test-results/critical-path-Critical-Pat-d6fc9-essibility-Compliance-Check-firefox-desktop/trace.zip

    ────────────────────────────────────────────────────────────────────────────────────────────────

    Retry #1 ───────────────────────────────────────────────────────────────────────────────────────

    Error: browserContext.grantPermissions: Unknown permission: microphone

      358 |
      359 |     // Grant microphone permissions upfront
    > 360 |     await page.context().grantPermissions(['microphone']);
          |                          ^
      361 |
      362 |     // Monitor console errors
      363 |     page.on('console', msg => {
        at /Users/umasankrudhya/Projects/pinglearn/pinglearn-app/e2e/critical-path.spec.ts:360:26

    attachment #1: screenshot (image/png) ──────────────────────────────────────────────────────────
    ../test-results/critical-path-Critical-Pat-d6fc9-essibility-Compliance-Check-firefox-desktop-retry1/test-failed-1.png
    ────────────────────────────────────────────────────────────────────────────────────────────────

    attachment #2: trace (application/zip) ─────────────────────────────────────────────────────────
    ../test-results/critical-path-Critical-Pat-d6fc9-essibility-Compliance-Check-firefox-desktop-retry1/trace.zip
    Usage:

        npx playwright show-trace ../test-results/critical-path-Critical-Pat-d6fc9-essibility-Compliance-Check-firefox-desktop-retry1/trace.zip

    ────────────────────────────────────────────────────────────────────────────────────────────────
]]>
</failure>
<system-out>
<![CDATA[
[[ATTACHMENT|../../test-results/critical-path-Critical-Pat-d6fc9-essibility-Compliance-Check-firefox-desktop/test-failed-1.png]]

[[ATTACHMENT|../../test-results/critical-path-Critical-Pat-d6fc9-essibility-Compliance-Check-firefox-desktop/trace.zip]]

[[ATTACHMENT|../../test-results/critical-path-Critical-Pat-d6fc9-essibility-Compliance-Check-firefox-desktop-retry1/test-failed-1.png]]

[[ATTACHMENT|../../test-results/critical-path-Critical-Pat-d6fc9-essibility-Compliance-Check-firefox-desktop-retry1/trace.zip]]
]]>
</system-out>
</testcase>
<testcase name="Edge Case Testing › Network Resilience" classname="critical-path.spec.ts" time="1.932">
<failure message="critical-path.spec.ts:515:7 Network Resilience" type="FAILURE">
<![CDATA[  [firefox-desktop] › critical-path.spec.ts:515:7 › Edge Case Testing › Network Resilience ─────────

    Error: page.goto: NS_ERROR_OFFLINE
    Call log:
      - navigating to "http://localhost:3006/", waiting until "load"


      518 |     // Test offline behavior
      519 |     await page.context().setOffline(true);
    > 520 |     await page.goto('/');
          |                ^
      521 |
      522 |     const offlineHandling = await page.locator('text=/offline|no connection|network error/i').count() > 0;
      523 |     console.log(`📋 Offline Handling: ${offlineHandling ? '✅' : '❌'}`);
        at /Users/umasankrudhya/Projects/pinglearn/pinglearn-app/e2e/critical-path.spec.ts:520:16

    attachment #1: screenshot (image/png) ──────────────────────────────────────────────────────────
    ../test-results/critical-path-Edge-Case-Testing-Network-Resilience-firefox-desktop/test-failed-1.png
    ────────────────────────────────────────────────────────────────────────────────────────────────

    Error Context: ../test-results/critical-path-Edge-Case-Testing-Network-Resilience-firefox-desktop/error-context.md

    attachment #3: trace (application/zip) ─────────────────────────────────────────────────────────
    ../test-results/critical-path-Edge-Case-Testing-Network-Resilience-firefox-desktop/trace.zip
    Usage:

        npx playwright show-trace ../test-results/critical-path-Edge-Case-Testing-Network-Resilience-firefox-desktop/trace.zip

    ────────────────────────────────────────────────────────────────────────────────────────────────

    Retry #1 ───────────────────────────────────────────────────────────────────────────────────────

    Error: page.goto: NS_ERROR_OFFLINE
    Call log:
      - navigating to "http://localhost:3006/", waiting until "load"


      518 |     // Test offline behavior
      519 |     await page.context().setOffline(true);
    > 520 |     await page.goto('/');
          |                ^
      521 |
      522 |     const offlineHandling = await page.locator('text=/offline|no connection|network error/i').count() > 0;
      523 |     console.log(`📋 Offline Handling: ${offlineHandling ? '✅' : '❌'}`);
        at /Users/umasankrudhya/Projects/pinglearn/pinglearn-app/e2e/critical-path.spec.ts:520:16

    attachment #1: screenshot (image/png) ──────────────────────────────────────────────────────────
    ../test-results/critical-path-Edge-Case-Testing-Network-Resilience-firefox-desktop-retry1/test-failed-1.png
    ────────────────────────────────────────────────────────────────────────────────────────────────

    Error Context: ../test-results/critical-path-Edge-Case-Testing-Network-Resilience-firefox-desktop-retry1/error-context.md

    attachment #3: trace (application/zip) ─────────────────────────────────────────────────────────
    ../test-results/critical-path-Edge-Case-Testing-Network-Resilience-firefox-desktop-retry1/trace.zip
    Usage:

        npx playwright show-trace ../test-results/critical-path-Edge-Case-Testing-Network-Resilience-firefox-desktop-retry1/trace.zip

    ────────────────────────────────────────────────────────────────────────────────────────────────
]]>
</failure>
<system-out>
<![CDATA[🌐 Network Resilience Test

[[ATTACHMENT|../../test-results/critical-path-Edge-Case-Testing-Network-Resilience-firefox-desktop/test-failed-1.png]]

[[ATTACHMENT|../../test-results/critical-path-Edge-Case-Testing-Network-Resilience-firefox-desktop/error-context.md]]

[[ATTACHMENT|../../test-results/critical-path-Edge-Case-Testing-Network-Resilience-firefox-desktop/trace.zip]]
🌐 Network Resilience Test

[[ATTACHMENT|../../test-results/critical-path-Edge-Case-Testing-Network-Resilience-firefox-desktop-retry1/test-failed-1.png]]

[[ATTACHMENT|../../test-results/critical-path-Edge-Case-Testing-Network-Resilience-firefox-desktop-retry1/error-context.md]]

[[ATTACHMENT|../../test-results/critical-path-Edge-Case-Testing-Network-Resilience-firefox-desktop-retry1/trace.zip]]
]]>
</system-out>
</testcase>
<testcase name="Edge Case Testing › Mobile Responsiveness" classname="critical-path.spec.ts" time="5.854">
<system-out>
<![CDATA[📱 Mobile Responsiveness Test
📋 Mobile Navigation: ✅
📋 Content Overflow: ❌ (50 elements)
]]>
</system-out>
</testcase>
</testsuite>
<testsuite name="comprehensive-e2e-framework.spec.ts" timestamp="2025-10-01T10:20:41.011Z" hostname="webkit-desktop" tests="9" failures="7" skipped="0" time="13.399" errors="0">
<testcase name="TEST-004: Comprehensive E2E Testing Framework › Complete E2E Workflow - Desktop-Chrome" classname="comprehensive-e2e-framework.spec.ts" time="1.865">
<failure message="comprehensive-e2e-framework.spec.ts:768:9 Complete E2E Workflow - Desktop-Chrome" type="FAILURE">
<![CDATA[  [webkit-desktop] › comprehensive-e2e-framework.spec.ts:768:9 › TEST-004: Comprehensive E2E Testing Framework › Complete E2E Workflow - Desktop-Chrome 

    Error: browserContext.grantPermissions: Unknown permission: microphone

      754 |
      755 |     // Global setup
    > 756 |     await context.grantPermissions(['microphone']);
          |                   ^
      757 |
      758 |     // Monitor errors
      759 |     page.on('console', msg => {
        at /Users/umasankrudhya/Projects/pinglearn/pinglearn-app/e2e/comprehensive-e2e-framework.spec.ts:756:19

    attachment #1: screenshot (image/png) ──────────────────────────────────────────────────────────
    ../test-results/comprehensive-e2e-framewor-d46d0-E-Workflow---Desktop-Chrome-webkit-desktop/test-failed-1.png
    ────────────────────────────────────────────────────────────────────────────────────────────────

    attachment #2: trace (application/zip) ─────────────────────────────────────────────────────────
    ../test-results/comprehensive-e2e-framewor-d46d0-E-Workflow---Desktop-Chrome-webkit-desktop/trace.zip
    Usage:

        npx playwright show-trace ../test-results/comprehensive-e2e-framewor-d46d0-E-Workflow---Desktop-Chrome-webkit-desktop/trace.zip

    ────────────────────────────────────────────────────────────────────────────────────────────────

    Retry #1 ───────────────────────────────────────────────────────────────────────────────────────

    Error: browserContext.grantPermissions: Unknown permission: microphone

      754 |
      755 |     // Global setup
    > 756 |     await context.grantPermissions(['microphone']);
          |                   ^
      757 |
      758 |     // Monitor errors
      759 |     page.on('console', msg => {
        at /Users/umasankrudhya/Projects/pinglearn/pinglearn-app/e2e/comprehensive-e2e-framework.spec.ts:756:19

    attachment #1: screenshot (image/png) ──────────────────────────────────────────────────────────
    ../test-results/comprehensive-e2e-framewor-d46d0-E-Workflow---Desktop-Chrome-webkit-desktop-retry1/test-failed-1.png
    ────────────────────────────────────────────────────────────────────────────────────────────────

    attachment #2: trace (application/zip) ─────────────────────────────────────────────────────────
    ../test-results/comprehensive-e2e-framewor-d46d0-E-Workflow---Desktop-Chrome-webkit-desktop-retry1/trace.zip
    Usage:

        npx playwright show-trace ../test-results/comprehensive-e2e-framewor-d46d0-E-Workflow---Desktop-Chrome-webkit-desktop-retry1/trace.zip

    ────────────────────────────────────────────────────────────────────────────────────────────────
]]>
</failure>
<system-out>
<![CDATA[
[[ATTACHMENT|../../test-results/comprehensive-e2e-framewor-d46d0-E-Workflow---Desktop-Chrome-webkit-desktop/test-failed-1.png]]

[[ATTACHMENT|../../test-results/comprehensive-e2e-framewor-d46d0-E-Workflow---Desktop-Chrome-webkit-desktop/trace.zip]]

[[ATTACHMENT|../../test-results/comprehensive-e2e-framewor-d46d0-E-Workflow---Desktop-Chrome-webkit-desktop-retry1/test-failed-1.png]]

[[ATTACHMENT|../../test-results/comprehensive-e2e-framewor-d46d0-E-Workflow---Desktop-Chrome-webkit-desktop-retry1/trace.zip]]
]]>
</system-out>
</testcase>
<testcase name="TEST-004: Comprehensive E2E Testing Framework › Complete E2E Workflow - Laptop" classname="comprehensive-e2e-framework.spec.ts" time="1.957">
<failure message="comprehensive-e2e-framework.spec.ts:768:9 Complete E2E Workflow - Laptop" type="FAILURE">
<![CDATA[  [webkit-desktop] › comprehensive-e2e-framework.spec.ts:768:9 › TEST-004: Comprehensive E2E Testing Framework › Complete E2E Workflow - Laptop 

    Error: browserContext.grantPermissions: Unknown permission: microphone

      754 |
      755 |     // Global setup
    > 756 |     await context.grantPermissions(['microphone']);
          |                   ^
      757 |
      758 |     // Monitor errors
      759 |     page.on('console', msg => {
        at /Users/umasankrudhya/Projects/pinglearn/pinglearn-app/e2e/comprehensive-e2e-framework.spec.ts:756:19

    attachment #1: screenshot (image/png) ──────────────────────────────────────────────────────────
    ../test-results/comprehensive-e2e-framewor-2ba0f-plete-E2E-Workflow---Laptop-webkit-desktop/test-failed-1.png
    ────────────────────────────────────────────────────────────────────────────────────────────────

    attachment #2: trace (application/zip) ─────────────────────────────────────────────────────────
    ../test-results/comprehensive-e2e-framewor-2ba0f-plete-E2E-Workflow---Laptop-webkit-desktop/trace.zip
    Usage:

        npx playwright show-trace ../test-results/comprehensive-e2e-framewor-2ba0f-plete-E2E-Workflow---Laptop-webkit-desktop/trace.zip

    ────────────────────────────────────────────────────────────────────────────────────────────────

    Retry #1 ───────────────────────────────────────────────────────────────────────────────────────

    Error: browserContext.grantPermissions: Unknown permission: microphone

      754 |
      755 |     // Global setup
    > 756 |     await context.grantPermissions(['microphone']);
          |                   ^
      757 |
      758 |     // Monitor errors
      759 |     page.on('console', msg => {
        at /Users/umasankrudhya/Projects/pinglearn/pinglearn-app/e2e/comprehensive-e2e-framework.spec.ts:756:19

    attachment #1: screenshot (image/png) ──────────────────────────────────────────────────────────
    ../test-results/comprehensive-e2e-framewor-2ba0f-plete-E2E-Workflow---Laptop-webkit-desktop-retry1/test-failed-1.png
    ────────────────────────────────────────────────────────────────────────────────────────────────

    attachment #2: trace (application/zip) ─────────────────────────────────────────────────────────
    ../test-results/comprehensive-e2e-framewor-2ba0f-plete-E2E-Workflow---Laptop-webkit-desktop-retry1/trace.zip
    Usage:

        npx playwright show-trace ../test-results/comprehensive-e2e-framewor-2ba0f-plete-E2E-Workflow---Laptop-webkit-desktop-retry1/trace.zip

    ────────────────────────────────────────────────────────────────────────────────────────────────
]]>
</failure>
<system-out>
<![CDATA[
[[ATTACHMENT|../../test-results/comprehensive-e2e-framewor-2ba0f-plete-E2E-Workflow---Laptop-webkit-desktop/test-failed-1.png]]

[[ATTACHMENT|../../test-results/comprehensive-e2e-framewor-2ba0f-plete-E2E-Workflow---Laptop-webkit-desktop/trace.zip]]

[[ATTACHMENT|../../test-results/comprehensive-e2e-framewor-2ba0f-plete-E2E-Workflow---Laptop-webkit-desktop-retry1/test-failed-1.png]]

[[ATTACHMENT|../../test-results/comprehensive-e2e-framewor-2ba0f-plete-E2E-Workflow---Laptop-webkit-desktop-retry1/trace.zip]]
]]>
</system-out>
</testcase>
<testcase name="TEST-004: Comprehensive E2E Testing Framework › Complete E2E Workflow - Tablet-Portrait" classname="comprehensive-e2e-framework.spec.ts" time="1.334">
<failure message="comprehensive-e2e-framework.spec.ts:768:9 Complete E2E Workflow - Tablet-Portrait" type="FAILURE">
<![CDATA[  [webkit-desktop] › comprehensive-e2e-framework.spec.ts:768:9 › TEST-004: Comprehensive E2E Testing Framework › Complete E2E Workflow - Tablet-Portrait 

    Error: browserContext.grantPermissions: Unknown permission: microphone

      754 |
      755 |     // Global setup
    > 756 |     await context.grantPermissions(['microphone']);
          |                   ^
      757 |
      758 |     // Monitor errors
      759 |     page.on('console', msg => {
        at /Users/umasankrudhya/Projects/pinglearn/pinglearn-app/e2e/comprehensive-e2e-framework.spec.ts:756:19

    attachment #1: screenshot (image/png) ──────────────────────────────────────────────────────────
    ../test-results/comprehensive-e2e-framewor-5238d--Workflow---Tablet-Portrait-webkit-desktop/test-failed-1.png
    ────────────────────────────────────────────────────────────────────────────────────────────────

    attachment #2: trace (application/zip) ─────────────────────────────────────────────────────────
    ../test-results/comprehensive-e2e-framewor-5238d--Workflow---Tablet-Portrait-webkit-desktop/trace.zip
    Usage:

        npx playwright show-trace ../test-results/comprehensive-e2e-framewor-5238d--Workflow---Tablet-Portrait-webkit-desktop/trace.zip

    ────────────────────────────────────────────────────────────────────────────────────────────────

    Retry #1 ───────────────────────────────────────────────────────────────────────────────────────

    Error: browserContext.grantPermissions: Unknown permission: microphone

      754 |
      755 |     // Global setup
    > 756 |     await context.grantPermissions(['microphone']);
          |                   ^
      757 |
      758 |     // Monitor errors
      759 |     page.on('console', msg => {
        at /Users/umasankrudhya/Projects/pinglearn/pinglearn-app/e2e/comprehensive-e2e-framework.spec.ts:756:19

    attachment #1: screenshot (image/png) ──────────────────────────────────────────────────────────
    ../test-results/comprehensive-e2e-framewor-5238d--Workflow---Tablet-Portrait-webkit-desktop-retry1/test-failed-1.png
    ────────────────────────────────────────────────────────────────────────────────────────────────

    attachment #2: trace (application/zip) ─────────────────────────────────────────────────────────
    ../test-results/comprehensive-e2e-framewor-5238d--Workflow---Tablet-Portrait-webkit-desktop-retry1/trace.zip
    Usage:

        npx playwright show-trace ../test-results/comprehensive-e2e-framewor-5238d--Workflow---Tablet-Portrait-webkit-desktop-retry1/trace.zip

    ────────────────────────────────────────────────────────────────────────────────────────────────
]]>
</failure>
<system-out>
<![CDATA[
[[ATTACHMENT|../../test-results/comprehensive-e2e-framewor-5238d--Workflow---Tablet-Portrait-webkit-desktop/test-failed-1.png]]

[[ATTACHMENT|../../test-results/comprehensive-e2e-framewor-5238d--Workflow---Tablet-Portrait-webkit-desktop/trace.zip]]

[[ATTACHMENT|../../test-results/comprehensive-e2e-framewor-5238d--Workflow---Tablet-Portrait-webkit-desktop-retry1/test-failed-1.png]]

[[ATTACHMENT|../../test-results/comprehensive-e2e-framewor-5238d--Workflow---Tablet-Portrait-webkit-desktop-retry1/trace.zip]]
]]>
</system-out>
</testcase>
<testcase name="TEST-004: Comprehensive E2E Testing Framework › Complete E2E Workflow - Tablet-Landscape" classname="comprehensive-e2e-framework.spec.ts" time="1.305">
<failure message="comprehensive-e2e-framework.spec.ts:768:9 Complete E2E Workflow - Tablet-Landscape" type="FAILURE">
<![CDATA[  [webkit-desktop] › comprehensive-e2e-framework.spec.ts:768:9 › TEST-004: Comprehensive E2E Testing Framework › Complete E2E Workflow - Tablet-Landscape 

    Error: browserContext.grantPermissions: Unknown permission: microphone

      754 |
      755 |     // Global setup
    > 756 |     await context.grantPermissions(['microphone']);
          |                   ^
      757 |
      758 |     // Monitor errors
      759 |     page.on('console', msg => {
        at /Users/umasankrudhya/Projects/pinglearn/pinglearn-app/e2e/comprehensive-e2e-framework.spec.ts:756:19

    attachment #1: screenshot (image/png) ──────────────────────────────────────────────────────────
    ../test-results/comprehensive-e2e-framewor-ed39e-Workflow---Tablet-Landscape-webkit-desktop/test-failed-1.png
    ────────────────────────────────────────────────────────────────────────────────────────────────

    attachment #2: trace (application/zip) ─────────────────────────────────────────────────────────
    ../test-results/comprehensive-e2e-framewor-ed39e-Workflow---Tablet-Landscape-webkit-desktop/trace.zip
    Usage:

        npx playwright show-trace ../test-results/comprehensive-e2e-framewor-ed39e-Workflow---Tablet-Landscape-webkit-desktop/trace.zip

    ────────────────────────────────────────────────────────────────────────────────────────────────

    Retry #1 ───────────────────────────────────────────────────────────────────────────────────────

    Error: browserContext.grantPermissions: Unknown permission: microphone

      754 |
      755 |     // Global setup
    > 756 |     await context.grantPermissions(['microphone']);
          |                   ^
      757 |
      758 |     // Monitor errors
      759 |     page.on('console', msg => {
        at /Users/umasankrudhya/Projects/pinglearn/pinglearn-app/e2e/comprehensive-e2e-framework.spec.ts:756:19

    attachment #1: screenshot (image/png) ──────────────────────────────────────────────────────────
    ../test-results/comprehensive-e2e-framewor-ed39e-Workflow---Tablet-Landscape-webkit-desktop-retry1/test-failed-1.png
    ────────────────────────────────────────────────────────────────────────────────────────────────

    attachment #2: trace (application/zip) ─────────────────────────────────────────────────────────
    ../test-results/comprehensive-e2e-framewor-ed39e-Workflow---Tablet-Landscape-webkit-desktop-retry1/trace.zip
    Usage:

        npx playwright show-trace ../test-results/comprehensive-e2e-framewor-ed39e-Workflow---Tablet-Landscape-webkit-desktop-retry1/trace.zip

    ────────────────────────────────────────────────────────────────────────────────────────────────
]]>
</failure>
<system-out>
<![CDATA[
[[ATTACHMENT|../../test-results/comprehensive-e2e-framewor-ed39e-Workflow---Tablet-Landscape-webkit-desktop/test-failed-1.png]]

[[ATTACHMENT|../../test-results/comprehensive-e2e-framewor-ed39e-Workflow---Tablet-Landscape-webkit-desktop/trace.zip]]

[[ATTACHMENT|../../test-results/comprehensive-e2e-framewor-ed39e-Workflow---Tablet-Landscape-webkit-desktop-retry1/test-failed-1.png]]

[[ATTACHMENT|../../test-results/comprehensive-e2e-framewor-ed39e-Workflow---Tablet-Landscape-webkit-desktop-retry1/trace.zip]]
]]>
</system-out>
</testcase>
<testcase name="TEST-004: Comprehensive E2E Testing Framework › Complete E2E Workflow - Mobile-Large" classname="comprehensive-e2e-framework.spec.ts" time="0.978">
<failure message="comprehensive-e2e-framework.spec.ts:768:9 Complete E2E Workflow - Mobile-Large" type="FAILURE">
<![CDATA[  [webkit-desktop] › comprehensive-e2e-framework.spec.ts:768:9 › TEST-004: Comprehensive E2E Testing Framework › Complete E2E Workflow - Mobile-Large 

    Error: browserContext.grantPermissions: Unknown permission: microphone

      754 |
      755 |     // Global setup
    > 756 |     await context.grantPermissions(['microphone']);
          |                   ^
      757 |
      758 |     // Monitor errors
      759 |     page.on('console', msg => {
        at /Users/umasankrudhya/Projects/pinglearn/pinglearn-app/e2e/comprehensive-e2e-framework.spec.ts:756:19

    attachment #1: screenshot (image/png) ──────────────────────────────────────────────────────────
    ../test-results/comprehensive-e2e-framewor-4d94e-E2E-Workflow---Mobile-Large-webkit-desktop/test-failed-1.png
    ────────────────────────────────────────────────────────────────────────────────────────────────

    attachment #2: trace (application/zip) ─────────────────────────────────────────────────────────
    ../test-results/comprehensive-e2e-framewor-4d94e-E2E-Workflow---Mobile-Large-webkit-desktop/trace.zip
    Usage:

        npx playwright show-trace ../test-results/comprehensive-e2e-framewor-4d94e-E2E-Workflow---Mobile-Large-webkit-desktop/trace.zip

    ────────────────────────────────────────────────────────────────────────────────────────────────

    Retry #1 ───────────────────────────────────────────────────────────────────────────────────────

    Error: browserContext.grantPermissions: Unknown permission: microphone

      754 |
      755 |     // Global setup
    > 756 |     await context.grantPermissions(['microphone']);
          |                   ^
      757 |
      758 |     // Monitor errors
      759 |     page.on('console', msg => {
        at /Users/umasankrudhya/Projects/pinglearn/pinglearn-app/e2e/comprehensive-e2e-framework.spec.ts:756:19

    attachment #1: screenshot (image/png) ──────────────────────────────────────────────────────────
    ../test-results/comprehensive-e2e-framewor-4d94e-E2E-Workflow---Mobile-Large-webkit-desktop-retry1/test-failed-1.png
    ────────────────────────────────────────────────────────────────────────────────────────────────

    attachment #2: trace (application/zip) ─────────────────────────────────────────────────────────
    ../test-results/comprehensive-e2e-framewor-4d94e-E2E-Workflow---Mobile-Large-webkit-desktop-retry1/trace.zip
    Usage:

        npx playwright show-trace ../test-results/comprehensive-e2e-framewor-4d94e-E2E-Workflow---Mobile-Large-webkit-desktop-retry1/trace.zip

    ────────────────────────────────────────────────────────────────────────────────────────────────
]]>
</failure>
<system-out>
<![CDATA[
[[ATTACHMENT|../../test-results/comprehensive-e2e-framewor-4d94e-E2E-Workflow---Mobile-Large-webkit-desktop/test-failed-1.png]]

[[ATTACHMENT|../../test-results/comprehensive-e2e-framewor-4d94e-E2E-Workflow---Mobile-Large-webkit-desktop/trace.zip]]

[[ATTACHMENT|../../test-results/comprehensive-e2e-framewor-4d94e-E2E-Workflow---Mobile-Large-webkit-desktop-retry1/test-failed-1.png]]

[[ATTACHMENT|../../test-results/comprehensive-e2e-framewor-4d94e-E2E-Workflow---Mobile-Large-webkit-desktop-retry1/trace.zip]]
]]>
</system-out>
</testcase>
<testcase name="TEST-004: Comprehensive E2E Testing Framework › Complete E2E Workflow - Mobile-iPhone" classname="comprehensive-e2e-framework.spec.ts" time="1.107">
<failure message="comprehensive-e2e-framework.spec.ts:768:9 Complete E2E Workflow - Mobile-iPhone" type="FAILURE">
<![CDATA[  [webkit-desktop] › comprehensive-e2e-framework.spec.ts:768:9 › TEST-004: Comprehensive E2E Testing Framework › Complete E2E Workflow - Mobile-iPhone 

    Error: browserContext.grantPermissions: Unknown permission: microphone

      754 |
      755 |     // Global setup
    > 756 |     await context.grantPermissions(['microphone']);
          |                   ^
      757 |
      758 |     // Monitor errors
      759 |     page.on('console', msg => {
        at /Users/umasankrudhya/Projects/pinglearn/pinglearn-app/e2e/comprehensive-e2e-framework.spec.ts:756:19

    attachment #1: screenshot (image/png) ──────────────────────────────────────────────────────────
    ../test-results/comprehensive-e2e-framewor-fa5b7-2E-Workflow---Mobile-iPhone-webkit-desktop/test-failed-1.png
    ────────────────────────────────────────────────────────────────────────────────────────────────

    attachment #2: trace (application/zip) ─────────────────────────────────────────────────────────
    ../test-results/comprehensive-e2e-framewor-fa5b7-2E-Workflow---Mobile-iPhone-webkit-desktop/trace.zip
    Usage:

        npx playwright show-trace ../test-results/comprehensive-e2e-framewor-fa5b7-2E-Workflow---Mobile-iPhone-webkit-desktop/trace.zip

    ────────────────────────────────────────────────────────────────────────────────────────────────

    Retry #1 ───────────────────────────────────────────────────────────────────────────────────────

    Error: browserContext.grantPermissions: Unknown permission: microphone

      754 |
      755 |     // Global setup
    > 756 |     await context.grantPermissions(['microphone']);
          |                   ^
      757 |
      758 |     // Monitor errors
      759 |     page.on('console', msg => {
        at /Users/umasankrudhya/Projects/pinglearn/pinglearn-app/e2e/comprehensive-e2e-framework.spec.ts:756:19

    attachment #1: screenshot (image/png) ──────────────────────────────────────────────────────────
    ../test-results/comprehensive-e2e-framewor-fa5b7-2E-Workflow---Mobile-iPhone-webkit-desktop-retry1/test-failed-1.png
    ────────────────────────────────────────────────────────────────────────────────────────────────

    attachment #2: trace (application/zip) ─────────────────────────────────────────────────────────
    ../test-results/comprehensive-e2e-framewor-fa5b7-2E-Workflow---Mobile-iPhone-webkit-desktop-retry1/trace.zip
    Usage:

        npx playwright show-trace ../test-results/comprehensive-e2e-framewor-fa5b7-2E-Workflow---Mobile-iPhone-webkit-desktop-retry1/trace.zip

    ────────────────────────────────────────────────────────────────────────────────────────────────
]]>
</failure>
<system-out>
<![CDATA[
[[ATTACHMENT|../../test-results/comprehensive-e2e-framewor-fa5b7-2E-Workflow---Mobile-iPhone-webkit-desktop/test-failed-1.png]]

[[ATTACHMENT|../../test-results/comprehensive-e2e-framewor-fa5b7-2E-Workflow---Mobile-iPhone-webkit-desktop/trace.zip]]

[[ATTACHMENT|../../test-results/comprehensive-e2e-framewor-fa5b7-2E-Workflow---Mobile-iPhone-webkit-desktop-retry1/test-failed-1.png]]

[[ATTACHMENT|../../test-results/comprehensive-e2e-framewor-fa5b7-2E-Workflow---Mobile-iPhone-webkit-desktop-retry1/trace.zip]]
]]>
</system-out>
</testcase>
<testcase name="TEST-004: Comprehensive E2E Testing Framework › Generate Final Report" classname="comprehensive-e2e-framework.spec.ts" time="1.038">
<failure message="comprehensive-e2e-framework.spec.ts:805:7 Generate Final Report" type="FAILURE">
<![CDATA[  [webkit-desktop] › comprehensive-e2e-framework.spec.ts:805:7 › TEST-004: Comprehensive E2E Testing Framework › Generate Final Report 

    Error: browserContext.grantPermissions: Unknown permission: microphone

      754 |
      755 |     // Global setup
    > 756 |     await context.grantPermissions(['microphone']);
          |                   ^
      757 |
      758 |     // Monitor errors
      759 |     page.on('console', msg => {
        at /Users/umasankrudhya/Projects/pinglearn/pinglearn-app/e2e/comprehensive-e2e-framework.spec.ts:756:19

    attachment #1: screenshot (image/png) ──────────────────────────────────────────────────────────
    ../test-results/comprehensive-e2e-framewor-4c439-ework-Generate-Final-Report-webkit-desktop/test-failed-1.png
    ────────────────────────────────────────────────────────────────────────────────────────────────

    attachment #2: trace (application/zip) ─────────────────────────────────────────────────────────
    ../test-results/comprehensive-e2e-framewor-4c439-ework-Generate-Final-Report-webkit-desktop/trace.zip
    Usage:

        npx playwright show-trace ../test-results/comprehensive-e2e-framewor-4c439-ework-Generate-Final-Report-webkit-desktop/trace.zip

    ────────────────────────────────────────────────────────────────────────────────────────────────

    Retry #1 ───────────────────────────────────────────────────────────────────────────────────────

    Error: browserContext.grantPermissions: Unknown permission: microphone

      754 |
      755 |     // Global setup
    > 756 |     await context.grantPermissions(['microphone']);
          |                   ^
      757 |
      758 |     // Monitor errors
      759 |     page.on('console', msg => {
        at /Users/umasankrudhya/Projects/pinglearn/pinglearn-app/e2e/comprehensive-e2e-framework.spec.ts:756:19

    attachment #1: screenshot (image/png) ──────────────────────────────────────────────────────────
    ../test-results/comprehensive-e2e-framewor-4c439-ework-Generate-Final-Report-webkit-desktop-retry1/test-failed-1.png
    ────────────────────────────────────────────────────────────────────────────────────────────────

    attachment #2: trace (application/zip) ─────────────────────────────────────────────────────────
    ../test-results/comprehensive-e2e-framewor-4c439-ework-Generate-Final-Report-webkit-desktop-retry1/trace.zip
    Usage:

        npx playwright show-trace ../test-results/comprehensive-e2e-framewor-4c439-ework-Generate-Final-Report-webkit-desktop-retry1/trace.zip

    ────────────────────────────────────────────────────────────────────────────────────────────────
]]>
</failure>
<system-out>
<![CDATA[
[[ATTACHMENT|../../test-results/comprehensive-e2e-framewor-4c439-ework-Generate-Final-Report-webkit-desktop/test-failed-1.png]]

[[ATTACHMENT|../../test-results/comprehensive-e2e-framewor-4c439-ework-Generate-Final-Report-webkit-desktop/trace.zip]]

[[ATTACHMENT|../../test-results/comprehensive-e2e-framewor-4c439-ework-Generate-Final-Report-webkit-desktop-retry1/test-failed-1.png]]

[[ATTACHMENT|../../test-results/comprehensive-e2e-framewor-4c439-ework-Generate-Final-Report-webkit-desktop-retry1/trace.zip]]
]]>
</system-out>
</testcase>
<testcase name="Cross-Browser Compatibility › Chromium Baseline Test" classname="comprehensive-e2e-framework.spec.ts" time="1.526">
<system-out>
<![CDATA[🌐 Running Cross-Browser Compatibility Test
✅ Browser: Other
]]>
</system-out>
</testcase>
<testcase name="API Integration Testing › Critical API Endpoints" classname="comprehensive-e2e-framework.spec.ts" time="2.289">
<system-out>
<![CDATA[🔌 Testing API Integration...
✅ /api/auth/login: 400
✅ /api/session/start: 400
✅ /api/transcription: 400
❌ /api/livekit/token: 404
]]>
</system-out>
</testcase>
</testsuite>
<testsuite name="critical-path.spec.ts" timestamp="2025-10-01T10:20:41.011Z" hostname="webkit-desktop" tests="5" failures="4" skipped="0" time="4.692" errors="0">
<testcase name="Critical Path E2E Testing › Complete User Journey: Landing → Auth → Dashboard → Classroom → Session" classname="critical-path.spec.ts" time="1.03">
<failure message="critical-path.spec.ts:375:7 Complete User Journey: Landing → Auth → Dashboard → Classroom → Session" type="FAILURE">
<![CDATA[  [webkit-desktop] › critical-path.spec.ts:375:7 › Critical Path E2E Testing › Complete User Journey: Landing → Auth → Dashboard → Classroom → Session 

    Error: browserContext.grantPermissions: Unknown permission: microphone

      358 |
      359 |     // Grant microphone permissions upfront
    > 360 |     await page.context().grantPermissions(['microphone']);
          |                          ^
      361 |
      362 |     // Monitor console errors
      363 |     page.on('console', msg => {
        at /Users/umasankrudhya/Projects/pinglearn/pinglearn-app/e2e/critical-path.spec.ts:360:26

    attachment #1: screenshot (image/png) ──────────────────────────────────────────────────────────
    ../test-results/critical-path-Critical-Pat-2d8bd-board-→-Classroom-→-Session-webkit-desktop/test-failed-1.png
    ────────────────────────────────────────────────────────────────────────────────────────────────

    attachment #2: trace (application/zip) ─────────────────────────────────────────────────────────
    ../test-results/critical-path-Critical-Pat-2d8bd-board-→-Classroom-→-Session-webkit-desktop/trace.zip
    Usage:

        npx playwright show-trace ../test-results/critical-path-Critical-Pat-2d8bd-board-→-Classroom-→-Session-webkit-desktop/trace.zip

    ────────────────────────────────────────────────────────────────────────────────────────────────

    Retry #1 ───────────────────────────────────────────────────────────────────────────────────────

    Error: browserContext.grantPermissions: Unknown permission: microphone

      358 |
      359 |     // Grant microphone permissions upfront
    > 360 |     await page.context().grantPermissions(['microphone']);
          |                          ^
      361 |
      362 |     // Monitor console errors
      363 |     page.on('console', msg => {
        at /Users/umasankrudhya/Projects/pinglearn/pinglearn-app/e2e/critical-path.spec.ts:360:26

    attachment #1: screenshot (image/png) ──────────────────────────────────────────────────────────
    ../test-results/critical-path-Critical-Pat-2d8bd-board-→-Classroom-→-Session-webkit-desktop-retry1/test-failed-1.png
    ────────────────────────────────────────────────────────────────────────────────────────────────

    attachment #2: trace (application/zip) ─────────────────────────────────────────────────────────
    ../test-results/critical-path-Critical-Pat-2d8bd-board-→-Classroom-→-Session-webkit-desktop-retry1/trace.zip
    Usage:

        npx playwright show-trace ../test-results/critical-path-Critical-Pat-2d8bd-board-→-Classroom-→-Session-webkit-desktop-retry1/trace.zip

    ────────────────────────────────────────────────────────────────────────────────────────────────
]]>
</failure>
<system-out>
<![CDATA[
[[ATTACHMENT|../../test-results/critical-path-Critical-Pat-2d8bd-board-→-Classroom-→-Session-webkit-desktop/test-failed-1.png]]

[[ATTACHMENT|../../test-results/critical-path-Critical-Pat-2d8bd-board-→-Classroom-→-Session-webkit-desktop/trace.zip]]

[[ATTACHMENT|../../test-results/critical-path-Critical-Pat-2d8bd-board-→-Classroom-→-Session-webkit-desktop-retry1/test-failed-1.png]]

[[ATTACHMENT|../../test-results/critical-path-Critical-Pat-2d8bd-board-→-Classroom-→-Session-webkit-desktop-retry1/trace.zip]]
]]>
</system-out>
</testcase>
<testcase name="Critical Path E2E Testing › Performance Benchmarking" classname="critical-path.spec.ts" time="0.947">
<failure message="critical-path.spec.ts:417:7 Performance Benchmarking" type="FAILURE">
<![CDATA[  [webkit-desktop] › critical-path.spec.ts:417:7 › Critical Path E2E Testing › Performance Benchmarking 

    Error: browserContext.grantPermissions: Unknown permission: microphone

      358 |
      359 |     // Grant microphone permissions upfront
    > 360 |     await page.context().grantPermissions(['microphone']);
          |                          ^
      361 |
      362 |     // Monitor console errors
      363 |     page.on('console', msg => {
        at /Users/umasankrudhya/Projects/pinglearn/pinglearn-app/e2e/critical-path.spec.ts:360:26

    attachment #1: screenshot (image/png) ──────────────────────────────────────────────────────────
    ../test-results/critical-path-Critical-Pat-80d63-ng-Performance-Benchmarking-webkit-desktop/test-failed-1.png
    ────────────────────────────────────────────────────────────────────────────────────────────────

    attachment #2: trace (application/zip) ─────────────────────────────────────────────────────────
    ../test-results/critical-path-Critical-Pat-80d63-ng-Performance-Benchmarking-webkit-desktop/trace.zip
    Usage:

        npx playwright show-trace ../test-results/critical-path-Critical-Pat-80d63-ng-Performance-Benchmarking-webkit-desktop/trace.zip

    ────────────────────────────────────────────────────────────────────────────────────────────────

    Retry #1 ───────────────────────────────────────────────────────────────────────────────────────

    Error: browserContext.grantPermissions: Unknown permission: microphone

      358 |
      359 |     // Grant microphone permissions upfront
    > 360 |     await page.context().grantPermissions(['microphone']);
          |                          ^
      361 |
      362 |     // Monitor console errors
      363 |     page.on('console', msg => {
        at /Users/umasankrudhya/Projects/pinglearn/pinglearn-app/e2e/critical-path.spec.ts:360:26

    attachment #1: screenshot (image/png) ──────────────────────────────────────────────────────────
    ../test-results/critical-path-Critical-Pat-80d63-ng-Performance-Benchmarking-webkit-desktop-retry1/test-failed-1.png
    ────────────────────────────────────────────────────────────────────────────────────────────────

    attachment #2: trace (application/zip) ─────────────────────────────────────────────────────────
    ../test-results/critical-path-Critical-Pat-80d63-ng-Performance-Benchmarking-webkit-desktop-retry1/trace.zip
    Usage:

        npx playwright show-trace ../test-results/critical-path-Critical-Pat-80d63-ng-Performance-Benchmarking-webkit-desktop-retry1/trace.zip

    ────────────────────────────────────────────────────────────────────────────────────────────────
]]>
</failure>
<system-out>
<![CDATA[
[[ATTACHMENT|../../test-results/critical-path-Critical-Pat-80d63-ng-Performance-Benchmarking-webkit-desktop/test-failed-1.png]]

[[ATTACHMENT|../../test-results/critical-path-Critical-Pat-80d63-ng-Performance-Benchmarking-webkit-desktop/trace.zip]]

[[ATTACHMENT|../../test-results/critical-path-Critical-Pat-80d63-ng-Performance-Benchmarking-webkit-desktop-retry1/test-failed-1.png]]

[[ATTACHMENT|../../test-results/critical-path-Critical-Pat-80d63-ng-Performance-Benchmarking-webkit-desktop-retry1/trace.zip]]
]]>
</system-out>
</testcase>
<testcase name="Critical Path E2E Testing › Accessibility Compliance Check" classname="critical-path.spec.ts" time="0.988">
<failure message="critical-path.spec.ts:467:7 Accessibility Compliance Check" type="FAILURE">
<![CDATA[  [webkit-desktop] › critical-path.spec.ts:467:7 › Critical Path E2E Testing › Accessibility Compliance Check 

    Error: browserContext.grantPermissions: Unknown permission: microphone

      358 |
      359 |     // Grant microphone permissions upfront
    > 360 |     await page.context().grantPermissions(['microphone']);
          |                          ^
      361 |
      362 |     // Monitor console errors
      363 |     page.on('console', msg => {
        at /Users/umasankrudhya/Projects/pinglearn/pinglearn-app/e2e/critical-path.spec.ts:360:26

    attachment #1: screenshot (image/png) ──────────────────────────────────────────────────────────
    ../test-results/critical-path-Critical-Pat-d6fc9-essibility-Compliance-Check-webkit-desktop/test-failed-1.png
    ────────────────────────────────────────────────────────────────────────────────────────────────

    attachment #2: trace (application/zip) ─────────────────────────────────────────────────────────
    ../test-results/critical-path-Critical-Pat-d6fc9-essibility-Compliance-Check-webkit-desktop/trace.zip
    Usage:

        npx playwright show-trace ../test-results/critical-path-Critical-Pat-d6fc9-essibility-Compliance-Check-webkit-desktop/trace.zip

    ────────────────────────────────────────────────────────────────────────────────────────────────

    Retry #1 ───────────────────────────────────────────────────────────────────────────────────────

    Error: browserContext.grantPermissions: Unknown permission: microphone

      358 |
      359 |     // Grant microphone permissions upfront
    > 360 |     await page.context().grantPermissions(['microphone']);
          |                          ^
      361 |
      362 |     // Monitor console errors
      363 |     page.on('console', msg => {
        at /Users/umasankrudhya/Projects/pinglearn/pinglearn-app/e2e/critical-path.spec.ts:360:26

    attachment #1: screenshot (image/png) ──────────────────────────────────────────────────────────
    ../test-results/critical-path-Critical-Pat-d6fc9-essibility-Compliance-Check-webkit-desktop-retry1/test-failed-1.png
    ────────────────────────────────────────────────────────────────────────────────────────────────

    attachment #2: trace (application/zip) ─────────────────────────────────────────────────────────
    ../test-results/critical-path-Critical-Pat-d6fc9-essibility-Compliance-Check-webkit-desktop-retry1/trace.zip
    Usage:

        npx playwright show-trace ../test-results/critical-path-Critical-Pat-d6fc9-essibility-Compliance-Check-webkit-desktop-retry1/trace.zip

    ────────────────────────────────────────────────────────────────────────────────────────────────
]]>
</failure>
<system-out>
<![CDATA[
[[ATTACHMENT|../../test-results/critical-path-Critical-Pat-d6fc9-essibility-Compliance-Check-webkit-desktop/test-failed-1.png]]

[[ATTACHMENT|../../test-results/critical-path-Critical-Pat-d6fc9-essibility-Compliance-Check-webkit-desktop/trace.zip]]

[[ATTACHMENT|../../test-results/critical-path-Critical-Pat-d6fc9-essibility-Compliance-Check-webkit-desktop-retry1/test-failed-1.png]]

[[ATTACHMENT|../../test-results/critical-path-Critical-Pat-d6fc9-essibility-Compliance-Check-webkit-desktop-retry1/trace.zip]]
]]>
</system-out>
</testcase>
<testcase name="Edge Case Testing › Network Resilience" classname="critical-path.spec.ts" time="0.738">
<failure message="critical-path.spec.ts:515:7 Network Resilience" type="FAILURE">
<![CDATA[  [webkit-desktop] › critical-path.spec.ts:515:7 › Edge Case Testing › Network Resilience ──────────

    Error: page.goto: WebKit encountered an internal error
    Call log:
      - navigating to "http://localhost:3006/", waiting until "load"


      518 |     // Test offline behavior
      519 |     await page.context().setOffline(true);
    > 520 |     await page.goto('/');
          |                ^
      521 |
      522 |     const offlineHandling = await page.locator('text=/offline|no connection|network error/i').count() > 0;
      523 |     console.log(`📋 Offline Handling: ${offlineHandling ? '✅' : '❌'}`);
        at /Users/umasankrudhya/Projects/pinglearn/pinglearn-app/e2e/critical-path.spec.ts:520:16

    attachment #1: screenshot (image/png) ──────────────────────────────────────────────────────────
    ../test-results/critical-path-Edge-Case-Testing-Network-Resilience-webkit-desktop/test-failed-1.png
    ────────────────────────────────────────────────────────────────────────────────────────────────

    attachment #2: trace (application/zip) ─────────────────────────────────────────────────────────
    ../test-results/critical-path-Edge-Case-Testing-Network-Resilience-webkit-desktop/trace.zip
    Usage:

        npx playwright show-trace ../test-results/critical-path-Edge-Case-Testing-Network-Resilience-webkit-desktop/trace.zip

    ────────────────────────────────────────────────────────────────────────────────────────────────

    Retry #1 ───────────────────────────────────────────────────────────────────────────────────────

    Error: page.goto: WebKit encountered an internal error
    Call log:
      - navigating to "http://localhost:3006/", waiting until "load"


      518 |     // Test offline behavior
      519 |     await page.context().setOffline(true);
    > 520 |     await page.goto('/');
          |                ^
      521 |
      522 |     const offlineHandling = await page.locator('text=/offline|no connection|network error/i').count() > 0;
      523 |     console.log(`📋 Offline Handling: ${offlineHandling ? '✅' : '❌'}`);
        at /Users/umasankrudhya/Projects/pinglearn/pinglearn-app/e2e/critical-path.spec.ts:520:16

    attachment #1: screenshot (image/png) ──────────────────────────────────────────────────────────
    ../test-results/critical-path-Edge-Case-Testing-Network-Resilience-webkit-desktop-retry1/test-failed-1.png
    ────────────────────────────────────────────────────────────────────────────────────────────────

    attachment #2: trace (application/zip) ─────────────────────────────────────────────────────────
    ../test-results/critical-path-Edge-Case-Testing-Network-Resilience-webkit-desktop-retry1/trace.zip
    Usage:

        npx playwright show-trace ../test-results/critical-path-Edge-Case-Testing-Network-Resilience-webkit-desktop-retry1/trace.zip

    ────────────────────────────────────────────────────────────────────────────────────────────────
]]>
</failure>
<system-out>
<![CDATA[🌐 Network Resilience Test

[[ATTACHMENT|../../test-results/critical-path-Edge-Case-Testing-Network-Resilience-webkit-desktop/test-failed-1.png]]

[[ATTACHMENT|../../test-results/critical-path-Edge-Case-Testing-Network-Resilience-webkit-desktop/trace.zip]]
🌐 Network Resilience Test

[[ATTACHMENT|../../test-results/critical-path-Edge-Case-Testing-Network-Resilience-webkit-desktop-retry1/test-failed-1.png]]

[[ATTACHMENT|../../test-results/critical-path-Edge-Case-Testing-Network-Resilience-webkit-desktop-retry1/trace.zip]]
]]>
</system-out>
</testcase>
<testcase name="Edge Case Testing › Mobile Responsiveness" classname="critical-path.spec.ts" time="0.989">
<system-out>
<![CDATA[📱 Mobile Responsiveness Test
📋 Mobile Navigation: ✅
📋 Content Overflow: ❌ (16 elements)
]]>
</system-out>
</testcase>
</testsuite>
<testsuite name="critical-path.spec.ts" timestamp="2025-10-01T10:20:41.011Z" hostname="mobile-chrome" tests="5" failures="2" skipped="0" time="18.611" errors="0">
<testcase name="Critical Path E2E Testing › Complete User Journey: Landing → Auth → Dashboard → Classroom → Session" classname="critical-path.spec.ts" time="5.143">
<failure message="critical-path.spec.ts:375:7 Complete User Journey: Landing → Auth → Dashboard → Classroom → Session" type="FAILURE">
<![CDATA[  [mobile-chrome] › critical-path.spec.ts:375:7 › Critical Path E2E Testing › Complete User Journey: Landing → Auth → Dashboard → Classroom → Session 

    Error: expect.toBeVisible: Error: strict mode violation: locator('h1, h2') resolved to 10 elements:
        1) <h1 class="text-4xl sm:text-6xl md:text-8xl font-bold mb-6 md:mb-8 tracking-tight">…</h1> aka getByRole('heading', { name: 'Meet Your Child\'s Patien AI' })
        2) <h2 class="text-4xl md:text-5xl lg:text-6xl font-bold mb-6">…</h2> aka getByRole('heading', { name: 'PingLearn Solves Everything' })
        3) <h2 class="mt-6 text-center text-3xl font-semibold text-white">Adaptive</h2> aka getByRole('heading', { name: 'Adaptive' })
        4) <h2 class="text-lg font-medium text-white">Secure by Default</h2> aka getByRole('heading', { name: 'Secure by Default' })
        5) <h2 class="text-lg font-medium text-white">Lightning Fast</h2> aka getByRole('heading', { name: 'Lightning Fast' })
        6) <h2 class="text-lg font-medium text-white">Always Available</h2> aka getByRole('heading', { name: 'Always Available' })
        7) <h2 class="text-lg font-medium text-white">Proven Results</h2> aka getByRole('heading', { name: 'Proven Results' })
        8) <h2 class="text-4xl md:text-5xl lg:text-6xl font-bold mb-6">…</h2> aka getByRole('heading', { name: 'The PingLearn Difference' })
        9) <h2 class="text-4xl md:text-5xl font-bold mb-6">…</h2> aka getByRole('heading', { name: 'Get Started in 4 Simple Steps' })
        10) <h2 class="text-4xl md:text-5xl lg:text-6xl font-bold mb-6">…</h2> aka getByRole('heading', { name: 'We\'re Here to Help' })

    Call log:
      - Expect "toBeVisible" with timeout 10000ms
      - waiting for locator('h1, h2')


      108 |
      109 |     // Check essential elements exist
    > 110 |     await expect(this.page.locator('h1, h2')).toBeVisible();
          |                                               ^
      111 |
      112 |     // Check for navigation elements
      113 |     const navExists = await this.page.locator('nav, [role="navigation"]').count() > 0;
        at CriticalPathTester.testLandingPage (/Users/umasankrudhya/Projects/pinglearn/pinglearn-app/e2e/critical-path.spec.ts:110:47)
        at /Users/umasankrudhya/Projects/pinglearn/pinglearn-app/e2e/critical-path.spec.ts:380:5

    attachment #1: screenshot (image/png) ──────────────────────────────────────────────────────────
    ../test-results/critical-path-Critical-Pat-2d8bd-board-→-Classroom-→-Session-mobile-chrome/test-failed-1.png
    ────────────────────────────────────────────────────────────────────────────────────────────────

    Error Context: ../test-results/critical-path-Critical-Pat-2d8bd-board-→-Classroom-→-Session-mobile-chrome/error-context.md

    attachment #3: trace (application/zip) ─────────────────────────────────────────────────────────
    ../test-results/critical-path-Critical-Pat-2d8bd-board-→-Classroom-→-Session-mobile-chrome/trace.zip
    Usage:

        npx playwright show-trace ../test-results/critical-path-Critical-Pat-2d8bd-board-→-Classroom-→-Session-mobile-chrome/trace.zip

    ────────────────────────────────────────────────────────────────────────────────────────────────

    Retry #1 ───────────────────────────────────────────────────────────────────────────────────────

    Error: expect.toBeVisible: Error: strict mode violation: locator('h1, h2') resolved to 10 elements:
        1) <h1 class="text-4xl sm:text-6xl md:text-8xl font-bold mb-6 md:mb-8 tracking-tight">…</h1> aka getByRole('heading', { name: 'Meet Your Child\'s Patient AI' })
        2) <h2 class="text-4xl md:text-5xl lg:text-6xl font-bold mb-6">…</h2> aka getByRole('heading', { name: 'PingLearn Solves Everything' })
        3) <h2 class="mt-6 text-center text-3xl font-semibold text-white">Adaptive</h2> aka getByRole('heading', { name: 'Adaptive' })
        4) <h2 class="text-lg font-medium text-white">Secure by Default</h2> aka getByRole('heading', { name: 'Secure by Default' })
        5) <h2 class="text-lg font-medium text-white">Lightning Fast</h2> aka getByRole('heading', { name: 'Lightning Fast' })
        6) <h2 class="text-lg font-medium text-white">Always Available</h2> aka getByRole('heading', { name: 'Always Available' })
        7) <h2 class="text-lg font-medium text-white">Proven Results</h2> aka getByRole('heading', { name: 'Proven Results' })
        8) <h2 class="text-4xl md:text-5xl lg:text-6xl font-bold mb-6">…</h2> aka getByRole('heading', { name: 'The PingLearn Difference' })
        9) <h2 class="text-4xl md:text-5xl font-bold mb-6">…</h2> aka getByRole('heading', { name: 'Get Started in 4 Simple Steps' })
        10) <h2 class="text-4xl md:text-5xl lg:text-6xl font-bold mb-6">…</h2> aka getByRole('heading', { name: 'We\'re Here to Help' })

    Call log:
      - Expect "toBeVisible" with timeout 10000ms
      - waiting for locator('h1, h2')


      108 |
      109 |     // Check essential elements exist
    > 110 |     await expect(this.page.locator('h1, h2')).toBeVisible();
          |                                               ^
      111 |
      112 |     // Check for navigation elements
      113 |     const navExists = await this.page.locator('nav, [role="navigation"]').count() > 0;
        at CriticalPathTester.testLandingPage (/Users/umasankrudhya/Projects/pinglearn/pinglearn-app/e2e/critical-path.spec.ts:110:47)
        at /Users/umasankrudhya/Projects/pinglearn/pinglearn-app/e2e/critical-path.spec.ts:380:5

    attachment #1: screenshot (image/png) ──────────────────────────────────────────────────────────
    ../test-results/critical-path-Critical-Pat-2d8bd-board-→-Classroom-→-Session-mobile-chrome-retry1/test-failed-1.png
    ────────────────────────────────────────────────────────────────────────────────────────────────

    Error Context: ../test-results/critical-path-Critical-Pat-2d8bd-board-→-Classroom-→-Session-mobile-chrome-retry1/error-context.md

    attachment #3: trace (application/zip) ─────────────────────────────────────────────────────────
    ../test-results/critical-path-Critical-Pat-2d8bd-board-→-Classroom-→-Session-mobile-chrome-retry1/trace.zip
    Usage:

        npx playwright show-trace ../test-results/critical-path-Critical-Pat-2d8bd-board-→-Classroom-→-Session-mobile-chrome-retry1/trace.zip

    ────────────────────────────────────────────────────────────────────────────────────────────────
]]>
</failure>
<system-out>
<![CDATA[🚀 Starting Complete Critical Path Test
============================================================
🏠 Testing Landing Page...
📊 Performance: Page Load: / = 904ms (threshold: 3000ms) ✅

[[ATTACHMENT|../../test-results/critical-path-Critical-Pat-2d8bd-board-→-Classroom-→-Session-mobile-chrome/test-failed-1.png]]

[[ATTACHMENT|../../test-results/critical-path-Critical-Pat-2d8bd-board-→-Classroom-→-Session-mobile-chrome/error-context.md]]

[[ATTACHMENT|../../test-results/critical-path-Critical-Pat-2d8bd-board-→-Classroom-→-Session-mobile-chrome/trace.zip]]
🚀 Starting Complete Critical Path Test
============================================================
🏠 Testing Landing Page...
🌐 Network Failed: POST http://localhost:3006/
🌐 Network Failed: POST http://localhost:3006/
📊 Performance: Page Load: / = 1050ms (threshold: 3000ms) ✅

[[ATTACHMENT|../../test-results/critical-path-Critical-Pat-2d8bd-board-→-Classroom-→-Session-mobile-chrome-retry1/test-failed-1.png]]

[[ATTACHMENT|../../test-results/critical-path-Critical-Pat-2d8bd-board-→-Classroom-→-Session-mobile-chrome-retry1/error-context.md]]

[[ATTACHMENT|../../test-results/critical-path-Critical-Pat-2d8bd-board-→-Classroom-→-Session-mobile-chrome-retry1/trace.zip]]
]]>
</system-out>
</testcase>
<testcase name="Critical Path E2E Testing › Performance Benchmarking" classname="critical-path.spec.ts" time="5.753">
<system-out>
<![CDATA[📊 Performance Benchmarking Test
========================================
📊 landingPage: 1477ms
🌐 Network Failed: POST http://localhost:3006/login
🌐 Network Failed: POST http://localhost:3006/login
📊 loginPage: 2399ms
🌐 Network Failed: POST http://localhost:3006/login?redirect=%2Fclassroom&reason=session_required
📊 classroom: 1572ms
✅ landingPage: 1477ms (target: 3000ms)
✅ loginPage: 2399ms (target: 3000ms)
❌ dashboard: 0ms (target: 3000ms)
✅ classroom: 1572ms (target: 3000ms)
]]>
</system-out>
</testcase>
<testcase name="Critical Path E2E Testing › Accessibility Compliance Check" classname="critical-path.spec.ts" time="5.755">
<system-out>
<![CDATA[♿ Accessibility Compliance Test
===================================

🔍 Testing /:
🌐 Network Failed: POST http://localhost:3006/
  📋 Keyboard Navigation: ✅
  📋 headings: ✅
  📋 focusableElements: ✅
  📋 altText: ✅

🔍 Testing /login:
🌐 Network Failed: POST http://localhost:3006/login
  📋 Keyboard Navigation: ✅
  📋 headings: ✅
  📋 focusableElements: ✅
  📋 altText: ✅

🔍 Testing /classroom:
🌐 Network Failed: POST http://localhost:3006/login?redirect=%2Fclassroom&reason=session_required
  📋 Keyboard Navigation: ✅
  📋 headings: ✅
  📋 focusableElements: ✅
  📋 altText: ✅
]]>
</system-out>
</testcase>
<testcase name="Edge Case Testing › Network Resilience" classname="critical-path.spec.ts" time="0.504">
<failure message="critical-path.spec.ts:515:7 Network Resilience" type="FAILURE">
<![CDATA[  [mobile-chrome] › critical-path.spec.ts:515:7 › Edge Case Testing › Network Resilience ───────────

    Error: page.goto: net::ERR_INTERNET_DISCONNECTED at http://localhost:3006/
    Call log:
      - navigating to "http://localhost:3006/", waiting until "load"


      518 |     // Test offline behavior
      519 |     await page.context().setOffline(true);
    > 520 |     await page.goto('/');
          |                ^
      521 |
      522 |     const offlineHandling = await page.locator('text=/offline|no connection|network error/i').count() > 0;
      523 |     console.log(`📋 Offline Handling: ${offlineHandling ? '✅' : '❌'}`);
        at /Users/umasankrudhya/Projects/pinglearn/pinglearn-app/e2e/critical-path.spec.ts:520:16

    attachment #1: screenshot (image/png) ──────────────────────────────────────────────────────────
    ../test-results/critical-path-Edge-Case-Testing-Network-Resilience-mobile-chrome/test-failed-1.png
    ────────────────────────────────────────────────────────────────────────────────────────────────

    attachment #2: trace (application/zip) ─────────────────────────────────────────────────────────
    ../test-results/critical-path-Edge-Case-Testing-Network-Resilience-mobile-chrome/trace.zip
    Usage:

        npx playwright show-trace ../test-results/critical-path-Edge-Case-Testing-Network-Resilience-mobile-chrome/trace.zip

    ────────────────────────────────────────────────────────────────────────────────────────────────

    Retry #1 ───────────────────────────────────────────────────────────────────────────────────────

    Error: page.goto: net::ERR_INTERNET_DISCONNECTED at http://localhost:3006/
    Call log:
      - navigating to "http://localhost:3006/", waiting until "load"


      518 |     // Test offline behavior
      519 |     await page.context().setOffline(true);
    > 520 |     await page.goto('/');
          |                ^
      521 |
      522 |     const offlineHandling = await page.locator('text=/offline|no connection|network error/i').count() > 0;
      523 |     console.log(`📋 Offline Handling: ${offlineHandling ? '✅' : '❌'}`);
        at /Users/umasankrudhya/Projects/pinglearn/pinglearn-app/e2e/critical-path.spec.ts:520:16

    attachment #1: screenshot (image/png) ──────────────────────────────────────────────────────────
    ../test-results/critical-path-Edge-Case-Testing-Network-Resilience-mobile-chrome-retry1/test-failed-1.png
    ────────────────────────────────────────────────────────────────────────────────────────────────

    attachment #2: trace (application/zip) ─────────────────────────────────────────────────────────
    ../test-results/critical-path-Edge-Case-Testing-Network-Resilience-mobile-chrome-retry1/trace.zip
    Usage:

        npx playwright show-trace ../test-results/critical-path-Edge-Case-Testing-Network-Resilience-mobile-chrome-retry1/trace.zip

    ────────────────────────────────────────────────────────────────────────────────────────────────
]]>
</failure>
<system-out>
<![CDATA[🌐 Network Resilience Test

[[ATTACHMENT|../../test-results/critical-path-Edge-Case-Testing-Network-Resilience-mobile-chrome/test-failed-1.png]]

[[ATTACHMENT|../../test-results/critical-path-Edge-Case-Testing-Network-Resilience-mobile-chrome/trace.zip]]
🌐 Network Resilience Test

[[ATTACHMENT|../../test-results/critical-path-Edge-Case-Testing-Network-Resilience-mobile-chrome-retry1/test-failed-1.png]]

[[ATTACHMENT|../../test-results/critical-path-Edge-Case-Testing-Network-Resilience-mobile-chrome-retry1/trace.zip]]
]]>
</system-out>
</testcase>
<testcase name="Edge Case Testing › Mobile Responsiveness" classname="critical-path.spec.ts" time="1.456">
<system-out>
<![CDATA[📱 Mobile Responsiveness Test
📋 Mobile Navigation: ✅
📋 Content Overflow: ❌ (21 elements)
]]>
</system-out>
</testcase>
</testsuite>
<testsuite name="visual-regression.spec.ts" timestamp="2025-10-01T10:20:41.011Z" hostname="mobile-chrome" tests="8" failures="6" skipped="0" time="437.872" errors="0">
<testcase name="Visual Regression Testing › Landing Page Visual Consistency" classname="visual-regression.spec.ts" time="76.968">
<failure message="visual-regression.spec.ts:313:7 Landing Page Visual Consistency" type="FAILURE">
<![CDATA[  [mobile-chrome] › visual-regression.spec.ts:313:7 › Visual Regression Testing › Landing Page Visual Consistency 

    Test timeout of 30000ms exceeded.

    Error Context: ../test-results/visual-regression-Visual-R-3c68a-ing-Page-Visual-Consistency-mobile-chrome/error-context.md

    attachment #2: trace (application/zip) ─────────────────────────────────────────────────────────
    ../test-results/visual-regression-Visual-R-3c68a-ing-Page-Visual-Consistency-mobile-chrome/trace.zip
    Usage:

        npx playwright show-trace ../test-results/visual-regression-Visual-R-3c68a-ing-Page-Visual-Consistency-mobile-chrome/trace.zip

    ────────────────────────────────────────────────────────────────────────────────────────────────

    Retry #1 ───────────────────────────────────────────────────────────────────────────────────────

    Test timeout of 30000ms exceeded.

    Error Context: ../test-results/visual-regression-Visual-R-3c68a-ing-Page-Visual-Consistency-mobile-chrome-retry1/error-context.md

    attachment #2: trace (application/zip) ─────────────────────────────────────────────────────────
    ../test-results/visual-regression-Visual-R-3c68a-ing-Page-Visual-Consistency-mobile-chrome-retry1/trace.zip
    Usage:

        npx playwright show-trace ../test-results/visual-regression-Visual-R-3c68a-ing-Page-Visual-Consistency-mobile-chrome-retry1/trace.zip

    ────────────────────────────────────────────────────────────────────────────────────────────────
]]>
</failure>
<system-out>
<![CDATA[
🏠 Testing Landing Page Visual Consistency

🖼️  Testing landing visual consistency across devices...

📱 Testing state: default
📸 Captured: landing-Desktop-default-2025-10-01T10-28-55-051Z.png

📱 Testing state: hover-cta

[[ATTACHMENT|../../test-results/visual-regression-Visual-R-3c68a-ing-Page-Visual-Consistency-mobile-chrome/error-context.md]]

[[ATTACHMENT|../../test-results/visual-regression-Visual-R-3c68a-ing-Page-Visual-Consistency-mobile-chrome/trace.zip]]

🏠 Testing Landing Page Visual Consistency

🖼️  Testing landing visual consistency across devices...

📱 Testing state: default

📱 Testing state: hover-cta

[[ATTACHMENT|../../test-results/visual-regression-Visual-R-3c68a-ing-Page-Visual-Consistency-mobile-chrome-retry1/error-context.md]]

[[ATTACHMENT|../../test-results/visual-regression-Visual-R-3c68a-ing-Page-Visual-Consistency-mobile-chrome-retry1/trace.zip]]
]]>
</system-out>
<system-err>
<![CDATA[❌ Screenshot failed for landing-Laptop-default: Error: page.waitForLoadState: Test timeout of 30000ms exceeded.
❌ Failed to test landing on Laptop: Error: page.waitForLoadState: Test timeout of 30000ms exceeded.
❌ Failed to test landing on Tablet-Portrait: Error: page.setViewportSize: Target page, context or browser has been closed
❌ Failed to test landing on Tablet-Landscape: Error: page.setViewportSize: Target page, context or browser has been closed
❌ Failed to test landing on Mobile-Large: Error: page.setViewportSize: Target page, context or browser has been closed
❌ Failed to test landing on Mobile-iPhone: Error: page.setViewportSize: Target page, context or browser has been closed
❌ Failed to test landing on Desktop: Error: page.setViewportSize: Target page, context or browser has been closed
❌ Failed to test landing on Laptop: Error: page.setViewportSize: Target page, context or browser has been closed
❌ Failed to test landing on Tablet-Portrait: Error: page.setViewportSize: Target page, context or browser has been closed
❌ Failed to test landing on Tablet-Landscape: Error: page.setViewportSize: Target page, context or browser has been closed
❌ Failed to test landing on Mobile-Large: Error: page.setViewportSize: Target page, context or browser has been closed
❌ Failed to test landing on Mobile-iPhone: Error: page.setViewportSize: Target page, context or browser has been closed
❌ Screenshot failed for landing-Desktop-default: TimeoutError: page.waitForLoadState: Timeout 10000ms exceeded.
❌ Failed to test landing on Desktop: TimeoutError: page.waitForLoadState: Timeout 10000ms exceeded.
❌ Failed to test landing on Laptop: Error: page.waitForTimeout: Test timeout of 30000ms exceeded.
❌ Failed to test landing on Tablet-Portrait: Error: page.setViewportSize: Target page, context or browser has been closed
❌ Failed to test landing on Tablet-Landscape: Error: page.setViewportSize: Target page, context or browser has been closed
❌ Failed to test landing on Mobile-Large: Error: page.setViewportSize: Target page, context or browser has been closed
❌ Failed to test landing on Mobile-iPhone: Error: page.setViewportSize: Target page, context or browser has been closed
❌ Failed to test landing on Desktop: Error: page.setViewportSize: Target page, context or browser has been closed
❌ Failed to test landing on Laptop: Error: page.setViewportSize: Target page, context or browser has been closed
❌ Failed to test landing on Tablet-Portrait: Error: page.setViewportSize: Target page, context or browser has been closed
❌ Failed to test landing on Tablet-Landscape: Error: page.setViewportSize: Target page, context or browser has been closed
❌ Failed to test landing on Mobile-Large: Error: page.setViewportSize: Target page, context or browser has been closed
❌ Failed to test landing on Mobile-iPhone: Error: page.setViewportSize: Target page, context or browser has been closed
]]>
</system-err>
</testcase>
<testcase name="Visual Regression Testing › Login Page Visual Consistency" classname="visual-regression.spec.ts" time="75.524">
<failure message="visual-regression.spec.ts:318:7 Login Page Visual Consistency" type="FAILURE">
<![CDATA[  [mobile-chrome] › visual-regression.spec.ts:318:7 › Visual Regression Testing › Login Page Visual Consistency 

    Test timeout of 30000ms exceeded.

    Error Context: ../test-results/visual-regression-Visual-R-87f1c-gin-Page-Visual-Consistency-mobile-chrome/error-context.md

    attachment #2: trace (application/zip) ─────────────────────────────────────────────────────────
    ../test-results/visual-regression-Visual-R-87f1c-gin-Page-Visual-Consistency-mobile-chrome/trace.zip
    Usage:

        npx playwright show-trace ../test-results/visual-regression-Visual-R-87f1c-gin-Page-Visual-Consistency-mobile-chrome/trace.zip

    ────────────────────────────────────────────────────────────────────────────────────────────────

    Retry #1 ───────────────────────────────────────────────────────────────────────────────────────

    Test timeout of 30000ms exceeded.

    Error Context: ../test-results/visual-regression-Visual-R-87f1c-gin-Page-Visual-Consistency-mobile-chrome-retry1/error-context.md

    attachment #2: trace (application/zip) ─────────────────────────────────────────────────────────
    ../test-results/visual-regression-Visual-R-87f1c-gin-Page-Visual-Consistency-mobile-chrome-retry1/trace.zip
    Usage:

        npx playwright show-trace ../test-results/visual-regression-Visual-R-87f1c-gin-Page-Visual-Consistency-mobile-chrome-retry1/trace.zip

    ────────────────────────────────────────────────────────────────────────────────────────────────
]]>
</failure>
<system-out>
<![CDATA[
🔐 Testing Login Page Visual Consistency

🖼️  Testing login visual consistency across devices...

📱 Testing state: default
📸 Captured: login-Desktop-default-2025-10-01T10-28-55-351Z.png

📱 Testing state: focus-input

📱 Testing state: error-state

[[ATTACHMENT|../../test-results/visual-regression-Visual-R-87f1c-gin-Page-Visual-Consistency-mobile-chrome/error-context.md]]

[[ATTACHMENT|../../test-results/visual-regression-Visual-R-87f1c-gin-Page-Visual-Consistency-mobile-chrome/trace.zip]]

🔐 Testing Login Page Visual Consistency

🖼️  Testing login visual consistency across devices...

📱 Testing state: default

📱 Testing state: focus-input

📱 Testing state: error-state

[[ATTACHMENT|../../test-results/visual-regression-Visual-R-87f1c-gin-Page-Visual-Consistency-mobile-chrome-retry1/error-context.md]]

[[ATTACHMENT|../../test-results/visual-regression-Visual-R-87f1c-gin-Page-Visual-Consistency-mobile-chrome-retry1/trace.zip]]
]]>
</system-out>
<system-err>
<![CDATA[❌ Screenshot failed for login-Laptop-default: TimeoutError: page.waitForLoadState: Timeout 10000ms exceeded.
❌ Failed to test login on Laptop: TimeoutError: page.waitForLoadState: Timeout 10000ms exceeded.
❌ Screenshot failed for login-Tablet-Portrait-default: Error: page.waitForLoadState: Test timeout of 30000ms exceeded.
❌ Failed to test login on Tablet-Portrait: Error: page.waitForLoadState: Test timeout of 30000ms exceeded.
❌ Failed to test login on Tablet-Landscape: Error: page.setViewportSize: Target page, context or browser has been closed
❌ Failed to test login on Mobile-Large: Error: page.setViewportSize: Target page, context or browser has been closed
❌ Failed to test login on Mobile-iPhone: Error: page.setViewportSize: Target page, context or browser has been closed
❌ Failed to test login on Desktop: Error: page.setViewportSize: Target page, context or browser has been closed
❌ Failed to test login on Laptop: Error: page.setViewportSize: Target page, context or browser has been closed
❌ Failed to test login on Tablet-Portrait: Error: page.setViewportSize: Target page, context or browser has been closed
❌ Failed to test login on Tablet-Landscape: Error: page.setViewportSize: Target page, context or browser has been closed
❌ Failed to test login on Mobile-Large: Error: page.setViewportSize: Target page, context or browser has been closed
❌ Failed to test login on Mobile-iPhone: Error: page.setViewportSize: Target page, context or browser has been closed
❌ Failed to test login on Desktop: Error: page.setViewportSize: Target page, context or browser has been closed
❌ Failed to test login on Laptop: Error: page.setViewportSize: Target page, context or browser has been closed
❌ Failed to test login on Tablet-Portrait: Error: page.setViewportSize: Target page, context or browser has been closed
❌ Failed to test login on Tablet-Landscape: Error: page.setViewportSize: Target page, context or browser has been closed
❌ Failed to test login on Mobile-Large: Error: page.setViewportSize: Target page, context or browser has been closed
❌ Failed to test login on Mobile-iPhone: Error: page.setViewportSize: Target page, context or browser has been closed
❌ Screenshot failed for login-Desktop-default: TimeoutError: page.waitForLoadState: Timeout 10000ms exceeded.
❌ Failed to test login on Desktop: TimeoutError: page.waitForLoadState: Timeout 10000ms exceeded.
❌ Failed to test login on Laptop: Error: page.waitForTimeout: Test timeout of 30000ms exceeded.
❌ Failed to test login on Tablet-Portrait: Error: page.setViewportSize: Target page, context or browser has been closed
❌ Failed to test login on Tablet-Landscape: Error: page.setViewportSize: Target page, context or browser has been closed
❌ Failed to test login on Mobile-Large: Error: page.setViewportSize: Target page, context or browser has been closed
❌ Failed to test login on Mobile-iPhone: Error: page.setViewportSize: Target page, context or browser has been closed
❌ Failed to test login on Desktop: Error: page.setViewportSize: Target page, context or browser has been closed
❌ Failed to test login on Laptop: Error: page.setViewportSize: Target page, context or browser has been closed
❌ Failed to test login on Tablet-Portrait: Error: page.setViewportSize: Target page, context or browser has been closed
❌ Failed to test login on Tablet-Landscape: Error: page.setViewportSize: Target page, context or browser has been closed
❌ Failed to test login on Mobile-Large: Error: page.setViewportSize: Target page, context or browser has been closed
❌ Failed to test login on Mobile-iPhone: Error: page.setViewportSize: Target page, context or browser has been closed
❌ Failed to test login on Desktop: Error: page.setViewportSize: Target page, context or browser has been closed
❌ Failed to test login on Laptop: Error: page.setViewportSize: Target page, context or browser has been closed
❌ Failed to test login on Tablet-Portrait: Error: page.setViewportSize: Target page, context or browser has been closed
❌ Failed to test login on Tablet-Landscape: Error: page.setViewportSize: Target page, context or browser has been closed
❌ Failed to test login on Mobile-Large: Error: page.setViewportSize: Target page, context or browser has been closed
❌ Failed to test login on Mobile-iPhone: Error: page.setViewportSize: Target page, context or browser has been closed
]]>
</system-err>
</testcase>
<testcase name="Visual Regression Testing › Classroom Page Visual Consistency" classname="visual-regression.spec.ts" time="77.776">
<failure message="visual-regression.spec.ts:323:7 Classroom Page Visual Consistency" type="FAILURE">
<![CDATA[  [mobile-chrome] › visual-regression.spec.ts:323:7 › Visual Regression Testing › Classroom Page Visual Consistency 

    Test timeout of 30000ms exceeded.

    attachment #1: screenshot (image/png) ──────────────────────────────────────────────────────────
    ../test-results/visual-regression-Visual-R-d6ce0-oom-Page-Visual-Consistency-mobile-chrome/test-failed-1.png
    ────────────────────────────────────────────────────────────────────────────────────────────────

    Error Context: ../test-results/visual-regression-Visual-R-d6ce0-oom-Page-Visual-Consistency-mobile-chrome/error-context.md

    attachment #3: trace (application/zip) ─────────────────────────────────────────────────────────
    ../test-results/visual-regression-Visual-R-d6ce0-oom-Page-Visual-Consistency-mobile-chrome/trace.zip
    Usage:

        npx playwright show-trace ../test-results/visual-regression-Visual-R-d6ce0-oom-Page-Visual-Consistency-mobile-chrome/trace.zip

    ────────────────────────────────────────────────────────────────────────────────────────────────

    Retry #1 ───────────────────────────────────────────────────────────────────────────────────────

    Test timeout of 30000ms exceeded.

    attachment #1: screenshot (image/png) ──────────────────────────────────────────────────────────
    ../test-results/visual-regression-Visual-R-d6ce0-oom-Page-Visual-Consistency-mobile-chrome-retry1/test-failed-1.png
    ────────────────────────────────────────────────────────────────────────────────────────────────

    Error Context: ../test-results/visual-regression-Visual-R-d6ce0-oom-Page-Visual-Consistency-mobile-chrome-retry1/error-context.md

    attachment #3: trace (application/zip) ─────────────────────────────────────────────────────────
    ../test-results/visual-regression-Visual-R-d6ce0-oom-Page-Visual-Consistency-mobile-chrome-retry1/trace.zip
    Usage:

        npx playwright show-trace ../test-results/visual-regression-Visual-R-d6ce0-oom-Page-Visual-Consistency-mobile-chrome-retry1/trace.zip

    ────────────────────────────────────────────────────────────────────────────────────────────────
]]>
</failure>
<system-out>
<![CDATA[
🚀 Testing Classroom Page Visual Consistency

🖼️  Testing classroom visual consistency across devices...

📱 Testing state: default
📸 Captured: classroom-Desktop-default-2025-10-01T10-28-56-662Z.png

📱 Testing state: session-active

[[ATTACHMENT|../../test-results/visual-regression-Visual-R-d6ce0-oom-Page-Visual-Consistency-mobile-chrome/test-failed-1.png]]

[[ATTACHMENT|../../test-results/visual-regression-Visual-R-d6ce0-oom-Page-Visual-Consistency-mobile-chrome/error-context.md]]

[[ATTACHMENT|../../test-results/visual-regression-Visual-R-d6ce0-oom-Page-Visual-Consistency-mobile-chrome/trace.zip]]

🚀 Testing Classroom Page Visual Consistency

🖼️  Testing classroom visual consistency across devices...

📱 Testing state: default

📱 Testing state: session-active

[[ATTACHMENT|../../test-results/visual-regression-Visual-R-d6ce0-oom-Page-Visual-Consistency-mobile-chrome-retry1/test-failed-1.png]]

[[ATTACHMENT|../../test-results/visual-regression-Visual-R-d6ce0-oom-Page-Visual-Consistency-mobile-chrome-retry1/error-context.md]]

[[ATTACHMENT|../../test-results/visual-regression-Visual-R-d6ce0-oom-Page-Visual-Consistency-mobile-chrome-retry1/trace.zip]]
]]>
</system-out>
<system-err>
<![CDATA[❌ Failed to test classroom on Laptop: TimeoutError: page.goto: Timeout 30000ms exceeded.
Call log:
[2m  - navigating to "http://localhost:3006/classroom", waiting until "load"[22m

❌ Screenshot failed for classroom-Tablet-Portrait-default: Error: page.waitForLoadState: Test timeout of 30000ms exceeded.
❌ Failed to test classroom on Tablet-Portrait: Error: page.waitForLoadState: Test timeout of 30000ms exceeded.
❌ Failed to test classroom on Tablet-Landscape: Error: page.setViewportSize: Target page, context or browser has been closed
❌ Failed to test classroom on Mobile-Large: Error: page.setViewportSize: Target page, context or browser has been closed
❌ Failed to test classroom on Mobile-iPhone: Error: page.setViewportSize: Target page, context or browser has been closed
❌ Failed to test classroom on Desktop: Error: page.setViewportSize: Target page, context or browser has been closed
❌ Failed to test classroom on Laptop: Error: page.setViewportSize: Target page, context or browser has been closed
❌ Failed to test classroom on Tablet-Portrait: Error: page.setViewportSize: Target page, context or browser has been closed
❌ Failed to test classroom on Tablet-Landscape: Error: page.setViewportSize: Target page, context or browser has been closed
❌ Failed to test classroom on Mobile-Large: Error: page.setViewportSize: Target page, context or browser has been closed
❌ Failed to test classroom on Mobile-iPhone: Error: page.setViewportSize: Target page, context or browser has been closed
❌ Failed to test classroom on Desktop: TimeoutError: page.goto: Timeout 30000ms exceeded.
Call log:
[2m  - navigating to "http://localhost:3006/classroom", waiting until "load"[22m

❌ Screenshot failed for classroom-Laptop-default: Error: page.waitForLoadState: Test timeout of 30000ms exceeded.
❌ Failed to test classroom on Laptop: Error: page.waitForLoadState: Test timeout of 30000ms exceeded.
❌ Failed to test classroom on Tablet-Portrait: Error: page.setViewportSize: Target page, context or browser has been closed
❌ Failed to test classroom on Tablet-Landscape: Error: page.setViewportSize: Target page, context or browser has been closed
❌ Failed to test classroom on Mobile-Large: Error: page.setViewportSize: Target page, context or browser has been closed
❌ Failed to test classroom on Mobile-iPhone: Error: page.setViewportSize: Target page, context or browser has been closed
❌ Failed to test classroom on Desktop: Error: page.setViewportSize: Target page, context or browser has been closed
❌ Failed to test classroom on Laptop: Error: page.setViewportSize: Target page, context or browser has been closed
❌ Failed to test classroom on Tablet-Portrait: Error: page.setViewportSize: Target page, context or browser has been closed
❌ Failed to test classroom on Tablet-Landscape: Error: page.setViewportSize: Target page, context or browser has been closed
❌ Failed to test classroom on Mobile-Large: Error: page.setViewportSize: Target page, context or browser has been closed
❌ Failed to test classroom on Mobile-iPhone: Error: page.setViewportSize: Target page, context or browser has been closed
]]>
</system-err>
</testcase>
<testcase name="Visual Regression Testing › Dashboard Page Visual Consistency (Authenticated)" classname="visual-regression.spec.ts" time="10.131">
<system-out>
<![CDATA[
📊 Testing Dashboard Page Visual Consistency
⚠️ Dashboard visual test skipped - authentication may not be available
]]>
</system-out>
</testcase>
<testcase name="Visual Regression Testing › Mobile Responsive Layout Testing" classname="visual-regression.spec.ts" time="72.038">
<failure message="visual-regression.spec.ts:347:7 Mobile Responsive Layout Testing" type="FAILURE">
<![CDATA[  [mobile-chrome] › visual-regression.spec.ts:347:7 › Visual Regression Testing › Mobile Responsive Layout Testing 

    Test timeout of 30000ms exceeded.

    Error: page.setViewportSize: Target page, context or browser has been closed

      356 |
      357 |     for (const viewport of mobileViewports) {
    > 358 |       await page.setViewportSize({ width: viewport.width, height: viewport.height });
          |                  ^
      359 |
      360 |       const pages = ['/', '/login', '/classroom'];
      361 |       for (const url of pages) {
        at /Users/umasankrudhya/Projects/pinglearn/pinglearn-app/e2e/visual-regression.spec.ts:358:18

    attachment #1: screenshot (image/png) ──────────────────────────────────────────────────────────
    ../test-results/visual-regression-Visual-R-9407b-e-Responsive-Layout-Testing-mobile-chrome/test-failed-1.png
    ────────────────────────────────────────────────────────────────────────────────────────────────

    Error Context: ../test-results/visual-regression-Visual-R-9407b-e-Responsive-Layout-Testing-mobile-chrome/error-context.md

    attachment #3: trace (application/zip) ─────────────────────────────────────────────────────────
    ../test-results/visual-regression-Visual-R-9407b-e-Responsive-Layout-Testing-mobile-chrome/trace.zip
    Usage:

        npx playwright show-trace ../test-results/visual-regression-Visual-R-9407b-e-Responsive-Layout-Testing-mobile-chrome/trace.zip

    ────────────────────────────────────────────────────────────────────────────────────────────────

    Retry #1 ───────────────────────────────────────────────────────────────────────────────────────

    Test timeout of 30000ms exceeded.

    Error: page.setViewportSize: Target page, context or browser has been closed

      356 |
      357 |     for (const viewport of mobileViewports) {
    > 358 |       await page.setViewportSize({ width: viewport.width, height: viewport.height });
          |                  ^
      359 |
      360 |       const pages = ['/', '/login', '/classroom'];
      361 |       for (const url of pages) {
        at /Users/umasankrudhya/Projects/pinglearn/pinglearn-app/e2e/visual-regression.spec.ts:358:18

    Error Context: ../test-results/visual-regression-Visual-R-9407b-e-Responsive-Layout-Testing-mobile-chrome-retry1/error-context.md

    attachment #2: trace (application/zip) ─────────────────────────────────────────────────────────
    ../test-results/visual-regression-Visual-R-9407b-e-Responsive-Layout-Testing-mobile-chrome-retry1/trace.zip
    Usage:

        npx playwright show-trace ../test-results/visual-regression-Visual-R-9407b-e-Responsive-Layout-Testing-mobile-chrome-retry1/trace.zip

    ────────────────────────────────────────────────────────────────────────────────────────────────
]]>
</failure>
<system-out>
<![CDATA[
📱 Testing Mobile Responsive Layouts
⚠️ Mobile test failed for / on iPhone-SE: TimeoutError: page.waitForLoadState: Timeout 10000ms exceeded.
⚠️ Mobile test failed for /login on iPhone-SE: Error: page.waitForLoadState: Test timeout of 30000ms exceeded.
⚠️ Mobile test failed for /classroom on iPhone-SE: Error: page.goto: Target page, context or browser has been closed

[[ATTACHMENT|../../test-results/visual-regression-Visual-R-9407b-e-Responsive-Layout-Testing-mobile-chrome/test-failed-1.png]]

[[ATTACHMENT|../../test-results/visual-regression-Visual-R-9407b-e-Responsive-Layout-Testing-mobile-chrome/error-context.md]]

[[ATTACHMENT|../../test-results/visual-regression-Visual-R-9407b-e-Responsive-Layout-Testing-mobile-chrome/trace.zip]]

📱 Testing Mobile Responsive Layouts
⚠️ Mobile test failed for / on iPhone-SE: TimeoutError: page.waitForLoadState: Timeout 10000ms exceeded.
⚠️ Mobile test failed for /login on iPhone-SE: Error: page.waitForLoadState: Test timeout of 30000ms exceeded.
⚠️ Mobile test failed for /classroom on iPhone-SE: Error: page.goto: Target page, context or browser has been closed

[[ATTACHMENT|../../test-results/visual-regression-Visual-R-9407b-e-Responsive-Layout-Testing-mobile-chrome-retry1/error-context.md]]

[[ATTACHMENT|../../test-results/visual-regression-Visual-R-9407b-e-Responsive-Layout-Testing-mobile-chrome-retry1/trace.zip]]
]]>
</system-out>
<system-err>
<![CDATA[❌ Screenshot failed for landing-mobile-iPhone-SE-responsive: TimeoutError: page.waitForLoadState: Timeout 10000ms exceeded.
❌ Screenshot failed for login-mobile-iPhone-SE-responsive: Error: page.waitForLoadState: Test timeout of 30000ms exceeded.
❌ Screenshot failed for landing-mobile-iPhone-SE-responsive: TimeoutError: page.waitForLoadState: Timeout 10000ms exceeded.
❌ Screenshot failed for login-mobile-iPhone-SE-responsive: Error: page.waitForLoadState: Test timeout of 30000ms exceeded.
]]>
</system-err>
</testcase>
<testcase name="Visual Regression Testing › Dark Mode Visual Testing" classname="visual-regression.spec.ts" time="45.059">
<failure message="visual-regression.spec.ts:381:7 Dark Mode Visual Testing" type="FAILURE">
<![CDATA[  [mobile-chrome] › visual-regression.spec.ts:381:7 › Visual Regression Testing › Dark Mode Visual Testing 

    Test timeout of 30000ms exceeded.

    TimeoutError: page.goto: Timeout 30000ms exceeded.
    Call log:
      - navigating to "http://localhost:3006/", waiting until "load"


      389 |
      390 |     for (const pageConfig of pages) {
    > 391 |       await page.goto(pageConfig.url);
          |                  ^
      392 |
      393 |       // First capture light mode
      394 |       await visualTester.capturePageState(pageConfig.name, 'Desktop', 'light-mode');
        at /Users/umasankrudhya/Projects/pinglearn/pinglearn-app/e2e/visual-regression.spec.ts:391:18

    attachment #1: screenshot (image/png) ──────────────────────────────────────────────────────────
    ../test-results/visual-regression-Visual-R-7780a-ng-Dark-Mode-Visual-Testing-mobile-chrome/test-failed-1.png
    ────────────────────────────────────────────────────────────────────────────────────────────────

    Error Context: ../test-results/visual-regression-Visual-R-7780a-ng-Dark-Mode-Visual-Testing-mobile-chrome/error-context.md

    attachment #3: trace (application/zip) ─────────────────────────────────────────────────────────
    ../test-results/visual-regression-Visual-R-7780a-ng-Dark-Mode-Visual-Testing-mobile-chrome/trace.zip
    Usage:

        npx playwright show-trace ../test-results/visual-regression-Visual-R-7780a-ng-Dark-Mode-Visual-Testing-mobile-chrome/trace.zip

    ────────────────────────────────────────────────────────────────────────────────────────────────

    Retry #1 ───────────────────────────────────────────────────────────────────────────────────────

    TimeoutError: page.waitForLoadState: Timeout 10000ms exceeded.

      61 |
      62 |     try {
    > 63 |       await this.page.waitForLoadState('networkidle', { timeout: 10000 });
         |                       ^
      64 |       await this.page.waitForTimeout(1000); // Allow animations to complete
      65 |
      66 |       await this.page.screenshot({
        at VisualRegressionTester.capturePageState (/Users/umasankrudhya/Projects/pinglearn/pinglearn-app/e2e/visual-regression.spec.ts:63:23)
        at /Users/umasankrudhya/Projects/pinglearn/pinglearn-app/e2e/visual-regression.spec.ts:394:26

    attachment #1: screenshot (image/png) ──────────────────────────────────────────────────────────
    ../test-results/visual-regression-Visual-R-7780a-ng-Dark-Mode-Visual-Testing-mobile-chrome-retry1/test-failed-1.png
    ────────────────────────────────────────────────────────────────────────────────────────────────

    Error Context: ../test-results/visual-regression-Visual-R-7780a-ng-Dark-Mode-Visual-Testing-mobile-chrome-retry1/error-context.md

    attachment #3: trace (application/zip) ─────────────────────────────────────────────────────────
    ../test-results/visual-regression-Visual-R-7780a-ng-Dark-Mode-Visual-Testing-mobile-chrome-retry1/trace.zip
    Usage:

        npx playwright show-trace ../test-results/visual-regression-Visual-R-7780a-ng-Dark-Mode-Visual-Testing-mobile-chrome-retry1/trace.zip

    ────────────────────────────────────────────────────────────────────────────────────────────────
]]>
</failure>
<system-out>
<![CDATA[
🌙 Testing Dark Mode Visual Consistency

[[ATTACHMENT|../../test-results/visual-regression-Visual-R-7780a-ng-Dark-Mode-Visual-Testing-mobile-chrome/test-failed-1.png]]

[[ATTACHMENT|../../test-results/visual-regression-Visual-R-7780a-ng-Dark-Mode-Visual-Testing-mobile-chrome/error-context.md]]

[[ATTACHMENT|../../test-results/visual-regression-Visual-R-7780a-ng-Dark-Mode-Visual-Testing-mobile-chrome/trace.zip]]

🌙 Testing Dark Mode Visual Consistency

[[ATTACHMENT|../../test-results/visual-regression-Visual-R-7780a-ng-Dark-Mode-Visual-Testing-mobile-chrome-retry1/test-failed-1.png]]

[[ATTACHMENT|../../test-results/visual-regression-Visual-R-7780a-ng-Dark-Mode-Visual-Testing-mobile-chrome-retry1/error-context.md]]

[[ATTACHMENT|../../test-results/visual-regression-Visual-R-7780a-ng-Dark-Mode-Visual-Testing-mobile-chrome-retry1/trace.zip]]
]]>
</system-out>
<system-err>
<![CDATA[❌ Screenshot failed for landing-Desktop-light-mode: TimeoutError: page.waitForLoadState: Timeout 10000ms exceeded.
]]>
</system-err>
</testcase>
<testcase name="Visual Regression Testing › Generate Visual Regression Report" classname="visual-regression.spec.ts" time="0.118">
<system-out>
<![CDATA[
📊 Generating Visual Regression Report...

📊 Visual regression report saved to: e2e/test-reports/visual-regression/visual-regression-report.md
✅ Visual regression testing completed
📸 Screenshots available in: e2e/test-reports/visual-regression
]]>
</system-out>
</testcase>
<testcase name="Visual Regression Testing › Cross-Device Element Positioning" classname="visual-regression.spec.ts" time="80.258">
<failure message="visual-regression.spec.ts:424:7 Cross-Device Element Positioning" type="FAILURE">
<![CDATA[  [mobile-chrome] › visual-regression.spec.ts:424:7 › Visual Regression Testing › Cross-Device Element Positioning 

    Test timeout of 30000ms exceeded.

    Error: page.goto: net::ERR_ABORTED; maybe frame was detached?
    Call log:
      - navigating to "http://localhost:3006/", waiting until "load"


      434 |     for (const deviceConfig of VISUAL_TEST_CONFIG.deviceConfigs) {
      435 |       await page.setViewportSize(deviceConfig.viewport);
    > 436 |       await page.goto('/');
          |                  ^
      437 |
      438 |       console.log(`📱 Checking element positioning on ${deviceConfig.name}`);
      439 |
        at /Users/umasankrudhya/Projects/pinglearn/pinglearn-app/e2e/visual-regression.spec.ts:436:18

    attachment #1: trace (application/zip) ─────────────────────────────────────────────────────────
    ../test-results/visual-regression-Visual-R-f3aaf--Device-Element-Positioning-mobile-chrome/trace.zip
    Usage:

        npx playwright show-trace ../test-results/visual-regression-Visual-R-f3aaf--Device-Element-Positioning-mobile-chrome/trace.zip

    ────────────────────────────────────────────────────────────────────────────────────────────────

    Retry #1 ───────────────────────────────────────────────────────────────────────────────────────

    Test timeout of 30000ms exceeded.

    Error: page.setViewportSize: Target page, context or browser has been closed

      433 |
      434 |     for (const deviceConfig of VISUAL_TEST_CONFIG.deviceConfigs) {
    > 435 |       await page.setViewportSize(deviceConfig.viewport);
          |                  ^
      436 |       await page.goto('/');
      437 |
      438 |       console.log(`📱 Checking element positioning on ${deviceConfig.name}`);
        at /Users/umasankrudhya/Projects/pinglearn/pinglearn-app/e2e/visual-regression.spec.ts:435:18

    Error Context: ../test-results/visual-regression-Visual-R-f3aaf--Device-Element-Positioning-mobile-chrome-retry1/error-context.md

    attachment #2: trace (application/zip) ─────────────────────────────────────────────────────────
    ../test-results/visual-regression-Visual-R-f3aaf--Device-Element-Positioning-mobile-chrome-retry1/trace.zip
    Usage:

        npx playwright show-trace ../test-results/visual-regression-Visual-R-f3aaf--Device-Element-Positioning-mobile-chrome-retry1/trace.zip

    ────────────────────────────────────────────────────────────────────────────────────────────────
]]>
</failure>
<system-out>
<![CDATA[
📐 Testing Cross-Device Element Positioning
📱 Checking element positioning on Desktop
  ✅ navigation: visible, in viewport
  ✅ hero-title: visible, in viewport
  ⚠️ primary-cta: visible, out of viewport
  ⚠️ footer: visible, out of viewport
📱 Checking element positioning on Laptop
  ✅ navigation: visible, in viewport
  ✅ hero-title: visible, in viewport
  ⚠️ primary-cta: visible, out of viewport
  ⚠️ footer: visible, out of viewport

[[ATTACHMENT|../../test-results/visual-regression-Visual-R-f3aaf--Device-Element-Positioning-mobile-chrome/trace.zip]]

📐 Testing Cross-Device Element Positioning
📱 Checking element positioning on Desktop
  ✅ navigation: visible, in viewport
  ✅ hero-title: visible, in viewport
  ⚠️ primary-cta: visible, out of viewport
  ⚠️ footer: visible, out of viewport
📱 Checking element positioning on Laptop
  ✅ navigation: visible, in viewport
  ✅ hero-title: visible, in viewport
  ⚠️ primary-cta: visible, out of viewport
  ⚠️ footer: visible, out of viewport
📱 Checking element positioning on Tablet-Portrait
  ❌ navigation: Could not measure element
  ❌ hero-title: Could not measure element
  ❌ primary-cta: Could not measure element
  ❌ footer: Could not measure element

[[ATTACHMENT|../../test-results/visual-regression-Visual-R-f3aaf--Device-Element-Positioning-mobile-chrome-retry1/error-context.md]]

[[ATTACHMENT|../../test-results/visual-regression-Visual-R-f3aaf--Device-Element-Positioning-mobile-chrome-retry1/trace.zip]]
]]>
</system-out>
</testcase>
</testsuite>
<testsuite name="critical-path.spec.ts" timestamp="2025-10-01T10:20:41.011Z" hostname="mobile-safari" tests="5" failures="4" skipped="0" time="20.67" errors="0">
<testcase name="Critical Path E2E Testing › Complete User Journey: Landing → Auth → Dashboard → Classroom → Session" classname="critical-path.spec.ts" time="0.988">
<failure message="critical-path.spec.ts:375:7 Complete User Journey: Landing → Auth → Dashboard → Classroom → Session" type="FAILURE">
<![CDATA[  [mobile-safari] › critical-path.spec.ts:375:7 › Critical Path E2E Testing › Complete User Journey: Landing → Auth → Dashboard → Classroom → Session 

    Error: browserContext.grantPermissions: Unknown permission: microphone

      358 |
      359 |     // Grant microphone permissions upfront
    > 360 |     await page.context().grantPermissions(['microphone']);
          |                          ^
      361 |
      362 |     // Monitor console errors
      363 |     page.on('console', msg => {
        at /Users/umasankrudhya/Projects/pinglearn/pinglearn-app/e2e/critical-path.spec.ts:360:26

    attachment #1: screenshot (image/png) ──────────────────────────────────────────────────────────
    ../test-results/critical-path-Critical-Pat-2d8bd-board-→-Classroom-→-Session-mobile-safari/test-failed-1.png
    ────────────────────────────────────────────────────────────────────────────────────────────────

    attachment #2: trace (application/zip) ─────────────────────────────────────────────────────────
    ../test-results/critical-path-Critical-Pat-2d8bd-board-→-Classroom-→-Session-mobile-safari/trace.zip
    Usage:

        npx playwright show-trace ../test-results/critical-path-Critical-Pat-2d8bd-board-→-Classroom-→-Session-mobile-safari/trace.zip

    ────────────────────────────────────────────────────────────────────────────────────────────────

    Retry #1 ───────────────────────────────────────────────────────────────────────────────────────

    Error: browserContext.grantPermissions: Unknown permission: microphone

      358 |
      359 |     // Grant microphone permissions upfront
    > 360 |     await page.context().grantPermissions(['microphone']);
          |                          ^
      361 |
      362 |     // Monitor console errors
      363 |     page.on('console', msg => {
        at /Users/umasankrudhya/Projects/pinglearn/pinglearn-app/e2e/critical-path.spec.ts:360:26

    attachment #1: screenshot (image/png) ──────────────────────────────────────────────────────────
    ../test-results/critical-path-Critical-Pat-2d8bd-board-→-Classroom-→-Session-mobile-safari-retry1/test-failed-1.png
    ────────────────────────────────────────────────────────────────────────────────────────────────

    attachment #2: trace (application/zip) ─────────────────────────────────────────────────────────
    ../test-results/critical-path-Critical-Pat-2d8bd-board-→-Classroom-→-Session-mobile-safari-retry1/trace.zip
    Usage:

        npx playwright show-trace ../test-results/critical-path-Critical-Pat-2d8bd-board-→-Classroom-→-Session-mobile-safari-retry1/trace.zip

    ────────────────────────────────────────────────────────────────────────────────────────────────
]]>
</failure>
<system-out>
<![CDATA[
[[ATTACHMENT|../../test-results/critical-path-Critical-Pat-2d8bd-board-→-Classroom-→-Session-mobile-safari/test-failed-1.png]]

[[ATTACHMENT|../../test-results/critical-path-Critical-Pat-2d8bd-board-→-Classroom-→-Session-mobile-safari/trace.zip]]

[[ATTACHMENT|../../test-results/critical-path-Critical-Pat-2d8bd-board-→-Classroom-→-Session-mobile-safari-retry1/test-failed-1.png]]

[[ATTACHMENT|../../test-results/critical-path-Critical-Pat-2d8bd-board-→-Classroom-→-Session-mobile-safari-retry1/trace.zip]]
]]>
</system-out>
</testcase>
<testcase name="Critical Path E2E Testing › Performance Benchmarking" classname="critical-path.spec.ts" time="0.568">
<failure message="critical-path.spec.ts:417:7 Performance Benchmarking" type="FAILURE">
<![CDATA[  [mobile-safari] › critical-path.spec.ts:417:7 › Critical Path E2E Testing › Performance Benchmarking 

    Error: browserContext.grantPermissions: Unknown permission: microphone

      358 |
      359 |     // Grant microphone permissions upfront
    > 360 |     await page.context().grantPermissions(['microphone']);
          |                          ^
      361 |
      362 |     // Monitor console errors
      363 |     page.on('console', msg => {
        at /Users/umasankrudhya/Projects/pinglearn/pinglearn-app/e2e/critical-path.spec.ts:360:26

    attachment #1: screenshot (image/png) ──────────────────────────────────────────────────────────
    ../test-results/critical-path-Critical-Pat-80d63-ng-Performance-Benchmarking-mobile-safari/test-failed-1.png
    ────────────────────────────────────────────────────────────────────────────────────────────────

    attachment #2: trace (application/zip) ─────────────────────────────────────────────────────────
    ../test-results/critical-path-Critical-Pat-80d63-ng-Performance-Benchmarking-mobile-safari/trace.zip
    Usage:

        npx playwright show-trace ../test-results/critical-path-Critical-Pat-80d63-ng-Performance-Benchmarking-mobile-safari/trace.zip

    ────────────────────────────────────────────────────────────────────────────────────────────────

    Retry #1 ───────────────────────────────────────────────────────────────────────────────────────

    Error: browserContext.grantPermissions: Unknown permission: microphone

      358 |
      359 |     // Grant microphone permissions upfront
    > 360 |     await page.context().grantPermissions(['microphone']);
          |                          ^
      361 |
      362 |     // Monitor console errors
      363 |     page.on('console', msg => {
        at /Users/umasankrudhya/Projects/pinglearn/pinglearn-app/e2e/critical-path.spec.ts:360:26

    attachment #1: screenshot (image/png) ──────────────────────────────────────────────────────────
    ../test-results/critical-path-Critical-Pat-80d63-ng-Performance-Benchmarking-mobile-safari-retry1/test-failed-1.png
    ────────────────────────────────────────────────────────────────────────────────────────────────

    attachment #2: trace (application/zip) ─────────────────────────────────────────────────────────
    ../test-results/critical-path-Critical-Pat-80d63-ng-Performance-Benchmarking-mobile-safari-retry1/trace.zip
    Usage:

        npx playwright show-trace ../test-results/critical-path-Critical-Pat-80d63-ng-Performance-Benchmarking-mobile-safari-retry1/trace.zip

    ────────────────────────────────────────────────────────────────────────────────────────────────
]]>
</failure>
<system-out>
<![CDATA[
[[ATTACHMENT|../../test-results/critical-path-Critical-Pat-80d63-ng-Performance-Benchmarking-mobile-safari/test-failed-1.png]]

[[ATTACHMENT|../../test-results/critical-path-Critical-Pat-80d63-ng-Performance-Benchmarking-mobile-safari/trace.zip]]

[[ATTACHMENT|../../test-results/critical-path-Critical-Pat-80d63-ng-Performance-Benchmarking-mobile-safari-retry1/test-failed-1.png]]

[[ATTACHMENT|../../test-results/critical-path-Critical-Pat-80d63-ng-Performance-Benchmarking-mobile-safari-retry1/trace.zip]]
]]>
</system-out>
</testcase>
<testcase name="Critical Path E2E Testing › Accessibility Compliance Check" classname="critical-path.spec.ts" time="0.533">
<failure message="critical-path.spec.ts:467:7 Accessibility Compliance Check" type="FAILURE">
<![CDATA[  [mobile-safari] › critical-path.spec.ts:467:7 › Critical Path E2E Testing › Accessibility Compliance Check 

    Error: browserContext.grantPermissions: Unknown permission: microphone

      358 |
      359 |     // Grant microphone permissions upfront
    > 360 |     await page.context().grantPermissions(['microphone']);
          |                          ^
      361 |
      362 |     // Monitor console errors
      363 |     page.on('console', msg => {
        at /Users/umasankrudhya/Projects/pinglearn/pinglearn-app/e2e/critical-path.spec.ts:360:26

    attachment #1: screenshot (image/png) ──────────────────────────────────────────────────────────
    ../test-results/critical-path-Critical-Pat-d6fc9-essibility-Compliance-Check-mobile-safari/test-failed-1.png
    ────────────────────────────────────────────────────────────────────────────────────────────────

    attachment #2: trace (application/zip) ─────────────────────────────────────────────────────────
    ../test-results/critical-path-Critical-Pat-d6fc9-essibility-Compliance-Check-mobile-safari/trace.zip
    Usage:

        npx playwright show-trace ../test-results/critical-path-Critical-Pat-d6fc9-essibility-Compliance-Check-mobile-safari/trace.zip

    ────────────────────────────────────────────────────────────────────────────────────────────────

    Retry #1 ───────────────────────────────────────────────────────────────────────────────────────

    Error: browserContext.grantPermissions: Unknown permission: microphone

      358 |
      359 |     // Grant microphone permissions upfront
    > 360 |     await page.context().grantPermissions(['microphone']);
          |                          ^
      361 |
      362 |     // Monitor console errors
      363 |     page.on('console', msg => {
        at /Users/umasankrudhya/Projects/pinglearn/pinglearn-app/e2e/critical-path.spec.ts:360:26

    attachment #1: screenshot (image/png) ──────────────────────────────────────────────────────────
    ../test-results/critical-path-Critical-Pat-d6fc9-essibility-Compliance-Check-mobile-safari-retry1/test-failed-1.png
    ────────────────────────────────────────────────────────────────────────────────────────────────

    attachment #2: trace (application/zip) ─────────────────────────────────────────────────────────
    ../test-results/critical-path-Critical-Pat-d6fc9-essibility-Compliance-Check-mobile-safari-retry1/trace.zip
    Usage:

        npx playwright show-trace ../test-results/critical-path-Critical-Pat-d6fc9-essibility-Compliance-Check-mobile-safari-retry1/trace.zip

    ────────────────────────────────────────────────────────────────────────────────────────────────
]]>
</failure>
<system-out>
<![CDATA[
[[ATTACHMENT|../../test-results/critical-path-Critical-Pat-d6fc9-essibility-Compliance-Check-mobile-safari/test-failed-1.png]]

[[ATTACHMENT|../../test-results/critical-path-Critical-Pat-d6fc9-essibility-Compliance-Check-mobile-safari/trace.zip]]

[[ATTACHMENT|../../test-results/critical-path-Critical-Pat-d6fc9-essibility-Compliance-Check-mobile-safari-retry1/test-failed-1.png]]

[[ATTACHMENT|../../test-results/critical-path-Critical-Pat-d6fc9-essibility-Compliance-Check-mobile-safari-retry1/trace.zip]]
]]>
</system-out>
</testcase>
<testcase name="Edge Case Testing › Network Resilience" classname="critical-path.spec.ts" time="0.648">
<failure message="critical-path.spec.ts:515:7 Network Resilience" type="FAILURE">
<![CDATA[  [mobile-safari] › critical-path.spec.ts:515:7 › Edge Case Testing › Network Resilience ───────────

    Error: page.goto: WebKit encountered an internal error
    Call log:
      - navigating to "http://localhost:3006/", waiting until "load"


      518 |     // Test offline behavior
      519 |     await page.context().setOffline(true);
    > 520 |     await page.goto('/');
          |                ^
      521 |
      522 |     const offlineHandling = await page.locator('text=/offline|no connection|network error/i').count() > 0;
      523 |     console.log(`📋 Offline Handling: ${offlineHandling ? '✅' : '❌'}`);
        at /Users/umasankrudhya/Projects/pinglearn/pinglearn-app/e2e/critical-path.spec.ts:520:16

    attachment #1: screenshot (image/png) ──────────────────────────────────────────────────────────
    ../test-results/critical-path-Edge-Case-Testing-Network-Resilience-mobile-safari/test-failed-1.png
    ────────────────────────────────────────────────────────────────────────────────────────────────

    attachment #2: trace (application/zip) ─────────────────────────────────────────────────────────
    ../test-results/critical-path-Edge-Case-Testing-Network-Resilience-mobile-safari/trace.zip
    Usage:

        npx playwright show-trace ../test-results/critical-path-Edge-Case-Testing-Network-Resilience-mobile-safari/trace.zip

    ────────────────────────────────────────────────────────────────────────────────────────────────

    Retry #1 ───────────────────────────────────────────────────────────────────────────────────────

    Error: page.goto: WebKit encountered an internal error
    Call log:
      - navigating to "http://localhost:3006/", waiting until "load"


      518 |     // Test offline behavior
      519 |     await page.context().setOffline(true);
    > 520 |     await page.goto('/');
          |                ^
      521 |
      522 |     const offlineHandling = await page.locator('text=/offline|no connection|network error/i').count() > 0;
      523 |     console.log(`📋 Offline Handling: ${offlineHandling ? '✅' : '❌'}`);
        at /Users/umasankrudhya/Projects/pinglearn/pinglearn-app/e2e/critical-path.spec.ts:520:16

    attachment #1: screenshot (image/png) ──────────────────────────────────────────────────────────
    ../test-results/critical-path-Edge-Case-Testing-Network-Resilience-mobile-safari-retry1/test-failed-1.png
    ────────────────────────────────────────────────────────────────────────────────────────────────

    attachment #2: trace (application/zip) ─────────────────────────────────────────────────────────
    ../test-results/critical-path-Edge-Case-Testing-Network-Resilience-mobile-safari-retry1/trace.zip
    Usage:

        npx playwright show-trace ../test-results/critical-path-Edge-Case-Testing-Network-Resilience-mobile-safari-retry1/trace.zip

    ────────────────────────────────────────────────────────────────────────────────────────────────
]]>
</failure>
<system-out>
<![CDATA[🌐 Network Resilience Test

[[ATTACHMENT|../../test-results/critical-path-Edge-Case-Testing-Network-Resilience-mobile-safari/test-failed-1.png]]

[[ATTACHMENT|../../test-results/critical-path-Edge-Case-Testing-Network-Resilience-mobile-safari/trace.zip]]
🌐 Network Resilience Test

[[ATTACHMENT|../../test-results/critical-path-Edge-Case-Testing-Network-Resilience-mobile-safari-retry1/test-failed-1.png]]

[[ATTACHMENT|../../test-results/critical-path-Edge-Case-Testing-Network-Resilience-mobile-safari-retry1/trace.zip]]
]]>
</system-out>
</testcase>
<testcase name="Edge Case Testing › Mobile Responsiveness" classname="critical-path.spec.ts" time="17.933">
<system-out>
<![CDATA[📱 Mobile Responsiveness Test
📋 Mobile Navigation: ✅
📋 Content Overflow: ❌ (21 elements)
]]>
</system-out>
</testcase>
</testsuite>
<testsuite name="visual-regression.spec.ts" timestamp="2025-10-01T10:20:41.011Z" hostname="mobile-safari" tests="8" failures="6" skipped="0" time="345.764" errors="0">
<testcase name="Visual Regression Testing › Landing Page Visual Consistency" classname="visual-regression.spec.ts" time="61.028">
<failure message="visual-regression.spec.ts:313:7 Landing Page Visual Consistency" type="FAILURE">
<![CDATA[  [mobile-safari] › visual-regression.spec.ts:313:7 › Visual Regression Testing › Landing Page Visual Consistency 

    Test timeout of 30000ms exceeded.

    attachment #1: screenshot (image/png) ──────────────────────────────────────────────────────────
    ../test-results/visual-regression-Visual-R-3c68a-ing-Page-Visual-Consistency-mobile-safari/test-failed-1.png
    ────────────────────────────────────────────────────────────────────────────────────────────────

    Error Context: ../test-results/visual-regression-Visual-R-3c68a-ing-Page-Visual-Consistency-mobile-safari/error-context.md

    attachment #3: trace (application/zip) ─────────────────────────────────────────────────────────
    ../test-results/visual-regression-Visual-R-3c68a-ing-Page-Visual-Consistency-mobile-safari/trace.zip
    Usage:

        npx playwright show-trace ../test-results/visual-regression-Visual-R-3c68a-ing-Page-Visual-Consistency-mobile-safari/trace.zip

    ────────────────────────────────────────────────────────────────────────────────────────────────

    Retry #1 ───────────────────────────────────────────────────────────────────────────────────────

    Test timeout of 30000ms exceeded.

    attachment #1: screenshot (image/png) ──────────────────────────────────────────────────────────
    ../test-results/visual-regression-Visual-R-3c68a-ing-Page-Visual-Consistency-mobile-safari-retry1/test-failed-1.png
    ────────────────────────────────────────────────────────────────────────────────────────────────

    Error Context: ../test-results/visual-regression-Visual-R-3c68a-ing-Page-Visual-Consistency-mobile-safari-retry1/error-context.md

    attachment #3: trace (application/zip) ─────────────────────────────────────────────────────────
    ../test-results/visual-regression-Visual-R-3c68a-ing-Page-Visual-Consistency-mobile-safari-retry1/trace.zip
    Usage:

        npx playwright show-trace ../test-results/visual-regression-Visual-R-3c68a-ing-Page-Visual-Consistency-mobile-safari-retry1/trace.zip

    ────────────────────────────────────────────────────────────────────────────────────────────────
]]>
</failure>
<system-out>
<![CDATA[
🏠 Testing Landing Page Visual Consistency

🖼️  Testing landing visual consistency across devices...

📱 Testing state: default

📱 Testing state: hover-cta

[[ATTACHMENT|../../test-results/visual-regression-Visual-R-3c68a-ing-Page-Visual-Consistency-mobile-safari/test-failed-1.png]]

[[ATTACHMENT|../../test-results/visual-regression-Visual-R-3c68a-ing-Page-Visual-Consistency-mobile-safari/error-context.md]]

[[ATTACHMENT|../../test-results/visual-regression-Visual-R-3c68a-ing-Page-Visual-Consistency-mobile-safari/trace.zip]]

🏠 Testing Landing Page Visual Consistency

🖼️  Testing landing visual consistency across devices...

📱 Testing state: default

📱 Testing state: hover-cta

[[ATTACHMENT|../../test-results/visual-regression-Visual-R-3c68a-ing-Page-Visual-Consistency-mobile-safari-retry1/test-failed-1.png]]

[[ATTACHMENT|../../test-results/visual-regression-Visual-R-3c68a-ing-Page-Visual-Consistency-mobile-safari-retry1/error-context.md]]

[[ATTACHMENT|../../test-results/visual-regression-Visual-R-3c68a-ing-Page-Visual-Consistency-mobile-safari-retry1/trace.zip]]
]]>
</system-out>
<system-err>
<![CDATA[❌ Screenshot failed for landing-Desktop-default: TimeoutError: page.waitForLoadState: Timeout 10000ms exceeded.
❌ Failed to test landing on Desktop: TimeoutError: page.waitForLoadState: Timeout 10000ms exceeded.
❌ Screenshot failed for landing-Laptop-default: TimeoutError: page.waitForLoadState: Timeout 10000ms exceeded.
❌ Failed to test landing on Laptop: TimeoutError: page.waitForLoadState: Timeout 10000ms exceeded.
❌ Failed to test landing on Tablet-Portrait: Error: page.goto: Test timeout of 30000ms exceeded.
Call log:
[2m  - navigating to "http://localhost:3006/", waiting until "load"[22m

❌ Failed to test landing on Tablet-Landscape: Error: page.setViewportSize: Target page, context or browser has been closed
❌ Failed to test landing on Mobile-Large: Error: page.setViewportSize: Target page, context or browser has been closed
❌ Failed to test landing on Mobile-iPhone: Error: page.setViewportSize: Target page, context or browser has been closed
❌ Failed to test landing on Desktop: Error: page.setViewportSize: Target page, context or browser has been closed
❌ Failed to test landing on Laptop: Error: page.setViewportSize: Target page, context or browser has been closed
❌ Failed to test landing on Tablet-Portrait: Error: page.setViewportSize: Target page, context or browser has been closed
❌ Failed to test landing on Tablet-Landscape: Error: page.setViewportSize: Target page, context or browser has been closed
❌ Failed to test landing on Mobile-Large: Error: page.setViewportSize: Target page, context or browser has been closed
❌ Failed to test landing on Mobile-iPhone: Error: page.setViewportSize: Target page, context or browser has been closed
❌ Screenshot failed for landing-Desktop-default: TimeoutError: page.waitForLoadState: Timeout 10000ms exceeded.
❌ Failed to test landing on Desktop: TimeoutError: page.waitForLoadState: Timeout 10000ms exceeded.
❌ Screenshot failed for landing-Laptop-default: Error: page.waitForLoadState: Test timeout of 30000ms exceeded.
❌ Failed to test landing on Laptop: Error: page.waitForLoadState: Test timeout of 30000ms exceeded.
❌ Failed to test landing on Tablet-Portrait: Error: page.setViewportSize: Target page, context or browser has been closed
❌ Failed to test landing on Tablet-Landscape: Error: page.setViewportSize: Target page, context or browser has been closed
❌ Failed to test landing on Mobile-Large: Error: page.setViewportSize: Target page, context or browser has been closed
❌ Failed to test landing on Mobile-iPhone: Error: page.setViewportSize: Target page, context or browser has been closed
❌ Failed to test landing on Desktop: Error: page.setViewportSize: Target page, context or browser has been closed
❌ Failed to test landing on Laptop: Error: page.setViewportSize: Target page, context or browser has been closed
❌ Failed to test landing on Tablet-Portrait: Error: page.setViewportSize: Target page, context or browser has been closed
❌ Failed to test landing on Tablet-Landscape: Error: page.setViewportSize: Target page, context or browser has been closed
❌ Failed to test landing on Mobile-Large: Error: page.setViewportSize: Target page, context or browser has been closed
❌ Failed to test landing on Mobile-iPhone: Error: page.setViewportSize: Target page, context or browser has been closed
]]>
</system-err>
</testcase>
<testcase name="Visual Regression Testing › Login Page Visual Consistency" classname="visual-regression.spec.ts" time="60.4">
<failure message="visual-regression.spec.ts:318:7 Login Page Visual Consistency" type="FAILURE">
<![CDATA[  [mobile-safari] › visual-regression.spec.ts:318:7 › Visual Regression Testing › Login Page Visual Consistency 

    Test timeout of 30000ms exceeded.

    attachment #1: screenshot (image/png) ──────────────────────────────────────────────────────────
    ../test-results/visual-regression-Visual-R-87f1c-gin-Page-Visual-Consistency-mobile-safari/test-failed-1.png
    ────────────────────────────────────────────────────────────────────────────────────────────────

    Error Context: ../test-results/visual-regression-Visual-R-87f1c-gin-Page-Visual-Consistency-mobile-safari/error-context.md

    attachment #3: trace (application/zip) ─────────────────────────────────────────────────────────
    ../test-results/visual-regression-Visual-R-87f1c-gin-Page-Visual-Consistency-mobile-safari/trace.zip
    Usage:

        npx playwright show-trace ../test-results/visual-regression-Visual-R-87f1c-gin-Page-Visual-Consistency-mobile-safari/trace.zip

    ────────────────────────────────────────────────────────────────────────────────────────────────

    Retry #1 ───────────────────────────────────────────────────────────────────────────────────────

    Test timeout of 30000ms exceeded.

    attachment #1: screenshot (image/png) ──────────────────────────────────────────────────────────
    ../test-results/visual-regression-Visual-R-87f1c-gin-Page-Visual-Consistency-mobile-safari-retry1/test-failed-1.png
    ────────────────────────────────────────────────────────────────────────────────────────────────

    Error Context: ../test-results/visual-regression-Visual-R-87f1c-gin-Page-Visual-Consistency-mobile-safari-retry1/error-context.md

    attachment #3: trace (application/zip) ─────────────────────────────────────────────────────────
    ../test-results/visual-regression-Visual-R-87f1c-gin-Page-Visual-Consistency-mobile-safari-retry1/trace.zip
    Usage:

        npx playwright show-trace ../test-results/visual-regression-Visual-R-87f1c-gin-Page-Visual-Consistency-mobile-safari-retry1/trace.zip

    ────────────────────────────────────────────────────────────────────────────────────────────────
]]>
</failure>
<system-out>
<![CDATA[
🔐 Testing Login Page Visual Consistency

🖼️  Testing login visual consistency across devices...

📱 Testing state: default

📱 Testing state: focus-input

📱 Testing state: error-state

[[ATTACHMENT|../../test-results/visual-regression-Visual-R-87f1c-gin-Page-Visual-Consistency-mobile-safari/test-failed-1.png]]

[[ATTACHMENT|../../test-results/visual-regression-Visual-R-87f1c-gin-Page-Visual-Consistency-mobile-safari/error-context.md]]

[[ATTACHMENT|../../test-results/visual-regression-Visual-R-87f1c-gin-Page-Visual-Consistency-mobile-safari/trace.zip]]

🔐 Testing Login Page Visual Consistency

🖼️  Testing login visual consistency across devices...

📱 Testing state: default

📱 Testing state: focus-input

📱 Testing state: error-state

[[ATTACHMENT|../../test-results/visual-regression-Visual-R-87f1c-gin-Page-Visual-Consistency-mobile-safari-retry1/test-failed-1.png]]

[[ATTACHMENT|../../test-results/visual-regression-Visual-R-87f1c-gin-Page-Visual-Consistency-mobile-safari-retry1/error-context.md]]

[[ATTACHMENT|../../test-results/visual-regression-Visual-R-87f1c-gin-Page-Visual-Consistency-mobile-safari-retry1/trace.zip]]
]]>
</system-out>
<system-err>
<![CDATA[❌ Screenshot failed for login-Desktop-default: TimeoutError: page.waitForLoadState: Timeout 10000ms exceeded.
❌ Failed to test login on Desktop: TimeoutError: page.waitForLoadState: Timeout 10000ms exceeded.
❌ Screenshot failed for login-Laptop-default: TimeoutError: page.waitForLoadState: Timeout 10000ms exceeded.
❌ Failed to test login on Laptop: TimeoutError: page.waitForLoadState: Timeout 10000ms exceeded.
❌ Failed to test login on Tablet-Portrait: Error: page.goto: Test timeout of 30000ms exceeded.
Call log:
[2m  - navigating to "http://localhost:3006/login", waiting until "load"[22m

❌ Failed to test login on Tablet-Landscape: Error: page.setViewportSize: Target page, context or browser has been closed
❌ Failed to test login on Mobile-Large: Error: page.setViewportSize: Target page, context or browser has been closed
❌ Failed to test login on Mobile-iPhone: Error: page.setViewportSize: Target page, context or browser has been closed
❌ Failed to test login on Desktop: Error: page.setViewportSize: Target page, context or browser has been closed
❌ Failed to test login on Laptop: Error: page.setViewportSize: Target page, context or browser has been closed
❌ Failed to test login on Tablet-Portrait: Error: page.setViewportSize: Target page, context or browser has been closed
❌ Failed to test login on Tablet-Landscape: Error: page.setViewportSize: Target page, context or browser has been closed
❌ Failed to test login on Mobile-Large: Error: page.setViewportSize: Target page, context or browser has been closed
❌ Failed to test login on Mobile-iPhone: Error: page.setViewportSize: Target page, context or browser has been closed
❌ Failed to test login on Desktop: Error: page.setViewportSize: Target page, context or browser has been closed
❌ Failed to test login on Laptop: Error: page.setViewportSize: Target page, context or browser has been closed
❌ Failed to test login on Tablet-Portrait: Error: page.setViewportSize: Target page, context or browser has been closed
❌ Failed to test login on Tablet-Landscape: Error: page.setViewportSize: Target page, context or browser has been closed
❌ Failed to test login on Mobile-Large: Error: page.setViewportSize: Target page, context or browser has been closed
❌ Failed to test login on Mobile-iPhone: Error: page.setViewportSize: Target page, context or browser has been closed
❌ Screenshot failed for login-Desktop-default: TimeoutError: page.waitForLoadState: Timeout 10000ms exceeded.
❌ Failed to test login on Desktop: TimeoutError: page.waitForLoadState: Timeout 10000ms exceeded.
❌ Screenshot failed for login-Laptop-default: Error: page.waitForLoadState: Test timeout of 30000ms exceeded.
❌ Failed to test login on Laptop: Error: page.waitForLoadState: Test timeout of 30000ms exceeded.
❌ Failed to test login on Tablet-Portrait: Error: page.setViewportSize: Target page, context or browser has been closed
❌ Failed to test login on Tablet-Landscape: Error: page.setViewportSize: Target page, context or browser has been closed
❌ Failed to test login on Mobile-Large: Error: page.setViewportSize: Target page, context or browser has been closed
❌ Failed to test login on Mobile-iPhone: Error: page.setViewportSize: Target page, context or browser has been closed
❌ Failed to test login on Desktop: Error: page.setViewportSize: Target page, context or browser has been closed
❌ Failed to test login on Laptop: Error: page.setViewportSize: Target page, context or browser has been closed
❌ Failed to test login on Tablet-Portrait: Error: page.setViewportSize: Target page, context or browser has been closed
❌ Failed to test login on Tablet-Landscape: Error: page.setViewportSize: Target page, context or browser has been closed
❌ Failed to test login on Mobile-Large: Error: page.setViewportSize: Target page, context or browser has been closed
❌ Failed to test login on Mobile-iPhone: Error: page.setViewportSize: Target page, context or browser has been closed
❌ Failed to test login on Desktop: Error: page.setViewportSize: Target page, context or browser has been closed
❌ Failed to test login on Laptop: Error: page.setViewportSize: Target page, context or browser has been closed
❌ Failed to test login on Tablet-Portrait: Error: page.setViewportSize: Target page, context or browser has been closed
❌ Failed to test login on Tablet-Landscape: Error: page.setViewportSize: Target page, context or browser has been closed
❌ Failed to test login on Mobile-Large: Error: page.setViewportSize: Target page, context or browser has been closed
❌ Failed to test login on Mobile-iPhone: Error: page.setViewportSize: Target page, context or browser has been closed
]]>
</system-err>
</testcase>
<testcase name="Visual Regression Testing › Classroom Page Visual Consistency" classname="visual-regression.spec.ts" time="60.49">
<failure message="visual-regression.spec.ts:323:7 Classroom Page Visual Consistency" type="FAILURE">
<![CDATA[  [mobile-safari] › visual-regression.spec.ts:323:7 › Visual Regression Testing › Classroom Page Visual Consistency 

    Test timeout of 30000ms exceeded.

    attachment #1: screenshot (image/png) ──────────────────────────────────────────────────────────
    ../test-results/visual-regression-Visual-R-d6ce0-oom-Page-Visual-Consistency-mobile-safari/test-failed-1.png
    ────────────────────────────────────────────────────────────────────────────────────────────────

    Error Context: ../test-results/visual-regression-Visual-R-d6ce0-oom-Page-Visual-Consistency-mobile-safari/error-context.md

    attachment #3: trace (application/zip) ─────────────────────────────────────────────────────────
    ../test-results/visual-regression-Visual-R-d6ce0-oom-Page-Visual-Consistency-mobile-safari/trace.zip
    Usage:

        npx playwright show-trace ../test-results/visual-regression-Visual-R-d6ce0-oom-Page-Visual-Consistency-mobile-safari/trace.zip

    ────────────────────────────────────────────────────────────────────────────────────────────────

    Retry #1 ───────────────────────────────────────────────────────────────────────────────────────

    Test timeout of 30000ms exceeded.

    attachment #1: screenshot (image/png) ──────────────────────────────────────────────────────────
    ../test-results/visual-regression-Visual-R-d6ce0-oom-Page-Visual-Consistency-mobile-safari-retry1/test-failed-1.png
    ────────────────────────────────────────────────────────────────────────────────────────────────

    Error Context: ../test-results/visual-regression-Visual-R-d6ce0-oom-Page-Visual-Consistency-mobile-safari-retry1/error-context.md

    attachment #3: trace (application/zip) ─────────────────────────────────────────────────────────
    ../test-results/visual-regression-Visual-R-d6ce0-oom-Page-Visual-Consistency-mobile-safari-retry1/trace.zip
    Usage:

        npx playwright show-trace ../test-results/visual-regression-Visual-R-d6ce0-oom-Page-Visual-Consistency-mobile-safari-retry1/trace.zip

    ────────────────────────────────────────────────────────────────────────────────────────────────
]]>
</failure>
<system-out>
<![CDATA[
🚀 Testing Classroom Page Visual Consistency

🖼️  Testing classroom visual consistency across devices...

📱 Testing state: default

📱 Testing state: session-active

[[ATTACHMENT|../../test-results/visual-regression-Visual-R-d6ce0-oom-Page-Visual-Consistency-mobile-safari/test-failed-1.png]]

[[ATTACHMENT|../../test-results/visual-regression-Visual-R-d6ce0-oom-Page-Visual-Consistency-mobile-safari/error-context.md]]

[[ATTACHMENT|../../test-results/visual-regression-Visual-R-d6ce0-oom-Page-Visual-Consistency-mobile-safari/trace.zip]]

🚀 Testing Classroom Page Visual Consistency

🖼️  Testing classroom visual consistency across devices...

📱 Testing state: default

📱 Testing state: session-active

[[ATTACHMENT|../../test-results/visual-regression-Visual-R-d6ce0-oom-Page-Visual-Consistency-mobile-safari-retry1/test-failed-1.png]]

[[ATTACHMENT|../../test-results/visual-regression-Visual-R-d6ce0-oom-Page-Visual-Consistency-mobile-safari-retry1/error-context.md]]

[[ATTACHMENT|../../test-results/visual-regression-Visual-R-d6ce0-oom-Page-Visual-Consistency-mobile-safari-retry1/trace.zip]]
]]>
</system-out>
<system-err>
<![CDATA[❌ Screenshot failed for classroom-Desktop-default: TimeoutError: page.waitForLoadState: Timeout 10000ms exceeded.
❌ Failed to test classroom on Desktop: TimeoutError: page.waitForLoadState: Timeout 10000ms exceeded.
❌ Screenshot failed for classroom-Laptop-default: TimeoutError: page.waitForLoadState: Timeout 10000ms exceeded.
❌ Failed to test classroom on Laptop: TimeoutError: page.waitForLoadState: Timeout 10000ms exceeded.
❌ Failed to test classroom on Tablet-Portrait: Error: page.goto: Test timeout of 30000ms exceeded.
Call log:
[2m  - navigating to "http://localhost:3006/classroom", waiting until "load"[22m

❌ Failed to test classroom on Tablet-Landscape: Error: page.setViewportSize: Target page, context or browser has been closed
❌ Failed to test classroom on Mobile-Large: Error: page.setViewportSize: Target page, context or browser has been closed
❌ Failed to test classroom on Mobile-iPhone: Error: page.setViewportSize: Target page, context or browser has been closed
❌ Failed to test classroom on Desktop: Error: page.setViewportSize: Target page, context or browser has been closed
❌ Failed to test classroom on Laptop: Error: page.setViewportSize: Target page, context or browser has been closed
❌ Failed to test classroom on Tablet-Portrait: Error: page.setViewportSize: Target page, context or browser has been closed
❌ Failed to test classroom on Tablet-Landscape: Error: page.setViewportSize: Target page, context or browser has been closed
❌ Failed to test classroom on Mobile-Large: Error: page.setViewportSize: Target page, context or browser has been closed
❌ Failed to test classroom on Mobile-iPhone: Error: page.setViewportSize: Target page, context or browser has been closed
❌ Screenshot failed for classroom-Desktop-default: TimeoutError: page.waitForLoadState: Timeout 10000ms exceeded.
❌ Failed to test classroom on Desktop: TimeoutError: page.waitForLoadState: Timeout 10000ms exceeded.
❌ Screenshot failed for classroom-Laptop-default: Error: page.waitForLoadState: Test timeout of 30000ms exceeded.
❌ Failed to test classroom on Laptop: Error: page.waitForLoadState: Test timeout of 30000ms exceeded.
❌ Failed to test classroom on Tablet-Portrait: Error: page.setViewportSize: Target page, context or browser has been closed
❌ Failed to test classroom on Tablet-Landscape: Error: page.setViewportSize: Target page, context or browser has been closed
❌ Failed to test classroom on Mobile-Large: Error: page.setViewportSize: Target page, context or browser has been closed
❌ Failed to test classroom on Mobile-iPhone: Error: page.setViewportSize: Target page, context or browser has been closed
❌ Failed to test classroom on Desktop: Error: page.setViewportSize: Target page, context or browser has been closed
❌ Failed to test classroom on Laptop: Error: page.setViewportSize: Target page, context or browser has been closed
❌ Failed to test classroom on Tablet-Portrait: Error: page.setViewportSize: Target page, context or browser has been closed
❌ Failed to test classroom on Tablet-Landscape: Error: page.setViewportSize: Target page, context or browser has been closed
❌ Failed to test classroom on Mobile-Large: Error: page.setViewportSize: Target page, context or browser has been closed
❌ Failed to test classroom on Mobile-iPhone: Error: page.setViewportSize: Target page, context or browser has been closed
]]>
</system-err>
</testcase>
<testcase name="Visual Regression Testing › Dashboard Page Visual Consistency (Authenticated)" classname="visual-regression.spec.ts" time="8.361">
<system-out>
<![CDATA[
📊 Testing Dashboard Page Visual Consistency
⚠️ Dashboard visual test skipped - authentication may not be available
]]>
</system-out>
</testcase>
<testcase name="Visual Regression Testing › Mobile Responsive Layout Testing" classname="visual-regression.spec.ts" time="60.413">
<failure message="visual-regression.spec.ts:347:7 Mobile Responsive Layout Testing" type="FAILURE">
<![CDATA[  [mobile-safari] › visual-regression.spec.ts:347:7 › Visual Regression Testing › Mobile Responsive Layout Testing 

    Test timeout of 30000ms exceeded.

    Error: page.setViewportSize: Target page, context or browser has been closed

      356 |
      357 |     for (const viewport of mobileViewports) {
    > 358 |       await page.setViewportSize({ width: viewport.width, height: viewport.height });
          |                  ^
      359 |
      360 |       const pages = ['/', '/login', '/classroom'];
      361 |       for (const url of pages) {
        at /Users/umasankrudhya/Projects/pinglearn/pinglearn-app/e2e/visual-regression.spec.ts:358:18

    attachment #1: screenshot (image/png) ──────────────────────────────────────────────────────────
    ../test-results/visual-regression-Visual-R-9407b-e-Responsive-Layout-Testing-mobile-safari/test-failed-1.png
    ────────────────────────────────────────────────────────────────────────────────────────────────

    Error Context: ../test-results/visual-regression-Visual-R-9407b-e-Responsive-Layout-Testing-mobile-safari/error-context.md

    attachment #3: trace (application/zip) ─────────────────────────────────────────────────────────
    ../test-results/visual-regression-Visual-R-9407b-e-Responsive-Layout-Testing-mobile-safari/trace.zip
    Usage:

        npx playwright show-trace ../test-results/visual-regression-Visual-R-9407b-e-Responsive-Layout-Testing-mobile-safari/trace.zip

    ────────────────────────────────────────────────────────────────────────────────────────────────

    Retry #1 ───────────────────────────────────────────────────────────────────────────────────────

    Test timeout of 30000ms exceeded.

    Error: page.setViewportSize: Target page, context or browser has been closed

      356 |
      357 |     for (const viewport of mobileViewports) {
    > 358 |       await page.setViewportSize({ width: viewport.width, height: viewport.height });
          |                  ^
      359 |
      360 |       const pages = ['/', '/login', '/classroom'];
      361 |       for (const url of pages) {
        at /Users/umasankrudhya/Projects/pinglearn/pinglearn-app/e2e/visual-regression.spec.ts:358:18

    attachment #1: screenshot (image/png) ──────────────────────────────────────────────────────────
    ../test-results/visual-regression-Visual-R-9407b-e-Responsive-Layout-Testing-mobile-safari-retry1/test-failed-1.png
    ────────────────────────────────────────────────────────────────────────────────────────────────

    Error Context: ../test-results/visual-regression-Visual-R-9407b-e-Responsive-Layout-Testing-mobile-safari-retry1/error-context.md

    attachment #3: trace (application/zip) ─────────────────────────────────────────────────────────
    ../test-results/visual-regression-Visual-R-9407b-e-Responsive-Layout-Testing-mobile-safari-retry1/trace.zip
    Usage:

        npx playwright show-trace ../test-results/visual-regression-Visual-R-9407b-e-Responsive-Layout-Testing-mobile-safari-retry1/trace.zip

    ────────────────────────────────────────────────────────────────────────────────────────────────
]]>
</failure>
<system-out>
<![CDATA[
📱 Testing Mobile Responsive Layouts
⚠️ Mobile test failed for / on iPhone-SE: TimeoutError: page.waitForLoadState: Timeout 10000ms exceeded.
⚠️ Mobile test failed for /login on iPhone-SE: Error: page.waitForLoadState: Test timeout of 30000ms exceeded.
⚠️ Mobile test failed for /classroom on iPhone-SE: Error: page.goto: Target page, context or browser has been closed

[[ATTACHMENT|../../test-results/visual-regression-Visual-R-9407b-e-Responsive-Layout-Testing-mobile-safari/test-failed-1.png]]

[[ATTACHMENT|../../test-results/visual-regression-Visual-R-9407b-e-Responsive-Layout-Testing-mobile-safari/error-context.md]]

[[ATTACHMENT|../../test-results/visual-regression-Visual-R-9407b-e-Responsive-Layout-Testing-mobile-safari/trace.zip]]

📱 Testing Mobile Responsive Layouts
⚠️ Mobile test failed for / on iPhone-SE: TimeoutError: page.waitForLoadState: Timeout 10000ms exceeded.
⚠️ Mobile test failed for /login on iPhone-SE: Error: page.waitForLoadState: Test timeout of 30000ms exceeded.
⚠️ Mobile test failed for /classroom on iPhone-SE: Error: page.goto: Target page, context or browser has been closed

[[ATTACHMENT|../../test-results/visual-regression-Visual-R-9407b-e-Responsive-Layout-Testing-mobile-safari-retry1/test-failed-1.png]]

[[ATTACHMENT|../../test-results/visual-regression-Visual-R-9407b-e-Responsive-Layout-Testing-mobile-safari-retry1/error-context.md]]

[[ATTACHMENT|../../test-results/visual-regression-Visual-R-9407b-e-Responsive-Layout-Testing-mobile-safari-retry1/trace.zip]]
]]>
</system-out>
<system-err>
<![CDATA[❌ Screenshot failed for landing-mobile-iPhone-SE-responsive: TimeoutError: page.waitForLoadState: Timeout 10000ms exceeded.
❌ Screenshot failed for login-mobile-iPhone-SE-responsive: Error: page.waitForLoadState: Test timeout of 30000ms exceeded.
❌ Screenshot failed for landing-mobile-iPhone-SE-responsive: TimeoutError: page.waitForLoadState: Timeout 10000ms exceeded.
❌ Screenshot failed for login-mobile-iPhone-SE-responsive: Error: page.waitForLoadState: Test timeout of 30000ms exceeded.
]]>
</system-err>
</testcase>
<testcase name="Visual Regression Testing › Dark Mode Visual Testing" classname="visual-regression.spec.ts" time="33.813">
<failure message="visual-regression.spec.ts:381:7 Dark Mode Visual Testing" type="FAILURE">
<![CDATA[  [mobile-safari] › visual-regression.spec.ts:381:7 › Visual Regression Testing › Dark Mode Visual Testing 

    TimeoutError: page.waitForLoadState: Timeout 10000ms exceeded.

      61 |
      62 |     try {
    > 63 |       await this.page.waitForLoadState('networkidle', { timeout: 10000 });
         |                       ^
      64 |       await this.page.waitForTimeout(1000); // Allow animations to complete
      65 |
      66 |       await this.page.screenshot({
        at VisualRegressionTester.capturePageState (/Users/umasankrudhya/Projects/pinglearn/pinglearn-app/e2e/visual-regression.spec.ts:63:23)
        at /Users/umasankrudhya/Projects/pinglearn/pinglearn-app/e2e/visual-regression.spec.ts:394:26

    attachment #1: screenshot (image/png) ──────────────────────────────────────────────────────────
    ../test-results/visual-regression-Visual-R-7780a-ng-Dark-Mode-Visual-Testing-mobile-safari/test-failed-1.png
    ────────────────────────────────────────────────────────────────────────────────────────────────

    Error Context: ../test-results/visual-regression-Visual-R-7780a-ng-Dark-Mode-Visual-Testing-mobile-safari/error-context.md

    attachment #3: trace (application/zip) ─────────────────────────────────────────────────────────
    ../test-results/visual-regression-Visual-R-7780a-ng-Dark-Mode-Visual-Testing-mobile-safari/trace.zip
    Usage:

        npx playwright show-trace ../test-results/visual-regression-Visual-R-7780a-ng-Dark-Mode-Visual-Testing-mobile-safari/trace.zip

    ────────────────────────────────────────────────────────────────────────────────────────────────

    Retry #1 ───────────────────────────────────────────────────────────────────────────────────────

    TimeoutError: page.waitForLoadState: Timeout 10000ms exceeded.

      61 |
      62 |     try {
    > 63 |       await this.page.waitForLoadState('networkidle', { timeout: 10000 });
         |                       ^
      64 |       await this.page.waitForTimeout(1000); // Allow animations to complete
      65 |
      66 |       await this.page.screenshot({
        at VisualRegressionTester.capturePageState (/Users/umasankrudhya/Projects/pinglearn/pinglearn-app/e2e/visual-regression.spec.ts:63:23)
        at /Users/umasankrudhya/Projects/pinglearn/pinglearn-app/e2e/visual-regression.spec.ts:394:26

    attachment #1: screenshot (image/png) ──────────────────────────────────────────────────────────
    ../test-results/visual-regression-Visual-R-7780a-ng-Dark-Mode-Visual-Testing-mobile-safari-retry1/test-failed-1.png
    ────────────────────────────────────────────────────────────────────────────────────────────────

    Error Context: ../test-results/visual-regression-Visual-R-7780a-ng-Dark-Mode-Visual-Testing-mobile-safari-retry1/error-context.md

    attachment #3: trace (application/zip) ─────────────────────────────────────────────────────────
    ../test-results/visual-regression-Visual-R-7780a-ng-Dark-Mode-Visual-Testing-mobile-safari-retry1/trace.zip
    Usage:

        npx playwright show-trace ../test-results/visual-regression-Visual-R-7780a-ng-Dark-Mode-Visual-Testing-mobile-safari-retry1/trace.zip

    ────────────────────────────────────────────────────────────────────────────────────────────────
]]>
</failure>
<system-out>
<![CDATA[
🌙 Testing Dark Mode Visual Consistency

[[ATTACHMENT|../../test-results/visual-regression-Visual-R-7780a-ng-Dark-Mode-Visual-Testing-mobile-safari/test-failed-1.png]]

[[ATTACHMENT|../../test-results/visual-regression-Visual-R-7780a-ng-Dark-Mode-Visual-Testing-mobile-safari/error-context.md]]

[[ATTACHMENT|../../test-results/visual-regression-Visual-R-7780a-ng-Dark-Mode-Visual-Testing-mobile-safari/trace.zip]]

🌙 Testing Dark Mode Visual Consistency

[[ATTACHMENT|../../test-results/visual-regression-Visual-R-7780a-ng-Dark-Mode-Visual-Testing-mobile-safari-retry1/test-failed-1.png]]

[[ATTACHMENT|../../test-results/visual-regression-Visual-R-7780a-ng-Dark-Mode-Visual-Testing-mobile-safari-retry1/error-context.md]]

[[ATTACHMENT|../../test-results/visual-regression-Visual-R-7780a-ng-Dark-Mode-Visual-Testing-mobile-safari-retry1/trace.zip]]
]]>
</system-out>
<system-err>
<![CDATA[❌ Screenshot failed for landing-Desktop-light-mode: TimeoutError: page.waitForLoadState: Timeout 10000ms exceeded.
❌ Screenshot failed for landing-Desktop-light-mode: TimeoutError: page.waitForLoadState: Timeout 10000ms exceeded.
]]>
</system-err>
</testcase>
<testcase name="Visual Regression Testing › Generate Visual Regression Report" classname="visual-regression.spec.ts" time="0.394">
<system-out>
<![CDATA[
📊 Generating Visual Regression Report...

📊 Visual regression report saved to: e2e/test-reports/visual-regression/visual-regression-report.md
✅ Visual regression testing completed
📸 Screenshots available in: e2e/test-reports/visual-regression
]]>
</system-out>
</testcase>
<testcase name="Visual Regression Testing › Cross-Device Element Positioning" classname="visual-regression.spec.ts" time="60.865">
<failure message="visual-regression.spec.ts:424:7 Cross-Device Element Positioning" type="FAILURE">
<![CDATA[  [mobile-safari] › visual-regression.spec.ts:424:7 › Visual Regression Testing › Cross-Device Element Positioning 

    Test timeout of 30000ms exceeded.

    Error: page.goto: Test timeout of 30000ms exceeded.
    Call log:
      - navigating to "http://localhost:3006/", waiting until "load"


      434 |     for (const deviceConfig of VISUAL_TEST_CONFIG.deviceConfigs) {
      435 |       await page.setViewportSize(deviceConfig.viewport);
    > 436 |       await page.goto('/');
          |                  ^
      437 |
      438 |       console.log(`📱 Checking element positioning on ${deviceConfig.name}`);
      439 |
        at /Users/umasankrudhya/Projects/pinglearn/pinglearn-app/e2e/visual-regression.spec.ts:436:18

    attachment #1: screenshot (image/png) ──────────────────────────────────────────────────────────
    ../test-results/visual-regression-Visual-R-f3aaf--Device-Element-Positioning-mobile-safari/test-failed-1.png
    ────────────────────────────────────────────────────────────────────────────────────────────────

    Error Context: ../test-results/visual-regression-Visual-R-f3aaf--Device-Element-Positioning-mobile-safari/error-context.md

    attachment #3: trace (application/zip) ─────────────────────────────────────────────────────────
    ../test-results/visual-regression-Visual-R-f3aaf--Device-Element-Positioning-mobile-safari/trace.zip
    Usage:

        npx playwright show-trace ../test-results/visual-regression-Visual-R-f3aaf--Device-Element-Positioning-mobile-safari/trace.zip

    ────────────────────────────────────────────────────────────────────────────────────────────────

    Retry #1 ───────────────────────────────────────────────────────────────────────────────────────

    Test timeout of 30000ms exceeded.

    Error: page.goto: Test timeout of 30000ms exceeded.
    Call log:
      - navigating to "http://localhost:3006/", waiting until "load"


      434 |     for (const deviceConfig of VISUAL_TEST_CONFIG.deviceConfigs) {
      435 |       await page.setViewportSize(deviceConfig.viewport);
    > 436 |       await page.goto('/');
          |                  ^
      437 |
      438 |       console.log(`📱 Checking element positioning on ${deviceConfig.name}`);
      439 |
        at /Users/umasankrudhya/Projects/pinglearn/pinglearn-app/e2e/visual-regression.spec.ts:436:18

    attachment #1: screenshot (image/png) ──────────────────────────────────────────────────────────
    ../test-results/visual-regression-Visual-R-f3aaf--Device-Element-Positioning-mobile-safari-retry1/test-failed-1.png
    ────────────────────────────────────────────────────────────────────────────────────────────────

    Error Context: ../test-results/visual-regression-Visual-R-f3aaf--Device-Element-Positioning-mobile-safari-retry1/error-context.md

    attachment #3: trace (application/zip) ─────────────────────────────────────────────────────────
    ../test-results/visual-regression-Visual-R-f3aaf--Device-Element-Positioning-mobile-safari-retry1/trace.zip
    Usage:

        npx playwright show-trace ../test-results/visual-regression-Visual-R-f3aaf--Device-Element-Positioning-mobile-safari-retry1/trace.zip

    ────────────────────────────────────────────────────────────────────────────────────────────────
]]>
</failure>
<system-out>
<![CDATA[
📐 Testing Cross-Device Element Positioning
📱 Checking element positioning on Desktop
  ✅ navigation: visible, in viewport
  ✅ hero-title: visible, in viewport
  ⚠️ primary-cta: visible, out of viewport
  ⚠️ footer: visible, out of viewport
📱 Checking element positioning on Laptop
  ✅ navigation: visible, in viewport
  ✅ hero-title: visible, in viewport
  ⚠️ primary-cta: visible, out of viewport
  ⚠️ footer: visible, out of viewport

[[ATTACHMENT|../../test-results/visual-regression-Visual-R-f3aaf--Device-Element-Positioning-mobile-safari/test-failed-1.png]]

[[ATTACHMENT|../../test-results/visual-regression-Visual-R-f3aaf--Device-Element-Positioning-mobile-safari/error-context.md]]

[[ATTACHMENT|../../test-results/visual-regression-Visual-R-f3aaf--Device-Element-Positioning-mobile-safari/trace.zip]]

📐 Testing Cross-Device Element Positioning
📱 Checking element positioning on Desktop
  ✅ navigation: visible, in viewport
  ✅ hero-title: visible, in viewport
  ⚠️ primary-cta: visible, out of viewport
  ⚠️ footer: visible, out of viewport
📱 Checking element positioning on Laptop
  ✅ navigation: visible, in viewport
  ✅ hero-title: visible, in viewport
  ⚠️ primary-cta: visible, out of viewport
  ⚠️ footer: visible, out of viewport
📱 Checking element positioning on Tablet-Portrait
  ✅ navigation: visible, in viewport
  ✅ hero-title: visible, in viewport
  ⚠️ primary-cta: visible, out of viewport
  ⚠️ footer: visible, out of viewport

[[ATTACHMENT|../../test-results/visual-regression-Visual-R-f3aaf--Device-Element-Positioning-mobile-safari-retry1/test-failed-1.png]]

[[ATTACHMENT|../../test-results/visual-regression-Visual-R-f3aaf--Device-Element-Positioning-mobile-safari-retry1/error-context.md]]

[[ATTACHMENT|../../test-results/visual-regression-Visual-R-f3aaf--Device-Element-Positioning-mobile-safari-retry1/trace.zip]]
]]>
</system-out>
</testcase>
</testsuite>
<testsuite name="visual-regression.spec.ts" timestamp="2025-10-01T10:20:41.011Z" hostname="tablet-chrome" tests="8" failures="6" skipped="0" time="404.087" errors="0">
<testcase name="Visual Regression Testing › Landing Page Visual Consistency" classname="visual-regression.spec.ts" time="73.566">
<failure message="visual-regression.spec.ts:313:7 Landing Page Visual Consistency" type="FAILURE">
<![CDATA[  [tablet-chrome] › visual-regression.spec.ts:313:7 › Visual Regression Testing › Landing Page Visual Consistency 

    Test timeout of 30000ms exceeded.

    attachment #1: screenshot (image/png) ──────────────────────────────────────────────────────────
    ../test-results/visual-regression-Visual-R-3c68a-ing-Page-Visual-Consistency-tablet-chrome/test-failed-1.png
    ────────────────────────────────────────────────────────────────────────────────────────────────

    attachment #2: trace (application/zip) ─────────────────────────────────────────────────────────
    ../test-results/visual-regression-Visual-R-3c68a-ing-Page-Visual-Consistency-tablet-chrome/trace.zip
    Usage:

        npx playwright show-trace ../test-results/visual-regression-Visual-R-3c68a-ing-Page-Visual-Consistency-tablet-chrome/trace.zip

    ────────────────────────────────────────────────────────────────────────────────────────────────

    Retry #1 ───────────────────────────────────────────────────────────────────────────────────────

    Test timeout of 30000ms exceeded.

    Error Context: ../test-results/visual-regression-Visual-R-3c68a-ing-Page-Visual-Consistency-tablet-chrome-retry1/error-context.md

    attachment #2: trace (application/zip) ─────────────────────────────────────────────────────────
    ../test-results/visual-regression-Visual-R-3c68a-ing-Page-Visual-Consistency-tablet-chrome-retry1/trace.zip
    Usage:

        npx playwright show-trace ../test-results/visual-regression-Visual-R-3c68a-ing-Page-Visual-Consistency-tablet-chrome-retry1/trace.zip

    ────────────────────────────────────────────────────────────────────────────────────────────────
]]>
</failure>
<system-out>
<![CDATA[
🏠 Testing Landing Page Visual Consistency

🖼️  Testing landing visual consistency across devices...

📱 Testing state: default

📱 Testing state: hover-cta

[[ATTACHMENT|../../test-results/visual-regression-Visual-R-3c68a-ing-Page-Visual-Consistency-tablet-chrome/test-failed-1.png]]

[[ATTACHMENT|../../test-results/visual-regression-Visual-R-3c68a-ing-Page-Visual-Consistency-tablet-chrome/trace.zip]]

🏠 Testing Landing Page Visual Consistency

🖼️  Testing landing visual consistency across devices...

📱 Testing state: default

📱 Testing state: hover-cta

[[ATTACHMENT|../../test-results/visual-regression-Visual-R-3c68a-ing-Page-Visual-Consistency-tablet-chrome-retry1/error-context.md]]

[[ATTACHMENT|../../test-results/visual-regression-Visual-R-3c68a-ing-Page-Visual-Consistency-tablet-chrome-retry1/trace.zip]]
]]>
</system-out>
<system-err>
<![CDATA[❌ Screenshot failed for landing-Desktop-default: TimeoutError: page.waitForLoadState: Timeout 10000ms exceeded.
❌ Failed to test landing on Desktop: TimeoutError: page.waitForLoadState: Timeout 10000ms exceeded.
❌ Failed to test landing on Laptop: Error: page.waitForTimeout: Test timeout of 30000ms exceeded.
❌ Failed to test landing on Tablet-Portrait: Error: page.setViewportSize: Target page, context or browser has been closed
❌ Failed to test landing on Tablet-Landscape: Error: page.setViewportSize: Target page, context or browser has been closed
❌ Failed to test landing on Mobile-Large: Error: page.setViewportSize: Target page, context or browser has been closed
❌ Failed to test landing on Mobile-iPhone: Error: page.setViewportSize: Target page, context or browser has been closed
❌ Failed to test landing on Desktop: Error: page.setViewportSize: Target page, context or browser has been closed
❌ Failed to test landing on Laptop: Error: page.setViewportSize: Target page, context or browser has been closed
❌ Failed to test landing on Tablet-Portrait: Error: page.setViewportSize: Target page, context or browser has been closed
❌ Failed to test landing on Tablet-Landscape: Error: page.setViewportSize: Target page, context or browser has been closed
❌ Failed to test landing on Mobile-Large: Error: page.setViewportSize: Target page, context or browser has been closed
❌ Failed to test landing on Mobile-iPhone: Error: page.setViewportSize: Target page, context or browser has been closed
❌ Screenshot failed for landing-Desktop-default: TimeoutError: page.waitForLoadState: Timeout 10000ms exceeded.
❌ Failed to test landing on Desktop: TimeoutError: page.waitForLoadState: Timeout 10000ms exceeded.
❌ Screenshot failed for landing-Laptop-default: Error: page.waitForLoadState: Test timeout of 30000ms exceeded.
❌ Failed to test landing on Laptop: Error: page.waitForLoadState: Test timeout of 30000ms exceeded.
❌ Failed to test landing on Tablet-Portrait: Error: page.setViewportSize: Target page, context or browser has been closed
❌ Failed to test landing on Tablet-Landscape: Error: page.setViewportSize: Target page, context or browser has been closed
❌ Failed to test landing on Mobile-Large: Error: page.setViewportSize: Target page, context or browser has been closed
❌ Failed to test landing on Mobile-iPhone: Error: page.setViewportSize: Target page, context or browser has been closed
❌ Failed to test landing on Desktop: Error: page.setViewportSize: Target page, context or browser has been closed
❌ Failed to test landing on Laptop: Error: page.setViewportSize: Target page, context or browser has been closed
❌ Failed to test landing on Tablet-Portrait: Error: page.setViewportSize: Target page, context or browser has been closed
❌ Failed to test landing on Tablet-Landscape: Error: page.setViewportSize: Target page, context or browser has been closed
❌ Failed to test landing on Mobile-Large: Error: page.setViewportSize: Target page, context or browser has been closed
❌ Failed to test landing on Mobile-iPhone: Error: page.setViewportSize: Target page, context or browser has been closed
]]>
</system-err>
</testcase>
<testcase name="Visual Regression Testing › Login Page Visual Consistency" classname="visual-regression.spec.ts" time="60.28">
<failure message="visual-regression.spec.ts:318:7 Login Page Visual Consistency" type="FAILURE">
<![CDATA[  [tablet-chrome] › visual-regression.spec.ts:318:7 › Visual Regression Testing › Login Page Visual Consistency 

    Test timeout of 30000ms exceeded.

    attachment #1: screenshot (image/png) ──────────────────────────────────────────────────────────
    ../test-results/visual-regression-Visual-R-87f1c-gin-Page-Visual-Consistency-tablet-chrome/test-failed-1.png
    ────────────────────────────────────────────────────────────────────────────────────────────────

    Error Context: ../test-results/visual-regression-Visual-R-87f1c-gin-Page-Visual-Consistency-tablet-chrome/error-context.md

    attachment #3: trace (application/zip) ─────────────────────────────────────────────────────────
    ../test-results/visual-regression-Visual-R-87f1c-gin-Page-Visual-Consistency-tablet-chrome/trace.zip
    Usage:

        npx playwright show-trace ../test-results/visual-regression-Visual-R-87f1c-gin-Page-Visual-Consistency-tablet-chrome/trace.zip

    ────────────────────────────────────────────────────────────────────────────────────────────────

    Retry #1 ───────────────────────────────────────────────────────────────────────────────────────

    Test timeout of 30000ms exceeded.

    attachment #1: screenshot (image/png) ──────────────────────────────────────────────────────────
    ../test-results/visual-regression-Visual-R-87f1c-gin-Page-Visual-Consistency-tablet-chrome-retry1/test-failed-1.png
    ────────────────────────────────────────────────────────────────────────────────────────────────

    Error Context: ../test-results/visual-regression-Visual-R-87f1c-gin-Page-Visual-Consistency-tablet-chrome-retry1/error-context.md

    attachment #3: trace (application/zip) ─────────────────────────────────────────────────────────
    ../test-results/visual-regression-Visual-R-87f1c-gin-Page-Visual-Consistency-tablet-chrome-retry1/trace.zip
    Usage:

        npx playwright show-trace ../test-results/visual-regression-Visual-R-87f1c-gin-Page-Visual-Consistency-tablet-chrome-retry1/trace.zip

    ────────────────────────────────────────────────────────────────────────────────────────────────
]]>
</failure>
<system-out>
<![CDATA[
🔐 Testing Login Page Visual Consistency

🖼️  Testing login visual consistency across devices...

📱 Testing state: default

📱 Testing state: focus-input

📱 Testing state: error-state

[[ATTACHMENT|../../test-results/visual-regression-Visual-R-87f1c-gin-Page-Visual-Consistency-tablet-chrome/test-failed-1.png]]

[[ATTACHMENT|../../test-results/visual-regression-Visual-R-87f1c-gin-Page-Visual-Consistency-tablet-chrome/error-context.md]]

[[ATTACHMENT|../../test-results/visual-regression-Visual-R-87f1c-gin-Page-Visual-Consistency-tablet-chrome/trace.zip]]

🔐 Testing Login Page Visual Consistency

🖼️  Testing login visual consistency across devices...

📱 Testing state: default

📱 Testing state: focus-input

📱 Testing state: error-state

[[ATTACHMENT|../../test-results/visual-regression-Visual-R-87f1c-gin-Page-Visual-Consistency-tablet-chrome-retry1/test-failed-1.png]]

[[ATTACHMENT|../../test-results/visual-regression-Visual-R-87f1c-gin-Page-Visual-Consistency-tablet-chrome-retry1/error-context.md]]

[[ATTACHMENT|../../test-results/visual-regression-Visual-R-87f1c-gin-Page-Visual-Consistency-tablet-chrome-retry1/trace.zip]]
]]>
</system-out>
<system-err>
<![CDATA[❌ Screenshot failed for login-Desktop-default: TimeoutError: page.waitForLoadState: Timeout 10000ms exceeded.
❌ Failed to test login on Desktop: TimeoutError: page.waitForLoadState: Timeout 10000ms exceeded.
❌ Screenshot failed for login-Laptop-default: Error: page.waitForLoadState: Test timeout of 30000ms exceeded.
❌ Failed to test login on Laptop: Error: page.waitForLoadState: Test timeout of 30000ms exceeded.
❌ Failed to test login on Tablet-Portrait: Error: page.setViewportSize: Target page, context or browser has been closed
❌ Failed to test login on Tablet-Landscape: Error: page.setViewportSize: Target page, context or browser has been closed
❌ Failed to test login on Mobile-Large: Error: page.setViewportSize: Target page, context or browser has been closed
❌ Failed to test login on Mobile-iPhone: Error: page.setViewportSize: Target page, context or browser has been closed
❌ Failed to test login on Desktop: Error: page.setViewportSize: Target page, context or browser has been closed
❌ Failed to test login on Laptop: Error: page.setViewportSize: Target page, context or browser has been closed
❌ Failed to test login on Tablet-Portrait: Error: page.setViewportSize: Target page, context or browser has been closed
❌ Failed to test login on Tablet-Landscape: Error: page.setViewportSize: Target page, context or browser has been closed
❌ Failed to test login on Mobile-Large: Error: page.setViewportSize: Target page, context or browser has been closed
❌ Failed to test login on Mobile-iPhone: Error: page.setViewportSize: Target page, context or browser has been closed
❌ Failed to test login on Desktop: Error: page.setViewportSize: Target page, context or browser has been closed
❌ Failed to test login on Laptop: Error: page.setViewportSize: Target page, context or browser has been closed
❌ Failed to test login on Tablet-Portrait: Error: page.setViewportSize: Target page, context or browser has been closed
❌ Failed to test login on Tablet-Landscape: Error: page.setViewportSize: Target page, context or browser has been closed
❌ Failed to test login on Mobile-Large: Error: page.setViewportSize: Target page, context or browser has been closed
❌ Failed to test login on Mobile-iPhone: Error: page.setViewportSize: Target page, context or browser has been closed
❌ Screenshot failed for login-Desktop-default: Error: page.waitForLoadState: Test timeout of 30000ms exceeded.
❌ Failed to test login on Desktop: Error: page.waitForLoadState: Test timeout of 30000ms exceeded.
❌ Failed to test login on Laptop: Error: page.setViewportSize: Target page, context or browser has been closed
❌ Failed to test login on Tablet-Portrait: Error: page.setViewportSize: Target page, context or browser has been closed
❌ Failed to test login on Tablet-Landscape: Error: page.setViewportSize: Target page, context or browser has been closed
❌ Failed to test login on Mobile-Large: Error: page.setViewportSize: Target page, context or browser has been closed
❌ Failed to test login on Mobile-iPhone: Error: page.setViewportSize: Target page, context or browser has been closed
❌ Failed to test login on Desktop: Error: page.setViewportSize: Target page, context or browser has been closed
❌ Failed to test login on Laptop: Error: page.setViewportSize: Target page, context or browser has been closed
❌ Failed to test login on Tablet-Portrait: Error: page.setViewportSize: Target page, context or browser has been closed
❌ Failed to test login on Tablet-Landscape: Error: page.setViewportSize: Target page, context or browser has been closed
❌ Failed to test login on Mobile-Large: Error: page.setViewportSize: Target page, context or browser has been closed
❌ Failed to test login on Mobile-iPhone: Error: page.setViewportSize: Target page, context or browser has been closed
❌ Failed to test login on Desktop: Error: page.setViewportSize: Target page, context or browser has been closed
❌ Failed to test login on Laptop: Error: page.setViewportSize: Target page, context or browser has been closed
❌ Failed to test login on Tablet-Portrait: Error: page.setViewportSize: Target page, context or browser has been closed
❌ Failed to test login on Tablet-Landscape: Error: page.setViewportSize: Target page, context or browser has been closed
❌ Failed to test login on Mobile-Large: Error: page.setViewportSize: Target page, context or browser has been closed
❌ Failed to test login on Mobile-iPhone: Error: page.setViewportSize: Target page, context or browser has been closed
]]>
</system-err>
</testcase>
<testcase name="Visual Regression Testing › Classroom Page Visual Consistency" classname="visual-regression.spec.ts" time="60.591">
<failure message="visual-regression.spec.ts:323:7 Classroom Page Visual Consistency" type="FAILURE">
<![CDATA[  [tablet-chrome] › visual-regression.spec.ts:323:7 › Visual Regression Testing › Classroom Page Visual Consistency 

    Test timeout of 30000ms exceeded.

    attachment #1: screenshot (image/png) ──────────────────────────────────────────────────────────
    ../test-results/visual-regression-Visual-R-d6ce0-oom-Page-Visual-Consistency-tablet-chrome/test-failed-1.png
    ────────────────────────────────────────────────────────────────────────────────────────────────

    Error Context: ../test-results/visual-regression-Visual-R-d6ce0-oom-Page-Visual-Consistency-tablet-chrome/error-context.md

    attachment #3: trace (application/zip) ─────────────────────────────────────────────────────────
    ../test-results/visual-regression-Visual-R-d6ce0-oom-Page-Visual-Consistency-tablet-chrome/trace.zip
    Usage:

        npx playwright show-trace ../test-results/visual-regression-Visual-R-d6ce0-oom-Page-Visual-Consistency-tablet-chrome/trace.zip

    ────────────────────────────────────────────────────────────────────────────────────────────────

    Retry #1 ───────────────────────────────────────────────────────────────────────────────────────

    Test timeout of 30000ms exceeded.

    attachment #1: screenshot (image/png) ──────────────────────────────────────────────────────────
    ../test-results/visual-regression-Visual-R-d6ce0-oom-Page-Visual-Consistency-tablet-chrome-retry1/test-failed-1.png
    ────────────────────────────────────────────────────────────────────────────────────────────────

    Error Context: ../test-results/visual-regression-Visual-R-d6ce0-oom-Page-Visual-Consistency-tablet-chrome-retry1/error-context.md

    attachment #3: trace (application/zip) ─────────────────────────────────────────────────────────
    ../test-results/visual-regression-Visual-R-d6ce0-oom-Page-Visual-Consistency-tablet-chrome-retry1/trace.zip
    Usage:

        npx playwright show-trace ../test-results/visual-regression-Visual-R-d6ce0-oom-Page-Visual-Consistency-tablet-chrome-retry1/trace.zip

    ────────────────────────────────────────────────────────────────────────────────────────────────
]]>
</failure>
<system-out>
<![CDATA[
🚀 Testing Classroom Page Visual Consistency

🖼️  Testing classroom visual consistency across devices...

📱 Testing state: default

📱 Testing state: session-active

[[ATTACHMENT|../../test-results/visual-regression-Visual-R-d6ce0-oom-Page-Visual-Consistency-tablet-chrome/test-failed-1.png]]

[[ATTACHMENT|../../test-results/visual-regression-Visual-R-d6ce0-oom-Page-Visual-Consistency-tablet-chrome/error-context.md]]

[[ATTACHMENT|../../test-results/visual-regression-Visual-R-d6ce0-oom-Page-Visual-Consistency-tablet-chrome/trace.zip]]

🚀 Testing Classroom Page Visual Consistency

🖼️  Testing classroom visual consistency across devices...

📱 Testing state: default

📱 Testing state: session-active

[[ATTACHMENT|../../test-results/visual-regression-Visual-R-d6ce0-oom-Page-Visual-Consistency-tablet-chrome-retry1/test-failed-1.png]]

[[ATTACHMENT|../../test-results/visual-regression-Visual-R-d6ce0-oom-Page-Visual-Consistency-tablet-chrome-retry1/error-context.md]]

[[ATTACHMENT|../../test-results/visual-regression-Visual-R-d6ce0-oom-Page-Visual-Consistency-tablet-chrome-retry1/trace.zip]]
]]>
</system-out>
<system-err>
<![CDATA[❌ Screenshot failed for classroom-Desktop-default: TimeoutError: page.waitForLoadState: Timeout 10000ms exceeded.
❌ Failed to test classroom on Desktop: TimeoutError: page.waitForLoadState: Timeout 10000ms exceeded.
❌ Screenshot failed for classroom-Laptop-default: Error: page.waitForLoadState: Test timeout of 30000ms exceeded.
❌ Failed to test classroom on Laptop: Error: page.waitForLoadState: Test timeout of 30000ms exceeded.
❌ Failed to test classroom on Tablet-Portrait: Error: page.setViewportSize: Target page, context or browser has been closed
❌ Failed to test classroom on Tablet-Landscape: Error: page.setViewportSize: Target page, context or browser has been closed
❌ Failed to test classroom on Mobile-Large: Error: page.setViewportSize: Target page, context or browser has been closed
❌ Failed to test classroom on Mobile-iPhone: Error: page.setViewportSize: Target page, context or browser has been closed
❌ Failed to test classroom on Desktop: Error: page.setViewportSize: Target page, context or browser has been closed
❌ Failed to test classroom on Laptop: Error: page.setViewportSize: Target page, context or browser has been closed
❌ Failed to test classroom on Tablet-Portrait: Error: page.setViewportSize: Target page, context or browser has been closed
❌ Failed to test classroom on Tablet-Landscape: Error: page.setViewportSize: Target page, context or browser has been closed
❌ Failed to test classroom on Mobile-Large: Error: page.setViewportSize: Target page, context or browser has been closed
❌ Failed to test classroom on Mobile-iPhone: Error: page.setViewportSize: Target page, context or browser has been closed
❌ Screenshot failed for classroom-Desktop-default: Error: page.waitForLoadState: Test timeout of 30000ms exceeded.
❌ Failed to test classroom on Desktop: Error: page.waitForLoadState: Test timeout of 30000ms exceeded.
❌ Failed to test classroom on Laptop: Error: page.setViewportSize: Target page, context or browser has been closed
❌ Failed to test classroom on Tablet-Portrait: Error: page.setViewportSize: Target page, context or browser has been closed
❌ Failed to test classroom on Tablet-Landscape: Error: page.setViewportSize: Target page, context or browser has been closed
❌ Failed to test classroom on Mobile-Large: Error: page.setViewportSize: Target page, context or browser has been closed
❌ Failed to test classroom on Mobile-iPhone: Error: page.setViewportSize: Target page, context or browser has been closed
❌ Failed to test classroom on Desktop: Error: page.setViewportSize: Target page, context or browser has been closed
❌ Failed to test classroom on Laptop: Error: page.setViewportSize: Target page, context or browser has been closed
❌ Failed to test classroom on Tablet-Portrait: Error: page.setViewportSize: Target page, context or browser has been closed
❌ Failed to test classroom on Tablet-Landscape: Error: page.setViewportSize: Target page, context or browser has been closed
❌ Failed to test classroom on Mobile-Large: Error: page.setViewportSize: Target page, context or browser has been closed
❌ Failed to test classroom on Mobile-iPhone: Error: page.setViewportSize: Target page, context or browser has been closed
]]>
</system-err>
</testcase>
<testcase name="Visual Regression Testing › Dashboard Page Visual Consistency (Authenticated)" classname="visual-regression.spec.ts" time="9.234">
<system-out>
<![CDATA[
📊 Testing Dashboard Page Visual Consistency
⚠️ Dashboard visual test skipped - authentication may not be available
]]>
</system-out>
</testcase>
<testcase name="Visual Regression Testing › Mobile Responsive Layout Testing" classname="visual-regression.spec.ts" time="71.743">
<failure message="visual-regression.spec.ts:347:7 Mobile Responsive Layout Testing" type="FAILURE">
<![CDATA[  [tablet-chrome] › visual-regression.spec.ts:347:7 › Visual Regression Testing › Mobile Responsive Layout Testing 

    Test timeout of 30000ms exceeded.

    Error: page.setViewportSize: Target page, context or browser has been closed

      356 |
      357 |     for (const viewport of mobileViewports) {
    > 358 |       await page.setViewportSize({ width: viewport.width, height: viewport.height });
          |                  ^
      359 |
      360 |       const pages = ['/', '/login', '/classroom'];
      361 |       for (const url of pages) {
        at /Users/umasankrudhya/Projects/pinglearn/pinglearn-app/e2e/visual-regression.spec.ts:358:18

    attachment #1: trace (application/zip) ─────────────────────────────────────────────────────────
    ../test-results/visual-regression-Visual-R-9407b-e-Responsive-Layout-Testing-tablet-chrome/trace.zip
    Usage:

        npx playwright show-trace ../test-results/visual-regression-Visual-R-9407b-e-Responsive-Layout-Testing-tablet-chrome/trace.zip

    ────────────────────────────────────────────────────────────────────────────────────────────────

    Retry #1 ───────────────────────────────────────────────────────────────────────────────────────

    Test timeout of 30000ms exceeded.

    Error: page.setViewportSize: Target page, context or browser has been closed

      356 |
      357 |     for (const viewport of mobileViewports) {
    > 358 |       await page.setViewportSize({ width: viewport.width, height: viewport.height });
          |                  ^
      359 |
      360 |       const pages = ['/', '/login', '/classroom'];
      361 |       for (const url of pages) {
        at /Users/umasankrudhya/Projects/pinglearn/pinglearn-app/e2e/visual-regression.spec.ts:358:18

    attachment #1: screenshot (image/png) ──────────────────────────────────────────────────────────
    ../test-results/visual-regression-Visual-R-9407b-e-Responsive-Layout-Testing-tablet-chrome-retry1/test-failed-1.png
    ────────────────────────────────────────────────────────────────────────────────────────────────

    Error Context: ../test-results/visual-regression-Visual-R-9407b-e-Responsive-Layout-Testing-tablet-chrome-retry1/error-context.md

    attachment #3: trace (application/zip) ─────────────────────────────────────────────────────────
    ../test-results/visual-regression-Visual-R-9407b-e-Responsive-Layout-Testing-tablet-chrome-retry1/trace.zip
    Usage:

        npx playwright show-trace ../test-results/visual-regression-Visual-R-9407b-e-Responsive-Layout-Testing-tablet-chrome-retry1/trace.zip

    ────────────────────────────────────────────────────────────────────────────────────────────────
]]>
</failure>
<system-out>
<![CDATA[
📱 Testing Mobile Responsive Layouts
⚠️ Mobile test failed for / on iPhone-SE: TimeoutError: page.waitForLoadState: Timeout 10000ms exceeded.
⚠️ Mobile test failed for /login on iPhone-SE: Error: page.goto: net::ERR_ABORTED; maybe frame was detached?
Call log:
[2m  - navigating to "http://localhost:3006/login", waiting until "load"[22m

⚠️ Mobile test failed for /classroom on iPhone-SE: Error: page.goto: Target page, context or browser has been closed

[[ATTACHMENT|../../test-results/visual-regression-Visual-R-9407b-e-Responsive-Layout-Testing-tablet-chrome/trace.zip]]

📱 Testing Mobile Responsive Layouts
⚠️ Mobile test failed for / on iPhone-SE: TimeoutError: page.waitForLoadState: Timeout 10000ms exceeded.
⚠️ Mobile test failed for /login on iPhone-SE: Error: page.waitForLoadState: Test timeout of 30000ms exceeded.
⚠️ Mobile test failed for /classroom on iPhone-SE: Error: page.goto: Target page, context or browser has been closed

[[ATTACHMENT|../../test-results/visual-regression-Visual-R-9407b-e-Responsive-Layout-Testing-tablet-chrome-retry1/test-failed-1.png]]

[[ATTACHMENT|../../test-results/visual-regression-Visual-R-9407b-e-Responsive-Layout-Testing-tablet-chrome-retry1/error-context.md]]

[[ATTACHMENT|../../test-results/visual-regression-Visual-R-9407b-e-Responsive-Layout-Testing-tablet-chrome-retry1/trace.zip]]
]]>
</system-out>
<system-err>
<![CDATA[❌ Screenshot failed for landing-mobile-iPhone-SE-responsive: TimeoutError: page.waitForLoadState: Timeout 10000ms exceeded.
❌ Screenshot failed for landing-mobile-iPhone-SE-responsive: TimeoutError: page.waitForLoadState: Timeout 10000ms exceeded.
❌ Screenshot failed for login-mobile-iPhone-SE-responsive: Error: page.waitForLoadState: Test timeout of 30000ms exceeded.
]]>
</system-err>
</testcase>
<testcase name="Visual Regression Testing › Dark Mode Visual Testing" classname="visual-regression.spec.ts" time="48.097">
<failure message="visual-regression.spec.ts:381:7 Dark Mode Visual Testing" type="FAILURE">
<![CDATA[  [tablet-chrome] › visual-regression.spec.ts:381:7 › Visual Regression Testing › Dark Mode Visual Testing 

    TimeoutError: page.waitForLoadState: Timeout 10000ms exceeded.

      61 |
      62 |     try {
    > 63 |       await this.page.waitForLoadState('networkidle', { timeout: 10000 });
         |                       ^
      64 |       await this.page.waitForTimeout(1000); // Allow animations to complete
      65 |
      66 |       await this.page.screenshot({
        at VisualRegressionTester.capturePageState (/Users/umasankrudhya/Projects/pinglearn/pinglearn-app/e2e/visual-regression.spec.ts:63:23)
        at /Users/umasankrudhya/Projects/pinglearn/pinglearn-app/e2e/visual-regression.spec.ts:394:26

    attachment #1: screenshot (image/png) ──────────────────────────────────────────────────────────
    ../test-results/visual-regression-Visual-R-7780a-ng-Dark-Mode-Visual-Testing-tablet-chrome/test-failed-1.png
    ────────────────────────────────────────────────────────────────────────────────────────────────

    Error Context: ../test-results/visual-regression-Visual-R-7780a-ng-Dark-Mode-Visual-Testing-tablet-chrome/error-context.md

    attachment #3: trace (application/zip) ─────────────────────────────────────────────────────────
    ../test-results/visual-regression-Visual-R-7780a-ng-Dark-Mode-Visual-Testing-tablet-chrome/trace.zip
    Usage:

        npx playwright show-trace ../test-results/visual-regression-Visual-R-7780a-ng-Dark-Mode-Visual-Testing-tablet-chrome/trace.zip

    ────────────────────────────────────────────────────────────────────────────────────────────────

    Retry #1 ───────────────────────────────────────────────────────────────────────────────────────

    Test timeout of 30000ms exceeded.

    Error: page.waitForLoadState: Test timeout of 30000ms exceeded.

      61 |
      62 |     try {
    > 63 |       await this.page.waitForLoadState('networkidle', { timeout: 10000 });
         |                       ^
      64 |       await this.page.waitForTimeout(1000); // Allow animations to complete
      65 |
      66 |       await this.page.screenshot({
        at VisualRegressionTester.capturePageState (/Users/umasankrudhya/Projects/pinglearn/pinglearn-app/e2e/visual-regression.spec.ts:63:23)
        at /Users/umasankrudhya/Projects/pinglearn/pinglearn-app/e2e/visual-regression.spec.ts:394:26

    attachment #1: screenshot (image/png) ──────────────────────────────────────────────────────────
    ../test-results/visual-regression-Visual-R-7780a-ng-Dark-Mode-Visual-Testing-tablet-chrome-retry1/test-failed-1.png
    ────────────────────────────────────────────────────────────────────────────────────────────────

    Error Context: ../test-results/visual-regression-Visual-R-7780a-ng-Dark-Mode-Visual-Testing-tablet-chrome-retry1/error-context.md

    attachment #3: trace (application/zip) ─────────────────────────────────────────────────────────
    ../test-results/visual-regression-Visual-R-7780a-ng-Dark-Mode-Visual-Testing-tablet-chrome-retry1/trace.zip
    Usage:

        npx playwright show-trace ../test-results/visual-regression-Visual-R-7780a-ng-Dark-Mode-Visual-Testing-tablet-chrome-retry1/trace.zip

    ────────────────────────────────────────────────────────────────────────────────────────────────
]]>
</failure>
<system-out>
<![CDATA[
🌙 Testing Dark Mode Visual Consistency

[[ATTACHMENT|../../test-results/visual-regression-Visual-R-7780a-ng-Dark-Mode-Visual-Testing-tablet-chrome/test-failed-1.png]]

[[ATTACHMENT|../../test-results/visual-regression-Visual-R-7780a-ng-Dark-Mode-Visual-Testing-tablet-chrome/error-context.md]]

[[ATTACHMENT|../../test-results/visual-regression-Visual-R-7780a-ng-Dark-Mode-Visual-Testing-tablet-chrome/trace.zip]]

🌙 Testing Dark Mode Visual Consistency

[[ATTACHMENT|../../test-results/visual-regression-Visual-R-7780a-ng-Dark-Mode-Visual-Testing-tablet-chrome-retry1/test-failed-1.png]]

[[ATTACHMENT|../../test-results/visual-regression-Visual-R-7780a-ng-Dark-Mode-Visual-Testing-tablet-chrome-retry1/error-context.md]]

[[ATTACHMENT|../../test-results/visual-regression-Visual-R-7780a-ng-Dark-Mode-Visual-Testing-tablet-chrome-retry1/trace.zip]]
]]>
</system-out>
<system-err>
<![CDATA[❌ Screenshot failed for landing-Desktop-light-mode: TimeoutError: page.waitForLoadState: Timeout 10000ms exceeded.
❌ Screenshot failed for landing-Desktop-light-mode: Error: page.waitForLoadState: Test timeout of 30000ms exceeded.
]]>
</system-err>
</testcase>
<testcase name="Visual Regression Testing › Generate Visual Regression Report" classname="visual-regression.spec.ts" time="0.109">
<system-out>
<![CDATA[
📊 Generating Visual Regression Report...

📊 Visual regression report saved to: e2e/test-reports/visual-regression/visual-regression-report.md
✅ Visual regression testing completed
📸 Screenshots available in: e2e/test-reports/visual-regression
]]>
</system-out>
</testcase>
<testcase name="Visual Regression Testing › Cross-Device Element Positioning" classname="visual-regression.spec.ts" time="80.467">
<failure message="visual-regression.spec.ts:424:7 Cross-Device Element Positioning" type="FAILURE">
<![CDATA[  [tablet-chrome] › visual-regression.spec.ts:424:7 › Visual Regression Testing › Cross-Device Element Positioning 

    Test timeout of 30000ms exceeded.

    Error: page.goto: net::ERR_ABORTED; maybe frame was detached?
    Call log:
      - navigating to "http://localhost:3006/", waiting until "load"


      434 |     for (const deviceConfig of VISUAL_TEST_CONFIG.deviceConfigs) {
      435 |       await page.setViewportSize(deviceConfig.viewport);
    > 436 |       await page.goto('/');
          |                  ^
      437 |
      438 |       console.log(`📱 Checking element positioning on ${deviceConfig.name}`);
      439 |
        at /Users/umasankrudhya/Projects/pinglearn/pinglearn-app/e2e/visual-regression.spec.ts:436:18

    attachment #1: trace (application/zip) ─────────────────────────────────────────────────────────
    ../test-results/visual-regression-Visual-R-f3aaf--Device-Element-Positioning-tablet-chrome/trace.zip
    Usage:

        npx playwright show-trace ../test-results/visual-regression-Visual-R-f3aaf--Device-Element-Positioning-tablet-chrome/trace.zip

    ────────────────────────────────────────────────────────────────────────────────────────────────

    Retry #1 ───────────────────────────────────────────────────────────────────────────────────────

    Test timeout of 30000ms exceeded.

    Error: page.goto: net::ERR_ABORTED; maybe frame was detached?
    Call log:
      - navigating to "http://localhost:3006/", waiting until "load"


      434 |     for (const deviceConfig of VISUAL_TEST_CONFIG.deviceConfigs) {
      435 |       await page.setViewportSize(deviceConfig.viewport);
    > 436 |       await page.goto('/');
          |                  ^
      437 |
      438 |       console.log(`📱 Checking element positioning on ${deviceConfig.name}`);
      439 |
        at /Users/umasankrudhya/Projects/pinglearn/pinglearn-app/e2e/visual-regression.spec.ts:436:18

    attachment #1: trace (application/zip) ─────────────────────────────────────────────────────────
    ../test-results/visual-regression-Visual-R-f3aaf--Device-Element-Positioning-tablet-chrome-retry1/trace.zip
    Usage:

        npx playwright show-trace ../test-results/visual-regression-Visual-R-f3aaf--Device-Element-Positioning-tablet-chrome-retry1/trace.zip

    ────────────────────────────────────────────────────────────────────────────────────────────────
]]>
</failure>
<system-out>
<![CDATA[
📐 Testing Cross-Device Element Positioning
📱 Checking element positioning on Desktop
  ✅ navigation: visible, in viewport
  ✅ hero-title: visible, in viewport
  ⚠️ primary-cta: visible, out of viewport
  ⚠️ footer: visible, out of viewport
📱 Checking element positioning on Laptop
  ✅ navigation: visible, in viewport
  ✅ hero-title: visible, in viewport
  ⚠️ primary-cta: visible, out of viewport
  ⚠️ footer: visible, out of viewport

[[ATTACHMENT|../../test-results/visual-regression-Visual-R-f3aaf--Device-Element-Positioning-tablet-chrome/trace.zip]]

📐 Testing Cross-Device Element Positioning
📱 Checking element positioning on Desktop
  ✅ navigation: visible, in viewport
  ✅ hero-title: visible, in viewport
  ⚠️ primary-cta: visible, out of viewport
  ⚠️ footer: visible, out of viewport
📱 Checking element positioning on Laptop
  ✅ navigation: visible, in viewport
  ✅ hero-title: visible, in viewport
  ⚠️ primary-cta: visible, out of viewport
  ⚠️ footer: visible, out of viewport
📱 Checking element positioning on Tablet-Portrait
  ✅ navigation: visible, in viewport
  ✅ hero-title: visible, in viewport
  ⚠️ primary-cta: visible, out of viewport
  ⚠️ footer: visible, out of viewport
📱 Checking element positioning on Tablet-Landscape
  ✅ navigation: visible, in viewport
  ✅ hero-title: visible, in viewport
  ⚠️ primary-cta: visible, out of viewport
  ⚠️ footer: visible, out of viewport

[[ATTACHMENT|../../test-results/visual-regression-Visual-R-f3aaf--Device-Element-Positioning-tablet-chrome-retry1/trace.zip]]
]]>
</system-out>
</testcase>
</testsuite>
<testsuite name="api-integration.spec.ts" timestamp="2025-10-01T10:20:41.011Z" hostname="api-testing" tests="9" failures="1" skipped="0" time="5.86" errors="0">
<testcase name="API Integration Testing › Authentication Endpoints" classname="api-integration.spec.ts" time="0.415">
<system-out>
<![CDATA[
🔐 Testing Authentication Endpoints
🔐 Authenticating for API tests...
❌ Authentication error: Error: apiRequestContext.post: Fixture { request } from beforeAll cannot be reused in a test.
  - Recommended fix: use a separate { request } in the test.
  - Alternatively, manually create APIRequestContext in beforeAll and dispose it in afterAll.
See https://playwright.dev/docs/api-testing#sending-api-requests-from-ui-tests for more details.

📡 Testing Authentication Endpoints...
🔍 Testing POST /api/auth/login...
  ❌ POST /api/auth/login: apiRequestContext.post: Fixture { request } from beforeAll cannot be reused in a test.
  - Recommended fix: use a separate { request } in the test.
  - Alternatively, manually create APIRequestContext in beforeAll and dispose it in afterAll.
See https://playwright.dev/docs/api-testing#sending-api-requests-from-ui-tests for more details.
🔍 Testing POST /api/auth/logout...
  ❌ POST /api/auth/logout: apiRequestContext.post: Fixture { request } from beforeAll cannot be reused in a test.
  - Recommended fix: use a separate { request } in the test.
  - Alternatively, manually create APIRequestContext in beforeAll and dispose it in afterAll.
See https://playwright.dev/docs/api-testing#sending-api-requests-from-ui-tests for more details.
🔍 Testing GET /api/auth/profile...
  ❌ GET /api/auth/profile: apiRequestContext.get: Fixture { request } from beforeAll cannot be reused in a test.
  - Recommended fix: use a separate { request } in the test.
  - Alternatively, manually create APIRequestContext in beforeAll and dispose it in afterAll.
See https://playwright.dev/docs/api-testing#sending-api-requests-from-ui-tests for more details.
🔍 Testing POST /api/auth/refresh...
  ❌ POST /api/auth/refresh: apiRequestContext.post: Fixture { request } from beforeAll cannot be reused in a test.
  - Recommended fix: use a separate { request } in the test.
  - Alternatively, manually create APIRequestContext in beforeAll and dispose it in afterAll.
See https://playwright.dev/docs/api-testing#sending-api-requests-from-ui-tests for more details.
]]>
</system-out>
</testcase>
<testcase name="API Integration Testing › Session Management Endpoints" classname="api-integration.spec.ts" time="0.41">
<system-out>
<![CDATA[
🎯 Testing Session Management Endpoints

📡 Testing Session Management Endpoints...
🔍 Testing POST /api/session/start...
  ❌ POST /api/session/start: apiRequestContext.post: Fixture { request } from beforeAll cannot be reused in a test.
  - Recommended fix: use a separate { request } in the test.
  - Alternatively, manually create APIRequestContext in beforeAll and dispose it in afterAll.
See https://playwright.dev/docs/api-testing#sending-api-requests-from-ui-tests for more details.
🔍 Testing POST /api/session/end...
  ❌ POST /api/session/end: apiRequestContext.post: Fixture { request } from beforeAll cannot be reused in a test.
  - Recommended fix: use a separate { request } in the test.
  - Alternatively, manually create APIRequestContext in beforeAll and dispose it in afterAll.
See https://playwright.dev/docs/api-testing#sending-api-requests-from-ui-tests for more details.
🔍 Testing GET /api/session/status...
  ❌ GET /api/session/status: apiRequestContext.get: Fixture { request } from beforeAll cannot be reused in a test.
  - Recommended fix: use a separate { request } in the test.
  - Alternatively, manually create APIRequestContext in beforeAll and dispose it in afterAll.
See https://playwright.dev/docs/api-testing#sending-api-requests-from-ui-tests for more details.
🔍 Testing POST /api/session/metrics...
  ❌ POST /api/session/metrics: apiRequestContext.post: Fixture { request } from beforeAll cannot be reused in a test.
  - Recommended fix: use a separate { request } in the test.
  - Alternatively, manually create APIRequestContext in beforeAll and dispose it in afterAll.
See https://playwright.dev/docs/api-testing#sending-api-requests-from-ui-tests for more details.
]]>
</system-out>
</testcase>
<testcase name="API Integration Testing › LiveKit Integration Endpoints" classname="api-integration.spec.ts" time="0.309">
<system-out>
<![CDATA[
🎙️ Testing LiveKit Integration Endpoints

📡 Testing LiveKit Integration Endpoints...
🔍 Testing POST /api/livekit/token...
  ❌ POST /api/livekit/token: apiRequestContext.post: Fixture { request } from beforeAll cannot be reused in a test.
  - Recommended fix: use a separate { request } in the test.
  - Alternatively, manually create APIRequestContext in beforeAll and dispose it in afterAll.
See https://playwright.dev/docs/api-testing#sending-api-requests-from-ui-tests for more details.
🔍 Testing POST /api/livekit/webhook...
  ❌ POST /api/livekit/webhook: apiRequestContext.post: Fixture { request } from beforeAll cannot be reused in a test.
  - Recommended fix: use a separate { request } in the test.
  - Alternatively, manually create APIRequestContext in beforeAll and dispose it in afterAll.
See https://playwright.dev/docs/api-testing#sending-api-requests-from-ui-tests for more details.
🔍 Testing GET /api/livekit/rooms...
  ❌ GET /api/livekit/rooms: apiRequestContext.get: Fixture { request } from beforeAll cannot be reused in a test.
  - Recommended fix: use a separate { request } in the test.
  - Alternatively, manually create APIRequestContext in beforeAll and dispose it in afterAll.
See https://playwright.dev/docs/api-testing#sending-api-requests-from-ui-tests for more details.
]]>
</system-out>
</testcase>
<testcase name="API Integration Testing › Transcription Service Endpoints" classname="api-integration.spec.ts" time="0.308">
<system-out>
<![CDATA[
💬 Testing Transcription Service Endpoints

📡 Testing Transcription Service Endpoints...
🔍 Testing POST /api/transcription...
  ❌ POST /api/transcription: apiRequestContext.post: Fixture { request } from beforeAll cannot be reused in a test.
  - Recommended fix: use a separate { request } in the test.
  - Alternatively, manually create APIRequestContext in beforeAll and dispose it in afterAll.
See https://playwright.dev/docs/api-testing#sending-api-requests-from-ui-tests for more details.
🔍 Testing GET /api/transcription/history...
  ❌ GET /api/transcription/history: apiRequestContext.get: Fixture { request } from beforeAll cannot be reused in a test.
  - Recommended fix: use a separate { request } in the test.
  - Alternatively, manually create APIRequestContext in beforeAll and dispose it in afterAll.
See https://playwright.dev/docs/api-testing#sending-api-requests-from-ui-tests for more details.
🔍 Testing POST /api/transcription/math-render...
  ❌ POST /api/transcription/math-render: apiRequestContext.post: Fixture { request } from beforeAll cannot be reused in a test.
  - Recommended fix: use a separate { request } in the test.
  - Alternatively, manually create APIRequestContext in beforeAll and dispose it in afterAll.
See https://playwright.dev/docs/api-testing#sending-api-requests-from-ui-tests for more details.
]]>
</system-out>
</testcase>
<testcase name="API Integration Testing › Textbook and Content Endpoints" classname="api-integration.spec.ts" time="0.411">
<system-out>
<![CDATA[
📚 Testing Textbook and Content Endpoints

📡 Testing Content Management Endpoints...
🔍 Testing GET /api/textbooks...
  ❌ GET /api/textbooks: apiRequestContext.get: Fixture { request } from beforeAll cannot be reused in a test.
  - Recommended fix: use a separate { request } in the test.
  - Alternatively, manually create APIRequestContext in beforeAll and dispose it in afterAll.
See https://playwright.dev/docs/api-testing#sending-api-requests-from-ui-tests for more details.
🔍 Testing GET /api/textbooks/ncert-grade-10-maths...
  ❌ GET /api/textbooks/ncert-grade-10-maths: apiRequestContext.get: Fixture { request } from beforeAll cannot be reused in a test.
  - Recommended fix: use a separate { request } in the test.
  - Alternatively, manually create APIRequestContext in beforeAll and dispose it in afterAll.
See https://playwright.dev/docs/api-testing#sending-api-requests-from-ui-tests for more details.
🔍 Testing GET /api/curriculum...
  ❌ GET /api/curriculum: apiRequestContext.get: Fixture { request } from beforeAll cannot be reused in a test.
  - Recommended fix: use a separate { request } in the test.
  - Alternatively, manually create APIRequestContext in beforeAll and dispose it in afterAll.
See https://playwright.dev/docs/api-testing#sending-api-requests-from-ui-tests for more details.
🔍 Testing GET /api/topics...
  ❌ GET /api/topics: apiRequestContext.get: Fixture { request } from beforeAll cannot be reused in a test.
  - Recommended fix: use a separate { request } in the test.
  - Alternatively, manually create APIRequestContext in beforeAll and dispose it in afterAll.
See https://playwright.dev/docs/api-testing#sending-api-requests-from-ui-tests for more details.
]]>
</system-out>
</testcase>
<testcase name="API Integration Testing › Error Handling and Edge Cases" classname="api-integration.spec.ts" time="0.41">
<system-out>
<![CDATA[
🛡️ Testing Error Handling and Edge Cases

📡 Testing Error Handling Endpoints...
🔍 Testing GET /api/nonexistent...
  ❌ GET /api/nonexistent: apiRequestContext.get: Fixture { request } from beforeAll cannot be reused in a test.
  - Recommended fix: use a separate { request } in the test.
  - Alternatively, manually create APIRequestContext in beforeAll and dispose it in afterAll.
See https://playwright.dev/docs/api-testing#sending-api-requests-from-ui-tests for more details.
🔍 Testing POST /api/session/start...
  ❌ POST /api/session/start: apiRequestContext.post: Fixture { request } from beforeAll cannot be reused in a test.
  - Recommended fix: use a separate { request } in the test.
  - Alternatively, manually create APIRequestContext in beforeAll and dispose it in afterAll.
See https://playwright.dev/docs/api-testing#sending-api-requests-from-ui-tests for more details.
🔍 Testing POST /api/auth/login...
  ❌ POST /api/auth/login: apiRequestContext.post: Fixture { request } from beforeAll cannot be reused in a test.
  - Recommended fix: use a separate { request } in the test.
  - Alternatively, manually create APIRequestContext in beforeAll and dispose it in afterAll.
See https://playwright.dev/docs/api-testing#sending-api-requests-from-ui-tests for more details.
🔍 Testing GET /api/session/status...
  ❌ GET /api/session/status: apiRequestContext.get: Fixture { request } from beforeAll cannot be reused in a test.
  - Recommended fix: use a separate { request } in the test.
  - Alternatively, manually create APIRequestContext in beforeAll and dispose it in afterAll.
See https://playwright.dev/docs/api-testing#sending-api-requests-from-ui-tests for more details.
]]>
</system-out>
</testcase>
<testcase name="API Integration Testing › API Performance and Load Testing" classname="api-integration.spec.ts" time="1.013">
<system-out>
<![CDATA[
⚡ Testing API Performance
🔍 Testing GET /api/textbooks...
  ❌ GET /api/textbooks: apiRequestContext.get: Fixture { request } from beforeAll cannot be reused in a test.
  - Recommended fix: use a separate { request } in the test.
  - Alternatively, manually create APIRequestContext in beforeAll and dispose it in afterAll.
See https://playwright.dev/docs/api-testing#sending-api-requests-from-ui-tests for more details.
🔍 Testing GET /api/textbooks...
  ❌ GET /api/textbooks: apiRequestContext.get: Fixture { request } from beforeAll cannot be reused in a test.
  - Recommended fix: use a separate { request } in the test.
  - Alternatively, manually create APIRequestContext in beforeAll and dispose it in afterAll.
See https://playwright.dev/docs/api-testing#sending-api-requests-from-ui-tests for more details.
🔍 Testing GET /api/textbooks...
  ❌ GET /api/textbooks: apiRequestContext.get: Fixture { request } from beforeAll cannot be reused in a test.
  - Recommended fix: use a separate { request } in the test.
  - Alternatively, manually create APIRequestContext in beforeAll and dispose it in afterAll.
See https://playwright.dev/docs/api-testing#sending-api-requests-from-ui-tests for more details.
🔍 Testing GET /api/textbooks...
  ❌ GET /api/textbooks: apiRequestContext.get: Fixture { request } from beforeAll cannot be reused in a test.
  - Recommended fix: use a separate { request } in the test.
  - Alternatively, manually create APIRequestContext in beforeAll and dispose it in afterAll.
See https://playwright.dev/docs/api-testing#sending-api-requests-from-ui-tests for more details.
🔍 Testing GET /api/textbooks...
  ❌ GET /api/textbooks: apiRequestContext.get: Fixture { request } from beforeAll cannot be reused in a test.
  - Recommended fix: use a separate { request } in the test.
  - Alternatively, manually create APIRequestContext in beforeAll and dispose it in afterAll.
See https://playwright.dev/docs/api-testing#sending-api-requests-from-ui-tests for more details.
📊 Performance Results:
   Average: 1ms
   Min: 0ms
   Max: 2ms
   Consistency: ❌ (3.3x variation)
]]>
</system-out>
</testcase>
<testcase name="API Integration Testing › Generate API Integration Report" classname="api-integration.spec.ts" time="0.008">
<failure message="api-integration.spec.ts:682:7 Generate API Integration Report" type="FAILURE">
<![CDATA[  [api-testing] › api-integration.spec.ts:682:7 › API Integration Testing › Generate API Integration Report 

    Error: expect(received).toBeGreaterThanOrEqual(expected)

    Expected: >= 50
    Received:    0

      699 |
      700 |     // API should have at least 50% success rate for basic functionality
    > 701 |     expect(successRate).toBeGreaterThanOrEqual(50);
          |                         ^
      702 |   });
      703 |
      704 |   test('WebSocket Connection Testing', async ({ page }) => {
        at /Users/umasankrudhya/Projects/pinglearn/pinglearn-app/e2e/api-integration.spec.ts:701:25

    attachment #1: trace (application/zip) ─────────────────────────────────────────────────────────
    ../test-results/api-integration-API-Integr-04cf6-rate-API-Integration-Report-api-testing/trace.zip
    Usage:

        npx playwright show-trace ../test-results/api-integration-API-Integr-04cf6-rate-API-Integration-Report-api-testing/trace.zip

    ────────────────────────────────────────────────────────────────────────────────────────────────

    Retry #1 ───────────────────────────────────────────────────────────────────────────────────────

    Error: expect(received).toBeGreaterThanOrEqual(expected)

    Expected: >= 50
    Received:    0

      699 |
      700 |     // API should have at least 50% success rate for basic functionality
    > 701 |     expect(successRate).toBeGreaterThanOrEqual(50);
          |                         ^
      702 |   });
      703 |
      704 |   test('WebSocket Connection Testing', async ({ page }) => {
        at /Users/umasankrudhya/Projects/pinglearn/pinglearn-app/e2e/api-integration.spec.ts:701:25

    attachment #1: trace (application/zip) ─────────────────────────────────────────────────────────
    ../test-results/api-integration-API-Integr-04cf6-rate-API-Integration-Report-api-testing-retry1/trace.zip
    Usage:

        npx playwright show-trace ../test-results/api-integration-API-Integr-04cf6-rate-API-Integration-Report-api-testing-retry1/trace.zip

    ────────────────────────────────────────────────────────────────────────────────────────────────
]]>
</failure>
<system-out>
<![CDATA[
📊 Generating API Integration Report...

📊 API integration report saved to: e2e/test-reports/api-integration/api-integration-report.md
✅ API integration testing completed
📈 Overall API Health: 0.0% (0/5)

[[ATTACHMENT|../../test-results/api-integration-API-Integr-04cf6-rate-API-Integration-Report-api-testing/trace.zip]]

📊 Generating API Integration Report...

📊 API integration report saved to: e2e/test-reports/api-integration/api-integration-report.md
✅ API integration testing completed
📈 Overall API Health: 0.0% (0/0)

[[ATTACHMENT|../../test-results/api-integration-API-Integr-04cf6-rate-API-Integration-Report-api-testing-retry1/trace.zip]]
]]>
</system-out>
</testcase>
<testcase name="API Integration Testing › WebSocket Connection Testing" classname="api-integration.spec.ts" time="2.576">
<system-out>
<![CDATA[
🔌 Testing WebSocket Connections
📊 WebSocket Results:
   Connections: 0
   Messages: 0
   ℹ️ No WebSocket connections detected (may be normal if not implemented)
]]>
</system-out>
</testcase>
</testsuite>
<testsuite name="performance-analysis.spec.ts" timestamp="2025-10-01T10:20:41.011Z" hostname="performance-testing" tests="8" failures="1" skipped="0" time="75.12" errors="0">
<testcase name="Performance Analysis › Performance: Landing - Desktop" classname="performance-analysis.spec.ts" time="10.219">
<system-out>
<![CDATA[
🔍 Performance Testing: Landing on Desktop
❌ Performance test failed for Landing: TimeoutError: page.goto: Timeout 10000ms exceeded.
Call log:
[2m  - navigating to "http://localhost:3006/", waiting until "networkidle"[22m

]]>
</system-out>
</testcase>
<testcase name="Performance Analysis › Performance: Login - Desktop" classname="performance-analysis.spec.ts" time="10.139">
<system-out>
<![CDATA[
🔍 Performance Testing: Login on Desktop
❌ Performance test failed for Login: TimeoutError: page.goto: Timeout 10000ms exceeded.
Call log:
[2m  - navigating to "http://localhost:3006/login", waiting until "networkidle"[22m

]]>
</system-out>
</testcase>
<testcase name="Performance Analysis › Performance: Classroom - Desktop" classname="performance-analysis.spec.ts" time="10.136">
<system-out>
<![CDATA[
🔍 Performance Testing: Classroom on Desktop
❌ Performance test failed for Classroom: TimeoutError: page.goto: Timeout 10000ms exceeded.
Call log:
[2m  - navigating to "http://localhost:3006/classroom", waiting until "networkidle"[22m

]]>
</system-out>
</testcase>
<testcase name="Performance Analysis › Performance: Landing - Mobile" classname="performance-analysis.spec.ts" time="12.838">
<system-out>
<![CDATA[
🔍 Performance Testing: Landing on Mobile
❌ Performance test failed for Landing: TimeoutError: page.goto: Timeout 10000ms exceeded.
Call log:
[2m  - navigating to "http://localhost:3006/", waiting until "networkidle"[22m

]]>
</system-out>
</testcase>
<testcase name="Performance Analysis › Performance: Login - Mobile" classname="performance-analysis.spec.ts" time="10.104">
<system-out>
<![CDATA[
🔍 Performance Testing: Login on Mobile
❌ Performance test failed for Login: TimeoutError: page.goto: Timeout 10000ms exceeded.
Call log:
[2m  - navigating to "http://localhost:3006/login", waiting until "networkidle"[22m

]]>
</system-out>
</testcase>
<testcase name="Performance Analysis › Performance: Classroom - Mobile" classname="performance-analysis.spec.ts" time="10.1">
<system-out>
<![CDATA[
🔍 Performance Testing: Classroom on Mobile
❌ Performance test failed for Classroom: TimeoutError: page.goto: Timeout 10000ms exceeded.
Call log:
[2m  - navigating to "http://localhost:3006/classroom", waiting until "networkidle"[22m

]]>
</system-out>
</testcase>
<testcase name="Performance Analysis › Microphone Permission Testing" classname="performance-analysis.spec.ts" time="10.495">
<failure message="performance-analysis.spec.ts:456:7 Microphone Permission Testing" type="FAILURE">
<![CDATA[  [performance-testing] › performance-analysis.spec.ts:456:7 › Performance Analysis › Microphone Permission Testing 

    Error: expect(received).toBe(expected) // Object.is equality

    Expected: true
    Received: false

      472 |
      473 |     // Assertions
    > 474 |     expect(micResults.granted).toBe(true);
          |                                ^
      475 |     expect(micResults.denied).toBe(true);
      476 |   });
      477 |
        at /Users/umasankrudhya/Projects/pinglearn/pinglearn-app/e2e/performance-analysis.spec.ts:474:32

    attachment #1: screenshot (image/png) ──────────────────────────────────────────────────────────
    ../test-results/performance-analysis-Perfo-3431a-crophone-Permission-Testing-performance-testing/test-failed-1.png
    ────────────────────────────────────────────────────────────────────────────────────────────────

    Error Context: ../test-results/performance-analysis-Perfo-3431a-crophone-Permission-Testing-performance-testing/error-context.md

    attachment #3: trace (application/zip) ─────────────────────────────────────────────────────────
    ../test-results/performance-analysis-Perfo-3431a-crophone-Permission-Testing-performance-testing/trace.zip
    Usage:

        npx playwright show-trace ../test-results/performance-analysis-Perfo-3431a-crophone-Permission-Testing-performance-testing/trace.zip

    ────────────────────────────────────────────────────────────────────────────────────────────────

    Retry #1 ───────────────────────────────────────────────────────────────────────────────────────

    Error: expect(received).toBe(expected) // Object.is equality

    Expected: true
    Received: false

      472 |
      473 |     // Assertions
    > 474 |     expect(micResults.granted).toBe(true);
          |                                ^
      475 |     expect(micResults.denied).toBe(true);
      476 |   });
      477 |
        at /Users/umasankrudhya/Projects/pinglearn/pinglearn-app/e2e/performance-analysis.spec.ts:474:32

    attachment #1: screenshot (image/png) ──────────────────────────────────────────────────────────
    ../test-results/performance-analysis-Perfo-3431a-crophone-Permission-Testing-performance-testing-retry1/test-failed-1.png
    ────────────────────────────────────────────────────────────────────────────────────────────────

    Error Context: ../test-results/performance-analysis-Perfo-3431a-crophone-Permission-Testing-performance-testing-retry1/error-context.md

    attachment #3: trace (application/zip) ─────────────────────────────────────────────────────────
    ../test-results/performance-analysis-Perfo-3431a-crophone-Permission-Testing-performance-testing-retry1/trace.zip
    Usage:

        npx playwright show-trace ../test-results/performance-analysis-Perfo-3431a-crophone-Permission-Testing-performance-testing-retry1/trace.zip

    ────────────────────────────────────────────────────────────────────────────────────────────────
]]>
</failure>
<system-out>
<![CDATA[
🎙️ Testing Microphone Permissions...
📊 Microphone Permission Results:
   Grant Permission: ❌
   Deny Permission: ✅
   Issues: 1
     - Microphone access failed when granted: error: Not supported

[[ATTACHMENT|../../test-results/performance-analysis-Perfo-3431a-crophone-Permission-Testing-performance-testing/test-failed-1.png]]

[[ATTACHMENT|../../test-results/performance-analysis-Perfo-3431a-crophone-Permission-Testing-performance-testing/error-context.md]]

[[ATTACHMENT|../../test-results/performance-analysis-Perfo-3431a-crophone-Permission-Testing-performance-testing/trace.zip]]

🎙️ Testing Microphone Permissions...
📊 Microphone Permission Results:
   Grant Permission: ❌
   Deny Permission: ✅
   Issues: 1
     - Microphone access failed when granted: error: Not supported

[[ATTACHMENT|../../test-results/performance-analysis-Perfo-3431a-crophone-Permission-Testing-performance-testing-retry1/test-failed-1.png]]

[[ATTACHMENT|../../test-results/performance-analysis-Perfo-3431a-crophone-Permission-Testing-performance-testing-retry1/error-context.md]]

[[ATTACHMENT|../../test-results/performance-analysis-Perfo-3431a-crophone-Permission-Testing-performance-testing-retry1/trace.zip]]
]]>
</system-out>
</testcase>
<testcase name="Performance Analysis › Generate Performance Report" classname="performance-analysis.spec.ts" time="1.089">
<system-out>
<![CDATA[
📊 Performance Analysis Report Generated
==================================================
# Performance Analysis Report

Generated: 2025-10-01T10:32:30.392Z

## Executive Summary

- **Pages Tested**: 0
- **Pages with Performance Issues**: 0 (NaN%)
- **Average Load Time**: NaNms
- **Core Web Vitals Compliance**: 0%

## Core Web Vitals Analysis

## Resource Analysis

## Performance Recommendations

### Excellent Performance! 🎉

All pages meet performance thresholds. Consider:
- Regular performance monitoring
- Progressive enhancement
- Performance budgets

]]>
</system-out>
</testcase>
</testsuite>
<testsuite name="error-recovery-resilience.spec.ts" timestamp="2025-10-01T10:20:41.011Z" hostname="error-recovery" tests="7" failures="6" skipped="0" time="374.548" errors="0">
<testcase name="Error Recovery and Resilience Testing › Network Failure Scenarios" classname="error-recovery-resilience.spec.ts" time="5.161">
<system-out>
<![CDATA[
🌐 Testing Network Failure Scenarios

🛡️ Testing Complete Offline Mode (CRITICAL)...
  ❌ Complete Offline Mode: Test failed with Error: page.goto: net::ERR_INTERNET_DISCONNECTED at http://localhost:3006/
Call log:
[2m  - navigating to "http://localhost:3006/", waiting until "load"[22m


🛡️ Testing API Endpoint Failures (HIGH)...
  ❌ API Endpoint Failures: Test failed with Error: page.goto: net::ERR_INTERNET_DISCONNECTED at http://localhost:3006/login
Call log:
[2m  - navigating to "http://localhost:3006/login", waiting until "load"[22m


🛡️ Testing Slow Network Response (MEDIUM)...
  ❌ Slow Network Response: Test failed with Error: page.goto: net::ERR_INTERNET_DISCONNECTED at http://localhost:3006/
Call log:
[2m  - navigating to "http://localhost:3006/", waiting until "load"[22m

]]>
</system-out>
</testcase>
<testcase name="Error Recovery and Resilience Testing › Authentication and Authorization Failures" classname="error-recovery-resilience.spec.ts" time="76.769">
<failure message="error-recovery-resilience.spec.ts:482:7 Authentication and Authorization Failures" type="FAILURE">
<![CDATA[  [error-recovery] › error-recovery-resilience.spec.ts:482:7 › Error Recovery and Resilience Testing › Authentication and Authorization Failures 

    Test timeout of 30000ms exceeded.

    attachment #1: trace (application/zip) ─────────────────────────────────────────────────────────
    ../test-results/error-recovery-resilience--b3ccc--and-Authorization-Failures-error-recovery/trace.zip
    Usage:

        npx playwright show-trace ../test-results/error-recovery-resilience--b3ccc--and-Authorization-Failures-error-recovery/trace.zip

    ────────────────────────────────────────────────────────────────────────────────────────────────

    Retry #1 ───────────────────────────────────────────────────────────────────────────────────────

    Test timeout of 30000ms exceeded.

    Error Context: ../test-results/error-recovery-resilience--b3ccc--and-Authorization-Failures-error-recovery-retry1/error-context.md

    attachment #2: trace (application/zip) ─────────────────────────────────────────────────────────
    ../test-results/error-recovery-resilience--b3ccc--and-Authorization-Failures-error-recovery-retry1/trace.zip
    Usage:

        npx playwright show-trace ../test-results/error-recovery-resilience--b3ccc--and-Authorization-Failures-error-recovery-retry1/trace.zip

    ────────────────────────────────────────────────────────────────────────────────────────────────
]]>
</failure>
<system-out>
<![CDATA[
🔐 Testing Authentication and Authorization Failures

🛡️ Testing Invalid Credentials (HIGH)...
  ❌ Invalid Credentials: Test failed with TimeoutError: page.fill: Timeout 10000ms exceeded.
Call log:
[2m  - waiting for locator('input[name="email"]')[22m


🛡️ Testing Session Expiration (CRITICAL)...
  ❌ Session Expiration: Test failed with Error: page.goto: net::ERR_ABORTED; maybe frame was detached?
Call log:
[2m  - navigating to "http://localhost:3006/dashboard", waiting until "load"[22m


🛡️ Testing Unauthorized Access (MEDIUM)...
  ❌ Unauthorized Access: Test failed with Error: page.route: Target page, context or browser has been closed

[[ATTACHMENT|../../test-results/error-recovery-resilience--b3ccc--and-Authorization-Failures-error-recovery/trace.zip]]

🔐 Testing Authentication and Authorization Failures

🛡️ Testing Invalid Credentials (HIGH)...
  ❌ Invalid Credentials: Test failed with TimeoutError: page.fill: Timeout 10000ms exceeded.
Call log:
[2m  - waiting for locator('input[name="email"]')[22m


🛡️ Testing Session Expiration (CRITICAL)...
  ❌ Session Expiration: Test failed with Error: page.screenshot: Target page, context or browser has been closed

🛡️ Testing Unauthorized Access (MEDIUM)...
  ❌ Unauthorized Access: Test failed with Error: page.route: Target page, context or browser has been closed

[[ATTACHMENT|../../test-results/error-recovery-resilience--b3ccc--and-Authorization-Failures-error-recovery-retry1/error-context.md]]

[[ATTACHMENT|../../test-results/error-recovery-resilience--b3ccc--and-Authorization-Failures-error-recovery-retry1/trace.zip]]
]]>
</system-out>
</testcase>
<testcase name="Error Recovery and Resilience Testing › Resource Loading Failures" classname="error-recovery-resilience.spec.ts" time="75.319">
<failure message="error-recovery-resilience.spec.ts:567:7 Resource Loading Failures" type="FAILURE">
<![CDATA[  [error-recovery] › error-recovery-resilience.spec.ts:567:7 › Error Recovery and Resilience Testing › Resource Loading Failures 

    Test timeout of 30000ms exceeded.

    Error Context: ../test-results/error-recovery-resilience--3d915-g-Resource-Loading-Failures-error-recovery/error-context.md

    attachment #2: trace (application/zip) ─────────────────────────────────────────────────────────
    ../test-results/error-recovery-resilience--3d915-g-Resource-Loading-Failures-error-recovery/trace.zip
    Usage:

        npx playwright show-trace ../test-results/error-recovery-resilience--3d915-g-Resource-Loading-Failures-error-recovery/trace.zip

    ────────────────────────────────────────────────────────────────────────────────────────────────

    Retry #1 ───────────────────────────────────────────────────────────────────────────────────────

    Test timeout of 30000ms exceeded.

    attachment #1: screenshot (image/png) ──────────────────────────────────────────────────────────
    ../test-results/error-recovery-resilience--3d915-g-Resource-Loading-Failures-error-recovery-retry1/test-failed-1.png
    ────────────────────────────────────────────────────────────────────────────────────────────────

    attachment #2: trace (application/zip) ─────────────────────────────────────────────────────────
    ../test-results/error-recovery-resilience--3d915-g-Resource-Loading-Failures-error-recovery-retry1/trace.zip
    Usage:

        npx playwright show-trace ../test-results/error-recovery-resilience--3d915-g-Resource-Loading-Failures-error-recovery-retry1/trace.zip

    ────────────────────────────────────────────────────────────────────────────────────────────────
]]>
</failure>
<system-out>
<![CDATA[
📦 Testing Resource Loading Failures

🛡️ Testing JavaScript Loading Failure (CRITICAL)...
  ❌ JavaScript Loading Failure: Handled=true, Graceful=false, UserFriendly=false, Recoverable=true (839ms)

🛡️ Testing CSS Loading Failure (MEDIUM)...
  ❌ CSS Loading Failure: Handled=true, Graceful=false, UserFriendly=false, Recoverable=true (17683ms)

🛡️ Testing Image Loading Failure (LOW)...
  ❌ Image Loading Failure: Test failed with Error: page.unroute: Target page, context or browser has been closed

[[ATTACHMENT|../../test-results/error-recovery-resilience--3d915-g-Resource-Loading-Failures-error-recovery/error-context.md]]

[[ATTACHMENT|../../test-results/error-recovery-resilience--3d915-g-Resource-Loading-Failures-error-recovery/trace.zip]]

📦 Testing Resource Loading Failures

🛡️ Testing JavaScript Loading Failure (CRITICAL)...
  ❌ JavaScript Loading Failure: Handled=true, Graceful=false, UserFriendly=false, Recoverable=true (884ms)

🛡️ Testing CSS Loading Failure (MEDIUM)...
  ❌ CSS Loading Failure: Test failed with TimeoutError: page.goto: Timeout 30000ms exceeded.
Call log:
[2m  - navigating to "http://localhost:3006/", waiting until "load"[22m


🛡️ Testing Image Loading Failure (LOW)...
  ❌ Image Loading Failure: Test failed with Error: page.goto: Test timeout of 30000ms exceeded.
Call log:
[2m  - navigating to "http://localhost:3006/", waiting until "load"[22m


[[ATTACHMENT|../../test-results/error-recovery-resilience--3d915-g-Resource-Loading-Failures-error-recovery-retry1/test-failed-1.png]]

[[ATTACHMENT|../../test-results/error-recovery-resilience--3d915-g-Resource-Loading-Failures-error-recovery-retry1/trace.zip]]
]]>
</system-out>
</testcase>
<testcase name="Error Recovery and Resilience Testing › User Input Validation and Error Handling" classname="error-recovery-resilience.spec.ts" time="74.301">
<failure message="error-recovery-resilience.spec.ts:648:7 User Input Validation and Error Handling" type="FAILURE">
<![CDATA[  [error-recovery] › error-recovery-resilience.spec.ts:648:7 › Error Recovery and Resilience Testing › User Input Validation and Error Handling 

    Test timeout of 30000ms exceeded.

    Error Context: ../test-results/error-recovery-resilience--a0ec9-lidation-and-Error-Handling-error-recovery/error-context.md

    attachment #2: trace (application/zip) ─────────────────────────────────────────────────────────
    ../test-results/error-recovery-resilience--a0ec9-lidation-and-Error-Handling-error-recovery/trace.zip
    Usage:

        npx playwright show-trace ../test-results/error-recovery-resilience--a0ec9-lidation-and-Error-Handling-error-recovery/trace.zip

    ────────────────────────────────────────────────────────────────────────────────────────────────

    Retry #1 ───────────────────────────────────────────────────────────────────────────────────────

    Test timeout of 30000ms exceeded.

    attachment #1: screenshot (image/png) ──────────────────────────────────────────────────────────
    ../test-results/error-recovery-resilience--a0ec9-lidation-and-Error-Handling-error-recovery-retry1/test-failed-1.png
    ────────────────────────────────────────────────────────────────────────────────────────────────

    Error Context: ../test-results/error-recovery-resilience--a0ec9-lidation-and-Error-Handling-error-recovery-retry1/error-context.md

    attachment #3: trace (application/zip) ─────────────────────────────────────────────────────────
    ../test-results/error-recovery-resilience--a0ec9-lidation-and-Error-Handling-error-recovery-retry1/trace.zip
    Usage:

        npx playwright show-trace ../test-results/error-recovery-resilience--a0ec9-lidation-and-Error-Handling-error-recovery-retry1/trace.zip

    ────────────────────────────────────────────────────────────────────────────────────────────────
]]>
</failure>
<system-out>
<![CDATA[
📝 Testing User Input Validation and Error Handling

🛡️ Testing Invalid Email Format (MEDIUM)...
  ❌ Invalid Email Format: Test failed with TypeError: page.blur is not a function

🛡️ Testing Empty Required Fields (MEDIUM)...
  ❌ Empty Required Fields: Handled=false, Graceful=false, UserFriendly=false, Recoverable=false (18390ms)

🛡️ Testing Form Data Loss Prevention (HIGH)...
  ❌ Form Data Loss Prevention: Test failed with Error: page.fill: Test timeout of 30000ms exceeded.
Call log:
[2m  - waiting for locator('input[name="email"]')[22m


[[ATTACHMENT|../../test-results/error-recovery-resilience--a0ec9-lidation-and-Error-Handling-error-recovery/error-context.md]]

[[ATTACHMENT|../../test-results/error-recovery-resilience--a0ec9-lidation-and-Error-Handling-error-recovery/trace.zip]]

📝 Testing User Input Validation and Error Handling

🛡️ Testing Invalid Email Format (MEDIUM)...
  ❌ Invalid Email Format: Test failed with TypeError: page.blur is not a function

🛡️ Testing Empty Required Fields (MEDIUM)...
  ❌ Empty Required Fields: Test failed with TimeoutError: page.goto: Timeout 30000ms exceeded.
Call log:
[2m  - navigating to "http://localhost:3006/login", waiting until "load"[22m


🛡️ Testing Form Data Loss Prevention (HIGH)...
  ❌ Form Data Loss Prevention: Test failed with Error: page.fill: Test timeout of 30000ms exceeded.
Call log:
[2m  - waiting for locator('input[name="email"]')[22m


[[ATTACHMENT|../../test-results/error-recovery-resilience--a0ec9-lidation-and-Error-Handling-error-recovery-retry1/test-failed-1.png]]

[[ATTACHMENT|../../test-results/error-recovery-resilience--a0ec9-lidation-and-Error-Handling-error-recovery-retry1/error-context.md]]

[[ATTACHMENT|../../test-results/error-recovery-resilience--a0ec9-lidation-and-Error-Handling-error-recovery-retry1/trace.zip]]
]]>
</system-out>
</testcase>
<testcase name="Error Recovery and Resilience Testing › Service Integration Failures" classname="error-recovery-resilience.spec.ts" time="71.9">
<failure message="error-recovery-resilience.spec.ts:731:7 Service Integration Failures" type="FAILURE">
<![CDATA[  [error-recovery] › error-recovery-resilience.spec.ts:731:7 › Error Recovery and Resilience Testing › Service Integration Failures 

    Test timeout of 30000ms exceeded.

    Error Context: ../test-results/error-recovery-resilience--7df31-ervice-Integration-Failures-error-recovery/error-context.md

    attachment #2: trace (application/zip) ─────────────────────────────────────────────────────────
    ../test-results/error-recovery-resilience--7df31-ervice-Integration-Failures-error-recovery/trace.zip
    Usage:

        npx playwright show-trace ../test-results/error-recovery-resilience--7df31-ervice-Integration-Failures-error-recovery/trace.zip

    ────────────────────────────────────────────────────────────────────────────────────────────────

    Retry #1 ───────────────────────────────────────────────────────────────────────────────────────

    Test timeout of 30000ms exceeded.

    attachment #1: screenshot (image/png) ──────────────────────────────────────────────────────────
    ../test-results/error-recovery-resilience--7df31-ervice-Integration-Failures-error-recovery-retry1/test-failed-1.png
    ────────────────────────────────────────────────────────────────────────────────────────────────

    Error Context: ../test-results/error-recovery-resilience--7df31-ervice-Integration-Failures-error-recovery-retry1/error-context.md

    attachment #3: trace (application/zip) ─────────────────────────────────────────────────────────
    ../test-results/error-recovery-resilience--7df31-ervice-Integration-Failures-error-recovery-retry1/trace.zip
    Usage:

        npx playwright show-trace ../test-results/error-recovery-resilience--7df31-ervice-Integration-Failures-error-recovery-retry1/trace.zip

    ────────────────────────────────────────────────────────────────────────────────────────────────
]]>
</failure>
<system-out>
<![CDATA[
🔌 Testing Service Integration Failures

🛡️ Testing LiveKit Service Unavailable (HIGH)...
  ❌ LiveKit Service Unavailable: Handled=true, Graceful=false, UserFriendly=false, Recoverable=false (18507ms)

🛡️ Testing Transcription Service Failure (MEDIUM)...
  ❌ Transcription Service Failure: Handled=true, Graceful=false, UserFriendly=false, Recoverable=false (17720ms)

[[ATTACHMENT|../../test-results/error-recovery-resilience--7df31-ervice-Integration-Failures-error-recovery/error-context.md]]

[[ATTACHMENT|../../test-results/error-recovery-resilience--7df31-ervice-Integration-Failures-error-recovery/trace.zip]]

🔌 Testing Service Integration Failures

🛡️ Testing LiveKit Service Unavailable (HIGH)...
  ❌ LiveKit Service Unavailable: Handled=true, Graceful=false, UserFriendly=false, Recoverable=false (1145ms)

🛡️ Testing Transcription Service Failure (MEDIUM)...
  ❌ Transcription Service Failure: Test failed with TimeoutError: page.goto: Timeout 30000ms exceeded.
Call log:
[2m  - navigating to "http://localhost:3006/classroom", waiting until "load"[22m


[[ATTACHMENT|../../test-results/error-recovery-resilience--7df31-ervice-Integration-Failures-error-recovery-retry1/test-failed-1.png]]

[[ATTACHMENT|../../test-results/error-recovery-resilience--7df31-ervice-Integration-Failures-error-recovery-retry1/error-context.md]]

[[ATTACHMENT|../../test-results/error-recovery-resilience--7df31-ervice-Integration-Failures-error-recovery-retry1/trace.zip]]
]]>
</system-out>
</testcase>
<testcase name="Error Recovery and Resilience Testing › Browser Compatibility and Edge Cases" classname="error-recovery-resilience.spec.ts" time="70.859">
<failure message="error-recovery-resilience.spec.ts:804:7 Browser Compatibility and Edge Cases" type="FAILURE">
<![CDATA[  [error-recovery] › error-recovery-resilience.spec.ts:804:7 › Error Recovery and Resilience Testing › Browser Compatibility and Edge Cases 

    Test timeout of 30000ms exceeded.

    Error Context: ../test-results/error-recovery-resilience--a9b85-ompatibility-and-Edge-Cases-error-recovery/error-context.md

    attachment #2: trace (application/zip) ─────────────────────────────────────────────────────────
    ../test-results/error-recovery-resilience--a9b85-ompatibility-and-Edge-Cases-error-recovery/trace.zip
    Usage:

        npx playwright show-trace ../test-results/error-recovery-resilience--a9b85-ompatibility-and-Edge-Cases-error-recovery/trace.zip

    ────────────────────────────────────────────────────────────────────────────────────────────────

    Retry #1 ───────────────────────────────────────────────────────────────────────────────────────

    Test timeout of 30000ms exceeded.

    attachment #1: screenshot (image/png) ──────────────────────────────────────────────────────────
    ../test-results/error-recovery-resilience--a9b85-ompatibility-and-Edge-Cases-error-recovery-retry1/test-failed-1.png
    ────────────────────────────────────────────────────────────────────────────────────────────────

    Error Context: ../test-results/error-recovery-resilience--a9b85-ompatibility-and-Edge-Cases-error-recovery-retry1/error-context.md

    attachment #3: trace (application/zip) ─────────────────────────────────────────────────────────
    ../test-results/error-recovery-resilience--a9b85-ompatibility-and-Edge-Cases-error-recovery-retry1/trace.zip
    Usage:

        npx playwright show-trace ../test-results/error-recovery-resilience--a9b85-ompatibility-and-Edge-Cases-error-recovery-retry1/trace.zip

    ────────────────────────────────────────────────────────────────────────────────────────────────
]]>
</failure>
<system-out>
<![CDATA[
🌐 Testing Browser Compatibility and Edge Cases

🛡️ Testing Microphone Permission Denied (HIGH)...
  ❌ Microphone Permission Denied: Handled=true, Graceful=false, UserFriendly=false, Recoverable=false (17492ms)

🛡️ Testing Local Storage Unavailable (MEDIUM)...
  ❌ Local Storage Unavailable: Handled=false, Graceful=false, UserFriendly=false, Recoverable=true (17734ms)

[[ATTACHMENT|../../test-results/error-recovery-resilience--a9b85-ompatibility-and-Edge-Cases-error-recovery/error-context.md]]

[[ATTACHMENT|../../test-results/error-recovery-resilience--a9b85-ompatibility-and-Edge-Cases-error-recovery/trace.zip]]

🌐 Testing Browser Compatibility and Edge Cases

🛡️ Testing Microphone Permission Denied (HIGH)...
  ❌ Microphone Permission Denied: Handled=true, Graceful=false, UserFriendly=false, Recoverable=false (1141ms)

🛡️ Testing Local Storage Unavailable (MEDIUM)...
  ❌ Local Storage Unavailable: Test failed with TimeoutError: page.goto: Timeout 30000ms exceeded.
Call log:
[2m  - navigating to "http://localhost:3006/", waiting until "load"[22m


[[ATTACHMENT|../../test-results/error-recovery-resilience--a9b85-ompatibility-and-Edge-Cases-error-recovery-retry1/test-failed-1.png]]

[[ATTACHMENT|../../test-results/error-recovery-resilience--a9b85-ompatibility-and-Edge-Cases-error-recovery-retry1/error-context.md]]

[[ATTACHMENT|../../test-results/error-recovery-resilience--a9b85-ompatibility-and-Edge-Cases-error-recovery-retry1/trace.zip]]
]]>
</system-out>
</testcase>
<testcase name="Error Recovery and Resilience Testing › Generate Error Recovery Report" classname="error-recovery-resilience.spec.ts" time="0.239">
<failure message="error-recovery-resilience.spec.ts:868:7 Generate Error Recovery Report" type="FAILURE">
<![CDATA[  [error-recovery] › error-recovery-resilience.spec.ts:868:7 › Error Recovery and Resilience Testing › Generate Error Recovery Report 

    Error: expect(received).toBeGreaterThanOrEqual(expected)

    Expected: >= 60
    Received:    0

      885 |
      886 |     // Application should handle at least 60% of error scenarios gracefully
    > 887 |     expect(handlingRate).toBeGreaterThanOrEqual(60);
          |                          ^
      888 |   });
      889 | });
        at /Users/umasankrudhya/Projects/pinglearn/pinglearn-app/e2e/error-recovery-resilience.spec.ts:887:26

    attachment #1: screenshot (image/png) ──────────────────────────────────────────────────────────
    ../test-results/error-recovery-resilience--a8522-erate-Error-Recovery-Report-error-recovery/test-failed-1.png
    ────────────────────────────────────────────────────────────────────────────────────────────────

    attachment #2: trace (application/zip) ─────────────────────────────────────────────────────────
    ../test-results/error-recovery-resilience--a8522-erate-Error-Recovery-Report-error-recovery/trace.zip
    Usage:

        npx playwright show-trace ../test-results/error-recovery-resilience--a8522-erate-Error-Recovery-Report-error-recovery/trace.zip

    ────────────────────────────────────────────────────────────────────────────────────────────────

    Retry #1 ───────────────────────────────────────────────────────────────────────────────────────

    Error: expect(received).toBeGreaterThanOrEqual(expected)

    Expected: >= 60
    Received:    0

      885 |
      886 |     // Application should handle at least 60% of error scenarios gracefully
    > 887 |     expect(handlingRate).toBeGreaterThanOrEqual(60);
          |                          ^
      888 |   });
      889 | });
        at /Users/umasankrudhya/Projects/pinglearn/pinglearn-app/e2e/error-recovery-resilience.spec.ts:887:26

    attachment #1: screenshot (image/png) ──────────────────────────────────────────────────────────
    ../test-results/error-recovery-resilience--a8522-erate-Error-Recovery-Report-error-recovery-retry1/test-failed-1.png
    ────────────────────────────────────────────────────────────────────────────────────────────────

    attachment #2: trace (application/zip) ─────────────────────────────────────────────────────────
    ../test-results/error-recovery-resilience--a8522-erate-Error-Recovery-Report-error-recovery-retry1/trace.zip
    Usage:

        npx playwright show-trace ../test-results/error-recovery-resilience--a8522-erate-Error-Recovery-Report-error-recovery-retry1/trace.zip

    ────────────────────────────────────────────────────────────────────────────────────────────────
]]>
</failure>
<system-out>
<![CDATA[
📊 Generating Error Recovery Report...

📊 Error recovery report saved to: e2e/test-reports/error-recovery/error-recovery-report.md
✅ Error recovery and resilience testing completed
🛡️ Overall Error Handling: 0.0% (0/0)

[[ATTACHMENT|../../test-results/error-recovery-resilience--a8522-erate-Error-Recovery-Report-error-recovery/test-failed-1.png]]

[[ATTACHMENT|../../test-results/error-recovery-resilience--a8522-erate-Error-Recovery-Report-error-recovery/trace.zip]]

📊 Generating Error Recovery Report...

📊 Error recovery report saved to: e2e/test-reports/error-recovery/error-recovery-report.md
✅ Error recovery and resilience testing completed
🛡️ Overall Error Handling: 0.0% (0/0)

[[ATTACHMENT|../../test-results/error-recovery-resilience--a8522-erate-Error-Recovery-Report-error-recovery-retry1/test-failed-1.png]]

[[ATTACHMENT|../../test-results/error-recovery-resilience--a8522-erate-Error-Recovery-Report-error-recovery-retry1/trace.zip]]
]]>
</system-out>
</testcase>
</testsuite>
</testsuites>